
<!DOCTYPE html>
<html>


<head>
	<meta charset='UTF-8' /> 
	<meta name='description' content='' />
	<meta name='robots' content='noodp, noydir' />
	<meta name='viewport' content='width=device-width, initial-scale=1' />
	<meta id="timeStampFormat" name="timeStampFormat" content='MMM d, yyyy hh:mm:ss a'/>
	
	<link href='https://fonts.googleapis.com/css?family=Source+Sans+Pro:400,600' rel='stylesheet' type='text/css' />
	<link href="https://fonts.googleapis.com/icon?family=Material+Icons" rel="stylesheet" />

		<link href='https://cdn.rawgit.com/anshooarora/extentreports-java/b4a58fcfd1e137bd9287244035a7c80d3d73b3af/dist/css/extent.css' type='text/css' rel='stylesheet' />
	
	<title>E-Learning</title>

	<style type='text/css'>
			
            
                
            
		
	</style>
</head>

	<body class='extent dark default hide-overflow '>
		<div id='theme-selector' alt='Click to toggle theme. To enable by default, use theme configuration.' title='Click to toggle theme. To enable by default, use theme configuration.'>
			<span><i class='material-icons'>desktop_windows</i></span>
		</div>

<nav>
	<div class="nav-wrapper">
		<a href="#!" class="brand-logo blue darken-3">Extent</a>

		<!-- slideout menu -->
		<ul id='slide-out' class='side-nav fixed hide-on-med-and-down'>
			<li class='waves-effect active'><a href='#!' view='test-view' onclick="configureView(0);chartsView('test');"><i class='material-icons'>dashboard</i></a></li>
						<li class='waves-effect'><a href='#!' view='exception-view' onclick="configureView(2)"><i class='material-icons'>bug_report</i></a></li>
			<li class='waves-effect'><a href='#!' onclick="configureView(-1);chartsView('dashboard');" view='dashboard-view'><i class='material-icons'>track_changes</i></i></a></li>
		</ul>

		<!-- report name -->
		<span class='report-name'>Tata Studi Automation Report</span>
		
		<!-- report headline -->
		<span class='report-headline'></span>

		<!-- nav-right -->
		<ul id='nav-mobile' class='right hide-on-med-and-down nav-right'>
			<li>
                <a href='#!'>
                    <span class='label suite-start-time blue darken-3'>Aug 3, 2021 05:58:59 PM</span>
				</a>
			</li>
			<li>
                <a href='#!'>
                    <span class='label blue darken-3'>3.1.5</span>
				</a>
			</li>
		</ul>
	</div>
</nav>

		<!-- container -->
		<div class='container'>

<div id='test-view' class='view'>
				
	<section id='controls'>
		<div class='controls grey lighten-4'>
			<!-- test toggle -->
			<div class='chip transparent'>
				<a class='dropdown-button tests-toggle' data-activates='tests-toggle' data-constrainwidth='true' data-beloworigin='true' data-hover='true' href='#'>
					<i class='material-icons'>warning</i> Status
				</a>
				<ul id='tests-toggle' class='dropdown-content'>
											<li status='fail'><a href='#!'>Fail <i class='material-icons red-text'>cancel</i></a></li>
					<li class='divider'></li>
					<li status='clear' clear='true'><a href='#!'>Clear Filters <i class='material-icons'>clear</i></a></li>
				</ul>
			</div>
			<!-- test toggle -->

			<!-- category toggle -->
			<!-- category toggle -->

			<!-- clear filters -->
			<div class='chip transparent hide'>
				<a class='' id='clear-filters' alt='Clear Filters' title='Clear Filters'>
					<i class='material-icons'>close</i> Clear
				</a>
			</div>
			<!-- clear filters -->

			<!-- enable dashboard -->
			<div id='toggle-test-view-charts' class='chip transparent'>
				<a class='pink-text' id='enable-dashboard' alt='Enable Dashboard' title='Enable Dashboard'>
					<i class='material-icons'>track_changes</i> Dashboard
				</a>
			</div>
			<!-- enable dashboard -->

			<!-- search -->
			<div class='chip transparent' alt='Search Tests' title='Search Tests'>
				<a href="#" class='search-div'>
					<i class='material-icons'>search</i> Search
				</a>

				<div class='input-field left hide'>
					<input id='search-tests' type='text' class='validate browser-default' placeholder='Search Tests...'>
				</div>
				
			</div>
			<!-- search -->
		</div>
	</section>


<div id='test-view-charts' class='subview-full'>
	<div id='charts-row' class='row nm-v nm-h'>
		<div class='col s12 m6 l6 np-h'>
			<div class='card-panel nm-v'>
				<div class='left panel-name'>Tests</div>
				<div class='chart-box'>
					<canvas id='parent-analysis' width='100' height='80'></canvas>
				</div>
				<div class='block text-small'>
					<span class='tooltipped' data-position='top' data-tooltip='0%'><span class='strong'>0</span> test(s) passed</span>
				</div>
				<div class='block text-small'>
					<span class='strong tooltipped' data-position='top' data-tooltip='100%'>4</span> test(s) failed, <span class='strong tooltipped' data-position='top' data-tooltip='0%'>0</span> others
				</div>
			</div>
		</div>
		
		<div class='col s12 m6 l6 np-h'>
			<div class='card-panel nm-v'>
				<div class='left panel-name'>Steps</div>
				<div class='chart-box'>
					<canvas id='child-analysis' width='100' height='80'></canvas>
				</div>
				<div class='block text-small'>
					<span class='tooltipped' data-position='top' data-tooltip='0%'><span class='strong'>0</span> step(s) passed</span>
				</div>
				<div class='block text-small'>
					<span class='strong tooltipped' data-position='top' data-tooltip='43.902%'>18</span> step(s) failed, <span class='strong tooltipped' data-position='top' data-tooltip='56.098%'>23</span> others
				</div>
			</div>
		</div>
		
	</div>
</div>

	<div class='subview-left left'>
		
		<div class='view-summary'>
			<h5>Tests</h5>
			<ul id='test-collection' class='test-collection'>
				
				
				<li class='test displayed active  fail' status='fail' bdd='false' test-id='2'>
					<div class='test-heading'>
						<span class='test-name'>TC03_To_verify_not_mandatory_in_Revise_module_to_attempt_each_question</span>
						<span class='test-time'>Aug 3, 2021 05:59:46 PM</span>
						<span class='test-status right fail'>fail</span>
					</div>
					<div class='test-content hide'>
<div class='test-time-info'>
	<span class='label start-time'>Aug 3, 2021 05:59:46 PM</span>
	<span class='label end-time'>Aug 3, 2021 06:01:18 PM</span>
	<span class='label time-taken grey lighten-1 white-text'>0h 1m 32s+76ms</span>
</div>
	<div class='test-steps'>
		<table class='bordered table-results'>
			<thead>
				<tr>
					<th>Status</th>
					<th>Timestamp</th>
					<th>Details</th>
				</tr>
			</thead>
			<tbody>
				<tr class='log' status='info'>
					<td class='status info' title='info' alt='info'><i class='material-icons'>info_outline</i></td>
					<td class='timestamp'>5:59:46 PM</td>
					<td class='step-details'>On Test Start : TC03_To_verify_not_mandatory_in_Revise_module_to_attempt_each_question</td>
				</tr>
				<tr class='log' status='info'>
					<td class='status info' title='info' alt='info'><i class='material-icons'>info_outline</i></td>
					<td class='timestamp'>5:59:49 PM</td>
					<td class='step-details'>Opening Syllabus tab</td>
				</tr>
				<tr class='log' status='info'>
					<td class='status info' title='info' alt='info'><i class='material-icons'>info_outline</i></td>
					<td class='timestamp'>6:00:17 PM</td>
					<td class='step-details'>Opening Natural Vegetation</td>
				</tr>
				<tr class='log' status='info'>
					<td class='status info' title='info' alt='info'><i class='material-icons'>info_outline</i></td>
					<td class='timestamp'>6:00:20 PM</td>
					<td class='step-details'>Selecting Natural Vegetation</td>
				</tr>
				<tr class='log' status='info'>
					<td class='status info' title='info' alt='info'><i class='material-icons'>info_outline</i></td>
					<td class='timestamp'>6:00:40 PM</td>
					<td class='step-details'>Opening revision for Natural Vegetation</td>
				</tr>
				<tr class='log' status='fail'>
					<td class='status fail' title='fail' alt='fail'><i class='material-icons'>cancel</i></td>
					<td class='timestamp'>6:01:17 PM</td>
					<td class='step-details'>On Test Failure : TC03_To_verify_not_mandatory_in_Revise_module_to_attempt_each_question</td>
				</tr>
				<tr class='log' status='fail'>
					<td class='status fail' title='fail' alt='fail'><i class='material-icons'>cancel</i></td>
					<td class='timestamp'>6:01:17 PM</td>
					<td class='step-details'><span class='label white-text red'>TC03_To_verify_not_mandatory_in_Revise_module_to_attempt_each_question</span></td>
				</tr>
				<tr class='log' status='info'>
					<td class='status info' title='info' alt='info'><i class='material-icons'>info_outline</i></td>
					<td class='timestamp'>6:01:17 PM</td>
					<td class='step-details'>Fails Test</td>
				</tr>
				<tr class='log' status='fail'>
					<td class='status fail' title='fail' alt='fail'><i class='material-icons'>cancel</i></td>
					<td class='timestamp'>6:01:17 PM</td>
					<td class='step-details'><pre>org.openqa.selenium.NoSuchElementException: An element could not be located on the page using the given search parameters.
For documentation on this error, please visit: https://www.seleniumhq.org/exceptions/no_such_element.html
Build info: version: '3.141.59', revision: 'e82be7d358', time: '2018-11-14T08:17:03'
System info: host: 'DESKTOP-TMI6UL6', ip: '192.168.64.204', os.name: 'Windows 10', os.arch: 'amd64', os.version: '10.0', java.version: '15.0.2'
Driver info: io.appium.java_client.android.AndroidDriver
Capabilities {app: C:\Users\LENOVO\Downloads\S..., appActivity: com.tce.view.ui.activities...., appPackage: com.tce.studi, chromeOptions: {w3c: false}, chromedriverExecutable: C:\Users\LENOVO\Downloads\c..., databaseEnabled: false, desired: {app: C:\Users\LENOVO\Downloads\S..., appActivity: com.tce.view.ui.activities...., appPackage: com.tce.studi, chromeOptions: {w3c: false}, chromedriverExecutable: C:\Users\LENOVO\Downloads\c..., deviceName: Appium, noReset: true, platformName: android, platformVersion: 11, takesScreenshot: true}, deviceApiLevel: 30, deviceManufacturer: samsung, deviceModel: SM-M015G, deviceName: R9ZN71027SD, deviceScreenDensity: 320, deviceScreenSize: 720x1520, deviceUDID: R9ZN71027SD, javascriptEnabled: true, locationContextEnabled: false, networkConnectionEnabled: true, noReset: true, pixelRatio: 2, platform: LINUX, platformName: Android, platformVersion: 11, statBarHeight: 59, takesScreenshot: true, viewportRect: {height: 1306, left: 0, top: 59, width: 720}, warnings: {}, webStorageEnabled: false}
Session ID: 623b2634-6494-4643-a73b-c434348040a3
*** Element info: {Using=id, value=com.tce.studi:id/tvPrimaryAction}
	at java.base/jdk.internal.reflect.NativeConstructorAccessorImpl.newInstance0(Native Method)
	at java.base/jdk.internal.reflect.NativeConstructorAccessorImpl.newInstance(NativeConstructorAccessorImpl.java:64)
	at java.base/jdk.internal.reflect.DelegatingConstructorAccessorImpl.newInstance(DelegatingConstructorAccessorImpl.java:45)
	at java.base/java.lang.reflect.Constructor.newInstanceWithCaller(Constructor.java:500)
	at java.base/java.lang.reflect.Constructor.newInstance(Constructor.java:481)
	at org.openqa.selenium.remote.http.W3CHttpResponseCodec.createException(W3CHttpResponseCodec.java:187)
	at org.openqa.selenium.remote.http.W3CHttpResponseCodec.decode(W3CHttpResponseCodec.java:122)
	at org.openqa.selenium.remote.http.W3CHttpResponseCodec.decode(W3CHttpResponseCodec.java:49)
	at org.openqa.selenium.remote.HttpCommandExecutor.execute(HttpCommandExecutor.java:158)
	at io.appium.java_client.remote.AppiumCommandExecutor.execute(AppiumCommandExecutor.java:239)
	at org.openqa.selenium.remote.RemoteWebDriver.execute(RemoteWebDriver.java:552)
	at io.appium.java_client.DefaultGenericMobileDriver.execute(DefaultGenericMobileDriver.java:42)
	at io.appium.java_client.AppiumDriver.execute(AppiumDriver.java:1)
	at io.appium.java_client.android.AndroidDriver.execute(AndroidDriver.java:1)
	at org.openqa.selenium.remote.RemoteWebDriver.findElement(RemoteWebDriver.java:323)
	at io.appium.java_client.DefaultGenericMobileDriver.findElement(DefaultGenericMobileDriver.java:62)
	at io.appium.java_client.AppiumDriver.findElement(AppiumDriver.java:1)
	at io.appium.java_client.android.AndroidDriver.findElement(AndroidDriver.java:1)
	at org.openqa.selenium.remote.RemoteWebDriver.findElementById(RemoteWebDriver.java:372)
	at io.appium.java_client.DefaultGenericMobileDriver.findElementById(DefaultGenericMobileDriver.java:70)
	at io.appium.java_client.AppiumDriver.findElementById(AppiumDriver.java:1)
	at io.appium.java_client.android.AndroidDriver.findElementById(AndroidDriver.java:1)
	at studi.co.pageModules.Module_Quiz_Revision.startTest(Module_Quiz_Revision.java:234)
	at studi.co.pageModules.Module_Quiz_Revision.to_Verify_not_mandatory_in_Revise_module_to_attempt_each_question(Module_Quiz_Revision.java:101)
	at studi.co.testScripts.Quiz_Rivision.TC03_To_verify_not_mandatory_in_Revise_module_to_attempt_each_question(Quiz_Rivision.java:35)
	at java.base/jdk.internal.reflect.NativeMethodAccessorImpl.invoke0(Native Method)
	at java.base/jdk.internal.reflect.NativeMethodAccessorImpl.invoke(NativeMethodAccessorImpl.java:64)
	at java.base/jdk.internal.reflect.DelegatingMethodAccessorImpl.invoke(DelegatingMethodAccessorImpl.java:43)
	at java.base/java.lang.reflect.Method.invoke(Method.java:564)
	at org.testng.internal.MethodInvocationHelper.invokeMethod(MethodInvocationHelper.java:124)
	at org.testng.internal.Invoker.invokeMethod(Invoker.java:583)
	at org.testng.internal.Invoker.invokeTestMethod(Invoker.java:719)
	at org.testng.internal.Invoker.invokeTestMethods(Invoker.java:989)
	at org.testng.internal.TestMethodWorker.invokeTestMethods(TestMethodWorker.java:125)
	at org.testng.internal.TestMethodWorker.run(TestMethodWorker.java:109)
	at org.testng.TestRunner.privateRun(TestRunner.java:648)
	at org.testng.TestRunner.run(TestRunner.java:505)
	at org.testng.SuiteRunner.runTest(SuiteRunner.java:455)
	at org.testng.SuiteRunner.runSequentially(SuiteRunner.java:450)
	at org.testng.SuiteRunner.privateRun(SuiteRunner.java:415)
	at org.testng.SuiteRunner.run(SuiteRunner.java:364)
	at org.testng.SuiteRunnerWorker.runSuite(SuiteRunnerWorker.java:52)
	at org.testng.SuiteRunnerWorker.run(SuiteRunnerWorker.java:84)
	at org.testng.TestNG.runSuitesSequentially(TestNG.java:1208)
	at org.testng.TestNG.runSuitesLocally(TestNG.java:1137)
	at org.testng.TestNG.runSuites(TestNG.java:1049)
	at org.testng.TestNG.run(TestNG.java:1017)
	at org.testng.remote.AbstractRemoteTestNG.run(AbstractRemoteTestNG.java:115)
	at org.testng.remote.RemoteTestNG.initAndRun(RemoteTestNG.java:251)
	at org.testng.remote.RemoteTestNG.main(RemoteTestNG.java:77)
</pre></td>
				</tr>
				<tr class='log' status='fail'>
					<td class='status fail' title='fail' alt='fail'><i class='material-icons'>cancel</i></td>
					<td class='timestamp'>6:01:18 PM</td>
					<td class='step-details'>An element could not be located on the page using the given search parameters.
For documentation on this error, please visit: https://www.seleniumhq.org/exceptions/no_such_element.html
Build info: version: '3.141.59', revision: 'e82be7d358', time: '2018-11-14T08:17:03'
System info: host: 'DESKTOP-TMI6UL6', ip: '192.168.64.204', os.name: 'Windows 10', os.arch: 'amd64', os.version: '10.0', java.version: '15.0.2'
Driver info: io.appium.java_client.android.AndroidDriver
Capabilities {app: C:\Users\LENOVO\Downloads\S..., appActivity: com.tce.view.ui.activities...., appPackage: com.tce.studi, chromeOptions: {w3c: false}, chromedriverExecutable: C:\Users\LENOVO\Downloads\c..., databaseEnabled: false, desired: {app: C:\Users\LENOVO\Downloads\S..., appActivity: com.tce.view.ui.activities...., appPackage: com.tce.studi, chromeOptions: {w3c: false}, chromedriverExecutable: C:\Users\LENOVO\Downloads\c..., deviceName: Appium, noReset: true, platformName: android, platformVersion: 11, takesScreenshot: true}, deviceApiLevel: 30, deviceManufacturer: samsung, deviceModel: SM-M015G, deviceName: R9ZN71027SD, deviceScreenDensity: 320, deviceScreenSize: 720x1520, deviceUDID: R9ZN71027SD, javascriptEnabled: true, locationContextEnabled: false, networkConnectionEnabled: true, noReset: true, pixelRatio: 2, platform: LINUX, platformName: Android, platformVersion: 11, statBarHeight: 59, takesScreenshot: true, viewportRect: {height: 1306, left: 0, top: 59, width: 720}, warnings: {}, webStorageEnabled: false}
Session ID: 623b2634-6494-4643-a73b-c434348040a3
*** Element info: {Using=id, value=com.tce.studi:id/tvPrimaryAction}<img data-featherlight='C:\Users\LENOVO\git\TATA_Studi\Screenshots\TC03_To_verify_not_mandatory_in_Revise_module_to_attempt_each_question ExtendReport 03-08-21 06-01-17.png' width='10%' src='C:\Users\LENOVO\git\TATA_Studi\Screenshots\TC03_To_verify_not_mandatory_in_Revise_module_to_attempt_each_question ExtendReport 03-08-21 06-01-17.png' data-src='C:\Users\LENOVO\git\TATA_Studi\Screenshots\TC03_To_verify_not_mandatory_in_Revise_module_to_attempt_each_question ExtendReport 03-08-21 06-01-17.png'></td>
				</tr>
			</tbody>
		</table>
	</div>
					</div>
				</li>
				
				
				<li class='test displayed active  fail' status='fail' bdd='false' test-id='3'>
					<div class='test-heading'>
						<span class='test-name'>TC05_To_verify_If_user_chooses_1option_right_another_wrong_the_answers_considered_partially_correct_in_sorting_question</span>
						<span class='test-time'>Aug 3, 2021 06:01:22 PM</span>
						<span class='test-status right fail'>fail</span>
					</div>
					<div class='test-content hide'>
<div class='test-time-info'>
	<span class='label start-time'>Aug 3, 2021 06:01:22 PM</span>
	<span class='label end-time'>Aug 3, 2021 06:02:42 PM</span>
	<span class='label time-taken grey lighten-1 white-text'>0h 1m 20s+285ms</span>
</div>
	<div class='test-steps'>
		<table class='bordered table-results'>
			<thead>
				<tr>
					<th>Status</th>
					<th>Timestamp</th>
					<th>Details</th>
				</tr>
			</thead>
			<tbody>
				<tr class='log' status='info'>
					<td class='status info' title='info' alt='info'><i class='material-icons'>info_outline</i></td>
					<td class='timestamp'>6:01:22 PM</td>
					<td class='step-details'>On Test Start : TC05_To_verify_If_user_chooses_1option_right_another_wrong_the_answers_considered_partially_correct_in_sorting_question</td>
				</tr>
				<tr class='log' status='info'>
					<td class='status info' title='info' alt='info'><i class='material-icons'>info_outline</i></td>
					<td class='timestamp'>6:01:37 PM</td>
					<td class='step-details'>Opening Syllabus tab</td>
				</tr>
				<tr class='log' status='info'>
					<td class='status info' title='info' alt='info'><i class='material-icons'>info_outline</i></td>
					<td class='timestamp'>6:01:45 PM</td>
					<td class='step-details'>Opening Geography</td>
				</tr>
				<tr class='log' status='info'>
					<td class='status info' title='info' alt='info'><i class='material-icons'>info_outline</i></td>
					<td class='timestamp'>6:01:50 PM</td>
					<td class='step-details'>Selecting Natural Vegetation</td>
				</tr>
				<tr class='log' status='info'>
					<td class='status info' title='info' alt='info'><i class='material-icons'>info_outline</i></td>
					<td class='timestamp'>6:01:53 PM</td>
					<td class='step-details'>Opening revision for Natural Vegetation</td>
				</tr>
				<tr class='log' status='info'>
					<td class='status info' title='info' alt='info'><i class='material-icons'>info_outline</i></td>
					<td class='timestamp'>6:02:08 PM</td>
					<td class='step-details'>Question 1</td>
				</tr>
				<tr class='log' status='fail'>
					<td class='status fail' title='fail' alt='fail'><i class='material-icons'>cancel</i></td>
					<td class='timestamp'>6:02:42 PM</td>
					<td class='step-details'>On Test Failure : TC05_To_verify_If_user_chooses_1option_right_another_wrong_the_answers_considered_partially_correct_in_sorting_question</td>
				</tr>
				<tr class='log' status='fail'>
					<td class='status fail' title='fail' alt='fail'><i class='material-icons'>cancel</i></td>
					<td class='timestamp'>6:02:42 PM</td>
					<td class='step-details'><span class='label white-text red'>TC05_To_verify_If_user_chooses_1option_right_another_wrong_the_answers_considered_partially_correct_in_sorting_question</span></td>
				</tr>
				<tr class='log' status='info'>
					<td class='status info' title='info' alt='info'><i class='material-icons'>info_outline</i></td>
					<td class='timestamp'>6:02:42 PM</td>
					<td class='step-details'>Fails Test</td>
				</tr>
				<tr class='log' status='fail'>
					<td class='status fail' title='fail' alt='fail'><i class='material-icons'>cancel</i></td>
					<td class='timestamp'>6:02:42 PM</td>
					<td class='step-details'><textarea>org.openqa.selenium.NoSuchElementException: Can't locate an element by this strategy: By.chained({By.id: com.tce.studi:id/tvSecondaryAction})
	at io.appium.java_client.pagefactory.AppiumElementLocator.findElement(AppiumElementLocator.java:126)
	at io.appium.java_client.pagefactory.interceptors.InterceptorOfASingleElement.intercept(InterceptorOfASingleElement.java:59)
	at io.appium.java_client.android.AndroidElement$$EnhancerByCGLIB$$b598166c.getText(<generated>)
	at studi.co.Base.BaseClass.clickOnElement(BaseClass.java:486)
	at studi.co.pageModules.Module_Quiz_Revision.to_Verify_If_user_chooses_1option_right_another_wrong_the_answers_considered_partially_correct_in_sorting_question(Module_Quiz_Revision.java:174)
	at studi.co.testScripts.Quiz_Rivision.TC05_To_verify_If_user_chooses_1option_right_another_wrong_the_answers_considered_partially_correct_in_sorting_question(Quiz_Rivision.java:45)
	at java.base/jdk.internal.reflect.NativeMethodAccessorImpl.invoke0(Native Method)
	at java.base/jdk.internal.reflect.NativeMethodAccessorImpl.invoke(NativeMethodAccessorImpl.java:64)
	at java.base/jdk.internal.reflect.DelegatingMethodAccessorImpl.invoke(DelegatingMethodAccessorImpl.java:43)
	at java.base/java.lang.reflect.Method.invoke(Method.java:564)
	at org.testng.internal.MethodInvocationHelper.invokeMethod(MethodInvocationHelper.java:124)
	at org.testng.internal.Invoker.invokeMethod(Invoker.java:583)
	at org.testng.internal.Invoker.invokeTestMethod(Invoker.java:719)
	at org.testng.internal.Invoker.invokeTestMethods(Invoker.java:989)
	at org.testng.internal.TestMethodWorker.invokeTestMethods(TestMethodWorker.java:125)
	at org.testng.internal.TestMethodWorker.run(TestMethodWorker.java:109)
	at org.testng.TestRunner.privateRun(TestRunner.java:648)
	at org.testng.TestRunner.run(TestRunner.java:505)
	at org.testng.SuiteRunner.runTest(SuiteRunner.java:455)
	at org.testng.SuiteRunner.runSequentially(SuiteRunner.java:450)
	at org.testng.SuiteRunner.privateRun(SuiteRunner.java:415)
	at org.testng.SuiteRunner.run(SuiteRunner.java:364)
	at org.testng.SuiteRunnerWorker.runSuite(SuiteRunnerWorker.java:52)
	at org.testng.SuiteRunnerWorker.run(SuiteRunnerWorker.java:84)
	at org.testng.TestNG.runSuitesSequentially(TestNG.java:1208)
	at org.testng.TestNG.runSuitesLocally(TestNG.java:1137)
	at org.testng.TestNG.runSuites(TestNG.java:1049)
	at org.testng.TestNG.run(TestNG.java:1017)
	at org.testng.remote.AbstractRemoteTestNG.run(AbstractRemoteTestNG.java:115)
	at org.testng.remote.RemoteTestNG.initAndRun(RemoteTestNG.java:251)
	at org.testng.remote.RemoteTestNG.main(RemoteTestNG.java:77)
Caused by: org.openqa.selenium.TimeoutException: Expected condition failed: waiting for io.appium.java_client.pagefactory.AppiumElementLocator$WaitingFunction@6a094db2 (tried for 1 second(s) with 500 milliseconds interval)
	at org.openqa.selenium.support.ui.FluentWait.timeoutException(FluentWait.java:304)
	at org.openqa.selenium.support.ui.FluentWait.until(FluentWait.java:272)
	at io.appium.java_client.pagefactory.AppiumElementLocator.waitFor(AppiumElementLocator.java:99)
	at io.appium.java_client.pagefactory.AppiumElementLocator.findElement(AppiumElementLocator.java:119)
	... 30 more
Caused by: org.openqa.selenium.NoSuchElementException: Cannot locate an element using By.chained({By.id: com.tce.studi:id/tvSecondaryAction})
For documentation on this error, please visit: https://www.seleniumhq.org/exceptions/no_such_element.html
Build info: version: '3.141.59', revision: 'e82be7d358', time: '2018-11-14T08:17:03'
System info: host: 'DESKTOP-TMI6UL6', ip: '192.168.64.204', os.name: 'Windows 10', os.arch: 'amd64', os.version: '10.0', java.version: '15.0.2'
Driver info: driver.version: AndroidDriver
	at io.appium.java_client.pagefactory.bys.builder.ByChained.findElement(ByChained.java:74)
	at org.openqa.selenium.remote.RemoteWebDriver.findElement(RemoteWebDriver.java:315)
	at io.appium.java_client.DefaultGenericMobileDriver.findElement(DefaultGenericMobileDriver.java:58)
	at io.appium.java_client.AppiumDriver.findElement(AppiumDriver.java:1)
	at io.appium.java_client.android.AndroidDriver.findElement(AndroidDriver.java:1)
	at io.appium.java_client.pagefactory.bys.ContentMappedBy.findElement(ContentMappedBy.java:50)
	at org.openqa.selenium.remote.RemoteWebDriver.findElement(RemoteWebDriver.java:315)
	at io.appium.java_client.DefaultGenericMobileDriver.findElement(DefaultGenericMobileDriver.java:58)
	at io.appium.java_client.AppiumDriver.findElement(AppiumDriver.java:1)
	at io.appium.java_client.android.AndroidDriver.findElement(AndroidDriver.java:1)
	at io.appium.java_client.pagefactory.AppiumElementLocator.lambda$0(AppiumElementLocator.java:120)
	at io.appium.java_client.pagefactory.AppiumElementLocator$WaitingFunction.apply(AppiumElementLocator.java:172)
	at io.appium.java_client.pagefactory.AppiumElementLocator$WaitingFunction.apply(AppiumElementLocator.java:1)
	at org.openqa.selenium.support.ui.FluentWait.until(FluentWait.java:249)
	... 32 more
</textarea></td>
				</tr>
				<tr class='log' status='fail'>
					<td class='status fail' title='fail' alt='fail'><i class='material-icons'>cancel</i></td>
					<td class='timestamp'>6:02:42 PM</td>
					<td class='step-details'>Can't locate an element by this strategy: By.chained({By.id: com.tce.studi:id/tvSecondaryAction})<img data-featherlight='C:\Users\LENOVO\git\TATA_Studi\Screenshots\TC05_To_verify_If_user_chooses_1option_right_another_wrong_the_answers_considered_partially_correct_in_sorting_question ExtendReport 03-08-21 06-02-42.png' width='10%' src='C:\Users\LENOVO\git\TATA_Studi\Screenshots\TC05_To_verify_If_user_chooses_1option_right_another_wrong_the_answers_considered_partially_correct_in_sorting_question ExtendReport 03-08-21 06-02-42.png' data-src='C:\Users\LENOVO\git\TATA_Studi\Screenshots\TC05_To_verify_If_user_chooses_1option_right_another_wrong_the_answers_considered_partially_correct_in_sorting_question ExtendReport 03-08-21 06-02-42.png'></td>
				</tr>
			</tbody>
		</table>
	</div>
					</div>
				</li>
				
				
				<li class='test displayed active  fail' status='fail' bdd='false' test-id='4'>
					<div class='test-heading'>
						<span class='test-name'>TC06_To_verify_Feedback_provided_at_the_click_of_options_itself</span>
						<span class='test-time'>Aug 3, 2021 06:02:47 PM</span>
						<span class='test-status right fail'>fail</span>
					</div>
					<div class='test-content hide'>
<div class='test-time-info'>
	<span class='label start-time'>Aug 3, 2021 06:02:47 PM</span>
	<span class='label end-time'>Aug 3, 2021 06:03:42 PM</span>
	<span class='label time-taken grey lighten-1 white-text'>0h 0m 55s+640ms</span>
</div>
	<div class='test-steps'>
		<table class='bordered table-results'>
			<thead>
				<tr>
					<th>Status</th>
					<th>Timestamp</th>
					<th>Details</th>
				</tr>
			</thead>
			<tbody>
				<tr class='log' status='info'>
					<td class='status info' title='info' alt='info'><i class='material-icons'>info_outline</i></td>
					<td class='timestamp'>6:02:47 PM</td>
					<td class='step-details'>On Test Start : TC06_To_verify_Feedback_provided_at_the_click_of_options_itself</td>
				</tr>
				<tr class='log' status='info'>
					<td class='status info' title='info' alt='info'><i class='material-icons'>info_outline</i></td>
					<td class='timestamp'>6:03:00 PM</td>
					<td class='step-details'>Opening Syllabus tab</td>
				</tr>
				<tr class='log' status='info'>
					<td class='status info' title='info' alt='info'><i class='material-icons'>info_outline</i></td>
					<td class='timestamp'>6:03:07 PM</td>
					<td class='step-details'>Opening Geography</td>
				</tr>
				<tr class='log' status='info'>
					<td class='status info' title='info' alt='info'><i class='material-icons'>info_outline</i></td>
					<td class='timestamp'>6:03:24 PM</td>
					<td class='step-details'>Selecting Natural Vegetation</td>
				</tr>
				<tr class='log' status='info'>
					<td class='status info' title='info' alt='info'><i class='material-icons'>info_outline</i></td>
					<td class='timestamp'>6:03:27 PM</td>
					<td class='step-details'>Opening revision for Natural Vegetation</td>
				</tr>
				<tr class='log' status='info'>
					<td class='status info' title='info' alt='info'><i class='material-icons'>info_outline</i></td>
					<td class='timestamp'>6:03:38 PM</td>
					<td class='step-details'>Question 1</td>
				</tr>
				<tr class='log' status='fail'>
					<td class='status fail' title='fail' alt='fail'><i class='material-icons'>cancel</i></td>
					<td class='timestamp'>6:03:42 PM</td>
					<td class='step-details'>On Test Failure : TC06_To_verify_Feedback_provided_at_the_click_of_options_itself</td>
				</tr>
				<tr class='log' status='fail'>
					<td class='status fail' title='fail' alt='fail'><i class='material-icons'>cancel</i></td>
					<td class='timestamp'>6:03:42 PM</td>
					<td class='step-details'><span class='label white-text red'>TC06_To_verify_Feedback_provided_at_the_click_of_options_itself</span></td>
				</tr>
				<tr class='log' status='info'>
					<td class='status info' title='info' alt='info'><i class='material-icons'>info_outline</i></td>
					<td class='timestamp'>6:03:42 PM</td>
					<td class='step-details'>Fails Test</td>
				</tr>
				<tr class='log' status='fail'>
					<td class='status fail' title='fail' alt='fail'><i class='material-icons'>cancel</i></td>
					<td class='timestamp'>6:03:42 PM</td>
					<td class='step-details'><pre>org.openqa.selenium.NoSuchElementException: no such element: Unable to locate element: {"method":"xpath","selector":"//*[contains(@class, 'theme')]"}
  (Session info: chrome=92.0.4515.115)
  (Driver info: chromedriver=91.0.4472.19 (1bf021f248676a0b2ab3ee0561d83a59e424c23e-refs/branch-heads/4472@{#288}),platform=Windows NT 10.0.19043 x86_64)
For documentation on this error, please visit: https://www.seleniumhq.org/exceptions/no_such_element.html
Build info: version: '3.141.59', revision: 'e82be7d358', time: '2018-11-14T08:17:03'
System info: host: 'DESKTOP-TMI6UL6', ip: '192.168.64.204', os.name: 'Windows 10', os.arch: 'amd64', os.version: '10.0', java.version: '15.0.2'
Driver info: io.appium.java_client.android.AndroidDriver
Capabilities {app: C:\Users\LENOVO\Downloads\S..., appActivity: com.tce.view.ui.activities...., appPackage: com.tce.studi, chromeOptions: {w3c: false}, chromedriverExecutable: C:\Users\LENOVO\Downloads\c..., databaseEnabled: false, desired: {app: C:\Users\LENOVO\Downloads\S..., appActivity: com.tce.view.ui.activities...., appPackage: com.tce.studi, chromeOptions: {w3c: false}, chromedriverExecutable: C:\Users\LENOVO\Downloads\c..., deviceName: Appium, noReset: true, platformName: android, platformVersion: 11, takesScreenshot: true}, deviceApiLevel: 30, deviceManufacturer: samsung, deviceModel: SM-M015G, deviceName: R9ZN71027SD, deviceScreenDensity: 320, deviceScreenSize: 720x1520, deviceUDID: R9ZN71027SD, javascriptEnabled: true, locationContextEnabled: false, networkConnectionEnabled: true, noReset: true, pixelRatio: 2, platform: LINUX, platformName: Android, platformVersion: 11, statBarHeight: 59, takesScreenshot: true, viewportRect: {height: 1306, left: 0, top: 59, width: 720}, warnings: {}, webStorageEnabled: false}
Session ID: 623b2634-6494-4643-a73b-c434348040a3
*** Element info: {Using=xpath, value=//*[contains(@class, 'theme')]}
	at java.base/jdk.internal.reflect.NativeConstructorAccessorImpl.newInstance0(Native Method)
	at java.base/jdk.internal.reflect.NativeConstructorAccessorImpl.newInstance(NativeConstructorAccessorImpl.java:64)
	at java.base/jdk.internal.reflect.DelegatingConstructorAccessorImpl.newInstance(DelegatingConstructorAccessorImpl.java:45)
	at java.base/java.lang.reflect.Constructor.newInstanceWithCaller(Constructor.java:500)
	at java.base/java.lang.reflect.Constructor.newInstance(Constructor.java:481)
	at org.openqa.selenium.remote.http.W3CHttpResponseCodec.createException(W3CHttpResponseCodec.java:187)
	at org.openqa.selenium.remote.http.W3CHttpResponseCodec.decode(W3CHttpResponseCodec.java:122)
	at org.openqa.selenium.remote.http.W3CHttpResponseCodec.decode(W3CHttpResponseCodec.java:49)
	at org.openqa.selenium.remote.HttpCommandExecutor.execute(HttpCommandExecutor.java:158)
	at io.appium.java_client.remote.AppiumCommandExecutor.execute(AppiumCommandExecutor.java:239)
	at org.openqa.selenium.remote.RemoteWebDriver.execute(RemoteWebDriver.java:552)
	at io.appium.java_client.DefaultGenericMobileDriver.execute(DefaultGenericMobileDriver.java:42)
	at io.appium.java_client.AppiumDriver.execute(AppiumDriver.java:1)
	at io.appium.java_client.android.AndroidDriver.execute(AndroidDriver.java:1)
	at org.openqa.selenium.remote.RemoteWebDriver.findElement(RemoteWebDriver.java:323)
	at io.appium.java_client.DefaultGenericMobileDriver.findElement(DefaultGenericMobileDriver.java:62)
	at io.appium.java_client.AppiumDriver.findElement(AppiumDriver.java:1)
	at io.appium.java_client.android.AndroidDriver.findElement(AndroidDriver.java:1)
	at org.openqa.selenium.remote.RemoteWebDriver.findElementByXPath(RemoteWebDriver.java:428)
	at io.appium.java_client.DefaultGenericMobileDriver.findElementByXPath(DefaultGenericMobileDriver.java:152)
	at io.appium.java_client.AppiumDriver.findElementByXPath(AppiumDriver.java:1)
	at io.appium.java_client.android.AndroidDriver.findElementByXPath(AndroidDriver.java:1)
	at studi.co.Base.BaseClass.verifySCQorMCQ(BaseClass.java:296)
	at studi.co.pageModules.Module_Quiz_Revision.to_Verify_user_Feedback_provided_at_the_click_of_options_itself(Module_Quiz_Revision.java:293)
	at studi.co.testScripts.Quiz_Rivision.TC06_To_verify_Feedback_provided_at_the_click_of_options_itself(Quiz_Rivision.java:51)
	at java.base/jdk.internal.reflect.NativeMethodAccessorImpl.invoke0(Native Method)
	at java.base/jdk.internal.reflect.NativeMethodAccessorImpl.invoke(NativeMethodAccessorImpl.java:64)
	at java.base/jdk.internal.reflect.DelegatingMethodAccessorImpl.invoke(DelegatingMethodAccessorImpl.java:43)
	at java.base/java.lang.reflect.Method.invoke(Method.java:564)
	at org.testng.internal.MethodInvocationHelper.invokeMethod(MethodInvocationHelper.java:124)
	at org.testng.internal.Invoker.invokeMethod(Invoker.java:583)
	at org.testng.internal.Invoker.invokeTestMethod(Invoker.java:719)
	at org.testng.internal.Invoker.invokeTestMethods(Invoker.java:989)
	at org.testng.internal.TestMethodWorker.invokeTestMethods(TestMethodWorker.java:125)
	at org.testng.internal.TestMethodWorker.run(TestMethodWorker.java:109)
	at org.testng.TestRunner.privateRun(TestRunner.java:648)
	at org.testng.TestRunner.run(TestRunner.java:505)
	at org.testng.SuiteRunner.runTest(SuiteRunner.java:455)
	at org.testng.SuiteRunner.runSequentially(SuiteRunner.java:450)
	at org.testng.SuiteRunner.privateRun(SuiteRunner.java:415)
	at org.testng.SuiteRunner.run(SuiteRunner.java:364)
	at org.testng.SuiteRunnerWorker.runSuite(SuiteRunnerWorker.java:52)
	at org.testng.SuiteRunnerWorker.run(SuiteRunnerWorker.java:84)
	at org.testng.TestNG.runSuitesSequentially(TestNG.java:1208)
	at org.testng.TestNG.runSuitesLocally(TestNG.java:1137)
	at org.testng.TestNG.runSuites(TestNG.java:1049)
	at org.testng.TestNG.run(TestNG.java:1017)
	at org.testng.remote.AbstractRemoteTestNG.run(AbstractRemoteTestNG.java:115)
	at org.testng.remote.RemoteTestNG.initAndRun(RemoteTestNG.java:251)
	at org.testng.remote.RemoteTestNG.main(RemoteTestNG.java:77)
</pre></td>
				</tr>
				<tr class='log' status='fail'>
					<td class='status fail' title='fail' alt='fail'><i class='material-icons'>cancel</i></td>
					<td class='timestamp'>6:03:42 PM</td>
					<td class='step-details'>no such element: Unable to locate element: {"method":"xpath","selector":"//*[contains(@class, 'theme')]"}
  (Session info: chrome=92.0.4515.115)
  (Driver info: chromedriver=91.0.4472.19 (1bf021f248676a0b2ab3ee0561d83a59e424c23e-refs/branch-heads/4472@{#288}),platform=Windows NT 10.0.19043 x86_64)
For documentation on this error, please visit: https://www.seleniumhq.org/exceptions/no_such_element.html
Build info: version: '3.141.59', revision: 'e82be7d358', time: '2018-11-14T08:17:03'
System info: host: 'DESKTOP-TMI6UL6', ip: '192.168.64.204', os.name: 'Windows 10', os.arch: 'amd64', os.version: '10.0', java.version: '15.0.2'
Driver info: io.appium.java_client.android.AndroidDriver
Capabilities {app: C:\Users\LENOVO\Downloads\S..., appActivity: com.tce.view.ui.activities...., appPackage: com.tce.studi, chromeOptions: {w3c: false}, chromedriverExecutable: C:\Users\LENOVO\Downloads\c..., databaseEnabled: false, desired: {app: C:\Users\LENOVO\Downloads\S..., appActivity: com.tce.view.ui.activities...., appPackage: com.tce.studi, chromeOptions: {w3c: false}, chromedriverExecutable: C:\Users\LENOVO\Downloads\c..., deviceName: Appium, noReset: true, platformName: android, platformVersion: 11, takesScreenshot: true}, deviceApiLevel: 30, deviceManufacturer: samsung, deviceModel: SM-M015G, deviceName: R9ZN71027SD, deviceScreenDensity: 320, deviceScreenSize: 720x1520, deviceUDID: R9ZN71027SD, javascriptEnabled: true, locationContextEnabled: false, networkConnectionEnabled: true, noReset: true, pixelRatio: 2, platform: LINUX, platformName: Android, platformVersion: 11, statBarHeight: 59, takesScreenshot: true, viewportRect: {height: 1306, left: 0, top: 59, width: 720}, warnings: {}, webStorageEnabled: false}
Session ID: 623b2634-6494-4643-a73b-c434348040a3
*** Element info: {Using=xpath, value=//*[contains(@class, 'theme')]}<img data-featherlight='C:\Users\LENOVO\git\TATA_Studi\Screenshots\TC06_To_verify_Feedback_provided_at_the_click_of_options_itself ExtendReport 03-08-21 06-03-42.png' width='10%' src='C:\Users\LENOVO\git\TATA_Studi\Screenshots\TC06_To_verify_Feedback_provided_at_the_click_of_options_itself ExtendReport 03-08-21 06-03-42.png' data-src='C:\Users\LENOVO\git\TATA_Studi\Screenshots\TC06_To_verify_Feedback_provided_at_the_click_of_options_itself ExtendReport 03-08-21 06-03-42.png'></td>
				</tr>
			</tbody>
		</table>
	</div>
					</div>
				</li>
				
				
				<li class='test displayed active  fail' status='fail' bdd='false' test-id='5'>
					<div class='test-heading'>
						<span class='test-name'>TC01_To_Verify_User_Attempt_sorting_question_in_revision_module</span>
						<span class='test-time'>Aug 3, 2021 06:03:47 PM</span>
						<span class='test-status right fail'>fail</span>
					</div>
					<div class='test-content hide'>
<div class='test-time-info'>
	<span class='label start-time'>Aug 3, 2021 06:03:47 PM</span>
	<span class='label end-time'>Aug 3, 2021 06:03:47 PM</span>
	<span class='label time-taken grey lighten-1 white-text'>0h 0m 0s+646ms</span>
</div>
	<div class='test-steps'>
		<table class='bordered table-results'>
			<thead>
				<tr>
					<th>Status</th>
					<th>Timestamp</th>
					<th>Details</th>
				</tr>
			</thead>
			<tbody>
				<tr class='log' status='info'>
					<td class='status info' title='info' alt='info'><i class='material-icons'>info_outline</i></td>
					<td class='timestamp'>6:03:47 PM</td>
					<td class='step-details'>On Test Start : TC01_To_Verify_User_Attempt_sorting_question_in_revision_module</td>
				</tr>
				<tr class='log' status='fail'>
					<td class='status fail' title='fail' alt='fail'><i class='material-icons'>cancel</i></td>
					<td class='timestamp'>6:03:47 PM</td>
					<td class='step-details'>On Test Failure : TC01_To_Verify_User_Attempt_sorting_question_in_revision_module</td>
				</tr>
				<tr class='log' status='fail'>
					<td class='status fail' title='fail' alt='fail'><i class='material-icons'>cancel</i></td>
					<td class='timestamp'>6:03:47 PM</td>
					<td class='step-details'><span class='label white-text red'>TC01_To_Verify_User_Attempt_sorting_question_in_revision_module</span></td>
				</tr>
				<tr class='log' status='info'>
					<td class='status info' title='info' alt='info'><i class='material-icons'>info_outline</i></td>
					<td class='timestamp'>6:03:47 PM</td>
					<td class='step-details'>Fails Test</td>
				</tr>
				<tr class='log' status='fail'>
					<td class='status fail' title='fail' alt='fail'><i class='material-icons'>cancel</i></td>
					<td class='timestamp'>6:03:47 PM</td>
					<td class='step-details'><textarea>org.openqa.selenium.WebDriverException: org.openqa.selenium.WebDriverException: An unknown server-side error occurred while processing the command. Original error: chrome not reachable
  (Session info: chrome=92.0.4515.115)
  (Driver info: chromedriver=91.0.4472.19 (1bf021f248676a0b2ab3ee0561d83a59e424c23e-refs/branch-heads/4472@{#288}),platform=Windows NT 10.0.19043 x86_64)
Build info: version: '3.141.59', revision: 'e82be7d358', time: '2018-11-14T08:17:03'
System info: host: 'DESKTOP-TMI6UL6', ip: '192.168.64.204', os.name: 'Windows 10', os.arch: 'amd64', os.version: '10.0', java.version: '15.0.2'
Driver info: io.appium.java_client.android.AndroidDriver
Capabilities {app: C:\Users\LENOVO\Downloads\S..., appActivity: com.tce.view.ui.activities...., appPackage: com.tce.studi, chromeOptions: {w3c: false}, chromedriverExecutable: C:\Users\LENOVO\Downloads\c..., databaseEnabled: false, desired: {app: C:\Users\LENOVO\Downloads\S..., appActivity: com.tce.view.ui.activities...., appPackage: com.tce.studi, chromeOptions: {w3c: false}, chromedriverExecutable: C:\Users\LENOVO\Downloads\c..., deviceName: Appium, noReset: true, platformName: android, platformVersion: 11, takesScreenshot: true}, deviceApiLevel: 30, deviceManufacturer: samsung, deviceModel: SM-M015G, deviceName: R9ZN71027SD, deviceScreenDensity: 320, deviceScreenSize: 720x1520, deviceUDID: R9ZN71027SD, javascriptEnabled: true, locationContextEnabled: false, networkConnectionEnabled: true, noReset: true, pixelRatio: 2, platform: LINUX, platformName: Android, platformVersion: 11, statBarHeight: 59, takesScreenshot: true, viewportRect: {height: 1306, left: 0, top: 59, width: 720}, warnings: {}, webStorageEnabled: false}
Session ID: 623b2634-6494-4643-a73b-c434348040a3
*** Element info: {Using=id, value=testUnit}
	at io.appium.java_client.pagefactory.AppiumElementLocator$WaitingFunction.apply(AppiumElementLocator.java:192)
	at io.appium.java_client.pagefactory.AppiumElementLocator$WaitingFunction.apply(AppiumElementLocator.java:1)
	at org.openqa.selenium.support.ui.FluentWait.until(FluentWait.java:249)
	at io.appium.java_client.pagefactory.AppiumElementLocator.waitFor(AppiumElementLocator.java:99)
	at io.appium.java_client.pagefactory.AppiumElementLocator.findElement(AppiumElementLocator.java:119)
	at io.appium.java_client.pagefactory.interceptors.InterceptorOfASingleElement.intercept(InterceptorOfASingleElement.java:59)
	at io.appium.java_client.android.AndroidElement$$EnhancerByCGLIB$$b598166c.isDisplayed(<generated>)
	at org.openqa.selenium.support.ui.ExpectedConditions.elementIfVisible(ExpectedConditions.java:314)
	at org.openqa.selenium.support.ui.ExpectedConditions.access$000(ExpectedConditions.java:43)
	at org.openqa.selenium.support.ui.ExpectedConditions$10.apply(ExpectedConditions.java:300)
	at org.openqa.selenium.support.ui.ExpectedConditions$10.apply(ExpectedConditions.java:297)
	at org.openqa.selenium.support.ui.FluentWait.until(FluentWait.java:249)
	at studi.co.Base.BaseClass.applyExplicitWaitsUntilElementVisible(BaseClass.java:628)
	at studi.co.pageModules.Module_Quiz_Revision.traverse_To_Begin_practice(Module_Quiz_Revision.java:187)
	at studi.co.pageModules.Module_Quiz_Revision.to_Verify_user_attempt_sorting_question_in_revision_module(Module_Quiz_Revision.java:25)
	at studi.co.testScripts.Quiz_Rivision.TC01_To_Verify_User_Attempt_sorting_question_in_revision_module(Quiz_Rivision.java:23)
	at java.base/jdk.internal.reflect.NativeMethodAccessorImpl.invoke0(Native Method)
	at java.base/jdk.internal.reflect.NativeMethodAccessorImpl.invoke(NativeMethodAccessorImpl.java:64)
	at java.base/jdk.internal.reflect.DelegatingMethodAccessorImpl.invoke(DelegatingMethodAccessorImpl.java:43)
	at java.base/java.lang.reflect.Method.invoke(Method.java:564)
	at org.testng.internal.MethodInvocationHelper.invokeMethod(MethodInvocationHelper.java:124)
	at org.testng.internal.Invoker.invokeMethod(Invoker.java:583)
	at org.testng.internal.Invoker.invokeTestMethod(Invoker.java:719)
	at org.testng.internal.Invoker.invokeTestMethods(Invoker.java:989)
	at org.testng.internal.TestMethodWorker.invokeTestMethods(TestMethodWorker.java:125)
	at org.testng.internal.TestMethodWorker.run(TestMethodWorker.java:109)
	at org.testng.TestRunner.privateRun(TestRunner.java:648)
	at org.testng.TestRunner.run(TestRunner.java:505)
	at org.testng.SuiteRunner.runTest(SuiteRunner.java:455)
	at org.testng.SuiteRunner.runSequentially(SuiteRunner.java:450)
	at org.testng.SuiteRunner.privateRun(SuiteRunner.java:415)
	at org.testng.SuiteRunner.run(SuiteRunner.java:364)
	at org.testng.SuiteRunnerWorker.runSuite(SuiteRunnerWorker.java:52)
	at org.testng.SuiteRunnerWorker.run(SuiteRunnerWorker.java:84)
	at org.testng.TestNG.runSuitesSequentially(TestNG.java:1208)
	at org.testng.TestNG.runSuitesLocally(TestNG.java:1137)
	at org.testng.TestNG.runSuites(TestNG.java:1049)
	at org.testng.TestNG.run(TestNG.java:1017)
	at org.testng.remote.AbstractRemoteTestNG.run(AbstractRemoteTestNG.java:115)
	at org.testng.remote.RemoteTestNG.initAndRun(RemoteTestNG.java:251)
	at org.testng.remote.RemoteTestNG.main(RemoteTestNG.java:77)
Caused by: org.openqa.selenium.WebDriverException: An unknown server-side error occurred while processing the command. Original error: chrome not reachable
  (Session info: chrome=92.0.4515.115)
  (Driver info: chromedriver=91.0.4472.19 (1bf021f248676a0b2ab3ee0561d83a59e424c23e-refs/branch-heads/4472@{#288}),platform=Windows NT 10.0.19043 x86_64)
Build info: version: '3.141.59', revision: 'e82be7d358', time: '2018-11-14T08:17:03'
System info: host: 'DESKTOP-TMI6UL6', ip: '192.168.64.204', os.name: 'Windows 10', os.arch: 'amd64', os.version: '10.0', java.version: '15.0.2'
Driver info: io.appium.java_client.android.AndroidDriver
Capabilities {app: C:\Users\LENOVO\Downloads\S..., appActivity: com.tce.view.ui.activities...., appPackage: com.tce.studi, chromeOptions: {w3c: false}, chromedriverExecutable: C:\Users\LENOVO\Downloads\c..., databaseEnabled: false, desired: {app: C:\Users\LENOVO\Downloads\S..., appActivity: com.tce.view.ui.activities...., appPackage: com.tce.studi, chromeOptions: {w3c: false}, chromedriverExecutable: C:\Users\LENOVO\Downloads\c..., deviceName: Appium, noReset: true, platformName: android, platformVersion: 11, takesScreenshot: true}, deviceApiLevel: 30, deviceManufacturer: samsung, deviceModel: SM-M015G, deviceName: R9ZN71027SD, deviceScreenDensity: 320, deviceScreenSize: 720x1520, deviceUDID: R9ZN71027SD, javascriptEnabled: true, locationContextEnabled: false, networkConnectionEnabled: true, noReset: true, pixelRatio: 2, platform: LINUX, platformName: Android, platformVersion: 11, statBarHeight: 59, takesScreenshot: true, viewportRect: {height: 1306, left: 0, top: 59, width: 720}, warnings: {}, webStorageEnabled: false}
Session ID: 623b2634-6494-4643-a73b-c434348040a3
*** Element info: {Using=id, value=testUnit}
	at java.base/jdk.internal.reflect.NativeConstructorAccessorImpl.newInstance0(Native Method)
	at java.base/jdk.internal.reflect.NativeConstructorAccessorImpl.newInstance(NativeConstructorAccessorImpl.java:64)
	at java.base/jdk.internal.reflect.DelegatingConstructorAccessorImpl.newInstance(DelegatingConstructorAccessorImpl.java:45)
	at java.base/java.lang.reflect.Constructor.newInstanceWithCaller(Constructor.java:500)
	at java.base/java.lang.reflect.Constructor.newInstance(Constructor.java:481)
	at org.openqa.selenium.remote.http.W3CHttpResponseCodec.createException(W3CHttpResponseCodec.java:187)
	at org.openqa.selenium.remote.http.W3CHttpResponseCodec.decode(W3CHttpResponseCodec.java:122)
	at org.openqa.selenium.remote.http.W3CHttpResponseCodec.decode(W3CHttpResponseCodec.java:49)
	at org.openqa.selenium.remote.HttpCommandExecutor.execute(HttpCommandExecutor.java:158)
	at io.appium.java_client.remote.AppiumCommandExecutor.execute(AppiumCommandExecutor.java:239)
	at org.openqa.selenium.remote.RemoteWebDriver.execute(RemoteWebDriver.java:552)
	at io.appium.java_client.DefaultGenericMobileDriver.execute(DefaultGenericMobileDriver.java:42)
	at io.appium.java_client.AppiumDriver.execute(AppiumDriver.java:1)
	at io.appium.java_client.android.AndroidDriver.execute(AndroidDriver.java:1)
	at org.openqa.selenium.remote.RemoteWebDriver.findElement(RemoteWebDriver.java:323)
	at io.appium.java_client.DefaultGenericMobileDriver.findElement(DefaultGenericMobileDriver.java:62)
	at io.appium.java_client.AppiumDriver.findElement(AppiumDriver.java:1)
	at io.appium.java_client.android.AndroidDriver.findElement(AndroidDriver.java:1)
	at org.openqa.selenium.remote.RemoteWebDriver.findElementById(RemoteWebDriver.java:372)
	at io.appium.java_client.DefaultGenericMobileDriver.findElementById(DefaultGenericMobileDriver.java:70)
	at io.appium.java_client.AppiumDriver.findElementById(AppiumDriver.java:1)
	at io.appium.java_client.android.AndroidDriver.findElementById(AndroidDriver.java:1)
	at org.openqa.selenium.By$ById.findElement(By.java:188)
	at org.openqa.selenium.support.ByIdOrName.findElement(ByIdOrName.java:47)
	at org.openqa.selenium.remote.RemoteWebDriver.findElement(RemoteWebDriver.java:315)
	at io.appium.java_client.DefaultGenericMobileDriver.findElement(DefaultGenericMobileDriver.java:58)
	at io.appium.java_client.AppiumDriver.findElement(AppiumDriver.java:1)
	at io.appium.java_client.android.AndroidDriver.findElement(AndroidDriver.java:1)
	at io.appium.java_client.pagefactory.bys.ContentMappedBy.findElement(ContentMappedBy.java:50)
	at org.openqa.selenium.remote.RemoteWebDriver.findElement(RemoteWebDriver.java:315)
	at io.appium.java_client.DefaultGenericMobileDriver.findElement(DefaultGenericMobileDriver.java:58)
	at io.appium.java_client.AppiumDriver.findElement(AppiumDriver.java:1)
	at io.appium.java_client.android.AndroidDriver.findElement(AndroidDriver.java:1)
	at io.appium.java_client.pagefactory.AppiumElementLocator.lambda$0(AppiumElementLocator.java:120)
	at io.appium.java_client.pagefactory.AppiumElementLocator$WaitingFunction.apply(AppiumElementLocator.java:172)
	... 40 more
</textarea></td>
				</tr>
				<tr class='log' status='fail'>
					<td class='status fail' title='fail' alt='fail'><i class='material-icons'>cancel</i></td>
					<td class='timestamp'>6:03:47 PM</td>
					<td class='step-details'>On Test Failure : TC01_To_Verify_User_Attempt_sorting_question_in_revision_module</td>
				</tr>
				<tr class='log' status='fail'>
					<td class='status fail' title='fail' alt='fail'><i class='material-icons'>cancel</i></td>
					<td class='timestamp'>6:03:47 PM</td>
					<td class='step-details'><span class='label white-text red'>TC01_To_Verify_User_Attempt_sorting_question_in_revision_module</span></td>
				</tr>
				<tr class='log' status='info'>
					<td class='status info' title='info' alt='info'><i class='material-icons'>info_outline</i></td>
					<td class='timestamp'>6:03:47 PM</td>
					<td class='step-details'>Fails Test</td>
				</tr>
				<tr class='log' status='fail'>
					<td class='status fail' title='fail' alt='fail'><i class='material-icons'>cancel</i></td>
					<td class='timestamp'>6:03:47 PM</td>
					<td class='step-details'><pre>org.openqa.selenium.WebDriverException: An unknown server-side error occurred while processing the command. Original error: chrome not reachable
  (Session info: chrome=92.0.4515.115)
  (Driver info: chromedriver=91.0.4472.19 (1bf021f248676a0b2ab3ee0561d83a59e424c23e-refs/branch-heads/4472@{#288}),platform=Windows NT 10.0.19043 x86_64)
Build info: version: '3.141.59', revision: 'e82be7d358', time: '2018-11-14T08:17:03'
System info: host: 'DESKTOP-TMI6UL6', ip: '192.168.64.204', os.name: 'Windows 10', os.arch: 'amd64', os.version: '10.0', java.version: '15.0.2'
Driver info: io.appium.java_client.android.AndroidDriver
Capabilities {app: C:\Users\LENOVO\Downloads\S..., appActivity: com.tce.view.ui.activities...., appPackage: com.tce.studi, chromeOptions: {w3c: false}, chromedriverExecutable: C:\Users\LENOVO\Downloads\c..., databaseEnabled: false, desired: {app: C:\Users\LENOVO\Downloads\S..., appActivity: com.tce.view.ui.activities...., appPackage: com.tce.studi, chromeOptions: {w3c: false}, chromedriverExecutable: C:\Users\LENOVO\Downloads\c..., deviceName: Appium, noReset: true, platformName: android, platformVersion: 11, takesScreenshot: true}, deviceApiLevel: 30, deviceManufacturer: samsung, deviceModel: SM-M015G, deviceName: R9ZN71027SD, deviceScreenDensity: 320, deviceScreenSize: 720x1520, deviceUDID: R9ZN71027SD, javascriptEnabled: true, locationContextEnabled: false, networkConnectionEnabled: true, noReset: true, pixelRatio: 2, platform: LINUX, platformName: Android, platformVersion: 11, statBarHeight: 59, takesScreenshot: true, viewportRect: {height: 1306, left: 0, top: 59, width: 720}, warnings: {}, webStorageEnabled: false}
Session ID: 623b2634-6494-4643-a73b-c434348040a3
	at java.base/jdk.internal.reflect.NativeConstructorAccessorImpl.newInstance0(Native Method)
	at java.base/jdk.internal.reflect.NativeConstructorAccessorImpl.newInstance(NativeConstructorAccessorImpl.java:64)
	at java.base/jdk.internal.reflect.DelegatingConstructorAccessorImpl.newInstance(DelegatingConstructorAccessorImpl.java:45)
	at java.base/java.lang.reflect.Constructor.newInstanceWithCaller(Constructor.java:500)
	at java.base/java.lang.reflect.Constructor.newInstance(Constructor.java:481)
	at org.openqa.selenium.remote.http.W3CHttpResponseCodec.createException(W3CHttpResponseCodec.java:187)
	at org.openqa.selenium.remote.http.W3CHttpResponseCodec.decode(W3CHttpResponseCodec.java:122)
	at org.openqa.selenium.remote.http.W3CHttpResponseCodec.decode(W3CHttpResponseCodec.java:49)
	at org.openqa.selenium.remote.HttpCommandExecutor.execute(HttpCommandExecutor.java:158)
	at io.appium.java_client.remote.AppiumCommandExecutor.execute(AppiumCommandExecutor.java:239)
	at org.openqa.selenium.remote.RemoteWebDriver.execute(RemoteWebDriver.java:552)
	at io.appium.java_client.DefaultGenericMobileDriver.execute(DefaultGenericMobileDriver.java:46)
	at io.appium.java_client.AppiumDriver.execute(AppiumDriver.java:1)
	at io.appium.java_client.android.AndroidDriver.execute(AndroidDriver.java:1)
	at org.openqa.selenium.remote.RemoteWebDriver.getScreenshotAs(RemoteWebDriver.java:295)
	at studi.co.Base.TestListener.screenshotforExtentReport(TestListener.java:126)
	at studi.co.Base.TestListener.onTestFailure(TestListener.java:65)
	at org.testng.internal.TestListenerHelper.runTestListeners(TestListenerHelper.java:67)
	at org.testng.internal.Invoker.runTestListeners(Invoker.java:1389)
	at org.testng.internal.Invoker.invokeMethod(Invoker.java:636)
	at org.testng.internal.Invoker.invokeTestMethod(Invoker.java:719)
	at org.testng.internal.Invoker.invokeTestMethods(Invoker.java:989)
	at org.testng.internal.TestMethodWorker.invokeTestMethods(TestMethodWorker.java:125)
	at org.testng.internal.TestMethodWorker.run(TestMethodWorker.java:109)
	at org.testng.TestRunner.privateRun(TestRunner.java:648)
	at org.testng.TestRunner.run(TestRunner.java:505)
	at org.testng.SuiteRunner.runTest(SuiteRunner.java:455)
	at org.testng.SuiteRunner.runSequentially(SuiteRunner.java:450)
	at org.testng.SuiteRunner.privateRun(SuiteRunner.java:415)
	at org.testng.SuiteRunner.run(SuiteRunner.java:364)
	at org.testng.SuiteRunnerWorker.runSuite(SuiteRunnerWorker.java:52)
	at org.testng.SuiteRunnerWorker.run(SuiteRunnerWorker.java:84)
	at org.testng.TestNG.runSuitesSequentially(TestNG.java:1208)
	at org.testng.TestNG.runSuitesLocally(TestNG.java:1137)
	at org.testng.TestNG.runSuites(TestNG.java:1049)
	at org.testng.TestNG.run(TestNG.java:1017)
	at org.testng.remote.AbstractRemoteTestNG.run(AbstractRemoteTestNG.java:115)
	at org.testng.remote.RemoteTestNG.initAndRun(RemoteTestNG.java:251)
	at org.testng.remote.RemoteTestNG.main(RemoteTestNG.java:77)
</pre></td>
				</tr>
			</tbody>
		</table>
	</div>
					</div>
				</li>
			</ul>
		</div>
	</div>
	<!-- subview left -->

	<div class='subview-right left'>
		<div class='view-summary'>
			<h5 class='test-name'></h5>

			<div id='step-filters' class="right">
				<span class="blue-text" status="info" alt="info" title="info"><i class="material-icons">info_outline</i></span>
				<span class="green-text" status="pass" alt="pass" title="pass"><i class="material-icons">check_circle</i></span>
				<span class="red-text" status="fail" alt="fail" title="fail"><i class="material-icons">cancel</i></span>
				<span class="red-text text-darken-4" status="fatal" alt="fatal" title="fatal"><i class="material-icons">cancel</i></span>
				<span class="pink-text text-lighten-1" status="error" alt="error" title="error"><i class="material-icons">error</i></span>
				<span class="orange-text" alt="warning" status="warning" title="warning"><i class="material-icons">warning</i></span>
				<span class="teal-text" status="skip" alt="skip" title="skip"><i class="material-icons">redo</i></span>
				<span status="clear" alt="Clear filters" title="Clear filters"><i class="material-icons">clear</i></span>
			</div>
		</div>
	</div>
	<!-- subview right -->

</div>
<!-- test view -->
<!-- category view -->
<div id='exception-view' class='view hide'>

    <section id='controls'>
        <div class='controls grey lighten-4'>
            <!-- search -->
            <div class='chip transparent' alt='Search Tests' title='Search Tests'>
                <a href="#" class='search-div'>
                    <i class='material-icons'>search</i> Search
                </a>

                <div class='input-field left hide'>
                    <input id='search-tests' type='text' class='validate browser-default' placeholder='Search Tests...'>
                </div>

            </div>
            <!-- search -->
        </div>
    </section>

    <div class='subview-left left'>

        <div class='view-summary'>
            <h5>Exceptions</h3>
                <ul id='exception-collection' class='exception-collection'>

                        <li class='exception displayed active'>
                            <div class='exception-heading'>
                                <span class='exception-name'>org.openqa.selenium.NoSuchElementException</span>
                                <span class='exception-count right'><span class='label red lighten-1 white-text'>3</span></span>
                            </div>
                            <div class='exception-content hide'>
                                <div class='exception-tests'>
                                    <table class='bordered table-results'>
                                        <thead>
                                        <tr>
                                            <th>Timestamp</th>
                                            <th>TestName</th>
                                            <th>Status</th>
                                        </tr>
                                        </thead>
                                        <tbody>
                                                    <tr>
                                                        <td>Aug 3, 2021 05:59:46 PM</td>
                                                        <td class='linked' test-id='2'>TC03_To_verify_not_mandatory_in_Revise_module_to_attempt_each_question</td>
                                                        <td><pre><pre>org.openqa.selenium.NoSuchElementException: An element could not be located on the page using the given search parameters.
For documentation on this error, please visit: https://www.seleniumhq.org/exceptions/no_such_element.html
Build info: version: '3.141.59', revision: 'e82be7d358', time: '2018-11-14T08:17:03'
System info: host: 'DESKTOP-TMI6UL6', ip: '192.168.64.204', os.name: 'Windows 10', os.arch: 'amd64', os.version: '10.0', java.version: '15.0.2'
Driver info: io.appium.java_client.android.AndroidDriver
Capabilities {app: C:\Users\LENOVO\Downloads\S..., appActivity: com.tce.view.ui.activities...., appPackage: com.tce.studi, chromeOptions: {w3c: false}, chromedriverExecutable: C:\Users\LENOVO\Downloads\c..., databaseEnabled: false, desired: {app: C:\Users\LENOVO\Downloads\S..., appActivity: com.tce.view.ui.activities...., appPackage: com.tce.studi, chromeOptions: {w3c: false}, chromedriverExecutable: C:\Users\LENOVO\Downloads\c..., deviceName: Appium, noReset: true, platformName: android, platformVersion: 11, takesScreenshot: true}, deviceApiLevel: 30, deviceManufacturer: samsung, deviceModel: SM-M015G, deviceName: R9ZN71027SD, deviceScreenDensity: 320, deviceScreenSize: 720x1520, deviceUDID: R9ZN71027SD, javascriptEnabled: true, locationContextEnabled: false, networkConnectionEnabled: true, noReset: true, pixelRatio: 2, platform: LINUX, platformName: Android, platformVersion: 11, statBarHeight: 59, takesScreenshot: true, viewportRect: {height: 1306, left: 0, top: 59, width: 720}, warnings: {}, webStorageEnabled: false}
Session ID: 623b2634-6494-4643-a73b-c434348040a3
*** Element info: {Using=id, value=com.tce.studi:id/tvPrimaryAction}
	at java.base/jdk.internal.reflect.NativeConstructorAccessorImpl.newInstance0(Native Method)
	at java.base/jdk.internal.reflect.NativeConstructorAccessorImpl.newInstance(NativeConstructorAccessorImpl.java:64)
	at java.base/jdk.internal.reflect.DelegatingConstructorAccessorImpl.newInstance(DelegatingConstructorAccessorImpl.java:45)
	at java.base/java.lang.reflect.Constructor.newInstanceWithCaller(Constructor.java:500)
	at java.base/java.lang.reflect.Constructor.newInstance(Constructor.java:481)
	at org.openqa.selenium.remote.http.W3CHttpResponseCodec.createException(W3CHttpResponseCodec.java:187)
	at org.openqa.selenium.remote.http.W3CHttpResponseCodec.decode(W3CHttpResponseCodec.java:122)
	at org.openqa.selenium.remote.http.W3CHttpResponseCodec.decode(W3CHttpResponseCodec.java:49)
	at org.openqa.selenium.remote.HttpCommandExecutor.execute(HttpCommandExecutor.java:158)
	at io.appium.java_client.remote.AppiumCommandExecutor.execute(AppiumCommandExecutor.java:239)
	at org.openqa.selenium.remote.RemoteWebDriver.execute(RemoteWebDriver.java:552)
	at io.appium.java_client.DefaultGenericMobileDriver.execute(DefaultGenericMobileDriver.java:42)
	at io.appium.java_client.AppiumDriver.execute(AppiumDriver.java:1)
	at io.appium.java_client.android.AndroidDriver.execute(AndroidDriver.java:1)
	at org.openqa.selenium.remote.RemoteWebDriver.findElement(RemoteWebDriver.java:323)
	at io.appium.java_client.DefaultGenericMobileDriver.findElement(DefaultGenericMobileDriver.java:62)
	at io.appium.java_client.AppiumDriver.findElement(AppiumDriver.java:1)
	at io.appium.java_client.android.AndroidDriver.findElement(AndroidDriver.java:1)
	at org.openqa.selenium.remote.RemoteWebDriver.findElementById(RemoteWebDriver.java:372)
	at io.appium.java_client.DefaultGenericMobileDriver.findElementById(DefaultGenericMobileDriver.java:70)
	at io.appium.java_client.AppiumDriver.findElementById(AppiumDriver.java:1)
	at io.appium.java_client.android.AndroidDriver.findElementById(AndroidDriver.java:1)
	at studi.co.pageModules.Module_Quiz_Revision.startTest(Module_Quiz_Revision.java:234)
	at studi.co.pageModules.Module_Quiz_Revision.to_Verify_not_mandatory_in_Revise_module_to_attempt_each_question(Module_Quiz_Revision.java:101)
	at studi.co.testScripts.Quiz_Rivision.TC03_To_verify_not_mandatory_in_Revise_module_to_attempt_each_question(Quiz_Rivision.java:35)
	at java.base/jdk.internal.reflect.NativeMethodAccessorImpl.invoke0(Native Method)
	at java.base/jdk.internal.reflect.NativeMethodAccessorImpl.invoke(NativeMethodAccessorImpl.java:64)
	at java.base/jdk.internal.reflect.DelegatingMethodAccessorImpl.invoke(DelegatingMethodAccessorImpl.java:43)
	at java.base/java.lang.reflect.Method.invoke(Method.java:564)
	at org.testng.internal.MethodInvocationHelper.invokeMethod(MethodInvocationHelper.java:124)
	at org.testng.internal.Invoker.invokeMethod(Invoker.java:583)
	at org.testng.internal.Invoker.invokeTestMethod(Invoker.java:719)
	at org.testng.internal.Invoker.invokeTestMethods(Invoker.java:989)
	at org.testng.internal.TestMethodWorker.invokeTestMethods(TestMethodWorker.java:125)
	at org.testng.internal.TestMethodWorker.run(TestMethodWorker.java:109)
	at org.testng.TestRunner.privateRun(TestRunner.java:648)
	at org.testng.TestRunner.run(TestRunner.java:505)
	at org.testng.SuiteRunner.runTest(SuiteRunner.java:455)
	at org.testng.SuiteRunner.runSequentially(SuiteRunner.java:450)
	at org.testng.SuiteRunner.privateRun(SuiteRunner.java:415)
	at org.testng.SuiteRunner.run(SuiteRunner.java:364)
	at org.testng.SuiteRunnerWorker.runSuite(SuiteRunnerWorker.java:52)
	at org.testng.SuiteRunnerWorker.run(SuiteRunnerWorker.java:84)
	at org.testng.TestNG.runSuitesSequentially(TestNG.java:1208)
	at org.testng.TestNG.runSuitesLocally(TestNG.java:1137)
	at org.testng.TestNG.runSuites(TestNG.java:1049)
	at org.testng.TestNG.run(TestNG.java:1017)
	at org.testng.remote.AbstractRemoteTestNG.run(AbstractRemoteTestNG.java:115)
	at org.testng.remote.RemoteTestNG.initAndRun(RemoteTestNG.java:251)
	at org.testng.remote.RemoteTestNG.main(RemoteTestNG.java:77)
</pre></pre></td>
                                                    </tr>
                                                    <tr>
                                                        <td>Aug 3, 2021 06:01:22 PM</td>
                                                        <td class='linked' test-id='3'>TC05_To_verify_If_user_chooses_1option_right_another_wrong_the_answers_considered_partially_correct_in_sorting_question</td>
                                                        <td><pre><textarea>org.openqa.selenium.NoSuchElementException: Can't locate an element by this strategy: By.chained({By.id: com.tce.studi:id/tvSecondaryAction})
	at io.appium.java_client.pagefactory.AppiumElementLocator.findElement(AppiumElementLocator.java:126)
	at io.appium.java_client.pagefactory.interceptors.InterceptorOfASingleElement.intercept(InterceptorOfASingleElement.java:59)
	at io.appium.java_client.android.AndroidElement$$EnhancerByCGLIB$$b598166c.getText(<generated>)
	at studi.co.Base.BaseClass.clickOnElement(BaseClass.java:486)
	at studi.co.pageModules.Module_Quiz_Revision.to_Verify_If_user_chooses_1option_right_another_wrong_the_answers_considered_partially_correct_in_sorting_question(Module_Quiz_Revision.java:174)
	at studi.co.testScripts.Quiz_Rivision.TC05_To_verify_If_user_chooses_1option_right_another_wrong_the_answers_considered_partially_correct_in_sorting_question(Quiz_Rivision.java:45)
	at java.base/jdk.internal.reflect.NativeMethodAccessorImpl.invoke0(Native Method)
	at java.base/jdk.internal.reflect.NativeMethodAccessorImpl.invoke(NativeMethodAccessorImpl.java:64)
	at java.base/jdk.internal.reflect.DelegatingMethodAccessorImpl.invoke(DelegatingMethodAccessorImpl.java:43)
	at java.base/java.lang.reflect.Method.invoke(Method.java:564)
	at org.testng.internal.MethodInvocationHelper.invokeMethod(MethodInvocationHelper.java:124)
	at org.testng.internal.Invoker.invokeMethod(Invoker.java:583)
	at org.testng.internal.Invoker.invokeTestMethod(Invoker.java:719)
	at org.testng.internal.Invoker.invokeTestMethods(Invoker.java:989)
	at org.testng.internal.TestMethodWorker.invokeTestMethods(TestMethodWorker.java:125)
	at org.testng.internal.TestMethodWorker.run(TestMethodWorker.java:109)
	at org.testng.TestRunner.privateRun(TestRunner.java:648)
	at org.testng.TestRunner.run(TestRunner.java:505)
	at org.testng.SuiteRunner.runTest(SuiteRunner.java:455)
	at org.testng.SuiteRunner.runSequentially(SuiteRunner.java:450)
	at org.testng.SuiteRunner.privateRun(SuiteRunner.java:415)
	at org.testng.SuiteRunner.run(SuiteRunner.java:364)
	at org.testng.SuiteRunnerWorker.runSuite(SuiteRunnerWorker.java:52)
	at org.testng.SuiteRunnerWorker.run(SuiteRunnerWorker.java:84)
	at org.testng.TestNG.runSuitesSequentially(TestNG.java:1208)
	at org.testng.TestNG.runSuitesLocally(TestNG.java:1137)
	at org.testng.TestNG.runSuites(TestNG.java:1049)
	at org.testng.TestNG.run(TestNG.java:1017)
	at org.testng.remote.AbstractRemoteTestNG.run(AbstractRemoteTestNG.java:115)
	at org.testng.remote.RemoteTestNG.initAndRun(RemoteTestNG.java:251)
	at org.testng.remote.RemoteTestNG.main(RemoteTestNG.java:77)
Caused by: org.openqa.selenium.TimeoutException: Expected condition failed: waiting for io.appium.java_client.pagefactory.AppiumElementLocator$WaitingFunction@6a094db2 (tried for 1 second(s) with 500 milliseconds interval)
	at org.openqa.selenium.support.ui.FluentWait.timeoutException(FluentWait.java:304)
	at org.openqa.selenium.support.ui.FluentWait.until(FluentWait.java:272)
	at io.appium.java_client.pagefactory.AppiumElementLocator.waitFor(AppiumElementLocator.java:99)
	at io.appium.java_client.pagefactory.AppiumElementLocator.findElement(AppiumElementLocator.java:119)
	... 30 more
Caused by: org.openqa.selenium.NoSuchElementException: Cannot locate an element using By.chained({By.id: com.tce.studi:id/tvSecondaryAction})
For documentation on this error, please visit: https://www.seleniumhq.org/exceptions/no_such_element.html
Build info: version: '3.141.59', revision: 'e82be7d358', time: '2018-11-14T08:17:03'
System info: host: 'DESKTOP-TMI6UL6', ip: '192.168.64.204', os.name: 'Windows 10', os.arch: 'amd64', os.version: '10.0', java.version: '15.0.2'
Driver info: driver.version: AndroidDriver
	at io.appium.java_client.pagefactory.bys.builder.ByChained.findElement(ByChained.java:74)
	at org.openqa.selenium.remote.RemoteWebDriver.findElement(RemoteWebDriver.java:315)
	at io.appium.java_client.DefaultGenericMobileDriver.findElement(DefaultGenericMobileDriver.java:58)
	at io.appium.java_client.AppiumDriver.findElement(AppiumDriver.java:1)
	at io.appium.java_client.android.AndroidDriver.findElement(AndroidDriver.java:1)
	at io.appium.java_client.pagefactory.bys.ContentMappedBy.findElement(ContentMappedBy.java:50)
	at org.openqa.selenium.remote.RemoteWebDriver.findElement(RemoteWebDriver.java:315)
	at io.appium.java_client.DefaultGenericMobileDriver.findElement(DefaultGenericMobileDriver.java:58)
	at io.appium.java_client.AppiumDriver.findElement(AppiumDriver.java:1)
	at io.appium.java_client.android.AndroidDriver.findElement(AndroidDriver.java:1)
	at io.appium.java_client.pagefactory.AppiumElementLocator.lambda$0(AppiumElementLocator.java:120)
	at io.appium.java_client.pagefactory.AppiumElementLocator$WaitingFunction.apply(AppiumElementLocator.java:172)
	at io.appium.java_client.pagefactory.AppiumElementLocator$WaitingFunction.apply(AppiumElementLocator.java:1)
	at org.openqa.selenium.support.ui.FluentWait.until(FluentWait.java:249)
	... 32 more
</textarea></pre></td>
                                                    </tr>
                                                    <tr>
                                                        <td>Aug 3, 2021 06:02:47 PM</td>
                                                        <td class='linked' test-id='4'>TC06_To_verify_Feedback_provided_at_the_click_of_options_itself</td>
                                                        <td><pre><pre>org.openqa.selenium.NoSuchElementException: no such element: Unable to locate element: {"method":"xpath","selector":"//*[contains(@class, 'theme')]"}
  (Session info: chrome=92.0.4515.115)
  (Driver info: chromedriver=91.0.4472.19 (1bf021f248676a0b2ab3ee0561d83a59e424c23e-refs/branch-heads/4472@{#288}),platform=Windows NT 10.0.19043 x86_64)
For documentation on this error, please visit: https://www.seleniumhq.org/exceptions/no_such_element.html
Build info: version: '3.141.59', revision: 'e82be7d358', time: '2018-11-14T08:17:03'
System info: host: 'DESKTOP-TMI6UL6', ip: '192.168.64.204', os.name: 'Windows 10', os.arch: 'amd64', os.version: '10.0', java.version: '15.0.2'
Driver info: io.appium.java_client.android.AndroidDriver
Capabilities {app: C:\Users\LENOVO\Downloads\S..., appActivity: com.tce.view.ui.activities...., appPackage: com.tce.studi, chromeOptions: {w3c: false}, chromedriverExecutable: C:\Users\LENOVO\Downloads\c..., databaseEnabled: false, desired: {app: C:\Users\LENOVO\Downloads\S..., appActivity: com.tce.view.ui.activities...., appPackage: com.tce.studi, chromeOptions: {w3c: false}, chromedriverExecutable: C:\Users\LENOVO\Downloads\c..., deviceName: Appium, noReset: true, platformName: android, platformVersion: 11, takesScreenshot: true}, deviceApiLevel: 30, deviceManufacturer: samsung, deviceModel: SM-M015G, deviceName: R9ZN71027SD, deviceScreenDensity: 320, deviceScreenSize: 720x1520, deviceUDID: R9ZN71027SD, javascriptEnabled: true, locationContextEnabled: false, networkConnectionEnabled: true, noReset: true, pixelRatio: 2, platform: LINUX, platformName: Android, platformVersion: 11, statBarHeight: 59, takesScreenshot: true, viewportRect: {height: 1306, left: 0, top: 59, width: 720}, warnings: {}, webStorageEnabled: false}
Session ID: 623b2634-6494-4643-a73b-c434348040a3
*** Element info: {Using=xpath, value=//*[contains(@class, 'theme')]}
	at java.base/jdk.internal.reflect.NativeConstructorAccessorImpl.newInstance0(Native Method)
	at java.base/jdk.internal.reflect.NativeConstructorAccessorImpl.newInstance(NativeConstructorAccessorImpl.java:64)
	at java.base/jdk.internal.reflect.DelegatingConstructorAccessorImpl.newInstance(DelegatingConstructorAccessorImpl.java:45)
	at java.base/java.lang.reflect.Constructor.newInstanceWithCaller(Constructor.java:500)
	at java.base/java.lang.reflect.Constructor.newInstance(Constructor.java:481)
	at org.openqa.selenium.remote.http.W3CHttpResponseCodec.createException(W3CHttpResponseCodec.java:187)
	at org.openqa.selenium.remote.http.W3CHttpResponseCodec.decode(W3CHttpResponseCodec.java:122)
	at org.openqa.selenium.remote.http.W3CHttpResponseCodec.decode(W3CHttpResponseCodec.java:49)
	at org.openqa.selenium.remote.HttpCommandExecutor.execute(HttpCommandExecutor.java:158)
	at io.appium.java_client.remote.AppiumCommandExecutor.execute(AppiumCommandExecutor.java:239)
	at org.openqa.selenium.remote.RemoteWebDriver.execute(RemoteWebDriver.java:552)
	at io.appium.java_client.DefaultGenericMobileDriver.execute(DefaultGenericMobileDriver.java:42)
	at io.appium.java_client.AppiumDriver.execute(AppiumDriver.java:1)
	at io.appium.java_client.android.AndroidDriver.execute(AndroidDriver.java:1)
	at org.openqa.selenium.remote.RemoteWebDriver.findElement(RemoteWebDriver.java:323)
	at io.appium.java_client.DefaultGenericMobileDriver.findElement(DefaultGenericMobileDriver.java:62)
	at io.appium.java_client.AppiumDriver.findElement(AppiumDriver.java:1)
	at io.appium.java_client.android.AndroidDriver.findElement(AndroidDriver.java:1)
	at org.openqa.selenium.remote.RemoteWebDriver.findElementByXPath(RemoteWebDriver.java:428)
	at io.appium.java_client.DefaultGenericMobileDriver.findElementByXPath(DefaultGenericMobileDriver.java:152)
	at io.appium.java_client.AppiumDriver.findElementByXPath(AppiumDriver.java:1)
	at io.appium.java_client.android.AndroidDriver.findElementByXPath(AndroidDriver.java:1)
	at studi.co.Base.BaseClass.verifySCQorMCQ(BaseClass.java:296)
	at studi.co.pageModules.Module_Quiz_Revision.to_Verify_user_Feedback_provided_at_the_click_of_options_itself(Module_Quiz_Revision.java:293)
	at studi.co.testScripts.Quiz_Rivision.TC06_To_verify_Feedback_provided_at_the_click_of_options_itself(Quiz_Rivision.java:51)
	at java.base/jdk.internal.reflect.NativeMethodAccessorImpl.invoke0(Native Method)
	at java.base/jdk.internal.reflect.NativeMethodAccessorImpl.invoke(NativeMethodAccessorImpl.java:64)
	at java.base/jdk.internal.reflect.DelegatingMethodAccessorImpl.invoke(DelegatingMethodAccessorImpl.java:43)
	at java.base/java.lang.reflect.Method.invoke(Method.java:564)
	at org.testng.internal.MethodInvocationHelper.invokeMethod(MethodInvocationHelper.java:124)
	at org.testng.internal.Invoker.invokeMethod(Invoker.java:583)
	at org.testng.internal.Invoker.invokeTestMethod(Invoker.java:719)
	at org.testng.internal.Invoker.invokeTestMethods(Invoker.java:989)
	at org.testng.internal.TestMethodWorker.invokeTestMethods(TestMethodWorker.java:125)
	at org.testng.internal.TestMethodWorker.run(TestMethodWorker.java:109)
	at org.testng.TestRunner.privateRun(TestRunner.java:648)
	at org.testng.TestRunner.run(TestRunner.java:505)
	at org.testng.SuiteRunner.runTest(SuiteRunner.java:455)
	at org.testng.SuiteRunner.runSequentially(SuiteRunner.java:450)
	at org.testng.SuiteRunner.privateRun(SuiteRunner.java:415)
	at org.testng.SuiteRunner.run(SuiteRunner.java:364)
	at org.testng.SuiteRunnerWorker.runSuite(SuiteRunnerWorker.java:52)
	at org.testng.SuiteRunnerWorker.run(SuiteRunnerWorker.java:84)
	at org.testng.TestNG.runSuitesSequentially(TestNG.java:1208)
	at org.testng.TestNG.runSuitesLocally(TestNG.java:1137)
	at org.testng.TestNG.runSuites(TestNG.java:1049)
	at org.testng.TestNG.run(TestNG.java:1017)
	at org.testng.remote.AbstractRemoteTestNG.run(AbstractRemoteTestNG.java:115)
	at org.testng.remote.RemoteTestNG.initAndRun(RemoteTestNG.java:251)
	at org.testng.remote.RemoteTestNG.main(RemoteTestNG.java:77)
</pre></pre></td>
                                                    </tr>
                                        </tbody>
                                    </table>
                                </div>
                            </div>
                        </li>
                        <li class='exception displayed active'>
                            <div class='exception-heading'>
                                <span class='exception-name'>org.openqa.selenium.WebDriverException</span>
                                <span class='exception-count right'><span class='label red lighten-1 white-text'>1</span></span>
                            </div>
                            <div class='exception-content hide'>
                                <div class='exception-tests'>
                                    <table class='bordered table-results'>
                                        <thead>
                                        <tr>
                                            <th>Timestamp</th>
                                            <th>TestName</th>
                                            <th>Status</th>
                                        </tr>
                                        </thead>
                                        <tbody>
                                                    <tr>
                                                        <td>Aug 3, 2021 06:03:47 PM</td>
                                                        <td class='linked' test-id='5'>TC01_To_Verify_User_Attempt_sorting_question_in_revision_module</td>
                                                        <td><pre><textarea>org.openqa.selenium.WebDriverException: org.openqa.selenium.WebDriverException: An unknown server-side error occurred while processing the command. Original error: chrome not reachable
  (Session info: chrome=92.0.4515.115)
  (Driver info: chromedriver=91.0.4472.19 (1bf021f248676a0b2ab3ee0561d83a59e424c23e-refs/branch-heads/4472@{#288}),platform=Windows NT 10.0.19043 x86_64)
Build info: version: '3.141.59', revision: 'e82be7d358', time: '2018-11-14T08:17:03'
System info: host: 'DESKTOP-TMI6UL6', ip: '192.168.64.204', os.name: 'Windows 10', os.arch: 'amd64', os.version: '10.0', java.version: '15.0.2'
Driver info: io.appium.java_client.android.AndroidDriver
Capabilities {app: C:\Users\LENOVO\Downloads\S..., appActivity: com.tce.view.ui.activities...., appPackage: com.tce.studi, chromeOptions: {w3c: false}, chromedriverExecutable: C:\Users\LENOVO\Downloads\c..., databaseEnabled: false, desired: {app: C:\Users\LENOVO\Downloads\S..., appActivity: com.tce.view.ui.activities...., appPackage: com.tce.studi, chromeOptions: {w3c: false}, chromedriverExecutable: C:\Users\LENOVO\Downloads\c..., deviceName: Appium, noReset: true, platformName: android, platformVersion: 11, takesScreenshot: true}, deviceApiLevel: 30, deviceManufacturer: samsung, deviceModel: SM-M015G, deviceName: R9ZN71027SD, deviceScreenDensity: 320, deviceScreenSize: 720x1520, deviceUDID: R9ZN71027SD, javascriptEnabled: true, locationContextEnabled: false, networkConnectionEnabled: true, noReset: true, pixelRatio: 2, platform: LINUX, platformName: Android, platformVersion: 11, statBarHeight: 59, takesScreenshot: true, viewportRect: {height: 1306, left: 0, top: 59, width: 720}, warnings: {}, webStorageEnabled: false}
Session ID: 623b2634-6494-4643-a73b-c434348040a3
*** Element info: {Using=id, value=testUnit}
	at io.appium.java_client.pagefactory.AppiumElementLocator$WaitingFunction.apply(AppiumElementLocator.java:192)
	at io.appium.java_client.pagefactory.AppiumElementLocator$WaitingFunction.apply(AppiumElementLocator.java:1)
	at org.openqa.selenium.support.ui.FluentWait.until(FluentWait.java:249)
	at io.appium.java_client.pagefactory.AppiumElementLocator.waitFor(AppiumElementLocator.java:99)
	at io.appium.java_client.pagefactory.AppiumElementLocator.findElement(AppiumElementLocator.java:119)
	at io.appium.java_client.pagefactory.interceptors.InterceptorOfASingleElement.intercept(InterceptorOfASingleElement.java:59)
	at io.appium.java_client.android.AndroidElement$$EnhancerByCGLIB$$b598166c.isDisplayed(<generated>)
	at org.openqa.selenium.support.ui.ExpectedConditions.elementIfVisible(ExpectedConditions.java:314)
	at org.openqa.selenium.support.ui.ExpectedConditions.access$000(ExpectedConditions.java:43)
	at org.openqa.selenium.support.ui.ExpectedConditions$10.apply(ExpectedConditions.java:300)
	at org.openqa.selenium.support.ui.ExpectedConditions$10.apply(ExpectedConditions.java:297)
	at org.openqa.selenium.support.ui.FluentWait.until(FluentWait.java:249)
	at studi.co.Base.BaseClass.applyExplicitWaitsUntilElementVisible(BaseClass.java:628)
	at studi.co.pageModules.Module_Quiz_Revision.traverse_To_Begin_practice(Module_Quiz_Revision.java:187)
	at studi.co.pageModules.Module_Quiz_Revision.to_Verify_user_attempt_sorting_question_in_revision_module(Module_Quiz_Revision.java:25)
	at studi.co.testScripts.Quiz_Rivision.TC01_To_Verify_User_Attempt_sorting_question_in_revision_module(Quiz_Rivision.java:23)
	at java.base/jdk.internal.reflect.NativeMethodAccessorImpl.invoke0(Native Method)
	at java.base/jdk.internal.reflect.NativeMethodAccessorImpl.invoke(NativeMethodAccessorImpl.java:64)
	at java.base/jdk.internal.reflect.DelegatingMethodAccessorImpl.invoke(DelegatingMethodAccessorImpl.java:43)
	at java.base/java.lang.reflect.Method.invoke(Method.java:564)
	at org.testng.internal.MethodInvocationHelper.invokeMethod(MethodInvocationHelper.java:124)
	at org.testng.internal.Invoker.invokeMethod(Invoker.java:583)
	at org.testng.internal.Invoker.invokeTestMethod(Invoker.java:719)
	at org.testng.internal.Invoker.invokeTestMethods(Invoker.java:989)
	at org.testng.internal.TestMethodWorker.invokeTestMethods(TestMethodWorker.java:125)
	at org.testng.internal.TestMethodWorker.run(TestMethodWorker.java:109)
	at org.testng.TestRunner.privateRun(TestRunner.java:648)
	at org.testng.TestRunner.run(TestRunner.java:505)
	at org.testng.SuiteRunner.runTest(SuiteRunner.java:455)
	at org.testng.SuiteRunner.runSequentially(SuiteRunner.java:450)
	at org.testng.SuiteRunner.privateRun(SuiteRunner.java:415)
	at org.testng.SuiteRunner.run(SuiteRunner.java:364)
	at org.testng.SuiteRunnerWorker.runSuite(SuiteRunnerWorker.java:52)
	at org.testng.SuiteRunnerWorker.run(SuiteRunnerWorker.java:84)
	at org.testng.TestNG.runSuitesSequentially(TestNG.java:1208)
	at org.testng.TestNG.runSuitesLocally(TestNG.java:1137)
	at org.testng.TestNG.runSuites(TestNG.java:1049)
	at org.testng.TestNG.run(TestNG.java:1017)
	at org.testng.remote.AbstractRemoteTestNG.run(AbstractRemoteTestNG.java:115)
	at org.testng.remote.RemoteTestNG.initAndRun(RemoteTestNG.java:251)
	at org.testng.remote.RemoteTestNG.main(RemoteTestNG.java:77)
Caused by: org.openqa.selenium.WebDriverException: An unknown server-side error occurred while processing the command. Original error: chrome not reachable
  (Session info: chrome=92.0.4515.115)
  (Driver info: chromedriver=91.0.4472.19 (1bf021f248676a0b2ab3ee0561d83a59e424c23e-refs/branch-heads/4472@{#288}),platform=Windows NT 10.0.19043 x86_64)
Build info: version: '3.141.59', revision: 'e82be7d358', time: '2018-11-14T08:17:03'
System info: host: 'DESKTOP-TMI6UL6', ip: '192.168.64.204', os.name: 'Windows 10', os.arch: 'amd64', os.version: '10.0', java.version: '15.0.2'
Driver info: io.appium.java_client.android.AndroidDriver
Capabilities {app: C:\Users\LENOVO\Downloads\S..., appActivity: com.tce.view.ui.activities...., appPackage: com.tce.studi, chromeOptions: {w3c: false}, chromedriverExecutable: C:\Users\LENOVO\Downloads\c..., databaseEnabled: false, desired: {app: C:\Users\LENOVO\Downloads\S..., appActivity: com.tce.view.ui.activities...., appPackage: com.tce.studi, chromeOptions: {w3c: false}, chromedriverExecutable: C:\Users\LENOVO\Downloads\c..., deviceName: Appium, noReset: true, platformName: android, platformVersion: 11, takesScreenshot: true}, deviceApiLevel: 30, deviceManufacturer: samsung, deviceModel: SM-M015G, deviceName: R9ZN71027SD, deviceScreenDensity: 320, deviceScreenSize: 720x1520, deviceUDID: R9ZN71027SD, javascriptEnabled: true, locationContextEnabled: false, networkConnectionEnabled: true, noReset: true, pixelRatio: 2, platform: LINUX, platformName: Android, platformVersion: 11, statBarHeight: 59, takesScreenshot: true, viewportRect: {height: 1306, left: 0, top: 59, width: 720}, warnings: {}, webStorageEnabled: false}
Session ID: 623b2634-6494-4643-a73b-c434348040a3
*** Element info: {Using=id, value=testUnit}
	at java.base/jdk.internal.reflect.NativeConstructorAccessorImpl.newInstance0(Native Method)
	at java.base/jdk.internal.reflect.NativeConstructorAccessorImpl.newInstance(NativeConstructorAccessorImpl.java:64)
	at java.base/jdk.internal.reflect.DelegatingConstructorAccessorImpl.newInstance(DelegatingConstructorAccessorImpl.java:45)
	at java.base/java.lang.reflect.Constructor.newInstanceWithCaller(Constructor.java:500)
	at java.base/java.lang.reflect.Constructor.newInstance(Constructor.java:481)
	at org.openqa.selenium.remote.http.W3CHttpResponseCodec.createException(W3CHttpResponseCodec.java:187)
	at org.openqa.selenium.remote.http.W3CHttpResponseCodec.decode(W3CHttpResponseCodec.java:122)
	at org.openqa.selenium.remote.http.W3CHttpResponseCodec.decode(W3CHttpResponseCodec.java:49)
	at org.openqa.selenium.remote.HttpCommandExecutor.execute(HttpCommandExecutor.java:158)
	at io.appium.java_client.remote.AppiumCommandExecutor.execute(AppiumCommandExecutor.java:239)
	at org.openqa.selenium.remote.RemoteWebDriver.execute(RemoteWebDriver.java:552)
	at io.appium.java_client.DefaultGenericMobileDriver.execute(DefaultGenericMobileDriver.java:42)
	at io.appium.java_client.AppiumDriver.execute(AppiumDriver.java:1)
	at io.appium.java_client.android.AndroidDriver.execute(AndroidDriver.java:1)
	at org.openqa.selenium.remote.RemoteWebDriver.findElement(RemoteWebDriver.java:323)
	at io.appium.java_client.DefaultGenericMobileDriver.findElement(DefaultGenericMobileDriver.java:62)
	at io.appium.java_client.AppiumDriver.findElement(AppiumDriver.java:1)
	at io.appium.java_client.android.AndroidDriver.findElement(AndroidDriver.java:1)
	at org.openqa.selenium.remote.RemoteWebDriver.findElementById(RemoteWebDriver.java:372)
	at io.appium.java_client.DefaultGenericMobileDriver.findElementById(DefaultGenericMobileDriver.java:70)
	at io.appium.java_client.AppiumDriver.findElementById(AppiumDriver.java:1)
	at io.appium.java_client.android.AndroidDriver.findElementById(AndroidDriver.java:1)
	at org.openqa.selenium.By$ById.findElement(By.java:188)
	at org.openqa.selenium.support.ByIdOrName.findElement(ByIdOrName.java:47)
	at org.openqa.selenium.remote.RemoteWebDriver.findElement(RemoteWebDriver.java:315)
	at io.appium.java_client.DefaultGenericMobileDriver.findElement(DefaultGenericMobileDriver.java:58)
	at io.appium.java_client.AppiumDriver.findElement(AppiumDriver.java:1)
	at io.appium.java_client.android.AndroidDriver.findElement(AndroidDriver.java:1)
	at io.appium.java_client.pagefactory.bys.ContentMappedBy.findElement(ContentMappedBy.java:50)
	at org.openqa.selenium.remote.RemoteWebDriver.findElement(RemoteWebDriver.java:315)
	at io.appium.java_client.DefaultGenericMobileDriver.findElement(DefaultGenericMobileDriver.java:58)
	at io.appium.java_client.AppiumDriver.findElement(AppiumDriver.java:1)
	at io.appium.java_client.android.AndroidDriver.findElement(AndroidDriver.java:1)
	at io.appium.java_client.pagefactory.AppiumElementLocator.lambda$0(AppiumElementLocator.java:120)
	at io.appium.java_client.pagefactory.AppiumElementLocator$WaitingFunction.apply(AppiumElementLocator.java:172)
	... 40 more
</textarea></pre></td>
                                                    </tr>
                                                    <tr>
                                                        <td>Aug 3, 2021 06:03:47 PM</td>
                                                        <td class='linked' test-id='5'>TC01_To_Verify_User_Attempt_sorting_question_in_revision_module</td>
                                                        <td><pre><pre>org.openqa.selenium.WebDriverException: An unknown server-side error occurred while processing the command. Original error: chrome not reachable
  (Session info: chrome=92.0.4515.115)
  (Driver info: chromedriver=91.0.4472.19 (1bf021f248676a0b2ab3ee0561d83a59e424c23e-refs/branch-heads/4472@{#288}),platform=Windows NT 10.0.19043 x86_64)
Build info: version: '3.141.59', revision: 'e82be7d358', time: '2018-11-14T08:17:03'
System info: host: 'DESKTOP-TMI6UL6', ip: '192.168.64.204', os.name: 'Windows 10', os.arch: 'amd64', os.version: '10.0', java.version: '15.0.2'
Driver info: io.appium.java_client.android.AndroidDriver
Capabilities {app: C:\Users\LENOVO\Downloads\S..., appActivity: com.tce.view.ui.activities...., appPackage: com.tce.studi, chromeOptions: {w3c: false}, chromedriverExecutable: C:\Users\LENOVO\Downloads\c..., databaseEnabled: false, desired: {app: C:\Users\LENOVO\Downloads\S..., appActivity: com.tce.view.ui.activities...., appPackage: com.tce.studi, chromeOptions: {w3c: false}, chromedriverExecutable: C:\Users\LENOVO\Downloads\c..., deviceName: Appium, noReset: true, platformName: android, platformVersion: 11, takesScreenshot: true}, deviceApiLevel: 30, deviceManufacturer: samsung, deviceModel: SM-M015G, deviceName: R9ZN71027SD, deviceScreenDensity: 320, deviceScreenSize: 720x1520, deviceUDID: R9ZN71027SD, javascriptEnabled: true, locationContextEnabled: false, networkConnectionEnabled: true, noReset: true, pixelRatio: 2, platform: LINUX, platformName: Android, platformVersion: 11, statBarHeight: 59, takesScreenshot: true, viewportRect: {height: 1306, left: 0, top: 59, width: 720}, warnings: {}, webStorageEnabled: false}
Session ID: 623b2634-6494-4643-a73b-c434348040a3
	at java.base/jdk.internal.reflect.NativeConstructorAccessorImpl.newInstance0(Native Method)
	at java.base/jdk.internal.reflect.NativeConstructorAccessorImpl.newInstance(NativeConstructorAccessorImpl.java:64)
	at java.base/jdk.internal.reflect.DelegatingConstructorAccessorImpl.newInstance(DelegatingConstructorAccessorImpl.java:45)
	at java.base/java.lang.reflect.Constructor.newInstanceWithCaller(Constructor.java:500)
	at java.base/java.lang.reflect.Constructor.newInstance(Constructor.java:481)
	at org.openqa.selenium.remote.http.W3CHttpResponseCodec.createException(W3CHttpResponseCodec.java:187)
	at org.openqa.selenium.remote.http.W3CHttpResponseCodec.decode(W3CHttpResponseCodec.java:122)
	at org.openqa.selenium.remote.http.W3CHttpResponseCodec.decode(W3CHttpResponseCodec.java:49)
	at org.openqa.selenium.remote.HttpCommandExecutor.execute(HttpCommandExecutor.java:158)
	at io.appium.java_client.remote.AppiumCommandExecutor.execute(AppiumCommandExecutor.java:239)
	at org.openqa.selenium.remote.RemoteWebDriver.execute(RemoteWebDriver.java:552)
	at io.appium.java_client.DefaultGenericMobileDriver.execute(DefaultGenericMobileDriver.java:46)
	at io.appium.java_client.AppiumDriver.execute(AppiumDriver.java:1)
	at io.appium.java_client.android.AndroidDriver.execute(AndroidDriver.java:1)
	at org.openqa.selenium.remote.RemoteWebDriver.getScreenshotAs(RemoteWebDriver.java:295)
	at studi.co.Base.TestListener.screenshotforExtentReport(TestListener.java:126)
	at studi.co.Base.TestListener.onTestFailure(TestListener.java:65)
	at org.testng.internal.TestListenerHelper.runTestListeners(TestListenerHelper.java:67)
	at org.testng.internal.Invoker.runTestListeners(Invoker.java:1389)
	at org.testng.internal.Invoker.invokeMethod(Invoker.java:636)
	at org.testng.internal.Invoker.invokeTestMethod(Invoker.java:719)
	at org.testng.internal.Invoker.invokeTestMethods(Invoker.java:989)
	at org.testng.internal.TestMethodWorker.invokeTestMethods(TestMethodWorker.java:125)
	at org.testng.internal.TestMethodWorker.run(TestMethodWorker.java:109)
	at org.testng.TestRunner.privateRun(TestRunner.java:648)
	at org.testng.TestRunner.run(TestRunner.java:505)
	at org.testng.SuiteRunner.runTest(SuiteRunner.java:455)
	at org.testng.SuiteRunner.runSequentially(SuiteRunner.java:450)
	at org.testng.SuiteRunner.privateRun(SuiteRunner.java:415)
	at org.testng.SuiteRunner.run(SuiteRunner.java:364)
	at org.testng.SuiteRunnerWorker.runSuite(SuiteRunnerWorker.java:52)
	at org.testng.SuiteRunnerWorker.run(SuiteRunnerWorker.java:84)
	at org.testng.TestNG.runSuitesSequentially(TestNG.java:1208)
	at org.testng.TestNG.runSuitesLocally(TestNG.java:1137)
	at org.testng.TestNG.runSuites(TestNG.java:1049)
	at org.testng.TestNG.run(TestNG.java:1017)
	at org.testng.remote.AbstractRemoteTestNG.run(AbstractRemoteTestNG.java:115)
	at org.testng.remote.RemoteTestNG.initAndRun(RemoteTestNG.java:251)
	at org.testng.remote.RemoteTestNG.main(RemoteTestNG.java:77)
</pre></pre></td>
                                                    </tr>
                                        </tbody>
                                    </table>
                                </div>
                            </div>
                        </li>
                </ul>
        </div>
    </div>

    <div class='subview-right left'>
        <div class='view-summary'>
            <h5 class='exception-name'></h5>
        </div>
    </div>
</div>
<!-- exception view -->
<div id='dashboard-view' class='view hide'>
	<div class='card-panel transparent np-v'>
		<h5>Dashboard</h5>

		<div class='row'>
			<div class='col s2'>
				<div class='card-panel r'>
					Tests
					<div class='panel-lead'>4</div>
				</div>
			</div>
			<div class='col s2'>
				<div class='card-panel r'>
					Steps
					<div class='panel-lead'>41</div>
				</div>
			</div>
			<div class='col s2'>
				<div class='card-panel r'>
					Start
					<div class='panel-lead'>Aug 3, 2021 05:58:59 PM</div>
				</div>
			</div>
			<div class='col s2'>
				<div class='card-panel r'>
			 		End
			 		<div class='panel-lead'>Aug 3, 2021 06:03:48 PM</div>
				</div>
			</div>
			<div class='col s2'>
				<div class='card-panel r'>
					Time Taken
					<div class='panel-lead'>0h 4m 49s+204ms</div>
				</div>
			</div>
			<div class='col s4'>
				<div class='card-panel dashboard-environment'>
					<span class='right label cyan white-text'>Environment</span><p>&nbsp;</p>
					
					<table>
						<tr>
							<th>Name</th>
							<th>Value</th>
						</tr>
							<tr>
								<td>Tester</td>
								<td>Author</td>
							</tr>
					</table>
				</div>
			</div>
		</div>
	</div>
</div>
<!-- dashboard view -->
<!-- testrunner-logs view -->
		</div>
		<!-- container -->

		<script>
			var statusGroup = {
				passParent: 0,
				failParent: 4,
				fatalParent: 0,
				errorParent: 0,
				warningParent: 0,
				skipParent: 0,
				exceptionsParent: 4,
				
				passChild: 0,
				failChild: 18,
				fatalChild: 0,
				errorChild: 0,
				warningChild: 0,
				skipChild: 0,
				infoChild: 23,
				exceptionsChild: 18,
				
				passGrandChild: 0,
				failGrandChild: 0,
				fatalGrandChild: 0,
				errorGrandChild: 0,
				warningGrandChild: 0,
				skipGrandChild: 0,
				infoGrandChild: 0,
				exceptionsGrandChild: 0,
			};
		</script>
		
			<script src='https://cdn.rawgit.com/anshooarora/extentreports-java/fca20fb7653aade98810546ab96a2a4360e3e712/dist/js/extent.js' type='text/javascript'></script>
		
		
 		<script type='text/javascript'>
 			
            
                $(document).ready(function() {
                    
                });
            
		
 		</script>
	</body>
	
</html>
