
<!DOCTYPE html>
<html>


<head>
	<meta charset='UTF-8' /> 
	<meta name='description' content='' />
	<meta name='robots' content='noodp, noydir' />
	<meta name='viewport' content='width=device-width, initial-scale=1' />
	<meta id="timeStampFormat" name="timeStampFormat" content='MMM d, yyyy hh:mm:ss a'/>
	
	<link href='https://fonts.googleapis.com/css?family=Source+Sans+Pro:400,600' rel='stylesheet' type='text/css' />
	<link href="https://fonts.googleapis.com/icon?family=Material+Icons" rel="stylesheet" />

		<link href='https://cdn.rawgit.com/anshooarora/extentreports-java/b4a58fcfd1e137bd9287244035a7c80d3d73b3af/dist/css/extent.css' type='text/css' rel='stylesheet' />
	
	<title>E-Learning</title>

	<style type='text/css'>
			
            
                
            
		
	</style>
</head>

	<body class='extent dark default hide-overflow '>
		<div id='theme-selector' alt='Click to toggle theme. To enable by default, use theme configuration.' title='Click to toggle theme. To enable by default, use theme configuration.'>
			<span><i class='material-icons'>desktop_windows</i></span>
		</div>

<nav>
	<div class="nav-wrapper">
		<a href="#!" class="brand-logo blue darken-3">Extent</a>

		<!-- slideout menu -->
		<ul id='slide-out' class='side-nav fixed hide-on-med-and-down'>
			<li class='waves-effect active'><a href='#!' view='test-view' onclick="configureView(0);chartsView('test');"><i class='material-icons'>dashboard</i></a></li>
						<li class='waves-effect'><a href='#!' view='exception-view' onclick="configureView(2)"><i class='material-icons'>bug_report</i></a></li>
			<li class='waves-effect'><a href='#!' onclick="configureView(-1);chartsView('dashboard');" view='dashboard-view'><i class='material-icons'>track_changes</i></i></a></li>
		</ul>

		<!-- report name -->
		<span class='report-name'>Tata Studi Automation Report</span>
		
		<!-- report headline -->
		<span class='report-headline'></span>

		<!-- nav-right -->
		<ul id='nav-mobile' class='right hide-on-med-and-down nav-right'>
			<li>
                <a href='#!'>
                    <span class='label suite-start-time blue darken-3'>May 21, 2021 12:56:36 PM</span>
				</a>
			</li>
			<li>
                <a href='#!'>
                    <span class='label blue darken-3'>3.1.5</span>
				</a>
			</li>
		</ul>
	</div>
</nav>

		<!-- container -->
		<div class='container'>

<div id='test-view' class='view'>
				
	<section id='controls'>
		<div class='controls grey lighten-4'>
			<!-- test toggle -->
			<div class='chip transparent'>
				<a class='dropdown-button tests-toggle' data-activates='tests-toggle' data-constrainwidth='true' data-beloworigin='true' data-hover='true' href='#'>
					<i class='material-icons'>warning</i> Status
				</a>
				<ul id='tests-toggle' class='dropdown-content'>
											<li status='pass'><a href='#!'>Pass <i class='material-icons green-text'>check_circle</i></a></li>
						<li status='fail'><a href='#!'>Fail <i class='material-icons red-text'>cancel</i></a></li>
					<li class='divider'></li>
					<li status='clear' clear='true'><a href='#!'>Clear Filters <i class='material-icons'>clear</i></a></li>
				</ul>
			</div>
			<!-- test toggle -->

			<!-- category toggle -->
			<!-- category toggle -->

			<!-- clear filters -->
			<div class='chip transparent hide'>
				<a class='' id='clear-filters' alt='Clear Filters' title='Clear Filters'>
					<i class='material-icons'>close</i> Clear
				</a>
			</div>
			<!-- clear filters -->

			<!-- enable dashboard -->
			<div id='toggle-test-view-charts' class='chip transparent'>
				<a class='pink-text' id='enable-dashboard' alt='Enable Dashboard' title='Enable Dashboard'>
					<i class='material-icons'>track_changes</i> Dashboard
				</a>
			</div>
			<!-- enable dashboard -->

			<!-- search -->
			<div class='chip transparent' alt='Search Tests' title='Search Tests'>
				<a href="#" class='search-div'>
					<i class='material-icons'>search</i> Search
				</a>

				<div class='input-field left hide'>
					<input id='search-tests' type='text' class='validate browser-default' placeholder='Search Tests...'>
				</div>
				
			</div>
			<!-- search -->
		</div>
	</section>


<div id='test-view-charts' class='subview-full'>
	<div id='charts-row' class='row nm-v nm-h'>
		<div class='col s12 m6 l6 np-h'>
			<div class='card-panel nm-v'>
				<div class='left panel-name'>Tests</div>
				<div class='chart-box'>
					<canvas id='parent-analysis' width='100' height='80'></canvas>
				</div>
				<div class='block text-small'>
					<span class='tooltipped' data-position='top' data-tooltip='76.923%'><span class='strong'>10</span> test(s) passed</span>
				</div>
				<div class='block text-small'>
					<span class='strong tooltipped' data-position='top' data-tooltip='23.077%'>3</span> test(s) failed, <span class='strong tooltipped' data-position='top' data-tooltip='0%'>0</span> others
				</div>
			</div>
		</div>
		
		<div class='col s12 m6 l6 np-h'>
			<div class='card-panel nm-v'>
				<div class='left panel-name'>Steps</div>
				<div class='chart-box'>
					<canvas id='child-analysis' width='100' height='80'></canvas>
				</div>
				<div class='block text-small'>
					<span class='tooltipped' data-position='top' data-tooltip='17.699%'><span class='strong'>20</span> step(s) passed</span>
				</div>
				<div class='block text-small'>
					<span class='strong tooltipped' data-position='top' data-tooltip='10.619%'>12</span> step(s) failed, <span class='strong tooltipped' data-position='top' data-tooltip='71.681%'>81</span> others
				</div>
			</div>
		</div>
		
	</div>
</div>

	<div class='subview-left left'>
		
		<div class='view-summary'>
			<h5>Tests</h5>
			<ul id='test-collection' class='test-collection'>
				
				
				<li class='test displayed active  pass' status='pass' bdd='false' test-id='2'>
					<div class='test-heading'>
						<span class='test-name'>TC01_Verify_User_Should_Be_Able_To_See_Listing_Of_Today_Upcoming_Completed_Assignments</span>
						<span class='test-time'>May 21, 2021 12:56:49 PM</span>
						<span class='test-status right pass'>pass</span>
					</div>
					<div class='test-content hide'>
<div class='test-time-info'>
	<span class='label start-time'>May 21, 2021 12:56:49 PM</span>
	<span class='label end-time'>May 21, 2021 12:57:03 PM</span>
	<span class='label time-taken grey lighten-1 white-text'>0h 0m 13s+811ms</span>
</div>
	<div class='test-steps'>
		<table class='bordered table-results'>
			<thead>
				<tr>
					<th>Status</th>
					<th>Timestamp</th>
					<th>Details</th>
				</tr>
			</thead>
			<tbody>
				<tr class='log' status='info'>
					<td class='status info' title='info' alt='info'><i class='material-icons'>info_outline</i></td>
					<td class='timestamp'>12:56:49 PM</td>
					<td class='step-details'>On Test Start : TC01_Verify_User_Should_Be_Able_To_See_Listing_Of_Today_Upcoming_Completed_Assignments</td>
				</tr>
				<tr class='log' status='info'>
					<td class='status info' title='info' alt='info'><i class='material-icons'>info_outline</i></td>
					<td class='timestamp'>12:56:59 PM</td>
					<td class='step-details'>Logged in successfully</td>
				</tr>
				<tr class='log' status='info'>
					<td class='status info' title='info' alt='info'><i class='material-icons'>info_outline</i></td>
					<td class='timestamp'>12:56:59 PM</td>
					<td class='step-details'>Assignments tab displayed</td>
				</tr>
				<tr class='log' status='info'>
					<td class='status info' title='info' alt='info'><i class='material-icons'>info_outline</i></td>
					<td class='timestamp'>12:57:02 PM</td>
					<td class='step-details'>User able to see Today's Assignments Page,after tapping on Assignment</td>
				</tr>
				<tr class='log' status='info'>
					<td class='status info' title='info' alt='info'><i class='material-icons'>info_outline</i></td>
					<td class='timestamp'>12:57:02 PM</td>
					<td class='step-details'>User able to see upcoming Assignments Page,after tapping on Assignment</td>
				</tr>
				<tr class='log' status='info'>
					<td class='status info' title='info' alt='info'><i class='material-icons'>info_outline</i></td>
					<td class='timestamp'>12:57:02 PM</td>
					<td class='step-details'>User able to see  Completed Assignments Page,after tapping on Assignment</td>
				</tr>
				<tr class='log' status='info'>
					<td class='status info' title='info' alt='info'><i class='material-icons'>info_outline</i></td>
					<td class='timestamp'>12:57:02 PM</td>
					<td class='step-details'>On Test Success : TC01_Verify_User_Should_Be_Able_To_See_Listing_Of_Today_Upcoming_Completed_Assignments</td>
				</tr>
				<tr class='log' status='pass'>
					<td class='status pass' title='pass' alt='pass'><i class='material-icons'>check_circle</i></td>
					<td class='timestamp'>12:57:02 PM</td>
					<td class='step-details'><span class='label white-text green'>TC01_Verify_User_Should_Be_Able_To_See_Listing_Of_Today_Upcoming_Completed_Assignments</span></td>
				</tr>
				<tr class='log' status='pass'>
					<td class='status pass' title='pass' alt='pass'><i class='material-icons'>check_circle</i></td>
					<td class='timestamp'>12:57:03 PM</td>
					<td class='step-details'>TC01_Verify_User_Should_Be_Able_To_See_Listing_Of_Today_Upcoming_Completed_Assignments Passed<img data-featherlight='C:\Users\LENOVO\git\TATA_Studi\Screenshots\TC01_Verify_User_Should_Be_Able_To_See_Listing_Of_Today_Upcoming_Completed_Assignments ExtendReport 21-05-21 12-57-02.png' width='10%' src='C:\Users\LENOVO\git\TATA_Studi\Screenshots\TC01_Verify_User_Should_Be_Able_To_See_Listing_Of_Today_Upcoming_Completed_Assignments ExtendReport 21-05-21 12-57-02.png' data-src='C:\Users\LENOVO\git\TATA_Studi\Screenshots\TC01_Verify_User_Should_Be_Able_To_See_Listing_Of_Today_Upcoming_Completed_Assignments ExtendReport 21-05-21 12-57-02.png'></td>
				</tr>
			</tbody>
		</table>
	</div>
					</div>
				</li>
				
				
				<li class='test displayed active  pass' status='pass' bdd='false' test-id='3'>
					<div class='test-heading'>
						<span class='test-name'>TC02_Verify_intent_creation_module_using_that_User_can_create_test_for_Students</span>
						<span class='test-time'>May 21, 2021 12:57:06 PM</span>
						<span class='test-status right pass'>pass</span>
					</div>
					<div class='test-content hide'>
<div class='test-time-info'>
	<span class='label start-time'>May 21, 2021 12:57:06 PM</span>
	<span class='label end-time'>May 21, 2021 12:57:20 PM</span>
	<span class='label time-taken grey lighten-1 white-text'>0h 0m 14s+215ms</span>
</div>
	<div class='test-steps'>
		<table class='bordered table-results'>
			<thead>
				<tr>
					<th>Status</th>
					<th>Timestamp</th>
					<th>Details</th>
				</tr>
			</thead>
			<tbody>
				<tr class='log' status='info'>
					<td class='status info' title='info' alt='info'><i class='material-icons'>info_outline</i></td>
					<td class='timestamp'>12:57:06 PM</td>
					<td class='step-details'>On Test Start : TC02_Verify_intent_creation_module_using_that_User_can_create_test_for_Students</td>
				</tr>
				<tr class='log' status='info'>
					<td class='status info' title='info' alt='info'><i class='material-icons'>info_outline</i></td>
					<td class='timestamp'>12:57:16 PM</td>
					<td class='step-details'>Logged in successfully</td>
				</tr>
				<tr class='log' status='info'>
					<td class='status info' title='info' alt='info'><i class='material-icons'>info_outline</i></td>
					<td class='timestamp'>12:57:16 PM</td>
					<td class='step-details'>Assignments tab displayed</td>
				</tr>
				<tr class='log' status='info'>
					<td class='status info' title='info' alt='info'><i class='material-icons'>info_outline</i></td>
					<td class='timestamp'>12:57:20 PM</td>
					<td class='step-details'>The intent creation module shown to user</td>
				</tr>
				<tr class='log' status='info'>
					<td class='status info' title='info' alt='info'><i class='material-icons'>info_outline</i></td>
					<td class='timestamp'>12:57:20 PM</td>
					<td class='step-details'>On Test Success : TC02_Verify_intent_creation_module_using_that_User_can_create_test_for_Students</td>
				</tr>
				<tr class='log' status='pass'>
					<td class='status pass' title='pass' alt='pass'><i class='material-icons'>check_circle</i></td>
					<td class='timestamp'>12:57:20 PM</td>
					<td class='step-details'><span class='label white-text green'>TC02_Verify_intent_creation_module_using_that_User_can_create_test_for_Students</span></td>
				</tr>
				<tr class='log' status='pass'>
					<td class='status pass' title='pass' alt='pass'><i class='material-icons'>check_circle</i></td>
					<td class='timestamp'>12:57:20 PM</td>
					<td class='step-details'>TC02_Verify_intent_creation_module_using_that_User_can_create_test_for_Students Passed<img data-featherlight='C:\Users\LENOVO\git\TATA_Studi\Screenshots\TC02_Verify_intent_creation_module_using_that_User_can_create_test_for_Students ExtendReport 21-05-21 12-57-20.png' width='10%' src='C:\Users\LENOVO\git\TATA_Studi\Screenshots\TC02_Verify_intent_creation_module_using_that_User_can_create_test_for_Students ExtendReport 21-05-21 12-57-20.png' data-src='C:\Users\LENOVO\git\TATA_Studi\Screenshots\TC02_Verify_intent_creation_module_using_that_User_can_create_test_for_Students ExtendReport 21-05-21 12-57-20.png'></td>
				</tr>
			</tbody>
		</table>
	</div>
					</div>
				</li>
				
				
				<li class='test displayed active  pass' status='pass' bdd='false' test-id='4'>
					<div class='test-heading'>
						<span class='test-name'>TC03_To_verify_items_of_today_Upcoming_shown_prominently_on_the_listing_page</span>
						<span class='test-time'>May 21, 2021 12:57:23 PM</span>
						<span class='test-status right pass'>pass</span>
					</div>
					<div class='test-content hide'>
<div class='test-time-info'>
	<span class='label start-time'>May 21, 2021 12:57:23 PM</span>
	<span class='label end-time'>May 21, 2021 12:57:37 PM</span>
	<span class='label time-taken grey lighten-1 white-text'>0h 0m 13s+313ms</span>
</div>
	<div class='test-steps'>
		<table class='bordered table-results'>
			<thead>
				<tr>
					<th>Status</th>
					<th>Timestamp</th>
					<th>Details</th>
				</tr>
			</thead>
			<tbody>
				<tr class='log' status='info'>
					<td class='status info' title='info' alt='info'><i class='material-icons'>info_outline</i></td>
					<td class='timestamp'>12:57:23 PM</td>
					<td class='step-details'>On Test Start : TC03_To_verify_items_of_today_Upcoming_shown_prominently_on_the_listing_page</td>
				</tr>
				<tr class='log' status='info'>
					<td class='status info' title='info' alt='info'><i class='material-icons'>info_outline</i></td>
					<td class='timestamp'>12:57:33 PM</td>
					<td class='step-details'>Logged in successfully</td>
				</tr>
				<tr class='log' status='info'>
					<td class='status info' title='info' alt='info'><i class='material-icons'>info_outline</i></td>
					<td class='timestamp'>12:57:34 PM</td>
					<td class='step-details'>Assignments tab displayed</td>
				</tr>
				<tr class='log' status='info'>
					<td class='status info' title='info' alt='info'><i class='material-icons'>info_outline</i></td>
					<td class='timestamp'>12:57:36 PM</td>
					<td class='step-details'>User able to see Today's Assignments Page,after tapping on Assignment</td>
				</tr>
				<tr class='log' status='info'>
					<td class='status info' title='info' alt='info'><i class='material-icons'>info_outline</i></td>
					<td class='timestamp'>12:57:36 PM</td>
					<td class='step-details'>User able to see upcoming Assignments Page,after tapping on Assignment</td>
				</tr>
				<tr class='log' status='info'>
					<td class='status info' title='info' alt='info'><i class='material-icons'>info_outline</i></td>
					<td class='timestamp'>12:57:36 PM</td>
					<td class='step-details'>User able to see  Completed Assignments Page,after tapping on Assignment</td>
				</tr>
				<tr class='log' status='info'>
					<td class='status info' title='info' alt='info'><i class='material-icons'>info_outline</i></td>
					<td class='timestamp'>12:57:36 PM</td>
					<td class='step-details'>On Test Success : TC03_To_verify_items_of_today_Upcoming_shown_prominently_on_the_listing_page</td>
				</tr>
				<tr class='log' status='pass'>
					<td class='status pass' title='pass' alt='pass'><i class='material-icons'>check_circle</i></td>
					<td class='timestamp'>12:57:36 PM</td>
					<td class='step-details'><span class='label white-text green'>TC03_To_verify_items_of_today_Upcoming_shown_prominently_on_the_listing_page</span></td>
				</tr>
				<tr class='log' status='pass'>
					<td class='status pass' title='pass' alt='pass'><i class='material-icons'>check_circle</i></td>
					<td class='timestamp'>12:57:37 PM</td>
					<td class='step-details'>TC03_To_verify_items_of_today_Upcoming_shown_prominently_on_the_listing_page Passed<img data-featherlight='C:\Users\LENOVO\git\TATA_Studi\Screenshots\TC03_To_verify_items_of_today_Upcoming_shown_prominently_on_the_listing_page ExtendReport 21-05-21 12-57-36.png' width='10%' src='C:\Users\LENOVO\git\TATA_Studi\Screenshots\TC03_To_verify_items_of_today_Upcoming_shown_prominently_on_the_listing_page ExtendReport 21-05-21 12-57-36.png' data-src='C:\Users\LENOVO\git\TATA_Studi\Screenshots\TC03_To_verify_items_of_today_Upcoming_shown_prominently_on_the_listing_page ExtendReport 21-05-21 12-57-36.png'></td>
				</tr>
			</tbody>
		</table>
	</div>
					</div>
				</li>
				
				
				<li class='test displayed active  pass' status='pass' bdd='false' test-id='5'>
					<div class='test-heading'>
						<span class='test-name'>TC04_To_verify_Newly_Created_Assignments_In_Todays_Task_Are_Shown_With_New_Icon</span>
						<span class='test-time'>May 21, 2021 12:57:40 PM</span>
						<span class='test-status right pass'>pass</span>
					</div>
					<div class='test-content hide'>
<div class='test-time-info'>
	<span class='label start-time'>May 21, 2021 12:57:40 PM</span>
	<span class='label end-time'>May 21, 2021 12:58:22 PM</span>
	<span class='label time-taken grey lighten-1 white-text'>0h 0m 41s+992ms</span>
</div>
	<div class='test-steps'>
		<table class='bordered table-results'>
			<thead>
				<tr>
					<th>Status</th>
					<th>Timestamp</th>
					<th>Details</th>
				</tr>
			</thead>
			<tbody>
				<tr class='log' status='info'>
					<td class='status info' title='info' alt='info'><i class='material-icons'>info_outline</i></td>
					<td class='timestamp'>12:57:40 PM</td>
					<td class='step-details'>On Test Start : TC04_To_verify_Newly_Created_Assignments_In_Todays_Task_Are_Shown_With_New_Icon</td>
				</tr>
				<tr class='log' status='info'>
					<td class='status info' title='info' alt='info'><i class='material-icons'>info_outline</i></td>
					<td class='timestamp'>12:58:05 PM</td>
					<td class='step-details'>The intent creation module shown to user</td>
				</tr>
				<tr class='log' status='info'>
					<td class='status info' title='info' alt='info'><i class='material-icons'>info_outline</i></td>
					<td class='timestamp'>12:58:08 PM</td>
					<td class='step-details'>Opening Mathematics</td>
				</tr>
				<tr class='log' status='info'>
					<td class='status info' title='info' alt='info'><i class='material-icons'>info_outline</i></td>
					<td class='timestamp'>12:58:12 PM</td>
					<td class='step-details'>Selecting Comparing Numbers</td>
				</tr>
				<tr class='log' status='info'>
					<td class='status info' title='info' alt='info'><i class='material-icons'>info_outline</i></td>
					<td class='timestamp'>12:58:15 PM</td>
					<td class='step-details'>Clicking on create assignment</td>
				</tr>
				<tr class='log' status='info'>
					<td class='status info' title='info' alt='info'><i class='material-icons'>info_outline</i></td>
					<td class='timestamp'>12:58:21 PM</td>
					<td class='step-details'>Newly Created Assignmentsin today's tasks are shown with new icon which indicates that they have not seen yet</td>
				</tr>
				<tr class='log' status='info'>
					<td class='status info' title='info' alt='info'><i class='material-icons'>info_outline</i></td>
					<td class='timestamp'>12:58:21 PM</td>
					<td class='step-details'>On Test Success : TC04_To_verify_Newly_Created_Assignments_In_Todays_Task_Are_Shown_With_New_Icon</td>
				</tr>
				<tr class='log' status='pass'>
					<td class='status pass' title='pass' alt='pass'><i class='material-icons'>check_circle</i></td>
					<td class='timestamp'>12:58:21 PM</td>
					<td class='step-details'><span class='label white-text green'>TC04_To_verify_Newly_Created_Assignments_In_Todays_Task_Are_Shown_With_New_Icon</span></td>
				</tr>
				<tr class='log' status='pass'>
					<td class='status pass' title='pass' alt='pass'><i class='material-icons'>check_circle</i></td>
					<td class='timestamp'>12:58:22 PM</td>
					<td class='step-details'>TC04_To_verify_Newly_Created_Assignments_In_Todays_Task_Are_Shown_With_New_Icon Passed<img data-featherlight='C:\Users\LENOVO\git\TATA_Studi\Screenshots\TC04_To_verify_Newly_Created_Assignments_In_Todays_Task_Are_Shown_With_New_Icon ExtendReport 21-05-21 12-58-21.png' width='10%' src='C:\Users\LENOVO\git\TATA_Studi\Screenshots\TC04_To_verify_Newly_Created_Assignments_In_Todays_Task_Are_Shown_With_New_Icon ExtendReport 21-05-21 12-58-21.png' data-src='C:\Users\LENOVO\git\TATA_Studi\Screenshots\TC04_To_verify_Newly_Created_Assignments_In_Todays_Task_Are_Shown_With_New_Icon ExtendReport 21-05-21 12-58-21.png'></td>
				</tr>
			</tbody>
		</table>
	</div>
					</div>
				</li>
				
				
				<li class='test displayed active  fail' status='fail' bdd='false' test-id='6'>
					<div class='test-heading'>
						<span class='test-name'>TC05_To_Verify_New_Created_Tasks_Icon_Once_User_Exits_The_Current_Screen_And_Comes_Back_New_will_not_be_shown</span>
						<span class='test-time'>May 21, 2021 12:58:25 PM</span>
						<span class='test-status right fail'>fail</span>
					</div>
					<div class='test-content hide'>
<div class='test-time-info'>
	<span class='label start-time'>May 21, 2021 12:58:25 PM</span>
	<span class='label end-time'>May 21, 2021 12:58:58 PM</span>
	<span class='label time-taken grey lighten-1 white-text'>0h 0m 33s+146ms</span>
</div>
	<div class='test-steps'>
		<table class='bordered table-results'>
			<thead>
				<tr>
					<th>Status</th>
					<th>Timestamp</th>
					<th>Details</th>
				</tr>
			</thead>
			<tbody>
				<tr class='log' status='info'>
					<td class='status info' title='info' alt='info'><i class='material-icons'>info_outline</i></td>
					<td class='timestamp'>12:58:25 PM</td>
					<td class='step-details'>On Test Start : TC05_To_Verify_New_Created_Tasks_Icon_Once_User_Exits_The_Current_Screen_And_Comes_Back_New_will_not_be_shown</td>
				</tr>
				<tr class='log' status='info'>
					<td class='status info' title='info' alt='info'><i class='material-icons'>info_outline</i></td>
					<td class='timestamp'>12:58:39 PM</td>
					<td class='step-details'>The intent creation module shown to user</td>
				</tr>
				<tr class='log' status='info'>
					<td class='status info' title='info' alt='info'><i class='material-icons'>info_outline</i></td>
					<td class='timestamp'>12:58:42 PM</td>
					<td class='step-details'>Opening Mathematics</td>
				</tr>
				<tr class='log' status='info'>
					<td class='status info' title='info' alt='info'><i class='material-icons'>info_outline</i></td>
					<td class='timestamp'>12:58:47 PM</td>
					<td class='step-details'>Selecting Comparing Numbers</td>
				</tr>
				<tr class='log' status='info'>
					<td class='status info' title='info' alt='info'><i class='material-icons'>info_outline</i></td>
					<td class='timestamp'>12:58:50 PM</td>
					<td class='step-details'>Clicking on create assignment</td>
				</tr>
				<tr class='log' status='fail'>
					<td class='status fail' title='fail' alt='fail'><i class='material-icons'>cancel</i></td>
					<td class='timestamp'>12:58:58 PM</td>
					<td class='step-details'>On Test Failure : TC05_To_Verify_New_Created_Tasks_Icon_Once_User_Exits_The_Current_Screen_And_Comes_Back_New_will_not_be_shown</td>
				</tr>
				<tr class='log' status='fail'>
					<td class='status fail' title='fail' alt='fail'><i class='material-icons'>cancel</i></td>
					<td class='timestamp'>12:58:58 PM</td>
					<td class='step-details'><span class='label white-text red'>TC05_To_Verify_New_Created_Tasks_Icon_Once_User_Exits_The_Current_Screen_And_Comes_Back_New_will_not_be_shown</span></td>
				</tr>
				<tr class='log' status='info'>
					<td class='status info' title='info' alt='info'><i class='material-icons'>info_outline</i></td>
					<td class='timestamp'>12:58:58 PM</td>
					<td class='step-details'>Fails Test</td>
				</tr>
				<tr class='log' status='fail'>
					<td class='status fail' title='fail' alt='fail'><i class='material-icons'>cancel</i></td>
					<td class='timestamp'>12:58:58 PM</td>
					<td class='step-details'><pre>java.lang.AssertionError: expected [null] but found [Located by By.chained({By.id: com.tce.studi:id/tvNew})]
	at org.testng.Assert.fail(Assert.java:96)
	at org.testng.Assert.failNotSame(Assert.java:772)
	at org.testng.Assert.assertNull(Assert.java:708)
	at org.testng.Assert.assertNull(Assert.java:697)
	at studi.co.pageModules.Module_Assignment_Listing.to_verify_new_created_tasks_icon_once_user_exits_the_current_screen_and_comes_back_New_will_not_be_shown(Module_Assignment_Listing.java:225)
	at studi.co.testScripts.Assignment_Listing.TC05_To_Verify_New_Created_Tasks_Icon_Once_User_Exits_The_Current_Screen_And_Comes_Back_New_will_not_be_shown(Assignment_Listing.java:60)
	at java.base/jdk.internal.reflect.NativeMethodAccessorImpl.invoke0(Native Method)
	at java.base/jdk.internal.reflect.NativeMethodAccessorImpl.invoke(NativeMethodAccessorImpl.java:64)
	at java.base/jdk.internal.reflect.DelegatingMethodAccessorImpl.invoke(DelegatingMethodAccessorImpl.java:43)
	at java.base/java.lang.reflect.Method.invoke(Method.java:564)
	at org.testng.internal.MethodInvocationHelper.invokeMethod(MethodInvocationHelper.java:124)
	at org.testng.internal.Invoker.invokeMethod(Invoker.java:583)
	at org.testng.internal.Invoker.invokeTestMethod(Invoker.java:719)
	at org.testng.internal.Invoker.invokeTestMethods(Invoker.java:989)
	at org.testng.internal.TestMethodWorker.invokeTestMethods(TestMethodWorker.java:125)
	at org.testng.internal.TestMethodWorker.run(TestMethodWorker.java:109)
	at org.testng.TestRunner.privateRun(TestRunner.java:648)
	at org.testng.TestRunner.run(TestRunner.java:505)
	at org.testng.SuiteRunner.runTest(SuiteRunner.java:455)
	at org.testng.SuiteRunner.runSequentially(SuiteRunner.java:450)
	at org.testng.SuiteRunner.privateRun(SuiteRunner.java:415)
	at org.testng.SuiteRunner.run(SuiteRunner.java:364)
	at org.testng.SuiteRunnerWorker.runSuite(SuiteRunnerWorker.java:52)
	at org.testng.SuiteRunnerWorker.run(SuiteRunnerWorker.java:84)
	at org.testng.TestNG.runSuitesSequentially(TestNG.java:1208)
	at org.testng.TestNG.runSuitesLocally(TestNG.java:1137)
	at org.testng.TestNG.runSuites(TestNG.java:1049)
	at org.testng.TestNG.run(TestNG.java:1017)
	at org.testng.remote.AbstractRemoteTestNG.run(AbstractRemoteTestNG.java:115)
	at org.testng.remote.RemoteTestNG.initAndRun(RemoteTestNG.java:251)
	at org.testng.remote.RemoteTestNG.main(RemoteTestNG.java:77)
</pre></td>
				</tr>
				<tr class='log' status='fail'>
					<td class='status fail' title='fail' alt='fail'><i class='material-icons'>cancel</i></td>
					<td class='timestamp'>12:58:58 PM</td>
					<td class='step-details'>expected [null] but found [Located by By.chained({By.id: com.tce.studi:id/tvNew})]<img data-featherlight='C:\Users\LENOVO\git\TATA_Studi\Screenshots\TC05_To_Verify_New_Created_Tasks_Icon_Once_User_Exits_The_Current_Screen_And_Comes_Back_New_will_not_be_shown ExtendReport 21-05-21 12-58-58.png' width='10%' src='C:\Users\LENOVO\git\TATA_Studi\Screenshots\TC05_To_Verify_New_Created_Tasks_Icon_Once_User_Exits_The_Current_Screen_And_Comes_Back_New_will_not_be_shown ExtendReport 21-05-21 12-58-58.png' data-src='C:\Users\LENOVO\git\TATA_Studi\Screenshots\TC05_To_Verify_New_Created_Tasks_Icon_Once_User_Exits_The_Current_Screen_And_Comes_Back_New_will_not_be_shown ExtendReport 21-05-21 12-58-58.png'></td>
				</tr>
			</tbody>
		</table>
	</div>
					</div>
				</li>
				
				
				<li class='test displayed active  fail' status='fail' bdd='false' test-id='7'>
					<div class='test-heading'>
						<span class='test-name'>TC06_To_Verify_All_Assignments_are_Represents_With_Due_Date_of_That_Assignment</span>
						<span class='test-time'>May 21, 2021 12:59:01 PM</span>
						<span class='test-status right fail'>fail</span>
					</div>
					<div class='test-content hide'>
<div class='test-time-info'>
	<span class='label start-time'>May 21, 2021 12:59:01 PM</span>
	<span class='label end-time'>May 21, 2021 12:59:45 PM</span>
	<span class='label time-taken grey lighten-1 white-text'>0h 0m 43s+832ms</span>
</div>
	<div class='test-steps'>
		<table class='bordered table-results'>
			<thead>
				<tr>
					<th>Status</th>
					<th>Timestamp</th>
					<th>Details</th>
				</tr>
			</thead>
			<tbody>
				<tr class='log' status='info'>
					<td class='status info' title='info' alt='info'><i class='material-icons'>info_outline</i></td>
					<td class='timestamp'>12:59:01 PM</td>
					<td class='step-details'>On Test Start : TC06_To_Verify_All_Assignments_are_Represents_With_Due_Date_of_That_Assignment</td>
				</tr>
				<tr class='log' status='info'>
					<td class='status info' title='info' alt='info'><i class='material-icons'>info_outline</i></td>
					<td class='timestamp'>12:59:11 PM</td>
					<td class='step-details'>Logged in successfully</td>
				</tr>
				<tr class='log' status='info'>
					<td class='status info' title='info' alt='info'><i class='material-icons'>info_outline</i></td>
					<td class='timestamp'>12:59:11 PM</td>
					<td class='step-details'>Assignments tab displayed</td>
				</tr>
				<tr class='log' status='fail'>
					<td class='status fail' title='fail' alt='fail'><i class='material-icons'>cancel</i></td>
					<td class='timestamp'>12:59:45 PM</td>
					<td class='step-details'>On Test Failure : TC06_To_Verify_All_Assignments_are_Represents_With_Due_Date_of_That_Assignment</td>
				</tr>
				<tr class='log' status='fail'>
					<td class='status fail' title='fail' alt='fail'><i class='material-icons'>cancel</i></td>
					<td class='timestamp'>12:59:45 PM</td>
					<td class='step-details'><span class='label white-text red'>TC06_To_Verify_All_Assignments_are_Represents_With_Due_Date_of_That_Assignment</span></td>
				</tr>
				<tr class='log' status='info'>
					<td class='status info' title='info' alt='info'><i class='material-icons'>info_outline</i></td>
					<td class='timestamp'>12:59:45 PM</td>
					<td class='step-details'>Fails Test</td>
				</tr>
				<tr class='log' status='fail'>
					<td class='status fail' title='fail' alt='fail'><i class='material-icons'>cancel</i></td>
					<td class='timestamp'>12:59:45 PM</td>
					<td class='step-details'><pre>org.openqa.selenium.NoSuchElementException: An element could not be located on the page using the given search parameters.
For documentation on this error, please visit: https://www.seleniumhq.org/exceptions/no_such_element.html
Build info: version: '3.141.59', revision: 'e82be7d358', time: '2018-11-14T08:17:03'
System info: host: 'DESKTOP-TMI6UL6', ip: '192.168.43.139', os.name: 'Windows 10', os.arch: 'amd64', os.version: '10.0', java.version: '15.0.2'
Driver info: io.appium.java_client.AppiumDriver
Capabilities {app: C:\Users\LENOVO\Downloads\S..., appActivity: com.tce.view.ui.activities...., appPackage: com.tce.studi, chromedriverExecutable: C:\Users\LENOVO\Downloads\c..., databaseEnabled: false, desired: {app: C:\Users\LENOVO\Downloads\S..., appActivity: com.tce.view.ui.activities...., appPackage: com.tce.studi, chromedriverExecutable: C:\Users\LENOVO\Downloads\c..., deviceName: Appium, noReset: true, platformName: android, platformVersion: 11, takesScreenshot: true}, deviceApiLevel: 30, deviceManufacturer: OPPO, deviceModel: CPH2119, deviceName: S4SW99CAVKJZS4UG, deviceScreenDensity: 480, deviceScreenSize: 1080x2400, deviceUDID: S4SW99CAVKJZS4UG, javascriptEnabled: true, locationContextEnabled: false, networkConnectionEnabled: true, noReset: true, pixelRatio: 3, platform: LINUX, platformName: LINUX, platformVersion: 11, statBarHeight: 110, takesScreenshot: true, viewportRect: {height: 2048, left: 0, top: 110, width: 1080}, warnings: {}, webStorageEnabled: false}
Session ID: f6e896c5-d41e-482b-8009-b79b35180a5b
*** Element info: {Using=id, value=com.tce.studi:id/dueDate}
	at java.base/jdk.internal.reflect.NativeConstructorAccessorImpl.newInstance0(Native Method)
	at java.base/jdk.internal.reflect.NativeConstructorAccessorImpl.newInstance(NativeConstructorAccessorImpl.java:64)
	at java.base/jdk.internal.reflect.DelegatingConstructorAccessorImpl.newInstance(DelegatingConstructorAccessorImpl.java:45)
	at java.base/java.lang.reflect.Constructor.newInstanceWithCaller(Constructor.java:500)
	at java.base/java.lang.reflect.Constructor.newInstance(Constructor.java:481)
	at org.openqa.selenium.remote.http.W3CHttpResponseCodec.createException(W3CHttpResponseCodec.java:187)
	at org.openqa.selenium.remote.http.W3CHttpResponseCodec.decode(W3CHttpResponseCodec.java:122)
	at org.openqa.selenium.remote.http.W3CHttpResponseCodec.decode(W3CHttpResponseCodec.java:49)
	at org.openqa.selenium.remote.HttpCommandExecutor.execute(HttpCommandExecutor.java:158)
	at io.appium.java_client.remote.AppiumCommandExecutor.execute(AppiumCommandExecutor.java:239)
	at org.openqa.selenium.remote.RemoteWebDriver.execute(RemoteWebDriver.java:552)
	at io.appium.java_client.DefaultGenericMobileDriver.execute(DefaultGenericMobileDriver.java:42)
	at io.appium.java_client.AppiumDriver.execute(AppiumDriver.java:1)
	at org.openqa.selenium.remote.RemoteWebElement.execute(RemoteWebElement.java:285)
	at io.appium.java_client.DefaultGenericMobileElement.execute(DefaultGenericMobileElement.java:45)
	at io.appium.java_client.MobileElement.execute(MobileElement.java:1)
	at io.appium.java_client.android.AndroidElement.execute(AndroidElement.java:1)
	at org.openqa.selenium.remote.RemoteWebElement.findElement(RemoteWebElement.java:185)
	at io.appium.java_client.DefaultGenericMobileElement.findElement(DefaultGenericMobileElement.java:65)
	at io.appium.java_client.MobileElement.findElement(MobileElement.java:1)
	at io.appium.java_client.android.AndroidElement.findElement(AndroidElement.java:1)
	at org.openqa.selenium.remote.RemoteWebElement.findElementById(RemoteWebElement.java:221)
	at io.appium.java_client.DefaultGenericMobileElement.findElementById(DefaultGenericMobileElement.java:73)
	at io.appium.java_client.MobileElement.findElementById(MobileElement.java:1)
	at io.appium.java_client.android.AndroidElement.findElementById(AndroidElement.java:1)
	at studi.co.pageModules.Module_Assignment_Listing.to_verify_all_assignmenta_are_represents_with_due_date_of_that_assignment(Module_Assignment_Listing.java:276)
	at studi.co.testScripts.Assignment_Listing.TC06_To_Verify_All_Assignments_are_Represents_With_Due_Date_of_That_Assignment(Assignment_Listing.java:66)
	at java.base/jdk.internal.reflect.NativeMethodAccessorImpl.invoke0(Native Method)
	at java.base/jdk.internal.reflect.NativeMethodAccessorImpl.invoke(NativeMethodAccessorImpl.java:64)
	at java.base/jdk.internal.reflect.DelegatingMethodAccessorImpl.invoke(DelegatingMethodAccessorImpl.java:43)
	at java.base/java.lang.reflect.Method.invoke(Method.java:564)
	at org.testng.internal.MethodInvocationHelper.invokeMethod(MethodInvocationHelper.java:124)
	at org.testng.internal.Invoker.invokeMethod(Invoker.java:583)
	at org.testng.internal.Invoker.invokeTestMethod(Invoker.java:719)
	at org.testng.internal.Invoker.invokeTestMethods(Invoker.java:989)
	at org.testng.internal.TestMethodWorker.invokeTestMethods(TestMethodWorker.java:125)
	at org.testng.internal.TestMethodWorker.run(TestMethodWorker.java:109)
	at org.testng.TestRunner.privateRun(TestRunner.java:648)
	at org.testng.TestRunner.run(TestRunner.java:505)
	at org.testng.SuiteRunner.runTest(SuiteRunner.java:455)
	at org.testng.SuiteRunner.runSequentially(SuiteRunner.java:450)
	at org.testng.SuiteRunner.privateRun(SuiteRunner.java:415)
	at org.testng.SuiteRunner.run(SuiteRunner.java:364)
	at org.testng.SuiteRunnerWorker.runSuite(SuiteRunnerWorker.java:52)
	at org.testng.SuiteRunnerWorker.run(SuiteRunnerWorker.java:84)
	at org.testng.TestNG.runSuitesSequentially(TestNG.java:1208)
	at org.testng.TestNG.runSuitesLocally(TestNG.java:1137)
	at org.testng.TestNG.runSuites(TestNG.java:1049)
	at org.testng.TestNG.run(TestNG.java:1017)
	at org.testng.remote.AbstractRemoteTestNG.run(AbstractRemoteTestNG.java:115)
	at org.testng.remote.RemoteTestNG.initAndRun(RemoteTestNG.java:251)
	at org.testng.remote.RemoteTestNG.main(RemoteTestNG.java:77)
</pre></td>
				</tr>
				<tr class='log' status='fail'>
					<td class='status fail' title='fail' alt='fail'><i class='material-icons'>cancel</i></td>
					<td class='timestamp'>12:59:45 PM</td>
					<td class='step-details'>An element could not be located on the page using the given search parameters.
For documentation on this error, please visit: https://www.seleniumhq.org/exceptions/no_such_element.html
Build info: version: '3.141.59', revision: 'e82be7d358', time: '2018-11-14T08:17:03'
System info: host: 'DESKTOP-TMI6UL6', ip: '192.168.43.139', os.name: 'Windows 10', os.arch: 'amd64', os.version: '10.0', java.version: '15.0.2'
Driver info: io.appium.java_client.AppiumDriver
Capabilities {app: C:\Users\LENOVO\Downloads\S..., appActivity: com.tce.view.ui.activities...., appPackage: com.tce.studi, chromedriverExecutable: C:\Users\LENOVO\Downloads\c..., databaseEnabled: false, desired: {app: C:\Users\LENOVO\Downloads\S..., appActivity: com.tce.view.ui.activities...., appPackage: com.tce.studi, chromedriverExecutable: C:\Users\LENOVO\Downloads\c..., deviceName: Appium, noReset: true, platformName: android, platformVersion: 11, takesScreenshot: true}, deviceApiLevel: 30, deviceManufacturer: OPPO, deviceModel: CPH2119, deviceName: S4SW99CAVKJZS4UG, deviceScreenDensity: 480, deviceScreenSize: 1080x2400, deviceUDID: S4SW99CAVKJZS4UG, javascriptEnabled: true, locationContextEnabled: false, networkConnectionEnabled: true, noReset: true, pixelRatio: 3, platform: LINUX, platformName: LINUX, platformVersion: 11, statBarHeight: 110, takesScreenshot: true, viewportRect: {height: 2048, left: 0, top: 110, width: 1080}, warnings: {}, webStorageEnabled: false}
Session ID: f6e896c5-d41e-482b-8009-b79b35180a5b
*** Element info: {Using=id, value=com.tce.studi:id/dueDate}<img data-featherlight='C:\Users\LENOVO\git\TATA_Studi\Screenshots\TC06_To_Verify_All_Assignments_are_Represents_With_Due_Date_of_That_Assignment ExtendReport 21-05-21 12-59-45.png' width='10%' src='C:\Users\LENOVO\git\TATA_Studi\Screenshots\TC06_To_Verify_All_Assignments_are_Represents_With_Due_Date_of_That_Assignment ExtendReport 21-05-21 12-59-45.png' data-src='C:\Users\LENOVO\git\TATA_Studi\Screenshots\TC06_To_Verify_All_Assignments_are_Represents_With_Due_Date_of_That_Assignment ExtendReport 21-05-21 12-59-45.png'></td>
				</tr>
			</tbody>
		</table>
	</div>
					</div>
				</li>
				
				
				<li class='test displayed active  pass' status='pass' bdd='false' test-id='8'>
					<div class='test-heading'>
						<span class='test-name'>TC07_To_Verify_If_User_Does_Not_Complete_The_Assignment_On_Certain_Due_Date_Count_Of_Extra_Days_Will_Be_Shown_Above_The_Date</span>
						<span class='test-time'>May 21, 2021 12:59:48 PM</span>
						<span class='test-status right pass'>pass</span>
					</div>
					<div class='test-content hide'>
<div class='test-time-info'>
	<span class='label start-time'>May 21, 2021 12:59:48 PM</span>
	<span class='label end-time'>May 21, 2021 01:00:01 PM</span>
	<span class='label time-taken grey lighten-1 white-text'>0h 0m 13s+141ms</span>
</div>
	<div class='test-steps'>
		<table class='bordered table-results'>
			<thead>
				<tr>
					<th>Status</th>
					<th>Timestamp</th>
					<th>Details</th>
				</tr>
			</thead>
			<tbody>
				<tr class='log' status='info'>
					<td class='status info' title='info' alt='info'><i class='material-icons'>info_outline</i></td>
					<td class='timestamp'>12:59:48 PM</td>
					<td class='step-details'>On Test Start : TC07_To_Verify_If_User_Does_Not_Complete_The_Assignment_On_Certain_Due_Date_Count_Of_Extra_Days_Will_Be_Shown_Above_The_Date</td>
				</tr>
				<tr class='log' status='info'>
					<td class='status info' title='info' alt='info'><i class='material-icons'>info_outline</i></td>
					<td class='timestamp'>12:59:58 PM</td>
					<td class='step-details'>Logged in successfully</td>
				</tr>
				<tr class='log' status='info'>
					<td class='status info' title='info' alt='info'><i class='material-icons'>info_outline</i></td>
					<td class='timestamp'>12:59:58 PM</td>
					<td class='step-details'>Assignments tab displayed</td>
				</tr>
				<tr class='log' status='info'>
					<td class='status info' title='info' alt='info'><i class='material-icons'>info_outline</i></td>
					<td class='timestamp'>1:00:01 PM</td>
					<td class='step-details'>When User does not complete the assignment on certain due date, count of extra days are shown above the date</td>
				</tr>
				<tr class='log' status='info'>
					<td class='status info' title='info' alt='info'><i class='material-icons'>info_outline</i></td>
					<td class='timestamp'>1:00:01 PM</td>
					<td class='step-details'>On Test Success : TC07_To_Verify_If_User_Does_Not_Complete_The_Assignment_On_Certain_Due_Date_Count_Of_Extra_Days_Will_Be_Shown_Above_The_Date</td>
				</tr>
				<tr class='log' status='pass'>
					<td class='status pass' title='pass' alt='pass'><i class='material-icons'>check_circle</i></td>
					<td class='timestamp'>1:00:01 PM</td>
					<td class='step-details'><span class='label white-text green'>TC07_To_Verify_If_User_Does_Not_Complete_The_Assignment_On_Certain_Due_Date_Count_Of_Extra_Days_Will_Be_Shown_Above_The_Date</span></td>
				</tr>
				<tr class='log' status='pass'>
					<td class='status pass' title='pass' alt='pass'><i class='material-icons'>check_circle</i></td>
					<td class='timestamp'>1:00:01 PM</td>
					<td class='step-details'>TC07_To_Verify_If_User_Does_Not_Complete_The_Assignment_On_Certain_Due_Date_Count_Of_Extra_Days_Will_Be_Shown_Above_The_Date Passed<img data-featherlight='C:\Users\LENOVO\git\TATA_Studi\Screenshots\TC07_To_Verify_If_User_Does_Not_Complete_The_Assignment_On_Certain_Due_Date_Count_Of_Extra_Days_Will_Be_Shown_Above_The_Date ExtendReport 21-05-21 01-00-01.png' width='10%' src='C:\Users\LENOVO\git\TATA_Studi\Screenshots\TC07_To_Verify_If_User_Does_Not_Complete_The_Assignment_On_Certain_Due_Date_Count_Of_Extra_Days_Will_Be_Shown_Above_The_Date ExtendReport 21-05-21 01-00-01.png' data-src='C:\Users\LENOVO\git\TATA_Studi\Screenshots\TC07_To_Verify_If_User_Does_Not_Complete_The_Assignment_On_Certain_Due_Date_Count_Of_Extra_Days_Will_Be_Shown_Above_The_Date ExtendReport 21-05-21 01-00-01.png'></td>
				</tr>
			</tbody>
		</table>
	</div>
					</div>
				</li>
				
				
				<li class='test displayed active  pass' status='pass' bdd='false' test-id='9'>
					<div class='test-heading'>
						<span class='test-name'>TC11_after_selecting_topic_new_assignment_is_created_with_label_new</span>
						<span class='test-time'>May 21, 2021 01:00:04 PM</span>
						<span class='test-status right pass'>pass</span>
					</div>
					<div class='test-content hide'>
<div class='test-time-info'>
	<span class='label start-time'>May 21, 2021 01:00:04 PM</span>
	<span class='label end-time'>May 21, 2021 01:00:38 PM</span>
	<span class='label time-taken grey lighten-1 white-text'>0h 0m 33s+583ms</span>
</div>
	<div class='test-steps'>
		<table class='bordered table-results'>
			<thead>
				<tr>
					<th>Status</th>
					<th>Timestamp</th>
					<th>Details</th>
				</tr>
			</thead>
			<tbody>
				<tr class='log' status='info'>
					<td class='status info' title='info' alt='info'><i class='material-icons'>info_outline</i></td>
					<td class='timestamp'>1:00:04 PM</td>
					<td class='step-details'>On Test Start : TC11_after_selecting_topic_new_assignment_is_created_with_label_new</td>
				</tr>
				<tr class='log' status='info'>
					<td class='status info' title='info' alt='info'><i class='material-icons'>info_outline</i></td>
					<td class='timestamp'>1:00:15 PM</td>
					<td class='step-details'>Logged in successfully</td>
				</tr>
				<tr class='log' status='info'>
					<td class='status info' title='info' alt='info'><i class='material-icons'>info_outline</i></td>
					<td class='timestamp'>1:00:18 PM</td>
					<td class='step-details'>The intent creation module shown to user</td>
				</tr>
				<tr class='log' status='info'>
					<td class='status info' title='info' alt='info'><i class='material-icons'>info_outline</i></td>
					<td class='timestamp'>1:00:22 PM</td>
					<td class='step-details'>Opening Geography</td>
				</tr>
				<tr class='log' status='info'>
					<td class='status info' title='info' alt='info'><i class='material-icons'>info_outline</i></td>
					<td class='timestamp'>1:00:33 PM</td>
					<td class='step-details'>Selecting Natural Vegetation</td>
				</tr>
				<tr class='log' status='info'>
					<td class='status info' title='info' alt='info'><i class='material-icons'>info_outline</i></td>
					<td class='timestamp'>1:00:36 PM</td>
					<td class='step-details'>Clicking on create assignment</td>
				</tr>
				<tr class='log' status='info'>
					<td class='status info' title='info' alt='info'><i class='material-icons'>info_outline</i></td>
					<td class='timestamp'>1:00:37 PM</td>
					<td class='step-details'>On Test Success : TC11_after_selecting_topic_new_assignment_is_created_with_label_new</td>
				</tr>
				<tr class='log' status='pass'>
					<td class='status pass' title='pass' alt='pass'><i class='material-icons'>check_circle</i></td>
					<td class='timestamp'>1:00:37 PM</td>
					<td class='step-details'><span class='label white-text green'>TC11_after_selecting_topic_new_assignment_is_created_with_label_new</span></td>
				</tr>
				<tr class='log' status='pass'>
					<td class='status pass' title='pass' alt='pass'><i class='material-icons'>check_circle</i></td>
					<td class='timestamp'>1:00:38 PM</td>
					<td class='step-details'>TC11_after_selecting_topic_new_assignment_is_created_with_label_new Passed<img data-featherlight='C:\Users\LENOVO\git\TATA_Studi\Screenshots\TC11_after_selecting_topic_new_assignment_is_created_with_label_new ExtendReport 21-05-21 01-00-37.png' width='10%' src='C:\Users\LENOVO\git\TATA_Studi\Screenshots\TC11_after_selecting_topic_new_assignment_is_created_with_label_new ExtendReport 21-05-21 01-00-37.png' data-src='C:\Users\LENOVO\git\TATA_Studi\Screenshots\TC11_after_selecting_topic_new_assignment_is_created_with_label_new ExtendReport 21-05-21 01-00-37.png'></td>
				</tr>
			</tbody>
		</table>
	</div>
					</div>
				</li>
				
				
				<li class='test displayed active  pass' status='pass' bdd='false' test-id='10'>
					<div class='test-heading'>
						<span class='test-name'>TC12_Once_the_Assignment_is_created__Alert_Notification_of_Success_message_should_be_Displayed</span>
						<span class='test-time'>May 21, 2021 01:00:41 PM</span>
						<span class='test-status right pass'>pass</span>
					</div>
					<div class='test-content hide'>
<div class='test-time-info'>
	<span class='label start-time'>May 21, 2021 01:00:41 PM</span>
	<span class='label end-time'>May 21, 2021 01:01:13 PM</span>
	<span class='label time-taken grey lighten-1 white-text'>0h 0m 32s+327ms</span>
</div>
	<div class='test-steps'>
		<table class='bordered table-results'>
			<thead>
				<tr>
					<th>Status</th>
					<th>Timestamp</th>
					<th>Details</th>
				</tr>
			</thead>
			<tbody>
				<tr class='log' status='info'>
					<td class='status info' title='info' alt='info'><i class='material-icons'>info_outline</i></td>
					<td class='timestamp'>1:00:41 PM</td>
					<td class='step-details'>On Test Start : TC12_Once_the_Assignment_is_created__Alert_Notification_of_Success_message_should_be_Displayed</td>
				</tr>
				<tr class='log' status='info'>
					<td class='status info' title='info' alt='info'><i class='material-icons'>info_outline</i></td>
					<td class='timestamp'>1:00:51 PM</td>
					<td class='step-details'>Logged in successfully</td>
				</tr>
				<tr class='log' status='info'>
					<td class='status info' title='info' alt='info'><i class='material-icons'>info_outline</i></td>
					<td class='timestamp'>1:00:54 PM</td>
					<td class='step-details'>The intent creation module shown to user</td>
				</tr>
				<tr class='log' status='info'>
					<td class='status info' title='info' alt='info'><i class='material-icons'>info_outline</i></td>
					<td class='timestamp'>1:00:57 PM</td>
					<td class='step-details'>Opening Geography</td>
				</tr>
				<tr class='log' status='info'>
					<td class='status info' title='info' alt='info'><i class='material-icons'>info_outline</i></td>
					<td class='timestamp'>1:01:08 PM</td>
					<td class='step-details'>Selecting Natural Vegetation</td>
				</tr>
				<tr class='log' status='info'>
					<td class='status info' title='info' alt='info'><i class='material-icons'>info_outline</i></td>
					<td class='timestamp'>1:01:11 PM</td>
					<td class='step-details'>Clicking on create assignment</td>
				</tr>
				<tr class='log' status='info'>
					<td class='status info' title='info' alt='info'><i class='material-icons'>info_outline</i></td>
					<td class='timestamp'>1:01:13 PM</td>
					<td class='step-details'>Clicked on create assignment</td>
				</tr>
				<tr class='log' status='info'>
					<td class='status info' title='info' alt='info'><i class='material-icons'>info_outline</i></td>
					<td class='timestamp'>1:01:13 PM</td>
					<td class='step-details'>Alert Notification of success message is displayed</td>
				</tr>
				<tr class='log' status='info'>
					<td class='status info' title='info' alt='info'><i class='material-icons'>info_outline</i></td>
					<td class='timestamp'>1:01:13 PM</td>
					<td class='step-details'>On Test Success : TC12_Once_the_Assignment_is_created__Alert_Notification_of_Success_message_should_be_Displayed</td>
				</tr>
				<tr class='log' status='pass'>
					<td class='status pass' title='pass' alt='pass'><i class='material-icons'>check_circle</i></td>
					<td class='timestamp'>1:01:13 PM</td>
					<td class='step-details'><span class='label white-text green'>TC12_Once_the_Assignment_is_created__Alert_Notification_of_Success_message_should_be_Displayed</span></td>
				</tr>
				<tr class='log' status='pass'>
					<td class='status pass' title='pass' alt='pass'><i class='material-icons'>check_circle</i></td>
					<td class='timestamp'>1:01:13 PM</td>
					<td class='step-details'>TC12_Once_the_Assignment_is_created__Alert_Notification_of_Success_message_should_be_Displayed Passed<img data-featherlight='C:\Users\LENOVO\git\TATA_Studi\Screenshots\TC12_Once_the_Assignment_is_created__Alert_Notification_of_Success_message_should_be_Displayed ExtendReport 21-05-21 01-01-13.png' width='10%' src='C:\Users\LENOVO\git\TATA_Studi\Screenshots\TC12_Once_the_Assignment_is_created__Alert_Notification_of_Success_message_should_be_Displayed ExtendReport 21-05-21 01-01-13.png' data-src='C:\Users\LENOVO\git\TATA_Studi\Screenshots\TC12_Once_the_Assignment_is_created__Alert_Notification_of_Success_message_should_be_Displayed ExtendReport 21-05-21 01-01-13.png'></td>
				</tr>
			</tbody>
		</table>
	</div>
					</div>
				</li>
				
				
				<li class='test displayed active  pass' status='pass' bdd='false' test-id='11'>
					<div class='test-heading'>
						<span class='test-name'>TC14_To_Verify_when_User_clicks_on_View_completed_link_all_completed_assignments_shown_to_user</span>
						<span class='test-time'>May 21, 2021 01:01:16 PM</span>
						<span class='test-status right pass'>pass</span>
					</div>
					<div class='test-content hide'>
<div class='test-time-info'>
	<span class='label start-time'>May 21, 2021 01:01:16 PM</span>
	<span class='label end-time'>May 21, 2021 01:01:35 PM</span>
	<span class='label time-taken grey lighten-1 white-text'>0h 0m 19s+101ms</span>
</div>
	<div class='test-steps'>
		<table class='bordered table-results'>
			<thead>
				<tr>
					<th>Status</th>
					<th>Timestamp</th>
					<th>Details</th>
				</tr>
			</thead>
			<tbody>
				<tr class='log' status='info'>
					<td class='status info' title='info' alt='info'><i class='material-icons'>info_outline</i></td>
					<td class='timestamp'>1:01:16 PM</td>
					<td class='step-details'>On Test Start : TC14_To_Verify_when_User_clicks_on_View_completed_link_all_completed_assignments_shown_to_user</td>
				</tr>
				<tr class='log' status='info'>
					<td class='status info' title='info' alt='info'><i class='material-icons'>info_outline</i></td>
					<td class='timestamp'>1:01:26 PM</td>
					<td class='step-details'>Logged in successfully</td>
				</tr>
				<tr class='log' status='info'>
					<td class='status info' title='info' alt='info'><i class='material-icons'>info_outline</i></td>
					<td class='timestamp'>1:01:31 PM</td>
					<td class='step-details'>User able to see  Completed Assignments Page,after tapping on Assignment</td>
				</tr>
				<tr class='log' status='info'>
					<td class='status info' title='info' alt='info'><i class='material-icons'>info_outline</i></td>
					<td class='timestamp'>1:01:35 PM</td>
					<td class='step-details'>Completed Assignments shown to user</td>
				</tr>
				<tr class='log' status='info'>
					<td class='status info' title='info' alt='info'><i class='material-icons'>info_outline</i></td>
					<td class='timestamp'>1:01:35 PM</td>
					<td class='step-details'>On Test Success : TC14_To_Verify_when_User_clicks_on_View_completed_link_all_completed_assignments_shown_to_user</td>
				</tr>
				<tr class='log' status='pass'>
					<td class='status pass' title='pass' alt='pass'><i class='material-icons'>check_circle</i></td>
					<td class='timestamp'>1:01:35 PM</td>
					<td class='step-details'><span class='label white-text green'>TC14_To_Verify_when_User_clicks_on_View_completed_link_all_completed_assignments_shown_to_user</span></td>
				</tr>
				<tr class='log' status='pass'>
					<td class='status pass' title='pass' alt='pass'><i class='material-icons'>check_circle</i></td>
					<td class='timestamp'>1:01:35 PM</td>
					<td class='step-details'>TC14_To_Verify_when_User_clicks_on_View_completed_link_all_completed_assignments_shown_to_user Passed<img data-featherlight='C:\Users\LENOVO\git\TATA_Studi\Screenshots\TC14_To_Verify_when_User_clicks_on_View_completed_link_all_completed_assignments_shown_to_user ExtendReport 21-05-21 01-01-35.png' width='10%' src='C:\Users\LENOVO\git\TATA_Studi\Screenshots\TC14_To_Verify_when_User_clicks_on_View_completed_link_all_completed_assignments_shown_to_user ExtendReport 21-05-21 01-01-35.png' data-src='C:\Users\LENOVO\git\TATA_Studi\Screenshots\TC14_To_Verify_when_User_clicks_on_View_completed_link_all_completed_assignments_shown_to_user ExtendReport 21-05-21 01-01-35.png'></td>
				</tr>
			</tbody>
		</table>
	</div>
					</div>
				</li>
				
				
				<li class='test displayed active  pass' status='pass' bdd='false' test-id='12'>
					<div class='test-heading'>
						<span class='test-name'>TC16_To_Verify_the_scrolling_functionality</span>
						<span class='test-time'>May 21, 2021 01:01:39 PM</span>
						<span class='test-status right pass'>pass</span>
					</div>
					<div class='test-content hide'>
<div class='test-time-info'>
	<span class='label start-time'>May 21, 2021 01:01:39 PM</span>
	<span class='label end-time'>May 21, 2021 01:01:59 PM</span>
	<span class='label time-taken grey lighten-1 white-text'>0h 0m 20s+791ms</span>
</div>
	<div class='test-steps'>
		<table class='bordered table-results'>
			<thead>
				<tr>
					<th>Status</th>
					<th>Timestamp</th>
					<th>Details</th>
				</tr>
			</thead>
			<tbody>
				<tr class='log' status='info'>
					<td class='status info' title='info' alt='info'><i class='material-icons'>info_outline</i></td>
					<td class='timestamp'>1:01:39 PM</td>
					<td class='step-details'>On Test Start : TC16_To_Verify_the_scrolling_functionality</td>
				</tr>
				<tr class='log' status='info'>
					<td class='status info' title='info' alt='info'><i class='material-icons'>info_outline</i></td>
					<td class='timestamp'>1:01:49 PM</td>
					<td class='step-details'>Logged in successfully</td>
				</tr>
				<tr class='log' status='info'>
					<td class='status info' title='info' alt='info'><i class='material-icons'>info_outline</i></td>
					<td class='timestamp'>1:01:52 PM</td>
					<td class='step-details'>Scrolling down successfully</td>
				</tr>
				<tr class='log' status='info'>
					<td class='status info' title='info' alt='info'><i class='material-icons'>info_outline</i></td>
					<td class='timestamp'>1:01:59 PM</td>
					<td class='step-details'>Scrolling Up successfully</td>
				</tr>
				<tr class='log' status='info'>
					<td class='status info' title='info' alt='info'><i class='material-icons'>info_outline</i></td>
					<td class='timestamp'>1:01:59 PM</td>
					<td class='step-details'>On Test Success : TC16_To_Verify_the_scrolling_functionality</td>
				</tr>
				<tr class='log' status='pass'>
					<td class='status pass' title='pass' alt='pass'><i class='material-icons'>check_circle</i></td>
					<td class='timestamp'>1:01:59 PM</td>
					<td class='step-details'><span class='label white-text green'>TC16_To_Verify_the_scrolling_functionality</span></td>
				</tr>
				<tr class='log' status='pass'>
					<td class='status pass' title='pass' alt='pass'><i class='material-icons'>check_circle</i></td>
					<td class='timestamp'>1:01:59 PM</td>
					<td class='step-details'>TC16_To_Verify_the_scrolling_functionality Passed<img data-featherlight='C:\Users\LENOVO\git\TATA_Studi\Screenshots\TC16_To_Verify_the_scrolling_functionality ExtendReport 21-05-21 01-01-59.png' width='10%' src='C:\Users\LENOVO\git\TATA_Studi\Screenshots\TC16_To_Verify_the_scrolling_functionality ExtendReport 21-05-21 01-01-59.png' data-src='C:\Users\LENOVO\git\TATA_Studi\Screenshots\TC16_To_Verify_the_scrolling_functionality ExtendReport 21-05-21 01-01-59.png'></td>
				</tr>
			</tbody>
		</table>
	</div>
					</div>
				</li>
				
				
				<li class='test displayed active  fail' status='fail' bdd='false' test-id='13'>
					<div class='test-heading'>
						<span class='test-name'>TC23_1_To_Verify_that_On_Listing_Page_User_able_to_Create_Task_And_Both_Type_of_Test</span>
						<span class='test-time'>May 21, 2021 01:02:02 PM</span>
						<span class='test-status right fail'>fail</span>
					</div>
					<div class='test-content hide'>
<div class='test-time-info'>
	<span class='label start-time'>May 21, 2021 01:02:02 PM</span>
	<span class='label end-time'>May 21, 2021 01:03:27 PM</span>
	<span class='label time-taken grey lighten-1 white-text'>0h 1m 24s+238ms</span>
</div>
	<div class='test-steps'>
		<table class='bordered table-results'>
			<thead>
				<tr>
					<th>Status</th>
					<th>Timestamp</th>
					<th>Details</th>
				</tr>
			</thead>
			<tbody>
				<tr class='log' status='info'>
					<td class='status info' title='info' alt='info'><i class='material-icons'>info_outline</i></td>
					<td class='timestamp'>1:02:02 PM</td>
					<td class='step-details'>On Test Start : TC23_1_To_Verify_that_On_Listing_Page_User_able_to_Create_Task_And_Both_Type_of_Test</td>
				</tr>
				<tr class='log' status='info'>
					<td class='status info' title='info' alt='info'><i class='material-icons'>info_outline</i></td>
					<td class='timestamp'>1:02:13 PM</td>
					<td class='step-details'>Logged in successfully</td>
				</tr>
				<tr class='log' status='info'>
					<td class='status info' title='info' alt='info'><i class='material-icons'>info_outline</i></td>
					<td class='timestamp'>1:02:16 PM</td>
					<td class='step-details'>The intent creation module shown to user</td>
				</tr>
				<tr class='log' status='info'>
					<td class='status info' title='info' alt='info'><i class='material-icons'>info_outline</i></td>
					<td class='timestamp'>1:02:18 PM</td>
					<td class='step-details'>Opening Geography</td>
				</tr>
				<tr class='log' status='info'>
					<td class='status info' title='info' alt='info'><i class='material-icons'>info_outline</i></td>
					<td class='timestamp'>1:02:29 PM</td>
					<td class='step-details'>Selecting Natural Vegetation</td>
				</tr>
				<tr class='log' status='info'>
					<td class='status info' title='info' alt='info'><i class='material-icons'>info_outline</i></td>
					<td class='timestamp'>1:02:32 PM</td>
					<td class='step-details'>Clicking on create assignment</td>
				</tr>
				<tr class='log' status='info'>
					<td class='status info' title='info' alt='info'><i class='material-icons'>info_outline</i></td>
					<td class='timestamp'>1:02:34 PM</td>
					<td class='step-details'>Clicking on Back to Test Unit, Syllabus ans Assignment page</td>
				</tr>
				<tr class='log' status='info'>
					<td class='status info' title='info' alt='info'><i class='material-icons'>info_outline</i></td>
					<td class='timestamp'>1:02:40 PM</td>
					<td class='step-details'>Clicked Assignments</td>
				</tr>
				<tr class='log' status='info'>
					<td class='status info' title='info' alt='info'><i class='material-icons'>info_outline</i></td>
					<td class='timestamp'>1:02:43 PM</td>
					<td class='step-details'>Setting Task  Title</td>
				</tr>
				<tr class='log' status='info'>
					<td class='status info' title='info' alt='info'><i class='material-icons'>info_outline</i></td>
					<td class='timestamp'>1:02:44 PM</td>
					<td class='step-details'>Setting Task Instruction</td>
				</tr>
				<tr class='log' status='fail'>
					<td class='status fail' title='fail' alt='fail'><i class='material-icons'>cancel</i></td>
					<td class='timestamp'>1:03:26 PM</td>
					<td class='step-details'>On Test Failure : TC23_1_To_Verify_that_On_Listing_Page_User_able_to_Create_Task_And_Both_Type_of_Test</td>
				</tr>
				<tr class='log' status='fail'>
					<td class='status fail' title='fail' alt='fail'><i class='material-icons'>cancel</i></td>
					<td class='timestamp'>1:03:26 PM</td>
					<td class='step-details'><span class='label white-text red'>TC23_1_To_Verify_that_On_Listing_Page_User_able_to_Create_Task_And_Both_Type_of_Test</span></td>
				</tr>
				<tr class='log' status='info'>
					<td class='status info' title='info' alt='info'><i class='material-icons'>info_outline</i></td>
					<td class='timestamp'>1:03:26 PM</td>
					<td class='step-details'>Fails Test</td>
				</tr>
				<tr class='log' status='fail'>
					<td class='status fail' title='fail' alt='fail'><i class='material-icons'>cancel</i></td>
					<td class='timestamp'>1:03:26 PM</td>
					<td class='step-details'><textarea>org.openqa.selenium.NoSuchElementException: Can't locate an element by this strategy: By.chained({By.AndroidUIAutomator: new UiSelector().resourceId("com.tce.studi:id/tvTitle").textContains("Digital Test is Ready!")})
	at io.appium.java_client.pagefactory.AppiumElementLocator.findElement(AppiumElementLocator.java:126)
	at io.appium.java_client.pagefactory.interceptors.InterceptorOfASingleElement.intercept(InterceptorOfASingleElement.java:59)
	at io.appium.java_client.android.AndroidElement$$EnhancerByCGLIB$$b598166c.isDisplayed(<generated>)
	at studi.co.pageModules.Module_Assignment_Listing.to_verify_that_on_listing_page_user_able_to_create_task_and_both_type_of_test(Module_Assignment_Listing.java:660)
	at studi.co.testScripts.Assignment_Listing.TC23_1_To_Verify_that_On_Listing_Page_User_able_to_Create_Task_And_Both_Type_of_Test(Assignment_Listing.java:151)
	at java.base/jdk.internal.reflect.NativeMethodAccessorImpl.invoke0(Native Method)
	at java.base/jdk.internal.reflect.NativeMethodAccessorImpl.invoke(NativeMethodAccessorImpl.java:64)
	at java.base/jdk.internal.reflect.DelegatingMethodAccessorImpl.invoke(DelegatingMethodAccessorImpl.java:43)
	at java.base/java.lang.reflect.Method.invoke(Method.java:564)
	at org.testng.internal.MethodInvocationHelper.invokeMethod(MethodInvocationHelper.java:124)
	at org.testng.internal.Invoker.invokeMethod(Invoker.java:583)
	at org.testng.internal.Invoker.invokeTestMethod(Invoker.java:719)
	at org.testng.internal.Invoker.invokeTestMethods(Invoker.java:989)
	at org.testng.internal.TestMethodWorker.invokeTestMethods(TestMethodWorker.java:125)
	at org.testng.internal.TestMethodWorker.run(TestMethodWorker.java:109)
	at org.testng.TestRunner.privateRun(TestRunner.java:648)
	at org.testng.TestRunner.run(TestRunner.java:505)
	at org.testng.SuiteRunner.runTest(SuiteRunner.java:455)
	at org.testng.SuiteRunner.runSequentially(SuiteRunner.java:450)
	at org.testng.SuiteRunner.privateRun(SuiteRunner.java:415)
	at org.testng.SuiteRunner.run(SuiteRunner.java:364)
	at org.testng.SuiteRunnerWorker.runSuite(SuiteRunnerWorker.java:52)
	at org.testng.SuiteRunnerWorker.run(SuiteRunnerWorker.java:84)
	at org.testng.TestNG.runSuitesSequentially(TestNG.java:1208)
	at org.testng.TestNG.runSuitesLocally(TestNG.java:1137)
	at org.testng.TestNG.runSuites(TestNG.java:1049)
	at org.testng.TestNG.run(TestNG.java:1017)
	at org.testng.remote.AbstractRemoteTestNG.run(AbstractRemoteTestNG.java:115)
	at org.testng.remote.RemoteTestNG.initAndRun(RemoteTestNG.java:251)
	at org.testng.remote.RemoteTestNG.main(RemoteTestNG.java:77)
Caused by: org.openqa.selenium.TimeoutException: Expected condition failed: waiting for io.appium.java_client.pagefactory.AppiumElementLocator$WaitingFunction@7efa3f63 (tried for 1 second(s) with 500 milliseconds interval)
	at org.openqa.selenium.support.ui.FluentWait.timeoutException(FluentWait.java:304)
	at org.openqa.selenium.support.ui.FluentWait.until(FluentWait.java:272)
	at io.appium.java_client.pagefactory.AppiumElementLocator.waitFor(AppiumElementLocator.java:99)
	at io.appium.java_client.pagefactory.AppiumElementLocator.findElement(AppiumElementLocator.java:119)
	... 29 more
Caused by: org.openqa.selenium.NoSuchElementException: Cannot locate an element using By.chained({By.AndroidUIAutomator: new UiSelector().resourceId("com.tce.studi:id/tvTitle").textContains("Digital Test is Ready!")})
For documentation on this error, please visit: https://www.seleniumhq.org/exceptions/no_such_element.html
Build info: version: '3.141.59', revision: 'e82be7d358', time: '2018-11-14T08:17:03'
System info: host: 'DESKTOP-TMI6UL6', ip: '192.168.43.139', os.name: 'Windows 10', os.arch: 'amd64', os.version: '10.0', java.version: '15.0.2'
Driver info: driver.version: AppiumDriver
	at io.appium.java_client.pagefactory.bys.builder.ByChained.findElement(ByChained.java:74)
	at org.openqa.selenium.remote.RemoteWebDriver.findElement(RemoteWebDriver.java:315)
	at io.appium.java_client.DefaultGenericMobileDriver.findElement(DefaultGenericMobileDriver.java:58)
	at io.appium.java_client.AppiumDriver.findElement(AppiumDriver.java:1)
	at io.appium.java_client.pagefactory.bys.ContentMappedBy.findElement(ContentMappedBy.java:50)
	at org.openqa.selenium.remote.RemoteWebDriver.findElement(RemoteWebDriver.java:315)
	at io.appium.java_client.DefaultGenericMobileDriver.findElement(DefaultGenericMobileDriver.java:58)
	at io.appium.java_client.AppiumDriver.findElement(AppiumDriver.java:1)
	at io.appium.java_client.pagefactory.AppiumElementLocator.lambda$0(AppiumElementLocator.java:120)
	at io.appium.java_client.pagefactory.AppiumElementLocator$WaitingFunction.apply(AppiumElementLocator.java:172)
	at io.appium.java_client.pagefactory.AppiumElementLocator$WaitingFunction.apply(AppiumElementLocator.java:1)
	at org.openqa.selenium.support.ui.FluentWait.until(FluentWait.java:249)
	... 31 more
</textarea></td>
				</tr>
				<tr class='log' status='fail'>
					<td class='status fail' title='fail' alt='fail'><i class='material-icons'>cancel</i></td>
					<td class='timestamp'>1:03:27 PM</td>
					<td class='step-details'>Can't locate an element by this strategy: By.chained({By.AndroidUIAutomator: new UiSelector().resourceId("com.tce.studi:id/tvTitle").textContains("Digital Test is Ready!")})<img data-featherlight='C:\Users\LENOVO\git\TATA_Studi\Screenshots\TC23_1_To_Verify_that_On_Listing_Page_User_able_to_Create_Task_And_Both_Type_of_Test ExtendReport 21-05-21 01-03-26.png' width='10%' src='C:\Users\LENOVO\git\TATA_Studi\Screenshots\TC23_1_To_Verify_that_On_Listing_Page_User_able_to_Create_Task_And_Both_Type_of_Test ExtendReport 21-05-21 01-03-26.png' data-src='C:\Users\LENOVO\git\TATA_Studi\Screenshots\TC23_1_To_Verify_that_On_Listing_Page_User_able_to_Create_Task_And_Both_Type_of_Test ExtendReport 21-05-21 01-03-26.png'></td>
				</tr>
			</tbody>
		</table>
	</div>
					</div>
				</li>
				
				
				<li class='test displayed active  pass' status='pass' bdd='false' test-id='14'>
					<div class='test-heading'>
						<span class='test-name'>TC23_To_Verify_On_Completed_Assignment_List_actul_Task_Complete_Date_is_Shown</span>
						<span class='test-time'>May 21, 2021 01:03:30 PM</span>
						<span class='test-status right pass'>pass</span>
					</div>
					<div class='test-content hide'>
<div class='test-time-info'>
	<span class='label start-time'>May 21, 2021 01:03:30 PM</span>
	<span class='label end-time'>May 21, 2021 01:03:49 PM</span>
	<span class='label time-taken grey lighten-1 white-text'>0h 0m 19s+235ms</span>
</div>
	<div class='test-steps'>
		<table class='bordered table-results'>
			<thead>
				<tr>
					<th>Status</th>
					<th>Timestamp</th>
					<th>Details</th>
				</tr>
			</thead>
			<tbody>
				<tr class='log' status='info'>
					<td class='status info' title='info' alt='info'><i class='material-icons'>info_outline</i></td>
					<td class='timestamp'>1:03:30 PM</td>
					<td class='step-details'>On Test Start : TC23_To_Verify_On_Completed_Assignment_List_actul_Task_Complete_Date_is_Shown</td>
				</tr>
				<tr class='log' status='info'>
					<td class='status info' title='info' alt='info'><i class='material-icons'>info_outline</i></td>
					<td class='timestamp'>1:03:49 PM</td>
					<td class='step-details'>Actual Task completion date is shown</td>
				</tr>
				<tr class='log' status='info'>
					<td class='status info' title='info' alt='info'><i class='material-icons'>info_outline</i></td>
					<td class='timestamp'>1:03:49 PM</td>
					<td class='step-details'>On Test Success : TC23_To_Verify_On_Completed_Assignment_List_actul_Task_Complete_Date_is_Shown</td>
				</tr>
				<tr class='log' status='pass'>
					<td class='status pass' title='pass' alt='pass'><i class='material-icons'>check_circle</i></td>
					<td class='timestamp'>1:03:49 PM</td>
					<td class='step-details'><span class='label white-text green'>TC23_To_Verify_On_Completed_Assignment_List_actul_Task_Complete_Date_is_Shown</span></td>
				</tr>
				<tr class='log' status='pass'>
					<td class='status pass' title='pass' alt='pass'><i class='material-icons'>check_circle</i></td>
					<td class='timestamp'>1:03:49 PM</td>
					<td class='step-details'>TC23_To_Verify_On_Completed_Assignment_List_actul_Task_Complete_Date_is_Shown Passed<img data-featherlight='C:\Users\LENOVO\git\TATA_Studi\Screenshots\TC23_To_Verify_On_Completed_Assignment_List_actul_Task_Complete_Date_is_Shown ExtendReport 21-05-21 01-03-49.png' width='10%' src='C:\Users\LENOVO\git\TATA_Studi\Screenshots\TC23_To_Verify_On_Completed_Assignment_List_actul_Task_Complete_Date_is_Shown ExtendReport 21-05-21 01-03-49.png' data-src='C:\Users\LENOVO\git\TATA_Studi\Screenshots\TC23_To_Verify_On_Completed_Assignment_List_actul_Task_Complete_Date_is_Shown ExtendReport 21-05-21 01-03-49.png'></td>
				</tr>
			</tbody>
		</table>
	</div>
					</div>
				</li>
			</ul>
		</div>
	</div>
	<!-- subview left -->

	<div class='subview-right left'>
		<div class='view-summary'>
			<h5 class='test-name'></h5>

			<div id='step-filters' class="right">
				<span class="blue-text" status="info" alt="info" title="info"><i class="material-icons">info_outline</i></span>
				<span class="green-text" status="pass" alt="pass" title="pass"><i class="material-icons">check_circle</i></span>
				<span class="red-text" status="fail" alt="fail" title="fail"><i class="material-icons">cancel</i></span>
				<span class="red-text text-darken-4" status="fatal" alt="fatal" title="fatal"><i class="material-icons">cancel</i></span>
				<span class="pink-text text-lighten-1" status="error" alt="error" title="error"><i class="material-icons">error</i></span>
				<span class="orange-text" alt="warning" status="warning" title="warning"><i class="material-icons">warning</i></span>
				<span class="teal-text" status="skip" alt="skip" title="skip"><i class="material-icons">redo</i></span>
				<span status="clear" alt="Clear filters" title="Clear filters"><i class="material-icons">clear</i></span>
			</div>
		</div>
	</div>
	<!-- subview right -->

</div>
<!-- test view -->
<!-- category view -->
<div id='exception-view' class='view hide'>

    <section id='controls'>
        <div class='controls grey lighten-4'>
            <!-- search -->
            <div class='chip transparent' alt='Search Tests' title='Search Tests'>
                <a href="#" class='search-div'>
                    <i class='material-icons'>search</i> Search
                </a>

                <div class='input-field left hide'>
                    <input id='search-tests' type='text' class='validate browser-default' placeholder='Search Tests...'>
                </div>

            </div>
            <!-- search -->
        </div>
    </section>

    <div class='subview-left left'>

        <div class='view-summary'>
            <h5>Exceptions</h3>
                <ul id='exception-collection' class='exception-collection'>

                        <li class='exception displayed active'>
                            <div class='exception-heading'>
                                <span class='exception-name'>java.lang.AssertionError</span>
                                <span class='exception-count right'><span class='label red lighten-1 white-text'>1</span></span>
                            </div>
                            <div class='exception-content hide'>
                                <div class='exception-tests'>
                                    <table class='bordered table-results'>
                                        <thead>
                                        <tr>
                                            <th>Timestamp</th>
                                            <th>TestName</th>
                                            <th>Status</th>
                                        </tr>
                                        </thead>
                                        <tbody>
                                                    <tr>
                                                        <td>May 21, 2021 12:58:25 PM</td>
                                                        <td class='linked' test-id='6'>TC05_To_Verify_New_Created_Tasks_Icon_Once_User_Exits_The_Current_Screen_And_Comes_Back_New_will_not_be_shown</td>
                                                        <td><pre><pre>java.lang.AssertionError: expected [null] but found [Located by By.chained({By.id: com.tce.studi:id/tvNew})]
	at org.testng.Assert.fail(Assert.java:96)
	at org.testng.Assert.failNotSame(Assert.java:772)
	at org.testng.Assert.assertNull(Assert.java:708)
	at org.testng.Assert.assertNull(Assert.java:697)
	at studi.co.pageModules.Module_Assignment_Listing.to_verify_new_created_tasks_icon_once_user_exits_the_current_screen_and_comes_back_New_will_not_be_shown(Module_Assignment_Listing.java:225)
	at studi.co.testScripts.Assignment_Listing.TC05_To_Verify_New_Created_Tasks_Icon_Once_User_Exits_The_Current_Screen_And_Comes_Back_New_will_not_be_shown(Assignment_Listing.java:60)
	at java.base/jdk.internal.reflect.NativeMethodAccessorImpl.invoke0(Native Method)
	at java.base/jdk.internal.reflect.NativeMethodAccessorImpl.invoke(NativeMethodAccessorImpl.java:64)
	at java.base/jdk.internal.reflect.DelegatingMethodAccessorImpl.invoke(DelegatingMethodAccessorImpl.java:43)
	at java.base/java.lang.reflect.Method.invoke(Method.java:564)
	at org.testng.internal.MethodInvocationHelper.invokeMethod(MethodInvocationHelper.java:124)
	at org.testng.internal.Invoker.invokeMethod(Invoker.java:583)
	at org.testng.internal.Invoker.invokeTestMethod(Invoker.java:719)
	at org.testng.internal.Invoker.invokeTestMethods(Invoker.java:989)
	at org.testng.internal.TestMethodWorker.invokeTestMethods(TestMethodWorker.java:125)
	at org.testng.internal.TestMethodWorker.run(TestMethodWorker.java:109)
	at org.testng.TestRunner.privateRun(TestRunner.java:648)
	at org.testng.TestRunner.run(TestRunner.java:505)
	at org.testng.SuiteRunner.runTest(SuiteRunner.java:455)
	at org.testng.SuiteRunner.runSequentially(SuiteRunner.java:450)
	at org.testng.SuiteRunner.privateRun(SuiteRunner.java:415)
	at org.testng.SuiteRunner.run(SuiteRunner.java:364)
	at org.testng.SuiteRunnerWorker.runSuite(SuiteRunnerWorker.java:52)
	at org.testng.SuiteRunnerWorker.run(SuiteRunnerWorker.java:84)
	at org.testng.TestNG.runSuitesSequentially(TestNG.java:1208)
	at org.testng.TestNG.runSuitesLocally(TestNG.java:1137)
	at org.testng.TestNG.runSuites(TestNG.java:1049)
	at org.testng.TestNG.run(TestNG.java:1017)
	at org.testng.remote.AbstractRemoteTestNG.run(AbstractRemoteTestNG.java:115)
	at org.testng.remote.RemoteTestNG.initAndRun(RemoteTestNG.java:251)
	at org.testng.remote.RemoteTestNG.main(RemoteTestNG.java:77)
</pre></pre></td>
                                                    </tr>
                                        </tbody>
                                    </table>
                                </div>
                            </div>
                        </li>
                        <li class='exception displayed active'>
                            <div class='exception-heading'>
                                <span class='exception-name'>org.openqa.selenium.NoSuchElementException</span>
                                <span class='exception-count right'><span class='label red lighten-1 white-text'>2</span></span>
                            </div>
                            <div class='exception-content hide'>
                                <div class='exception-tests'>
                                    <table class='bordered table-results'>
                                        <thead>
                                        <tr>
                                            <th>Timestamp</th>
                                            <th>TestName</th>
                                            <th>Status</th>
                                        </tr>
                                        </thead>
                                        <tbody>
                                                    <tr>
                                                        <td>May 21, 2021 12:59:01 PM</td>
                                                        <td class='linked' test-id='7'>TC06_To_Verify_All_Assignments_are_Represents_With_Due_Date_of_That_Assignment</td>
                                                        <td><pre><pre>org.openqa.selenium.NoSuchElementException: An element could not be located on the page using the given search parameters.
For documentation on this error, please visit: https://www.seleniumhq.org/exceptions/no_such_element.html
Build info: version: '3.141.59', revision: 'e82be7d358', time: '2018-11-14T08:17:03'
System info: host: 'DESKTOP-TMI6UL6', ip: '192.168.43.139', os.name: 'Windows 10', os.arch: 'amd64', os.version: '10.0', java.version: '15.0.2'
Driver info: io.appium.java_client.AppiumDriver
Capabilities {app: C:\Users\LENOVO\Downloads\S..., appActivity: com.tce.view.ui.activities...., appPackage: com.tce.studi, chromedriverExecutable: C:\Users\LENOVO\Downloads\c..., databaseEnabled: false, desired: {app: C:\Users\LENOVO\Downloads\S..., appActivity: com.tce.view.ui.activities...., appPackage: com.tce.studi, chromedriverExecutable: C:\Users\LENOVO\Downloads\c..., deviceName: Appium, noReset: true, platformName: android, platformVersion: 11, takesScreenshot: true}, deviceApiLevel: 30, deviceManufacturer: OPPO, deviceModel: CPH2119, deviceName: S4SW99CAVKJZS4UG, deviceScreenDensity: 480, deviceScreenSize: 1080x2400, deviceUDID: S4SW99CAVKJZS4UG, javascriptEnabled: true, locationContextEnabled: false, networkConnectionEnabled: true, noReset: true, pixelRatio: 3, platform: LINUX, platformName: LINUX, platformVersion: 11, statBarHeight: 110, takesScreenshot: true, viewportRect: {height: 2048, left: 0, top: 110, width: 1080}, warnings: {}, webStorageEnabled: false}
Session ID: f6e896c5-d41e-482b-8009-b79b35180a5b
*** Element info: {Using=id, value=com.tce.studi:id/dueDate}
	at java.base/jdk.internal.reflect.NativeConstructorAccessorImpl.newInstance0(Native Method)
	at java.base/jdk.internal.reflect.NativeConstructorAccessorImpl.newInstance(NativeConstructorAccessorImpl.java:64)
	at java.base/jdk.internal.reflect.DelegatingConstructorAccessorImpl.newInstance(DelegatingConstructorAccessorImpl.java:45)
	at java.base/java.lang.reflect.Constructor.newInstanceWithCaller(Constructor.java:500)
	at java.base/java.lang.reflect.Constructor.newInstance(Constructor.java:481)
	at org.openqa.selenium.remote.http.W3CHttpResponseCodec.createException(W3CHttpResponseCodec.java:187)
	at org.openqa.selenium.remote.http.W3CHttpResponseCodec.decode(W3CHttpResponseCodec.java:122)
	at org.openqa.selenium.remote.http.W3CHttpResponseCodec.decode(W3CHttpResponseCodec.java:49)
	at org.openqa.selenium.remote.HttpCommandExecutor.execute(HttpCommandExecutor.java:158)
	at io.appium.java_client.remote.AppiumCommandExecutor.execute(AppiumCommandExecutor.java:239)
	at org.openqa.selenium.remote.RemoteWebDriver.execute(RemoteWebDriver.java:552)
	at io.appium.java_client.DefaultGenericMobileDriver.execute(DefaultGenericMobileDriver.java:42)
	at io.appium.java_client.AppiumDriver.execute(AppiumDriver.java:1)
	at org.openqa.selenium.remote.RemoteWebElement.execute(RemoteWebElement.java:285)
	at io.appium.java_client.DefaultGenericMobileElement.execute(DefaultGenericMobileElement.java:45)
	at io.appium.java_client.MobileElement.execute(MobileElement.java:1)
	at io.appium.java_client.android.AndroidElement.execute(AndroidElement.java:1)
	at org.openqa.selenium.remote.RemoteWebElement.findElement(RemoteWebElement.java:185)
	at io.appium.java_client.DefaultGenericMobileElement.findElement(DefaultGenericMobileElement.java:65)
	at io.appium.java_client.MobileElement.findElement(MobileElement.java:1)
	at io.appium.java_client.android.AndroidElement.findElement(AndroidElement.java:1)
	at org.openqa.selenium.remote.RemoteWebElement.findElementById(RemoteWebElement.java:221)
	at io.appium.java_client.DefaultGenericMobileElement.findElementById(DefaultGenericMobileElement.java:73)
	at io.appium.java_client.MobileElement.findElementById(MobileElement.java:1)
	at io.appium.java_client.android.AndroidElement.findElementById(AndroidElement.java:1)
	at studi.co.pageModules.Module_Assignment_Listing.to_verify_all_assignmenta_are_represents_with_due_date_of_that_assignment(Module_Assignment_Listing.java:276)
	at studi.co.testScripts.Assignment_Listing.TC06_To_Verify_All_Assignments_are_Represents_With_Due_Date_of_That_Assignment(Assignment_Listing.java:66)
	at java.base/jdk.internal.reflect.NativeMethodAccessorImpl.invoke0(Native Method)
	at java.base/jdk.internal.reflect.NativeMethodAccessorImpl.invoke(NativeMethodAccessorImpl.java:64)
	at java.base/jdk.internal.reflect.DelegatingMethodAccessorImpl.invoke(DelegatingMethodAccessorImpl.java:43)
	at java.base/java.lang.reflect.Method.invoke(Method.java:564)
	at org.testng.internal.MethodInvocationHelper.invokeMethod(MethodInvocationHelper.java:124)
	at org.testng.internal.Invoker.invokeMethod(Invoker.java:583)
	at org.testng.internal.Invoker.invokeTestMethod(Invoker.java:719)
	at org.testng.internal.Invoker.invokeTestMethods(Invoker.java:989)
	at org.testng.internal.TestMethodWorker.invokeTestMethods(TestMethodWorker.java:125)
	at org.testng.internal.TestMethodWorker.run(TestMethodWorker.java:109)
	at org.testng.TestRunner.privateRun(TestRunner.java:648)
	at org.testng.TestRunner.run(TestRunner.java:505)
	at org.testng.SuiteRunner.runTest(SuiteRunner.java:455)
	at org.testng.SuiteRunner.runSequentially(SuiteRunner.java:450)
	at org.testng.SuiteRunner.privateRun(SuiteRunner.java:415)
	at org.testng.SuiteRunner.run(SuiteRunner.java:364)
	at org.testng.SuiteRunnerWorker.runSuite(SuiteRunnerWorker.java:52)
	at org.testng.SuiteRunnerWorker.run(SuiteRunnerWorker.java:84)
	at org.testng.TestNG.runSuitesSequentially(TestNG.java:1208)
	at org.testng.TestNG.runSuitesLocally(TestNG.java:1137)
	at org.testng.TestNG.runSuites(TestNG.java:1049)
	at org.testng.TestNG.run(TestNG.java:1017)
	at org.testng.remote.AbstractRemoteTestNG.run(AbstractRemoteTestNG.java:115)
	at org.testng.remote.RemoteTestNG.initAndRun(RemoteTestNG.java:251)
	at org.testng.remote.RemoteTestNG.main(RemoteTestNG.java:77)
</pre></pre></td>
                                                    </tr>
                                                    <tr>
                                                        <td>May 21, 2021 01:02:02 PM</td>
                                                        <td class='linked' test-id='13'>TC23_1_To_Verify_that_On_Listing_Page_User_able_to_Create_Task_And_Both_Type_of_Test</td>
                                                        <td><pre><textarea>org.openqa.selenium.NoSuchElementException: Can't locate an element by this strategy: By.chained({By.AndroidUIAutomator: new UiSelector().resourceId("com.tce.studi:id/tvTitle").textContains("Digital Test is Ready!")})
	at io.appium.java_client.pagefactory.AppiumElementLocator.findElement(AppiumElementLocator.java:126)
	at io.appium.java_client.pagefactory.interceptors.InterceptorOfASingleElement.intercept(InterceptorOfASingleElement.java:59)
	at io.appium.java_client.android.AndroidElement$$EnhancerByCGLIB$$b598166c.isDisplayed(<generated>)
	at studi.co.pageModules.Module_Assignment_Listing.to_verify_that_on_listing_page_user_able_to_create_task_and_both_type_of_test(Module_Assignment_Listing.java:660)
	at studi.co.testScripts.Assignment_Listing.TC23_1_To_Verify_that_On_Listing_Page_User_able_to_Create_Task_And_Both_Type_of_Test(Assignment_Listing.java:151)
	at java.base/jdk.internal.reflect.NativeMethodAccessorImpl.invoke0(Native Method)
	at java.base/jdk.internal.reflect.NativeMethodAccessorImpl.invoke(NativeMethodAccessorImpl.java:64)
	at java.base/jdk.internal.reflect.DelegatingMethodAccessorImpl.invoke(DelegatingMethodAccessorImpl.java:43)
	at java.base/java.lang.reflect.Method.invoke(Method.java:564)
	at org.testng.internal.MethodInvocationHelper.invokeMethod(MethodInvocationHelper.java:124)
	at org.testng.internal.Invoker.invokeMethod(Invoker.java:583)
	at org.testng.internal.Invoker.invokeTestMethod(Invoker.java:719)
	at org.testng.internal.Invoker.invokeTestMethods(Invoker.java:989)
	at org.testng.internal.TestMethodWorker.invokeTestMethods(TestMethodWorker.java:125)
	at org.testng.internal.TestMethodWorker.run(TestMethodWorker.java:109)
	at org.testng.TestRunner.privateRun(TestRunner.java:648)
	at org.testng.TestRunner.run(TestRunner.java:505)
	at org.testng.SuiteRunner.runTest(SuiteRunner.java:455)
	at org.testng.SuiteRunner.runSequentially(SuiteRunner.java:450)
	at org.testng.SuiteRunner.privateRun(SuiteRunner.java:415)
	at org.testng.SuiteRunner.run(SuiteRunner.java:364)
	at org.testng.SuiteRunnerWorker.runSuite(SuiteRunnerWorker.java:52)
	at org.testng.SuiteRunnerWorker.run(SuiteRunnerWorker.java:84)
	at org.testng.TestNG.runSuitesSequentially(TestNG.java:1208)
	at org.testng.TestNG.runSuitesLocally(TestNG.java:1137)
	at org.testng.TestNG.runSuites(TestNG.java:1049)
	at org.testng.TestNG.run(TestNG.java:1017)
	at org.testng.remote.AbstractRemoteTestNG.run(AbstractRemoteTestNG.java:115)
	at org.testng.remote.RemoteTestNG.initAndRun(RemoteTestNG.java:251)
	at org.testng.remote.RemoteTestNG.main(RemoteTestNG.java:77)
Caused by: org.openqa.selenium.TimeoutException: Expected condition failed: waiting for io.appium.java_client.pagefactory.AppiumElementLocator$WaitingFunction@7efa3f63 (tried for 1 second(s) with 500 milliseconds interval)
	at org.openqa.selenium.support.ui.FluentWait.timeoutException(FluentWait.java:304)
	at org.openqa.selenium.support.ui.FluentWait.until(FluentWait.java:272)
	at io.appium.java_client.pagefactory.AppiumElementLocator.waitFor(AppiumElementLocator.java:99)
	at io.appium.java_client.pagefactory.AppiumElementLocator.findElement(AppiumElementLocator.java:119)
	... 29 more
Caused by: org.openqa.selenium.NoSuchElementException: Cannot locate an element using By.chained({By.AndroidUIAutomator: new UiSelector().resourceId("com.tce.studi:id/tvTitle").textContains("Digital Test is Ready!")})
For documentation on this error, please visit: https://www.seleniumhq.org/exceptions/no_such_element.html
Build info: version: '3.141.59', revision: 'e82be7d358', time: '2018-11-14T08:17:03'
System info: host: 'DESKTOP-TMI6UL6', ip: '192.168.43.139', os.name: 'Windows 10', os.arch: 'amd64', os.version: '10.0', java.version: '15.0.2'
Driver info: driver.version: AppiumDriver
	at io.appium.java_client.pagefactory.bys.builder.ByChained.findElement(ByChained.java:74)
	at org.openqa.selenium.remote.RemoteWebDriver.findElement(RemoteWebDriver.java:315)
	at io.appium.java_client.DefaultGenericMobileDriver.findElement(DefaultGenericMobileDriver.java:58)
	at io.appium.java_client.AppiumDriver.findElement(AppiumDriver.java:1)
	at io.appium.java_client.pagefactory.bys.ContentMappedBy.findElement(ContentMappedBy.java:50)
	at org.openqa.selenium.remote.RemoteWebDriver.findElement(RemoteWebDriver.java:315)
	at io.appium.java_client.DefaultGenericMobileDriver.findElement(DefaultGenericMobileDriver.java:58)
	at io.appium.java_client.AppiumDriver.findElement(AppiumDriver.java:1)
	at io.appium.java_client.pagefactory.AppiumElementLocator.lambda$0(AppiumElementLocator.java:120)
	at io.appium.java_client.pagefactory.AppiumElementLocator$WaitingFunction.apply(AppiumElementLocator.java:172)
	at io.appium.java_client.pagefactory.AppiumElementLocator$WaitingFunction.apply(AppiumElementLocator.java:1)
	at org.openqa.selenium.support.ui.FluentWait.until(FluentWait.java:249)
	... 31 more
</textarea></pre></td>
                                                    </tr>
                                        </tbody>
                                    </table>
                                </div>
                            </div>
                        </li>
                </ul>
        </div>
    </div>

    <div class='subview-right left'>
        <div class='view-summary'>
            <h5 class='exception-name'></h5>
        </div>
    </div>
</div>
<!-- exception view -->
<div id='dashboard-view' class='view hide'>
	<div class='card-panel transparent np-v'>
		<h5>Dashboard</h5>

		<div class='row'>
			<div class='col s2'>
				<div class='card-panel r'>
					Tests
					<div class='panel-lead'>13</div>
				</div>
			</div>
			<div class='col s2'>
				<div class='card-panel r'>
					Steps
					<div class='panel-lead'>113</div>
				</div>
			</div>
			<div class='col s2'>
				<div class='card-panel r'>
					Start
					<div class='panel-lead'>May 21, 2021 12:56:36 PM</div>
				</div>
			</div>
			<div class='col s2'>
				<div class='card-panel r'>
			 		End
			 		<div class='panel-lead'>May 21, 2021 01:03:53 PM</div>
				</div>
			</div>
			<div class='col s2'>
				<div class='card-panel r'>
					Time Taken
					<div class='panel-lead'>0h 7m 16s+543ms</div>
				</div>
			</div>
			<div class='col s4'>
				<div class='card-panel dashboard-environment'>
					<span class='right label cyan white-text'>Environment</span><p>&nbsp;</p>
					
					<table>
						<tr>
							<th>Name</th>
							<th>Value</th>
						</tr>
							<tr>
								<td>Tester</td>
								<td>Author</td>
							</tr>
					</table>
				</div>
			</div>
		</div>
	</div>
</div>
<!-- dashboard view -->
<!-- testrunner-logs view -->
		</div>
		<!-- container -->

		<script>
			var statusGroup = {
				passParent: 10,
				failParent: 3,
				fatalParent: 0,
				errorParent: 0,
				warningParent: 0,
				skipParent: 0,
				exceptionsParent: 3,
				
				passChild: 20,
				failChild: 12,
				fatalChild: 0,
				errorChild: 0,
				warningChild: 0,
				skipChild: 0,
				infoChild: 81,
				exceptionsChild: 12,
				
				passGrandChild: 0,
				failGrandChild: 0,
				fatalGrandChild: 0,
				errorGrandChild: 0,
				warningGrandChild: 0,
				skipGrandChild: 0,
				infoGrandChild: 0,
				exceptionsGrandChild: 0,
			};
		</script>
		
			<script src='https://cdn.rawgit.com/anshooarora/extentreports-java/fca20fb7653aade98810546ab96a2a4360e3e712/dist/js/extent.js' type='text/javascript'></script>
		
		
 		<script type='text/javascript'>
 			
            
                $(document).ready(function() {
                    
                });
            
		
 		</script>
	</body>
	
</html>
