<?xml version="1.0" encoding="UTF-8"?>
<!-- Generated by org.testng.reporters.JUnitXMLReporter -->
<testsuite ignored="5" hostname="DESKTOP-TMI6UL6" failures="0" tests="1" name="Default test" time="0.055" errors="0" timestamp="19 Jul 2021 10:20:45 GMT">
  <testcase classname="studi.co.Base.BaseClass" name="@BeforeTest beforeTest" time="0.0">
    <failure type="org.testng.TestNGException" message="
Parameter &amp;apos;type&amp;apos; is required by BeforeTest on method beforeTest but has not been marked @Optional or defined
in C:\Users\LENOVO\AppData\Local\Temp\testng-eclipse-2113261211\testng-customsuite.xml">
      <![CDATA[org.testng.TestNGException: 
Parameter 'type' is required by BeforeTest on method beforeTest but has not been marked @Optional or defined
in C:\Users\LENOVO\AppData\Local\Temp\testng-eclipse-2113261211\testng-customsuite.xml
at org.testng.internal.Parameters.createParams(Parameters.java:290)
at org.testng.internal.Parameters.createParametersForMethod(Parameters.java:359)
at org.testng.internal.Parameters.createParameters(Parameters.java:620)
at org.testng.internal.Parameters.createConfigurationParameters(Parameters.java:190)
at org.testng.internal.Invoker.invokeConfigurations(Invoker.java:209)
at org.testng.internal.Invoker.invokeConfigurations(Invoker.java:142)
at org.testng.TestRunner.beforeRun(TestRunner.java:529)
at org.testng.TestRunner.run(TestRunner.java:497)
at org.testng.SuiteRunner.runTest(SuiteRunner.java:455)
at org.testng.SuiteRunner.runSequentially(SuiteRunner.java:450)
at org.testng.SuiteRunner.privateRun(SuiteRunner.java:415)
at org.testng.SuiteRunner.run(SuiteRunner.java:364)
at org.testng.SuiteRunnerWorker.runSuite(SuiteRunnerWorker.java:52)
at org.testng.SuiteRunnerWorker.run(SuiteRunnerWorker.java:84)
at org.testng.TestNG.runSuitesSequentially(TestNG.java:1208)
at org.testng.TestNG.runSuitesLocally(TestNG.java:1137)
at org.testng.TestNG.runSuites(TestNG.java:1049)
at org.testng.TestNG.run(TestNG.java:1017)
at org.testng.remote.AbstractRemoteTestNG.run(AbstractRemoteTestNG.java:115)
at org.testng.remote.RemoteTestNG.initAndRun(RemoteTestNG.java:251)
at org.testng.remote.RemoteTestNG.main(RemoteTestNG.java:77)
]]>
    </failure>
  </testcase> <!-- @BeforeTest beforeTest -->
  <testcase classname="studi.co.Base.BaseClass" name="@AfterTest afterTest" time="0.0">
    <skipped/>
  </testcase> <!-- @AfterTest afterTest -->
  <testcase classname="studi.co.testScripts.Subscription" name="TC_06_To_validate_user_should_be_shown_subscription_plan_on_the_select_subscription_page" time="0.0">
    <skipped/>
  </testcase> <!-- TC_06_To_validate_user_should_be_shown_subscription_plan_on_the_select_subscription_page -->
  <testcase classname="studi.co.testScripts.Subscription" name="TC05_Verify_the_functionality_of_select_new_plan_on_expired_plan_profile" time="0.0">
    <ignored/>
  </testcase> <!-- TC05_Verify_the_functionality_of_select_new_plan_on_expired_plan_profile -->
  <testcase classname="studi.co.testScripts.Subscription" name="TC07_To_validate_the_Proceed_to_PayButton" time="0.0">
    <ignored/>
  </testcase> <!-- TC07_To_validate_the_Proceed_to_PayButton -->
  <testcase classname="studi.co.testScripts.Subscription" name="TC_08_To_validate_Order_Summary_Checkout_page" time="0.0">
    <ignored/>
  </testcase> <!-- TC_08_To_validate_Order_Summary_Checkout_page -->
  <testcase classname="studi.co.testScripts.Subscription" name="TC_02_Verify_The_Functionality_Of_Select_Free_Trail_For_Newly_Added_Profile_On_Choose_Profile_Page" time="0.0">
    <ignored/>
  </testcase> <!-- TC_02_Verify_The_Functionality_Of_Select_Free_Trail_For_Newly_Added_Profile_On_Choose_Profile_Page -->
  <testcase classname="studi.co.testScripts.Subscription" name="TC_01_verify_The_Functionality_Of_Select_New_Plan_For_Adding_New_Profile_On_Choose_Profile_Page" time="0.0">
    <ignored/>
  </testcase> <!-- TC_01_verify_The_Functionality_Of_Select_New_Plan_For_Adding_New_Profile_On_Choose_Profile_Page -->
</testsuite> <!-- Default test -->
