<?xml version="1.0" encoding="UTF-8"?>
<!-- Generated by org.testng.reporters.JUnitXMLReporter -->
<testsuite ignored="14" hostname="DESKTOP-TMI6UL6" failures="0" tests="8" name="Test(failed)" time="21.302" errors="0" timestamp="01 Jul 2021 12:03:21 GMT">
  <testcase classname="studi.co.Base.BaseClass" name="@BeforeTest beforeTest" time="20.86">
    <failure type="org.openqa.selenium.SessionNotCreatedException" message="Unable to create a new remote session. Please check the server log for more details. Original error: An unknown server-side error occurred while processing the command. Original error: Could not find a connected Android device in 20130ms.
Build info: version: &amp;apos;3.141.59&amp;apos;, revision: &amp;apos;e82be7d358&amp;apos;, time: &amp;apos;2018-11-14T08:17:03&amp;apos;
System info: host: &amp;apos;DESKTOP-TMI6UL6&amp;apos;, ip: &amp;apos;192.168.29.241&amp;apos;, os.name: &amp;apos;Windows 10&amp;apos;, os.arch: &amp;apos;amd64&amp;apos;, os.version: &amp;apos;10.0&amp;apos;, java.version: &amp;apos;15.0.2&amp;apos;
Driver info: driver.version: AndroidDriver
remote stacktrace: UnknownError: An unknown server-side error occurred while processing the command. Original error: Could not find a connected Android device in 20130ms.
    at getResponseForW3CError (C:\Program Files\Appium\resources\app\node_modules\appium\node_modules\appium-base-driver\lib\protocol\errors.js:804:9)
    at asyncHandler (C:\Program Files\Appium\resources\app\node_modules\appium\node_modules\appium-base-driver\lib\protocol\protocol.js:381:37)
Build info: version: &amp;apos;3.141.59&amp;apos;, revision: &amp;apos;e82be7d358&amp;apos;, time: &amp;apos;2018-11-14T08:17:03&amp;apos;
System info: host: &amp;apos;DESKTOP-TMI6UL6&amp;apos;, ip: &amp;apos;192.168.29.241&amp;apos;, os.name: &amp;apos;Windows 10&amp;apos;, os.arch: &amp;apos;amd64&amp;apos;, os.version: &amp;apos;10.0&amp;apos;, java.version: &amp;apos;15.0.2&amp;apos;
Driver info: driver.version: AndroidDriver">
      <![CDATA[org.openqa.selenium.SessionNotCreatedException: Unable to create a new remote session. Please check the server log for more details. Original error: An unknown server-side error occurred while processing the command. Original error: Could not find a connected Android device in 20130ms.
Build info: version: '3.141.59', revision: 'e82be7d358', time: '2018-11-14T08:17:03'
System info: host: 'DESKTOP-TMI6UL6', ip: '192.168.29.241', os.name: 'Windows 10', os.arch: 'amd64', os.version: '10.0', java.version: '15.0.2'
Driver info: driver.version: AndroidDriver
remote stacktrace: UnknownError: An unknown server-side error occurred while processing the command. Original error: Could not find a connected Android device in 20130ms.
    at getResponseForW3CError (C:\Program Files\Appium\resources\app\node_modules\appium\node_modules\appium-base-driver\lib\protocol\errors.js:804:9)
    at asyncHandler (C:\Program Files\Appium\resources\app\node_modules\appium\node_modules\appium-base-driver\lib\protocol\protocol.js:381:37)
Build info: version: '3.141.59', revision: 'e82be7d358', time: '2018-11-14T08:17:03'
System info: host: 'DESKTOP-TMI6UL6', ip: '192.168.29.241', os.name: 'Windows 10', os.arch: 'amd64', os.version: '10.0', java.version: '15.0.2'
Driver info: driver.version: AndroidDriver
at io.appium.java_client.remote.AppiumCommandExecutor$1.createSession(AppiumCommandExecutor.java:208)
at io.appium.java_client.remote.AppiumCommandExecutor.createSession(AppiumCommandExecutor.java:217)
at io.appium.java_client.remote.AppiumCommandExecutor.execute(AppiumCommandExecutor.java:239)
at org.openqa.selenium.remote.RemoteWebDriver.execute(RemoteWebDriver.java:552)
at io.appium.java_client.DefaultGenericMobileDriver.execute(DefaultGenericMobileDriver.java:42)
at io.appium.java_client.AppiumDriver.execute(AppiumDriver.java:1)
at io.appium.java_client.android.AndroidDriver.execute(AndroidDriver.java:1)
at org.openqa.selenium.remote.RemoteWebDriver.startSession(RemoteWebDriver.java:213)
at org.openqa.selenium.remote.RemoteWebDriver.<init>(RemoteWebDriver.java:131)
at io.appium.java_client.DefaultGenericMobileDriver.<init>(DefaultGenericMobileDriver.java:38)
at io.appium.java_client.AppiumDriver.<init>(AppiumDriver.java:84)
at io.appium.java_client.AppiumDriver.<init>(AppiumDriver.java:94)
at io.appium.java_client.android.AndroidDriver.<init>(AndroidDriver.java:95)
at studi.co.Base.BaseClass.beforeTest(BaseClass.java:332)
at io.appium.java_client.remote.AppiumCommandExecutor$1.createSession(AppiumCommandExecutor.java:186)
... 37 more
Caused by: org.openqa.selenium.WebDriverException: An unknown server-side error occurred while processing the command. Original error: Could not find a connected Android device in 20130ms.
Build info: version: '3.141.59', revision: 'e82be7d358', time: '2018-11-14T08:17:03'
System info: host: 'DESKTOP-TMI6UL6', ip: '192.168.29.241', os.name: 'Windows 10', os.arch: 'amd64', os.version: '10.0', java.version: '15.0.2'
Driver info: driver.version: AndroidDriver
remote stacktrace: UnknownError: An unknown server-side error occurred while processing the command. Original error: Could not find a connected Android device in 20130ms.
    at getResponseForW3CError (C:\Program Files\Appium\resources\app\node_modules\appium\node_modules\appium-base-driver\lib\protocol\errors.js:804:9)
    at asyncHandler (C:\Program Files\Appium\resources\app\node_modules\appium\node_modules\appium-base-driver\lib\protocol\protocol.js:381:37)
at org.openqa.selenium.remote.W3CHandshakeResponse.lambda$errorHandler$0(W3CHandshakeResponse.java:62)
at org.openqa.selenium.remote.HandshakeResponse.lambda$getResponseFunction$0(HandshakeResponse.java:30)
at org.openqa.selenium.remote.ProtocolHandshake.lambda$createSession$0(ProtocolHandshake.java:126)
at java.base/java.util.stream.ReferencePipeline$3$1.accept(ReferencePipeline.java:195)
at java.base/java.util.Spliterators$ArraySpliterator.tryAdvance(Spliterators.java:958)
at java.base/java.util.stream.ReferencePipeline.forEachWithCancel(ReferencePipeline.java:127)
at java.base/java.util.stream.AbstractPipeline.copyIntoWithCancel(AbstractPipeline.java:502)
at java.base/java.util.stream.AbstractPipeline.copyInto(AbstractPipeline.java:488)
at java.base/java.util.stream.AbstractPipeline.wrapAndCopyInto(AbstractPipeline.java:474)
at java.base/java.util.stream.FindOps$FindOp.evaluateSequential(FindOps.java:150)
at java.base/java.util.stream.AbstractPipeline.evaluate(AbstractPipeline.java:234)
at java.base/java.util.stream.ReferencePipeline.findFirst(ReferencePipeline.java:543)
at org.openqa.selenium.remote.ProtocolHandshake.createSession(ProtocolHandshake.java:128)
... 42 more
... Removed 34 stack frames]]>
    </failure>
  </testcase> <!-- @BeforeTest beforeTest -->
  <testcase classname="studi.co.testScripts.Assignment_Oral_Task" name="@AfterMethod restApp" time="0.0">
    <skipped/>
  </testcase> <!-- @AfterMethod restApp -->
  <testcase classname="studi.co.testScripts.Assignment_Oral_Task" name="@AfterMethod restApp" time="0.0">
    <skipped/>
  </testcase> <!-- @AfterMethod restApp -->
  <testcase classname="studi.co.testScripts.Assignment_Oral_Task" name="@AfterMethod restApp" time="0.0">
    <skipped/>
  </testcase> <!-- @AfterMethod restApp -->
  <testcase classname="studi.co.testScripts.Assignment_Oral_Task" name="@AfterMethod restApp" time="0.0">
    <skipped/>
  </testcase> <!-- @AfterMethod restApp -->
  <testcase classname="studi.co.testScripts.Assignment_Oral_Task" name="@AfterMethod restApp" time="0.0">
    <skipped/>
  </testcase> <!-- @AfterMethod restApp -->
  <testcase classname="studi.co.testScripts.Assignment_Oral_Task" name="@AfterMethod restApp" time="0.0">
    <skipped/>
  </testcase> <!-- @AfterMethod restApp -->
  <testcase classname="studi.co.testScripts.Assignment_Oral_Task" name="@AfterMethod restApp" time="0.0">
    <skipped/>
  </testcase> <!-- @AfterMethod restApp -->
  <testcase classname="studi.co.testScripts.Assignment_Oral_Task" name="@AfterMethod restApp" time="0.0">
    <skipped/>
  </testcase> <!-- @AfterMethod restApp -->
  <testcase classname="studi.co.Base.BaseClass" name="@AfterTest afterTest" time="0.0">
    <skipped/>
  </testcase> <!-- @AfterTest afterTest -->
  <testcase classname="studi.co.testScripts.Assignment_Oral_Task" name="TC25_To_Verify_That_While_Entering_Test_Setting_Details_User_Able_To_OFF_Help_Toggle" time="0.0">
    <skipped/>
  </testcase> <!-- TC25_To_Verify_That_While_Entering_Test_Setting_Details_User_Able_To_OFF_Help_Toggle -->
  <testcase classname="studi.co.testScripts.Assignment_Oral_Task" name="TC11_To_Verify_That_User_is_Able_to_Select_the_Topics_from_Subject" time="0.0">
    <skipped/>
  </testcase> <!-- TC11_To_Verify_That_User_is_Able_to_Select_the_Topics_from_Subject -->
  <testcase classname="studi.co.testScripts.Assignment_Oral_Task" name="TC17_To_Verify_that_user_should_be_able_to_move_from_current_step_to_next_step" time="0.0">
    <skipped/>
  </testcase> <!-- TC17_To_Verify_that_user_should_be_able_to_move_from_current_step_to_next_step -->
  <testcase classname="studi.co.testScripts.Assignment_Oral_Task" name="TC31_To_Verify_To_Set_Duration_For_The_Test" time="0.0">
    <skipped/>
  </testcase> <!-- TC31_To_Verify_To_Set_Duration_For_The_Test -->
  <testcase classname="studi.co.testScripts.Assignment_Oral_Task" name="TC24_To_Verify_That_While_Entering_Test_Setting_Details_User_Able_To_ON_Help_Toggle" time="0.0">
    <skipped/>
  </testcase> <!-- TC24_To_Verify_That_While_Entering_Test_Setting_Details_User_Able_To_ON_Help_Toggle -->
  <testcase classname="studi.co.testScripts.Assignment_Oral_Task" name="TC23_To_Verify_on_step_3_Enter_Test_Settings_Screen_Should_Get_Display" time="0.0">
    <skipped/>
  </testcase> <!-- TC23_To_Verify_on_step_3_Enter_Test_Settings_Screen_Should_Get_Display -->
  <testcase classname="studi.co.testScripts.Assignment_Oral_Task" name="TC26_To_Verify_Default_Title_of_the_Oral_Test" time="0.0">
    <skipped/>
  </testcase> <!-- TC26_To_Verify_Default_Title_of_the_Oral_Test -->
  <testcase classname="studi.co.testScripts.Assignment_Oral_Task" name="TC30_To_Verify_Set_Level_Of_Difficulty_For_The_Test" time="0.0">
    <skipped/>
  </testcase> <!-- TC30_To_Verify_Set_Level_Of_Difficulty_For_The_Test -->
  <testcase classname="studi.co.testScripts.Assignment_Oral_Task" name="TC28_To_Verify_Edit_Title_of_the_Oral_test" time="0.0">
    <ignored/>
  </testcase> <!-- TC28_To_Verify_Edit_Title_of_the_Oral_test -->
  <testcase classname="studi.co.testScripts.Assignment_Oral_Task" name="TC22_To_Verify_With_TakeMeBack_Button" time="0.0">
    <ignored/>
  </testcase> <!-- TC22_To_Verify_With_TakeMeBack_Button -->
  <testcase classname="studi.co.testScripts.Assignment_Oral_Task" name="TC18_To_Verify_that_user_should_be_able_to_move_from_current_step_to_previous_step" time="0.0">
    <ignored/>
  </testcase> <!-- TC18_To_Verify_that_user_should_be_able_to_move_from_current_step_to_previous_step -->
  <testcase classname="studi.co.testScripts.Assignment_Oral_Task" name="TC09_To_Verify_that_User_Should_be_able_to_Add_the_Content_Even_if_Striked_off_for_Creating_Oral_Test" time="0.0">
    <ignored/>
  </testcase> <!-- TC09_To_Verify_that_User_Should_be_able_to_Add_the_Content_Even_if_Striked_off_for_Creating_Oral_Test -->
  <testcase classname="studi.co.testScripts.Assignment_Oral_Task" name="TC12_To_rify_for_select_Deselect_of_chapters_and_Topics" time="0.0">
    <ignored/>
  </testcase> <!-- TC12_To_rify_for_select_Deselect_of_chapters_and_Topics -->
  <testcase classname="studi.co.testScripts.Assignment_Oral_Task" name="TC29_To_Verify_input_limitation_and_input_validation_for_the_title" time="0.0">
    <ignored/>
  </testcase> <!-- TC29_To_Verify_input_limitation_and_input_validation_for_the_title -->
  <testcase classname="studi.co.testScripts.Assignment_Oral_Task" name="TC13_To_Verify_Search_tab_for_topics" time="0.0">
    <ignored/>
  </testcase> <!-- TC13_To_Verify_Search_tab_for_topics -->
  <testcase classname="studi.co.testScripts.Assignment_Oral_Task" name="TC21_To_Verify_that_With_YesPleaseDiscard_button" time="0.0">
    <ignored/>
  </testcase> <!-- TC21_To_Verify_that_With_YesPleaseDiscard_button -->
  <testcase classname="studi.co.testScripts.Assignment_Oral_Task" name="TC27_Verify_with_blank_Title" time="0.0">
    <ignored/>
  </testcase> <!-- TC27_Verify_with_blank_Title -->
  <testcase classname="studi.co.testScripts.Assignment_Oral_Task" name="TC20_To_Verify_that_after_click_on_delete_two_option_should_get_display" time="0.0">
    <ignored/>
  </testcase> <!-- TC20_To_Verify_that_after_click_on_delete_two_option_should_get_display -->
  <testcase classname="studi.co.testScripts.Assignment_Oral_Task" name="TC10_To_Verify_That_User_is_Able_to_Select_the_Chapters_from_Subject" time="0.0">
    <ignored/>
  </testcase> <!-- TC10_To_Verify_That_User_is_Able_to_Select_the_Chapters_from_Subject -->
  <testcase classname="studi.co.testScripts.Assignment_Oral_Task" name="TC08_To_Verify_After_Clicking_On_Oral_Test_User_Should_be_able_to_View_Oral_Test_Option" time="0.0">
    <ignored/>
  </testcase> <!-- TC08_To_Verify_After_Clicking_On_Oral_Test_User_Should_be_able_to_View_Oral_Test_Option -->
  <testcase classname="studi.co.testScripts.Assignment_Oral_Task" name="TC07_To_Verify_that_from_syllabus_menu_user_should_be_able_to_Navigate_Oral_Test" time="0.0">
    <ignored/>
  </testcase> <!-- TC07_To_Verify_that_from_syllabus_menu_user_should_be_able_to_Navigate_Oral_Test -->
  <testcase classname="studi.co.testScripts.Assignment_Oral_Task" name="TC19_To_Verify_that_on_all_steps_user_able_to_delete_it_the_all_oral_creation_process" time="0.0">
    <ignored/>
  </testcase> <!-- TC19_To_Verify_that_on_all_steps_user_able_to_delete_it_the_all_oral_creation_process -->
</testsuite> <!-- Test(failed) -->
