
	<h2>
			<font color=#E53935>
		Suite "Tata Studi QA" has ended with 1 failures
		</font>
		</h2>

	<h3>Test Status Summary</h3>
	<hr>
	<table border="0">
		<tr>
			<td style="padding-right:10px">Start Date</td>
			<td>Thu Jul 22 13:17:11 IST 2021</td>
		</tr>
		<tr>
			<td style="padding-right:10px">Duration</td>
						<td>4.51 minutes (270371 ms)</td>
		</tr>
	
		<tr>
			<td style="padding-right:10px">Total Tests</td>
						<td>6</td>
		</tr>
		<tr>
			<td style="padding-right:10px">Passed Tests</td>
			<td>5</td>
		</tr>
		<tr>
			<td style="padding-right:10px">Failed Tests</td>
			<td>1</td>
		</tr>
					</table>
	<br>

	<br>
	<h3>Test Method Status Per Test</h3>
	<hr>
	<table border="0" style="width:40%">
		<tr>
			<th>Suite Name</th>
			<th>Passed</th>
			<th>Failed</th>
			<th>Skipped</th>
		</tr>
			<tr>
			<td>Test1</td>
						<td bgcolor="#43A047"><font color="white">5</font></td>
			<td bgcolor="#E53935"><font color="white">1</font></td>
			<td bgcolor="#FFEB3B"><font color="white">0</font></td>
		</tr>
		</table>
	<br>
	<br>
			<h3>Failed Tests</h3>
		<hr>
		<table border="0" style="width:100%">
		<tr align="left">		
			<th>Test Name</th>
			<th>Status</th>
			<th>Failure Reason</th>			
		</tr>
					<tr>
				<td style="padding-right:10px;word-break: break-all" title="studi.co.testScripts.AFS_UserStory_127.TC16_To_Verify_the_user_should_be_able_to_Navigate_to_Notes_listing_page">TC16_To_Verify_the_user_should_be_able_to_Navigate_to_Notes_listing_page</td>
				<td bgcolor=#E53935><font color="white">FAILURE</font></td>			
				<td style="padding-left:10px;word-break: break-all" >org.openqa.selenium.NoSuchElementException: An element could not be located on the page using the given search parameters. (WARNING: The server did not provide any stacktrace information)
Command duration or timeout: 0 milliseconds
For documentation on this error, please visit: https://www.seleniumhq.org/exceptions/no_such_element.html
Build info: version: '3.141.59', revision: 'e82be7d358', time: '2018-11-14T08:17:03'
System info: host: 'DESKTOP-TMI6UL6', ip: '192.168.29.241', os.name: 'Windows 10', os.arch: 'amd64', os.version: '10.0', java.version: '15.0.2'
Driver info: io.appium.java_client.android.AndroidDriver
Capabilities {64bit: false, acceptSslCert: false, acceptSslCerts: false, adbExecTimeout: 120000, appActivity: com.tce.view.ui.activities...., appPackage: com.tce.studi, automationName: uiautomator2, browserstack.appium_version: 1.17.0, browserstack.is_hub_canary: false, browserstack.minOSVersion: 5.0, browserstack.networkLogsOptions: {"captureContent"=>true}, buildName: Java Android, bundleID: com.tce.studi, bundleId: com.tce.studi, chromeOptions: {w3c: false}, chromedriverPort: 18084, chromedriverPorts: [[18144, 18154]], databaseEnabled: false, detected_language: selenium/3.141.59 (java win..., device: oneplus 8, deviceApiLevel: 29, deviceManufacturer: OnePlus, deviceModel: IN2011, deviceName: b1c21cce, deviceScreenDensity: 420, deviceScreenSize: 1080x2400, deviceUDID: b1c21cce, enablePerformanceLogging: false, javascriptEnabled: true, locationContextEnabled: false, mobile: {browser: mobile, version: OnePlus 8-10.0}, nativeWebScreenshot: true, networkConnectionEnabled: true, newCommandTimeout: 0, new_bucketing: true, noReset: true, orig_os: android, osVersion: 10.0, os_version: 10.0, pixelRatio: 2.625, platform: ANDROID, platformName: Android, platformVersion: 10, projectName: First Java Project, realMobile: true, sessionName: Tata Studi Bhushan, skipServerInstallation: true, statBarHeight: 104, systemPort: 8204, takesScreenshot: true, udid: b1c21cce, uiautomator2ServerLaunchTimeout: 60000, version: , viewportRect: {height: 2067, left: 0, top: 104, width: 1080}, warnings: {}, webStorageEnabled: false}
Session ID: e11c19b0b6e9e87fc9b91133253cdda1e7833f19
*** Element info: {Using=-android uiautomator, value=new UiScrollable(new UiSelector().scrollable(true).instance(0)).scrollIntoView(new UiSelector().textContains("Notes").instance(0))}</td>
			</tr>
				</table>
		<br><small><i>(Hover the method name to see the test class name)</i></small>
		
			<h3>Passed Tests</h3>
		<hr>
		<table border="0">
			<tr align="left">
				<th>Test Name</th>
				<th>Status</th>
			<tr>
					<tr>
				<td title="studi.co.testScripts.AFS_UserStory_127.TC14_To_Verify_Use_Must_be_Able_To_Navigate_To_Revision_From_Topic" style="padding-right:10px">TC14_To_Verify_Use_Must_be_Able_To_Navigate_To_Revision_From_Topic</td>
				<td bgcolor=#43A047><font color="white">PASSED</font></td>			
			</tr>
					<tr>
				<td title="studi.co.testScripts.AFS_UserStory_127.TC22_To_Verify_user_should_be_able_to_navigate_to_the_StrikedOut_Topics" style="padding-right:10px">TC22_To_Verify_user_should_be_able_to_navigate_to_the_StrikedOut_Topics</td>
				<td bgcolor=#43A047><font color="white">PASSED</font></td>			
			</tr>
					<tr>
				<td title="studi.co.testScripts.AFS_UserStory_127.TC05_To_Verify_Use_Must_be_Able_To_View_The_Content_of_the_Chapter_Listing_Pages" style="padding-right:10px">TC05_To_Verify_Use_Must_be_Able_To_View_The_Content_of_the_Chapter_Listing_Pages</td>
				<td bgcolor=#43A047><font color="white">PASSED</font></td>			
			</tr>
					<tr>
				<td title="studi.co.testScripts.AFS_UserStory_127.TC15_To_Verify_Use_Must_be_Able_To_Navigate_To_Practice_From_Topic" style="padding-right:10px">TC15_To_Verify_Use_Must_be_Able_To_Navigate_To_Practice_From_Topic</td>
				<td bgcolor=#43A047><font color="white">PASSED</font></td>			
			</tr>
					<tr>
				<td title="studi.co.testScripts.AFS_UserStory_127.TC07_To_Verify_Use_Must_be_Able_To_View_The_Details_of_The_Chapters" style="padding-right:10px">TC07_To_Verify_Use_Must_be_Able_To_View_The_Details_of_The_Chapters</td>
				<td bgcolor=#43A047><font color="white">PASSED</font></td>			
			</tr>
						</table>
		<br><small><i>(Hover the method name to see the test class name)</i></small>
		</h2>
	<br>




