<!DOCTYPE html>

<html>
  <head>
  <meta charset='utf-8'>
  <title>TestNG reports</title>

    <link type="text/css" href="testng-reports.css" rel="stylesheet" />
    <script type="text/javascript" src="jquery-1.7.1.min.js"></script>
    <script type="text/javascript" src="testng-reports.js"></script>
    <script type="text/javascript" src="https://www.google.com/jsapi"></script>
    <script type='text/javascript'>
      google.load('visualization', '1', {packages:['table']});
      google.setOnLoadCallback(drawTable);
      var suiteTableInitFunctions = new Array();
      var suiteTableData = new Array();
    </script>
    <!--
      <script type="text/javascript" src="jquery-ui/js/jquery-ui-1.8.16.custom.min.js"></script>
     -->
  </head>

  <body>
    <div class="top-banner-root">
      <span class="top-banner-title-font">Test results</span>
      <br/>
      <span class="top-banner-font-1">1 suite, 3 failed tests</span>
    </div> <!-- top-banner-root -->
    <div class="navigator-root">
      <div class="navigator-suite-header">
        <span>All suites</span>
        <a href="#" title="Collapse/expand all the suites" class="collapse-all-link">
          <img src="collapseall.gif" class="collapse-all-icon">
          </img> <!-- collapse-all-icon -->
        </a> <!-- collapse-all-link -->
      </div> <!-- navigator-suite-header -->
      <div class="suite">
        <div class="rounded-window">
          <div class="suite-header light-rounded-window-top">
            <a href="#" panel-name="suite-Tata_Studi_QA" class="navigator-link">
<<<<<<< HEAD
              <span class="suite-name border-failed">Tata Studi QA</span>
=======
              <span class="suite-name border-passed">Tata Studi QA</span>
>>>>>>> 4540b4c02b2b48196ab7879a21c7cd119e28e367
            </a> <!-- navigator-link -->
          </div> <!-- suite-header light-rounded-window-top -->
          <div class="navigator-suite-content">
            <div class="suite-section-title">
              <span>Info</span>
            </div> <!-- suite-section-title -->
            <div class="suite-section-content">
              <ul>
                <li>
                  <a href="#" panel-name="test-xml-Tata_Studi_QA" class="navigator-link ">
                    <span>C:\Users\Dell\eclipse-workspace-temp\TATA_Studi\testng_Phase2.xml</span>
                  </a> <!-- navigator-link  -->
                </li>
                <li>
                  <a href="#" panel-name="testlist-Tata_Studi_QA" class="navigator-link ">
                    <span class="test-stats">1 test</span>
                  </a> <!-- navigator-link  -->
                </li>
                <li>
                  <a href="#" panel-name="group-Tata_Studi_QA" class="navigator-link ">
                    <span>0 groups</span>
                  </a> <!-- navigator-link  -->
                </li>
                <li>
                  <a href="#" panel-name="times-Tata_Studi_QA" class="navigator-link ">
                    <span>Times</span>
                  </a> <!-- navigator-link  -->
                </li>
                <li>
                  <a href="#" panel-name="reporter-Tata_Studi_QA" class="navigator-link ">
                    <span>Reporter output</span>
                  </a> <!-- navigator-link  -->
                </li>
                <li>
                  <a href="#" panel-name="ignored-methods-Tata_Studi_QA" class="navigator-link ">
                    <span>Ignored methods</span>
                  </a> <!-- navigator-link  -->
                </li>
                <li>
                  <a href="#" panel-name="chronological-Tata_Studi_QA" class="navigator-link ">
                    <span>Chronological view</span>
                  </a> <!-- navigator-link  -->
                </li>
              </ul>
            </div> <!-- suite-section-content -->
            <div class="result-section">
              <div class="suite-section-title">
                <span>Results</span>
              </div> <!-- suite-section-title -->
              <div class="suite-section-content">
                <ul>
                  <li>
<<<<<<< HEAD
                    <span class="method-stats">6 methods, 3 failed,   3 passed</span>
                  </li>
                  <li>
                    <span class="method-list-title failed">Failed methods</span>
                    <span class="show-or-hide-methods failed">
                      <a href="#" panel-name="suite-Tata_Studi_QA" class="hide-methods failed suite-Tata_Studi_QA"> (hide)</a> <!-- hide-methods failed suite-Tata_Studi_QA -->
                      <a href="#" panel-name="suite-Tata_Studi_QA" class="show-methods failed suite-Tata_Studi_QA"> (show)</a> <!-- show-methods failed suite-Tata_Studi_QA -->
                    </span>
                    <div class="method-list-content failed suite-Tata_Studi_QA">
                      <span>
                        <img src="failed.png" width="3%"/>
                        <a href="#" panel-name="suite-Tata_Studi_QA" title="studi.co.testScripts.Assignment_Digital_Test" class="method navigator-link" hash-for-method="TC14_To_Verify_From_Review_User_Should_be_Able_To_Redirect_The_Test_Summary_and_Redo_Test">TC14_To_Verify_From_Review_User_Should_be_Able_To_Redirect_The_Test_Summary_and_Redo_Test</a> <!-- method navigator-link -->
                      </span>
                      <br/>
                      <span>
                        <img src="failed.png" width="3%"/>
                        <a href="#" panel-name="suite-Tata_Studi_QA" title="studi.co.testScripts.Assignment_Digital_Test" class="method navigator-link" hash-for-method="TC16_To_verify_the_message_After_abandon_the_test">TC16_To_verify_the_message_After_abandon_the_test</a> <!-- method navigator-link -->
                      </span>
                      <br/>
                      <span>
                        <img src="failed.png" width="3%"/>
                        <a href="#" panel-name="suite-Tata_Studi_QA" title="studi.co.testScripts.Assignment_Digital_Test" class="method navigator-link" hash-for-method="TC17_To_verify_after_submitting_the_test_user_should_be_able_to_Check_Answers">TC17_To_verify_after_submitting_the_test_user_should_be_able_to_Check_Answers</a> <!-- method navigator-link -->
                      </span>
                      <br/>
                    </div> <!-- method-list-content failed suite-Tata_Studi_QA -->
                  </li>
                  <li>
                    <span class="method-list-title passed">Passed methods</span>
                    <span class="show-or-hide-methods passed">
                      <a href="#" panel-name="suite-Tata_Studi_QA" class="hide-methods passed suite-Tata_Studi_QA"> (hide)</a> <!-- hide-methods passed suite-Tata_Studi_QA -->
                      <a href="#" panel-name="suite-Tata_Studi_QA" class="show-methods passed suite-Tata_Studi_QA"> (show)</a> <!-- show-methods passed suite-Tata_Studi_QA -->
                    </span>
                    <div class="method-list-content passed suite-Tata_Studi_QA">
                      <span>
                        <img src="passed.png" width="3%"/>
                        <a href="#" panel-name="suite-Tata_Studi_QA" title="studi.co.testScripts.Assignment_Digital_Test" class="method navigator-link" hash-for-method="TC11_To_Verify_the_review_Scrolling">TC11_To_Verify_the_review_Scrolling</a> <!-- method navigator-link -->
=======
                    <span class="method-stats">4 methods,   4 passed</span>
                  </li>
                  <li>
                    <span class="method-list-title passed">Passed methods</span>
                    <span class="show-or-hide-methods passed">
                      <a href="#" panel-name="suite-Tata_Studi_QA" class="hide-methods passed suite-Tata_Studi_QA"> (hide)</a> <!-- hide-methods passed suite-Tata_Studi_QA -->
                      <a href="#" panel-name="suite-Tata_Studi_QA" class="show-methods passed suite-Tata_Studi_QA"> (show)</a> <!-- show-methods passed suite-Tata_Studi_QA -->
                    </span>
                    <div class="method-list-content passed suite-Tata_Studi_QA">
                      <span>
                        <img src="passed.png" width="3%"/>
                        <a href="#" panel-name="suite-Tata_Studi_QA" title="studi.co.testScripts.Assignment_Oral_Test" class="method navigator-link" hash-for-method="TC07_To_Verify_that_from_syllabus_menu_user_should_be_able_to_Navigate_Oral_Test">TC07_To_Verify_that_from_syllabus_menu_user_should_be_able_to_Navigate_Oral_Test</a> <!-- method navigator-link -->
                      </span>
                      <br/>
                      <span>
                        <img src="passed.png" width="3%"/>
                        <a href="#" panel-name="suite-Tata_Studi_QA" title="studi.co.testScripts.Assignment_Oral_Test" class="method navigator-link" hash-for-method="TC08_To_Verify_After_Clicking_On_Oral_Test_User_Should_be_able_to_View_Oral_Test_Option">TC08_To_Verify_After_Clicking_On_Oral_Test_User_Should_be_able_to_View_Oral_Test_Option</a> <!-- method navigator-link -->
                      </span>
                      <br/>
                      <span>
                        <img src="passed.png" width="3%"/>
                        <a href="#" panel-name="suite-Tata_Studi_QA" title="studi.co.testScripts.Assignment_Oral_Test" class="method navigator-link" hash-for-method="TC35_To_verify_Begin_test">TC35_To_verify_Begin_test</a> <!-- method navigator-link -->
>>>>>>> 4540b4c02b2b48196ab7879a21c7cd119e28e367
                      </span>
                      <br/>
                      <span>
                        <img src="passed.png" width="3%"/>
<<<<<<< HEAD
                        <a href="#" panel-name="suite-Tata_Studi_QA" title="studi.co.testScripts.Assignment_Digital_Test" class="method navigator-link" hash-for-method="TC13_To_Verify_The_Exit_Review">TC13_To_Verify_The_Exit_Review</a> <!-- method navigator-link -->
                      </span>
                      <br/>
                      <span>
                        <img src="passed.png" width="3%"/>
                        <a href="#" panel-name="suite-Tata_Studi_QA" title="studi.co.testScripts.Assignment_Digital_Test" class="method navigator-link" hash-for-method="TC15_To_verify_for_the_Abondon_Test">TC15_To_verify_for_the_Abondon_Test</a> <!-- method navigator-link -->
                      </span>
                      <br/>
=======
                        <a href="#" panel-name="suite-Tata_Studi_QA" title="studi.co.testScripts.Assignment_Oral_Test" class="method navigator-link" hash-for-method="TC40_To_verify_after_hiding_Answer_user_should_be_able_to_view_Answer_Again">TC40_To_verify_after_hiding_Answer_user_should_be_able_to_view_Answer_Again</a> <!-- method navigator-link -->
                      </span>
                      <br/>
>>>>>>> 4540b4c02b2b48196ab7879a21c7cd119e28e367
                    </div> <!-- method-list-content passed suite-Tata_Studi_QA -->
                  </li>
                </ul>
              </div> <!-- suite-section-content -->
            </div> <!-- result-section -->
          </div> <!-- navigator-suite-content -->
        </div> <!-- rounded-window -->
      </div> <!-- suite -->
    </div> <!-- navigator-root -->
    <div class="wrapper">
      <div class="main-panel-root">
        <div panel-name="suite-Tata_Studi_QA" class="panel Tata_Studi_QA">
<<<<<<< HEAD
          <div class="suite-Tata_Studi_QA-class-failed">
            <div class="main-panel-header rounded-window-top">
              <img src="failed.png"/>
              <span class="class-name">studi.co.testScripts.Assignment_Digital_Test</span>
=======
          <div class="suite-Tata_Studi_QA-class-passed">
            <div class="main-panel-header rounded-window-top">
              <img src="passed.png"/>
              <span class="class-name">studi.co.testScripts.Assignment_Oral_Test</span>
>>>>>>> 4540b4c02b2b48196ab7879a21c7cd119e28e367
            </div> <!-- main-panel-header rounded-window-top -->
            <div class="main-panel-content rounded-window-bottom">
              <div class="method">
                <div class="method-content">
<<<<<<< HEAD
                  <a name="TC14_To_Verify_From_Review_User_Should_be_Able_To_Redirect_The_Test_Summary_and_Redo_Test">
                  </a> <!-- TC14_To_Verify_From_Review_User_Should_be_Able_To_Redirect_The_Test_Summary_and_Redo_Test -->
                  <span class="method-name">TC14_To_Verify_From_Review_User_Should_be_Able_To_Redirect_The_Test_Summary_and_Redo_Test</span>
                  <div class="stack-trace">org.openqa.selenium.NoSuchElementException: Can&apos;t locate an element by this strategy: By.chained({By.id: com.tce.studi:id/ivNext})
	at io.appium.java_client.pagefactory.AppiumElementLocator.findElement(AppiumElementLocator.java:126)
	at io.appium.java_client.pagefactory.interceptors.InterceptorOfASingleElement.intercept(InterceptorOfASingleElement.java:59)
	at io.appium.java_client.android.AndroidElement$$EnhancerByCGLIB$$b598166c.getText(&lt;generated&gt;)
	at studi.co.Base.BaseClass.clickOnElement(BaseClass.java:487)
	at studi.co.pageModules.Module_Assignment_Digital_Test.to_verify_from_review_user_should_be_able_to_redirect_the_Test_Summary_and_redo_test(Module_Assignment_Digital_Test.java:908)
	at studi.co.testScripts.Assignment_Digital_Test.TC14_To_Verify_From_Review_User_Should_be_Able_To_Redirect_The_Test_Summary_and_Redo_Test(Assignment_Digital_Test.java:107)
Caused by: org.openqa.selenium.TimeoutException: Expected condition failed: waiting for io.appium.java_client.pagefactory.AppiumElementLocator$WaitingFunction@6aae0e6f (tried for 1 second(s) with 500 milliseconds interval)
	at org.openqa.selenium.support.ui.FluentWait.timeoutException(FluentWait.java:304)
	at org.openqa.selenium.support.ui.FluentWait.until(FluentWait.java:272)
	at io.appium.java_client.pagefactory.AppiumElementLocator.waitFor(AppiumElementLocator.java:99)
	at io.appium.java_client.pagefactory.AppiumElementLocator.findElement(AppiumElementLocator.java:119)
	... 30 more
Caused by: org.openqa.selenium.NoSuchElementException: Cannot locate an element using By.chained({By.id: com.tce.studi:id/ivNext})
For documentation on this error, please visit: https://www.seleniumhq.org/exceptions/no_such_element.html
Build info: version: &apos;3.141.59&apos;, revision: &apos;e82be7d358&apos;, time: &apos;2018-11-14T08:17:03&apos;
System info: host: &apos;DESKTOP-TMI6UL6&apos;, ip: &apos;192.168.31.152&apos;, os.name: &apos;Windows 10&apos;, os.arch: &apos;amd64&apos;, os.version: &apos;10.0&apos;, java.version: &apos;15.0.2&apos;
Driver info: driver.version: AndroidDriver
	at io.appium.java_client.pagefactory.bys.builder.ByChained.findElement(ByChained.java:74)
	at org.openqa.selenium.remote.RemoteWebDriver.findElement(RemoteWebDriver.java:315)
	at io.appium.java_client.DefaultGenericMobileDriver.findElement(DefaultGenericMobileDriver.java:58)
	at io.appium.java_client.AppiumDriver.findElement(AppiumDriver.java:1)
	at io.appium.java_client.android.AndroidDriver.findElement(AndroidDriver.java:1)
	at io.appium.java_client.pagefactory.bys.ContentMappedBy.findElement(ContentMappedBy.java:50)
	at org.openqa.selenium.remote.RemoteWebDriver.findElement(RemoteWebDriver.java:315)
	at io.appium.java_client.DefaultGenericMobileDriver.findElement(DefaultGenericMobileDriver.java:58)
	at io.appium.java_client.AppiumDriver.findElement(AppiumDriver.java:1)
	at io.appium.java_client.android.AndroidDriver.findElement(AndroidDriver.java:1)
	at io.appium.java_client.pagefactory.AppiumElementLocator.lambda$0(AppiumElementLocator.java:120)
	at io.appium.java_client.pagefactory.AppiumElementLocator$WaitingFunction.apply(AppiumElementLocator.java:172)
	at io.appium.java_client.pagefactory.AppiumElementLocator$WaitingFunction.apply(AppiumElementLocator.java:1)
	at org.openqa.selenium.support.ui.FluentWait.until(FluentWait.java:249)
	... 32 more
... Removed 25 stack frames
</div> <!-- stack-trace -->
                </div> <!-- method-content -->
              </div> <!-- method -->
              <div class="method">
                <div class="method-content">
                  <a name="TC16_To_verify_the_message_After_abandon_the_test">
                  </a> <!-- TC16_To_verify_the_message_After_abandon_the_test -->
                  <span class="method-name">TC16_To_verify_the_message_After_abandon_the_test</span>
                  <div class="stack-trace">org.openqa.selenium.NoSuchElementException: Can&apos;t locate an element by this strategy: By.chained({By.xpath: /hierarchy/android.widget.FrameLayout/android.widget.LinearLayout/android.widget.FrameLayout/android.widget.LinearLayout/android.widget.FrameLayout/android.widget.RelativeLayout/android.widget.RelativeLayout/android.widget.FrameLayout[2]/android.widget.FrameLayout/android.view.ViewGroup/androidx.drawerlayout.widget.DrawerLayout/android.view.ViewGroup/android.widget.FrameLayout/android.view.ViewGroup/android.widget.ImageView[1]})
	at io.appium.java_client.pagefactory.AppiumElementLocator.findElement(AppiumElementLocator.java:126)
	at io.appium.java_client.pagefactory.interceptors.InterceptorOfASingleElement.intercept(InterceptorOfASingleElement.java:59)
	at io.appium.java_client.android.AndroidElement$$EnhancerByCGLIB$$b598166c.getText(&lt;generated&gt;)
	at studi.co.Base.BaseClass.clickOnElement(BaseClass.java:487)
	at studi.co.pageModules.Module_Assignment_Digital_Test.to_verify_the_message_After_abandon_the_test(Module_Assignment_Digital_Test.java:1031)
	at studi.co.testScripts.Assignment_Digital_Test.TC16_To_verify_the_message_After_abandon_the_test(Assignment_Digital_Test.java:119)
Caused by: org.openqa.selenium.TimeoutException: Expected condition failed: waiting for io.appium.java_client.pagefactory.AppiumElementLocator$WaitingFunction@7e2c6702 (tried for 1 second(s) with 500 milliseconds interval)
	at org.openqa.selenium.support.ui.FluentWait.timeoutException(FluentWait.java:304)
	at org.openqa.selenium.support.ui.FluentWait.until(FluentWait.java:272)
	at io.appium.java_client.pagefactory.AppiumElementLocator.waitFor(AppiumElementLocator.java:99)
	at io.appium.java_client.pagefactory.AppiumElementLocator.findElement(AppiumElementLocator.java:119)
	... 30 more
Caused by: org.openqa.selenium.NoSuchElementException: Cannot locate an element using By.chained({By.xpath: /hierarchy/android.widget.FrameLayout/android.widget.LinearLayout/android.widget.FrameLayout/android.widget.LinearLayout/android.widget.FrameLayout/android.widget.RelativeLayout/android.widget.RelativeLayout/android.widget.FrameLayout[2]/android.widget.FrameLayout/android.view.ViewGroup/androidx.drawerlayout.widget.DrawerLayout/android.view.ViewGroup/android.widget.FrameLayout/android.view.ViewGroup/android.widget.ImageView[1]})
For documentation on this error, please visit: https://www.seleniumhq.org/exceptions/no_such_element.html
Build info: version: &apos;3.141.59&apos;, revision: &apos;e82be7d358&apos;, time: &apos;2018-11-14T08:17:03&apos;
System info: host: &apos;DESKTOP-TMI6UL6&apos;, ip: &apos;192.168.31.152&apos;, os.name: &apos;Windows 10&apos;, os.arch: &apos;amd64&apos;, os.version: &apos;10.0&apos;, java.version: &apos;15.0.2&apos;
Driver info: driver.version: AndroidDriver
	at io.appium.java_client.pagefactory.bys.builder.ByChained.findElement(ByChained.java:74)
	at org.openqa.selenium.remote.RemoteWebDriver.findElement(RemoteWebDriver.java:315)
	at io.appium.java_client.DefaultGenericMobileDriver.findElement(DefaultGenericMobileDriver.java:58)
	at io.appium.java_client.AppiumDriver.findElement(AppiumDriver.java:1)
	at io.appium.java_client.android.AndroidDriver.findElement(AndroidDriver.java:1)
	at io.appium.java_client.pagefactory.bys.ContentMappedBy.findElement(ContentMappedBy.java:50)
	at org.openqa.selenium.remote.RemoteWebDriver.findElement(RemoteWebDriver.java:315)
	at io.appium.java_client.DefaultGenericMobileDriver.findElement(DefaultGenericMobileDriver.java:58)
	at io.appium.java_client.AppiumDriver.findElement(AppiumDriver.java:1)
	at io.appium.java_client.android.AndroidDriver.findElement(AndroidDriver.java:1)
	at io.appium.java_client.pagefactory.AppiumElementLocator.lambda$0(AppiumElementLocator.java:120)
	at io.appium.java_client.pagefactory.AppiumElementLocator$WaitingFunction.apply(AppiumElementLocator.java:172)
	at io.appium.java_client.pagefactory.AppiumElementLocator$WaitingFunction.apply(AppiumElementLocator.java:1)
	at org.openqa.selenium.support.ui.FluentWait.until(FluentWait.java:249)
	... 32 more
... Removed 25 stack frames
</div> <!-- stack-trace -->
=======
                  <a name="TC07_To_Verify_that_from_syllabus_menu_user_should_be_able_to_Navigate_Oral_Test">
                  </a> <!-- TC07_To_Verify_that_from_syllabus_menu_user_should_be_able_to_Navigate_Oral_Test -->
                  <span class="method-name">TC07_To_Verify_that_from_syllabus_menu_user_should_be_able_to_Navigate_Oral_Test</span>
>>>>>>> 4540b4c02b2b48196ab7879a21c7cd119e28e367
                </div> <!-- method-content -->
              </div> <!-- method -->
              <div class="method">
                <div class="method-content">
<<<<<<< HEAD
                  <a name="TC17_To_verify_after_submitting_the_test_user_should_be_able_to_Check_Answers">
                  </a> <!-- TC17_To_verify_after_submitting_the_test_user_should_be_able_to_Check_Answers -->
                  <span class="method-name">TC17_To_verify_after_submitting_the_test_user_should_be_able_to_Check_Answers</span>
                  <div class="stack-trace">org.openqa.selenium.NoSuchElementException: Can&apos;t locate an element by this strategy: By.chained({By.AndroidUIAutomator: new UiSelector().textContains(&quot;That’s right.&quot;)})
	at io.appium.java_client.pagefactory.AppiumElementLocator.findElement(AppiumElementLocator.java:126)
	at io.appium.java_client.pagefactory.interceptors.InterceptorOfASingleElement.intercept(InterceptorOfASingleElement.java:59)
	at io.appium.java_client.android.AndroidElement$$EnhancerByCGLIB$$b598166c.isDisplayed(&lt;generated&gt;)
	at studi.co.pageModules.Module_Assignment_Digital_Test.to_verify_after_submitting_the_test_user_should_be_able_to_Check_Answers(Module_Assignment_Digital_Test.java:1114)
	at studi.co.testScripts.Assignment_Digital_Test.TC17_To_verify_after_submitting_the_test_user_should_be_able_to_Check_Answers(Assignment_Digital_Test.java:126)
Caused by: org.openqa.selenium.TimeoutException: Expected condition failed: waiting for io.appium.java_client.pagefactory.AppiumElementLocator$WaitingFunction@4404a6b (tried for 1 second(s) with 500 milliseconds interval)
	at org.openqa.selenium.support.ui.FluentWait.timeoutException(FluentWait.java:304)
	at org.openqa.selenium.support.ui.FluentWait.until(FluentWait.java:272)
	at io.appium.java_client.pagefactory.AppiumElementLocator.waitFor(AppiumElementLocator.java:99)
	at io.appium.java_client.pagefactory.AppiumElementLocator.findElement(AppiumElementLocator.java:119)
	... 29 more
Caused by: org.openqa.selenium.NoSuchElementException: Cannot locate an element using By.chained({By.AndroidUIAutomator: new UiSelector().textContains(&quot;That’s right.&quot;)})
For documentation on this error, please visit: https://www.seleniumhq.org/exceptions/no_such_element.html
Build info: version: &apos;3.141.59&apos;, revision: &apos;e82be7d358&apos;, time: &apos;2018-11-14T08:17:03&apos;
System info: host: &apos;DESKTOP-TMI6UL6&apos;, ip: &apos;192.168.31.152&apos;, os.name: &apos;Windows 10&apos;, os.arch: &apos;amd64&apos;, os.version: &apos;10.0&apos;, java.version: &apos;15.0.2&apos;
Driver info: driver.version: AndroidDriver
	at io.appium.java_client.pagefactory.bys.builder.ByChained.findElement(ByChained.java:74)
	at org.openqa.selenium.remote.RemoteWebDriver.findElement(RemoteWebDriver.java:315)
	at io.appium.java_client.DefaultGenericMobileDriver.findElement(DefaultGenericMobileDriver.java:58)
	at io.appium.java_client.AppiumDriver.findElement(AppiumDriver.java:1)
	at io.appium.java_client.android.AndroidDriver.findElement(AndroidDriver.java:1)
	at io.appium.java_client.pagefactory.bys.ContentMappedBy.findElement(ContentMappedBy.java:50)
	at org.openqa.selenium.remote.RemoteWebDriver.findElement(RemoteWebDriver.java:315)
	at io.appium.java_client.DefaultGenericMobileDriver.findElement(DefaultGenericMobileDriver.java:58)
	at io.appium.java_client.AppiumDriver.findElement(AppiumDriver.java:1)
	at io.appium.java_client.android.AndroidDriver.findElement(AndroidDriver.java:1)
	at io.appium.java_client.pagefactory.AppiumElementLocator.lambda$0(AppiumElementLocator.java:120)
	at io.appium.java_client.pagefactory.AppiumElementLocator$WaitingFunction.apply(AppiumElementLocator.java:172)
	at io.appium.java_client.pagefactory.AppiumElementLocator$WaitingFunction.apply(AppiumElementLocator.java:1)
	at org.openqa.selenium.support.ui.FluentWait.until(FluentWait.java:249)
	... 31 more
... Removed 25 stack frames
</div> <!-- stack-trace -->
=======
                  <a name="TC08_To_Verify_After_Clicking_On_Oral_Test_User_Should_be_able_to_View_Oral_Test_Option">
                  </a> <!-- TC08_To_Verify_After_Clicking_On_Oral_Test_User_Should_be_able_to_View_Oral_Test_Option -->
                  <span class="method-name">TC08_To_Verify_After_Clicking_On_Oral_Test_User_Should_be_able_to_View_Oral_Test_Option</span>
>>>>>>> 4540b4c02b2b48196ab7879a21c7cd119e28e367
                </div> <!-- method-content -->
              </div> <!-- method -->
            </div> <!-- main-panel-content rounded-window-bottom -->
          </div> <!-- suite-Tata_Studi_QA-class-failed -->
          <div class="suite-Tata_Studi_QA-class-passed">
            <div class="main-panel-header rounded-window-top">
              <img src="passed.png"/>
              <span class="class-name">studi.co.testScripts.Assignment_Digital_Test</span>
            </div> <!-- main-panel-header rounded-window-top -->
            <div class="main-panel-content rounded-window-bottom">
              <div class="method">
                <div class="method-content">
<<<<<<< HEAD
                  <a name="TC11_To_Verify_the_review_Scrolling">
                  </a> <!-- TC11_To_Verify_the_review_Scrolling -->
                  <span class="method-name">TC11_To_Verify_the_review_Scrolling</span>
=======
                  <a name="TC35_To_verify_Begin_test">
                  </a> <!-- TC35_To_verify_Begin_test -->
                  <span class="method-name">TC35_To_verify_Begin_test</span>
>>>>>>> 4540b4c02b2b48196ab7879a21c7cd119e28e367
                </div> <!-- method-content -->
              </div> <!-- method -->
              <div class="method">
                <div class="method-content">
<<<<<<< HEAD
                  <a name="TC13_To_Verify_The_Exit_Review">
                  </a> <!-- TC13_To_Verify_The_Exit_Review -->
                  <span class="method-name">TC13_To_Verify_The_Exit_Review</span>
                </div> <!-- method-content -->
              </div> <!-- method -->
              <div class="method">
                <div class="method-content">
                  <a name="TC15_To_verify_for_the_Abondon_Test">
                  </a> <!-- TC15_To_verify_for_the_Abondon_Test -->
                  <span class="method-name">TC15_To_verify_for_the_Abondon_Test</span>
=======
                  <a name="TC40_To_verify_after_hiding_Answer_user_should_be_able_to_view_Answer_Again">
                  </a> <!-- TC40_To_verify_after_hiding_Answer_user_should_be_able_to_view_Answer_Again -->
                  <span class="method-name">TC40_To_verify_after_hiding_Answer_user_should_be_able_to_view_Answer_Again</span>
>>>>>>> 4540b4c02b2b48196ab7879a21c7cd119e28e367
                </div> <!-- method-content -->
              </div> <!-- method -->
            </div> <!-- main-panel-content rounded-window-bottom -->
          </div> <!-- suite-Tata_Studi_QA-class-passed -->
        </div> <!-- panel Tata_Studi_QA -->
        <div panel-name="test-xml-Tata_Studi_QA" class="panel">
          <div class="main-panel-header rounded-window-top">
            <span class="header-content">C:\Users\Dell\eclipse-workspace-temp\TATA_Studi\testng_Phase2.xml</span>
          </div> <!-- main-panel-header rounded-window-top -->
          <div class="main-panel-content rounded-window-bottom">
            <pre>
&lt;?xml version=&quot;1.0&quot; encoding=&quot;UTF-8&quot;?&gt;
&lt;!DOCTYPE suite SYSTEM &quot;http://testng.org/testng-1.0.dtd&quot;&gt;
&lt;suite name=&quot;Tata Studi QA&quot; guice-stage=&quot;DEVELOPMENT&quot;&gt;
  &lt;listeners&gt;
    &lt;listener class-name=&quot;studi.co.Base.TestListener&quot;/&gt;
    &lt;listener class-name=&quot;studi.co.testng.EmailableReportListener&quot;/&gt;
  &lt;/listeners&gt;
  &lt;test thread-count=&quot;5&quot; name=&quot;Test&quot;&gt;
    &lt;classes&gt;
<<<<<<< HEAD
      &lt;class name=&quot;studi.co.testScripts.Assignment_Digital_Test&quot;/&gt;
=======
      &lt;class name=&quot;studi.co.testScripts.Assignment_Oral_Test&quot;/&gt;
>>>>>>> 4540b4c02b2b48196ab7879a21c7cd119e28e367
    &lt;/classes&gt;
  &lt;/test&gt; &lt;!-- Test --&gt;
&lt;/suite&gt; &lt;!-- Tata Studi QA --&gt;
            </pre>
          </div> <!-- main-panel-content rounded-window-bottom -->
        </div> <!-- panel -->
        <div panel-name="testlist-Tata_Studi_QA" class="panel">
          <div class="main-panel-header rounded-window-top">
            <span class="header-content">Tests for Tata Studi QA</span>
          </div> <!-- main-panel-header rounded-window-top -->
          <div class="main-panel-content rounded-window-bottom">
            <ul>
              <li>
                <span class="test-name">Test (1 class)</span>
              </li>
            </ul>
          </div> <!-- main-panel-content rounded-window-bottom -->
        </div> <!-- panel -->
        <div panel-name="group-Tata_Studi_QA" class="panel">
          <div class="main-panel-header rounded-window-top">
            <span class="header-content">Groups for Tata Studi QA</span>
          </div> <!-- main-panel-header rounded-window-top -->
          <div class="main-panel-content rounded-window-bottom">
          </div> <!-- main-panel-content rounded-window-bottom -->
        </div> <!-- panel -->
        <div panel-name="times-Tata_Studi_QA" class="panel">
          <div class="main-panel-header rounded-window-top">
            <span class="header-content">Times for Tata Studi QA</span>
          </div> <!-- main-panel-header rounded-window-top -->
          <div class="main-panel-content rounded-window-bottom">
            <div class="times-div">
              <script type="text/javascript">
suiteTableInitFunctions.push('tableData_Tata_Studi_QA');
function tableData_Tata_Studi_QA() {
var data = new google.visualization.DataTable();
data.addColumn('number', 'Number');
data.addColumn('string', 'Method');
data.addColumn('string', 'Class');
data.addColumn('number', 'Time (ms)');
<<<<<<< HEAD
data.addRows(6);
data.setCell(0, 0, 0)
data.setCell(0, 1, 'TC17_To_verify_after_submitting_the_test_user_should_be_able_to_Check_Answers')
data.setCell(0, 2, 'studi.co.testScripts.Assignment_Digital_Test')
data.setCell(0, 3, 200574);
data.setCell(1, 0, 1)
data.setCell(1, 1, 'TC13_To_Verify_The_Exit_Review')
data.setCell(1, 2, 'studi.co.testScripts.Assignment_Digital_Test')
data.setCell(1, 3, 190394);
data.setCell(2, 0, 2)
data.setCell(2, 1, 'TC14_To_Verify_From_Review_User_Should_be_Able_To_Redirect_The_Test_Summary_and_Redo_Test')
data.setCell(2, 2, 'studi.co.testScripts.Assignment_Digital_Test')
data.setCell(2, 3, 184224);
data.setCell(3, 0, 3)
data.setCell(3, 1, 'TC11_To_Verify_the_review_Scrolling')
data.setCell(3, 2, 'studi.co.testScripts.Assignment_Digital_Test')
data.setCell(3, 3, 150933);
data.setCell(4, 0, 4)
data.setCell(4, 1, 'TC16_To_verify_the_message_After_abandon_the_test')
data.setCell(4, 2, 'studi.co.testScripts.Assignment_Digital_Test')
data.setCell(4, 3, 112979);
data.setCell(5, 0, 5)
data.setCell(5, 1, 'TC15_To_verify_for_the_Abondon_Test')
data.setCell(5, 2, 'studi.co.testScripts.Assignment_Digital_Test')
data.setCell(5, 3, 53753);
=======
data.addRows(4);
data.setCell(0, 0, 0)
data.setCell(0, 1, 'TC40_To_verify_after_hiding_Answer_user_should_be_able_to_view_Answer_Again')
data.setCell(0, 2, 'studi.co.testScripts.Assignment_Oral_Test')
data.setCell(0, 3, 42248);
data.setCell(1, 0, 1)
data.setCell(1, 1, 'TC35_To_verify_Begin_test')
data.setCell(1, 2, 'studi.co.testScripts.Assignment_Oral_Test')
data.setCell(1, 3, 41800);
data.setCell(2, 0, 2)
data.setCell(2, 1, 'TC08_To_Verify_After_Clicking_On_Oral_Test_User_Should_be_able_to_View_Oral_Test_Option')
data.setCell(2, 2, 'studi.co.testScripts.Assignment_Oral_Test')
data.setCell(2, 3, 16308);
data.setCell(3, 0, 3)
data.setCell(3, 1, 'TC07_To_Verify_that_from_syllabus_menu_user_should_be_able_to_Navigate_Oral_Test')
data.setCell(3, 2, 'studi.co.testScripts.Assignment_Oral_Test')
data.setCell(3, 3, 5944);
>>>>>>> 4540b4c02b2b48196ab7879a21c7cd119e28e367
window.suiteTableData['Tata_Studi_QA']= { tableData: data, tableDiv: 'times-div-Tata_Studi_QA'}
return data;
}
              </script>
<<<<<<< HEAD
              <span class="suite-total-time">Total running time: 14 minutes</span>
=======
              <span class="suite-total-time">Total running time: 1 minutes</span>
>>>>>>> 4540b4c02b2b48196ab7879a21c7cd119e28e367
              <div id="times-div-Tata_Studi_QA">
              </div> <!-- times-div-Tata_Studi_QA -->
            </div> <!-- times-div -->
          </div> <!-- main-panel-content rounded-window-bottom -->
        </div> <!-- panel -->
        <div panel-name="reporter-Tata_Studi_QA" class="panel">
          <div class="main-panel-header rounded-window-top">
            <span class="header-content">Reporter output for Tata Studi QA</span>
          </div> <!-- main-panel-header rounded-window-top -->
          <div class="main-panel-content rounded-window-bottom">
          </div> <!-- main-panel-content rounded-window-bottom -->
        </div> <!-- panel -->
        <div panel-name="ignored-methods-Tata_Studi_QA" class="panel">
          <div class="main-panel-header rounded-window-top">
<<<<<<< HEAD
            <span class="header-content">10 ignored methods</span>
          </div> <!-- main-panel-header rounded-window-top -->
          <div class="main-panel-content rounded-window-bottom">
            <div class="ignored-class-div">
              <span class="ignored-class-name">studi.co.testScripts.Assignment_Digital_Test</span>
              <div class="ignored-methods-div">
                <span class="ignored-method-name">TC03_To_Verify_while_Entering_Test_Setting_Details_User_Able_To_ON_Help_Toggle</span>
                <br/>
                <span class="ignored-method-name">TC06_To_Verify_Add_Flag_For_Review_Before_Submission</span>
                <br/>
                <span class="ignored-method-name">TC12_To_Verify_the_Close_Review</span>
                <br/>
                <span class="ignored-method-name">TC08_To_Verify_the_review_of_Digital_test</span>
                <br/>
                <span class="ignored-method-name">TC01_To_Verify_Test_Duration_should_be_display_as_per_selection_in_the_test_Settings</span>
                <br/>
                <span class="ignored-method-name">TC05_To_Verify_Assign_Digital_Test_and_success_message</span>
                <br/>
                <span class="ignored-method-name">TC02_To_Verify_That_After_Test_Begin_Timer_Should_Get_Start</span>
                <br/>
                <span class="ignored-method-name">TC09_To_Verify_The_Flag_Reflection_On_Review</span>
                <br/>
                <span class="ignored-method-name">TC04_To_Verify_while_Entering_Test_Setting_Details_User_Able_To_OFF_Help_Toggle</span>
                <br/>
                <span class="ignored-method-name">TC07_To_verify_that_at_time_of_test_submission_count_of_attempted_Pending_Flagged_questions_should_be_display</span>
=======
            <span class="header-content">37 ignored methods</span>
          </div> <!-- main-panel-header rounded-window-top -->
          <div class="main-panel-content rounded-window-bottom">
            <div class="ignored-class-div">
              <span class="ignored-class-name">studi.co.testScripts.Assignment_Oral_Test</span>
              <div class="ignored-methods-div">
                <span class="ignored-method-name">TC36_To_verify_the_question_with_Answer_appears_in_Green_Color</span>
                <br/>
                <span class="ignored-method-name">TC39_To_verify_user_should_be_able_to_hide_answers</span>
                <br/>
                <span class="ignored-method-name">TC32_To_Verify_the_navigation_from_Start_Test_Now</span>
                <br/>
                <span class="ignored-method-name">TC45_To_verify_user_should_be_able_to_end_test_without_checking_the_Answer</span>
                <br/>
                <span class="ignored-method-name">TC24_To_Verify_That_While_Entering_Test_Setting_Details_User_Able_To_ON_Help_Toggle</span>
                <br/>
                <span class="ignored-method-name">TC11_To_Verify_That_User_is_Able_to_Select_the_Topics_from_Subject</span>
                <br/>
                <span class="ignored-method-name">TC29_To_Verify_input_limitation_and_input_validation_for_the_title</span>
                <br/>
                <span class="ignored-method-name">TC25_To_Verify_That_While_Entering_Test_Setting_Details_User_Able_To_OFF_Help_Toggle</span>
                <br/>
                <span class="ignored-method-name">TC44_To_verify_with_Incorrect_Answer</span>
                <br/>
                <span class="ignored-method-name">TC33_To_Verify_the_Start_Test_UI</span>
                <br/>
                <span class="ignored-method-name">TC17_To_Verify_that_user_should_be_able_to_move_from_current_step_to_next_step</span>
                <br/>
                <span class="ignored-method-name">TC41_To_verify_the_Answer_with_Did_you_get_it_right</span>
                <br/>
                <span class="ignored-method-name">TC18_To_Verify_that_user_should_be_able_to_move_from_current_step_to_previous_step</span>
                <br/>
                <span class="ignored-method-name">TC26_To_Verify_Default_Title_of_the_Oral_Test</span>
                <br/>
                <span class="ignored-method-name">TC23_To_Verify_on_step_3_Enter_Test_Settings_Screen_Should_Get_Display</span>
                <br/>
                <span class="ignored-method-name">TC46_To_verify_that_submit_Test_successfully</span>
                <br/>
                <span class="ignored-method-name">TC37_To_verify_To_verify_the_zoom_functionality_for_Pictures</span>
                <br/>
                <span class="ignored-method-name">TC28_To_Verify_Edit_Title_of_the_Oral_test</span>
                <br/>
                <span class="ignored-method-name">TC19_To_Verify_that_on_all_steps_user_able_to_delete_it_the_all_oral_creation_process</span>
                <br/>
                <span class="ignored-method-name">TC10_To_Verify_That_User_is_Able_to_Select_the_Chapters_from_Subject</span>
                <br/>
                <span class="ignored-method-name">TC12_To_verify_for_select_Deselect_of_chapters_and_Topics</span>
                <br/>
                <span class="ignored-method-name">TC27_Verify_with_blank_Title</span>
                <br/>
                <span class="ignored-method-name">TC52_To_verify_Reurn_to_test_functionality_after_submission_of_test</span>
                <br/>
                <span class="ignored-method-name">TC20_To_Verify_that_after_click_on_delete_two_option_should_get_display</span>
                <br/>
                <span class="ignored-method-name">TC21_To_Verify_that_With_YesPleaseDiscard_button</span>
                <br/>
                <span class="ignored-method-name">TC09_To_Verify_that_User_Should_be_able_to_Add_the_Content_Even_if_Striked_off_for_Creating_Oral_Test</span>
                <br/>
                <span class="ignored-method-name">TC47_To_verify_after_submit_oral_test_there_should_not_be_any_scoring_critria</span>
                <br/>
                <span class="ignored-method-name">TC30_To_Verify_Set_Level_Of_Difficulty_For_The_Test</span>
                <br/>
                <span class="ignored-method-name">TC53_To_check_for_the_confirmation_Message_for_redo_test_after_submiting_test</span>
                <br/>
                <span class="ignored-method-name">TC22_To_Verify_With_TakeMeBack_Button</span>
                <br/>
                <span class="ignored-method-name">TC34_To_Verify_When_click_on_start_test_button_before_starting_test_user_should_be_Able_to_view_Videos</span>
                <br/>
                <span class="ignored-method-name">TC31_To_Verify_To_Set_Duration_For_The_Test</span>
                <br/>
                <span class="ignored-method-name">TC54_To_verify_the_functionality_of_redo_test</span>
                <br/>
                <span class="ignored-method-name">TC42_To_Verify_with_correct_Answer</span>
                <br/>
                <span class="ignored-method-name">TC38_To_verify_the_Default_Correct_Answer_of_question_is_display</span>
                <br/>
                <span class="ignored-method-name">TC51_Verify_the_actions_on_last_question_of_the_Oral_test</span>
                <br/>
                <span class="ignored-method-name">TC43_To_verify_with_Partialy_correct_Answer</span>
>>>>>>> 4540b4c02b2b48196ab7879a21c7cd119e28e367
                <br/>
              </div> <!-- ignored-methods-div -->
            </div> <!-- ignored-class-div -->
          </div> <!-- main-panel-content rounded-window-bottom -->
        </div> <!-- panel -->
        <div panel-name="chronological-Tata_Studi_QA" class="panel">
          <div class="main-panel-header rounded-window-top">
            <span class="header-content">Methods in chronological order</span>
          </div> <!-- main-panel-header rounded-window-top -->
          <div class="main-panel-content rounded-window-bottom">
            <div class="chronological-class">
<<<<<<< HEAD
              <div class="chronological-class-name">studi.co.testScripts.Assignment_Digital_Test</div> <!-- chronological-class-name -->
              <div class="configuration-test before">
                <span class="method-name">beforeTest</span>
                <span class="method-start">0 ms</span>
              </div> <!-- configuration-test before -->
              <div class="test-method">
                <span class="method-name">TC11_To_Verify_the_review_Scrolling</span>
                <span class="method-start">13936 ms</span>
              </div> <!-- test-method -->
              <div class="configuration-method after">
                <span class="method-name">restApp</span>
                <span class="method-start">165603 ms</span>
              </div> <!-- configuration-method after -->
              <div class="test-method">
                <span class="method-name">TC13_To_Verify_The_Exit_Review</span>
                <span class="method-start">167201 ms</span>
              </div> <!-- test-method -->
              <div class="configuration-method after">
                <span class="method-name">restApp</span>
                <span class="method-start">358237 ms</span>
              </div> <!-- configuration-method after -->
              <div class="test-method">
                <img src="failed.png">
                </img>
                <span class="method-name">TC14_To_Verify_From_Review_User_Should_be_Able_To_Redirect_The_Test_Summary_and_Redo_Test</span>
                <span class="method-start">359899 ms</span>
              </div> <!-- test-method -->
              <div class="configuration-method after">
                <span class="method-name">restApp</span>
                <span class="method-start">544742 ms</span>
              </div> <!-- configuration-method after -->
              <div class="test-method">
                <span class="method-name">TC15_To_verify_for_the_Abondon_Test</span>
                <span class="method-start">546473 ms</span>
              </div> <!-- test-method -->
              <div class="configuration-method after">
                <span class="method-name">restApp</span>
                <span class="method-start">600887 ms</span>
              </div> <!-- configuration-method after -->
              <div class="test-method">
                <img src="failed.png">
                </img>
                <span class="method-name">TC16_To_verify_the_message_After_abandon_the_test</span>
                <span class="method-start">602677 ms</span>
              </div> <!-- test-method -->
              <div class="configuration-method after">
                <span class="method-name">restApp</span>
                <span class="method-start">716340 ms</span>
              </div> <!-- configuration-method after -->
              <div class="test-method">
                <img src="failed.png">
                </img>
                <span class="method-name">TC17_To_verify_after_submitting_the_test_user_should_be_able_to_Check_Answers</span>
                <span class="method-start">717987 ms</span>
              </div> <!-- test-method -->
              <div class="configuration-method after">
                <span class="method-name">restApp</span>
                <span class="method-start">919208 ms</span>
              </div> <!-- configuration-method after -->
              <div class="configuration-test after">
                <span class="method-name">afterTest</span>
                <span class="method-start">920903 ms</span>
=======
              <div class="chronological-class-name">studi.co.testScripts.Assignment_Oral_Test</div> <!-- chronological-class-name -->
              <div class="configuration-suite before">
                <span class="method-name">RandomString</span>
                <span class="method-start">0 ms</span>
              </div> <!-- configuration-suite before -->
              <div class="configuration-test before">
                <span class="method-name">beforeTest</span>
                <span class="method-start">330 ms</span>
              </div> <!-- configuration-test before -->
              <div class="test-method">
                <span class="method-name">TC07_To_Verify_that_from_syllabus_menu_user_should_be_able_to_Navigate_Oral_Test</span>
                <span class="method-start">53850 ms</span>
              </div> <!-- test-method -->
              <div class="configuration-method after">
                <span class="method-name">restApp</span>
                <span class="method-start">60774 ms</span>
              </div> <!-- configuration-method after -->
              <div class="test-method">
                <span class="method-name">TC08_To_Verify_After_Clicking_On_Oral_Test_User_Should_be_able_to_View_Oral_Test_Option</span>
                <span class="method-start">61921 ms</span>
              </div> <!-- test-method -->
              <div class="configuration-method after">
                <span class="method-name">restApp</span>
                <span class="method-start">78890 ms</span>
              </div> <!-- configuration-method after -->
              <div class="test-method">
                <span class="method-name">TC35_To_verify_Begin_test</span>
                <span class="method-start">80101 ms</span>
              </div> <!-- test-method -->
              <div class="configuration-method after">
                <span class="method-name">restApp</span>
                <span class="method-start">123537 ms</span>
              </div> <!-- configuration-method after -->
              <div class="test-method">
                <span class="method-name">TC40_To_verify_after_hiding_Answer_user_should_be_able_to_view_Answer_Again</span>
                <span class="method-start">124804 ms</span>
              </div> <!-- test-method -->
              <div class="configuration-method after">
                <span class="method-name">restApp</span>
                <span class="method-start">170327 ms</span>
              </div> <!-- configuration-method after -->
              <div class="configuration-test after">
                <span class="method-name">afterTest</span>
                <span class="method-start">171045 ms</span>
>>>>>>> 4540b4c02b2b48196ab7879a21c7cd119e28e367
              </div> <!-- configuration-test after -->
          </div> <!-- main-panel-content rounded-window-bottom -->
        </div> <!-- panel -->
      </div> <!-- main-panel-root -->
    </div> <!-- wrapper -->
  </body>
</html>
