<?xml version="1.0" encoding="UTF-8"?>
<!-- Generated by org.testng.reporters.JUnitReportReporter -->
<testsuite skipped="9" hostname="INDRANEELGHULE" name="studi.co.testScripts.Study_Plan_Review_Active_Plan" tests="11" failures="0" timestamp="19 Nov 2020 18:33:15 GMT" time="6.819" errors="2">
  <testcase name="teardown" time="0.003" classname="studi.co.testScripts.Study_Plan_Review_Active_Plan">
    <error type="java.lang.NullPointerException">
      <![CDATA[java.lang.NullPointerException
at studi.co.Base.BaseClass.teardown(BaseClass.java:180)
at sun.reflect.NativeMethodAccessorImpl.invoke0(Native Method)
at sun.reflect.NativeMethodAccessorImpl.invoke(Unknown Source)
at sun.reflect.DelegatingMethodAccessorImpl.invoke(Unknown Source)
at java.lang.reflect.Method.invoke(Unknown Source)
at org.testng.internal.MethodInvocationHelper.invokeMethod(MethodInvocationHelper.java:124)
at org.testng.internal.MethodInvocationHelper.invokeMethodConsideringTimeout(MethodInvocationHelper.java:59)
at org.testng.internal.Invoker.invokeConfigurationMethod(Invoker.java:455)
at org.testng.internal.Invoker.invokeConfigurations(Invoker.java:222)
at org.testng.internal.Invoker.invokeMethod(Invoker.java:643)
at org.testng.internal.Invoker.invokeTestMethod(Invoker.java:716)
at org.testng.internal.Invoker.invokeTestMethods(Invoker.java:988)
at org.testng.internal.TestMethodWorker.invokeTestMethods(TestMethodWorker.java:125)
at org.testng.internal.TestMethodWorker.run(TestMethodWorker.java:109)
at org.testng.TestRunner.privateRun(TestRunner.java:648)
at org.testng.TestRunner.run(TestRunner.java:505)
at org.testng.SuiteRunner.runTest(SuiteRunner.java:455)
at org.testng.SuiteRunner.access$000(SuiteRunner.java:40)
at org.testng.SuiteRunner$SuiteWorker.run(SuiteRunner.java:489)
at org.testng.internal.thread.ThreadUtil$1.call(ThreadUtil.java:52)
at java.util.concurrent.FutureTask.run(Unknown Source)
at java.util.concurrent.ThreadPoolExecutor.runWorker(Unknown Source)
at java.util.concurrent.ThreadPoolExecutor$Worker.run(Unknown Source)
at java.lang.Thread.run(Unknown Source)
]]>
    </error>
  </testcase> <!-- teardown -->
  <testcase name="Verify_user_should_be_able_to_view_the_available_Resource_of_bookshelf_1" time="6.816" classname="studi.co.testScripts.Study_Plan_Review_Active_Plan">
    <error type="org.openqa.selenium.WebDriverException" message="An unknown server-side error occurred while processing the command. Original error: Could not proxy command to the remote server. Original error: read ECONNRESET
Build info: version: &#039;3.5.3&#039;, revision: &#039;a88d25fe6b&#039;, time: &#039;2017-08-29T12:42:44.417Z&#039;
System info: host: &#039;INDRANEELGHULE&#039;, ip: &#039;192.168.0.100&#039;, os.name: &#039;Windows 7&#039;, os.arch: &#039;amd64&#039;, os.version: &#039;6.1&#039;, java.version: &#039;1.8.0_25&#039;
Driver info: org.openqa.selenium.remote.RemoteWebDriver
Capabilities [{appPackage=com.tce.afs, deviceScreenSize=720x1520, networkConnectionEnabled=true, statBarHeight=59, warnings={}, viewportRect={top=59, left=0, width=720, height=1306}, databaseEnabled=false, deviceName=R9ZN71027SD, platform=LINUX, deviceUDID=R9ZN71027SD, appActivity=com.tce.view.ui.activities.SplashScreenActivity, desired={appPackage=com.tce.afs, appActivity=com.tce.view.ui.activities.SplashScreenActivity, newCommandTimeout=120, platformVersion=10, platformName=Android, deviceName=ZY223HQBHZ}, newCommandTimeout=120, platformVersion=10, pixelRatio=2, webStorageEnabled=false, locationContextEnabled=false, takesScreenshot=true, javascriptEnabled=true, deviceScreenDensity=320, deviceModel=SM-M015G, deviceApiLevel=29, deviceManufacturer=samsung, platformName=LINUX}]
Session ID: 6f4da9f1-e8df-45ec-81e6-dbc08396810a
*** Element info: {Using=xpath, value=/hierarchy/android.widget.FrameLayout/android.widget.LinearLayout/android.widget.FrameLayout/android.widget.LinearLayout/android.widget.FrameLayout/android.view.ViewGroup/android.view.ViewGroup/android.view.ViewGroup/android.widget.TextView[1]}">
      <![CDATA[org.openqa.selenium.WebDriverException: An unknown server-side error occurred while processing the command. Original error: Could not proxy command to the remote server. Original error: read ECONNRESET
Build info: version: '3.5.3', revision: 'a88d25fe6b', time: '2017-08-29T12:42:44.417Z'
System info: host: 'INDRANEELGHULE', ip: '192.168.0.100', os.name: 'Windows 7', os.arch: 'amd64', os.version: '6.1', java.version: '1.8.0_25'
Driver info: org.openqa.selenium.remote.RemoteWebDriver
Capabilities [{appPackage=com.tce.afs, deviceScreenSize=720x1520, networkConnectionEnabled=true, statBarHeight=59, warnings={}, viewportRect={top=59, left=0, width=720, height=1306}, databaseEnabled=false, deviceName=R9ZN71027SD, platform=LINUX, deviceUDID=R9ZN71027SD, appActivity=com.tce.view.ui.activities.SplashScreenActivity, desired={appPackage=com.tce.afs, appActivity=com.tce.view.ui.activities.SplashScreenActivity, newCommandTimeout=120, platformVersion=10, platformName=Android, deviceName=ZY223HQBHZ}, newCommandTimeout=120, platformVersion=10, pixelRatio=2, webStorageEnabled=false, locationContextEnabled=false, takesScreenshot=true, javascriptEnabled=true, deviceScreenDensity=320, deviceModel=SM-M015G, deviceApiLevel=29, deviceManufacturer=samsung, platformName=LINUX}]
Session ID: 6f4da9f1-e8df-45ec-81e6-dbc08396810a
*** Element info: {Using=xpath, value=/hierarchy/android.widget.FrameLayout/android.widget.LinearLayout/android.widget.FrameLayout/android.widget.LinearLayout/android.widget.FrameLayout/android.view.ViewGroup/android.view.ViewGroup/android.view.ViewGroup/android.widget.TextView[1]}
at sun.reflect.NativeConstructorAccessorImpl.newInstance0(Native Method)
at sun.reflect.NativeConstructorAccessorImpl.newInstance(Unknown Source)
at sun.reflect.DelegatingConstructorAccessorImpl.newInstance(Unknown Source)
at java.lang.reflect.Constructor.newInstance(Unknown Source)
at org.openqa.selenium.remote.http.W3CHttpResponseCodec.createException(W3CHttpResponseCodec.java:185)
at org.openqa.selenium.remote.http.W3CHttpResponseCodec.decode(W3CHttpResponseCodec.java:120)
at org.openqa.selenium.remote.http.W3CHttpResponseCodec.decode(W3CHttpResponseCodec.java:49)
at org.openqa.selenium.remote.HttpCommandExecutor.execute(HttpCommandExecutor.java:164)
at org.openqa.selenium.remote.RemoteWebDriver.execute(RemoteWebDriver.java:646)
at org.openqa.selenium.remote.RemoteWebDriver.findElement(RemoteWebDriver.java:416)
at org.openqa.selenium.remote.RemoteWebDriver.findElementByXPath(RemoteWebDriver.java:518)
at org.openqa.selenium.By$ByXPath.findElement(By.java:361)
at org.openqa.selenium.remote.RemoteWebDriver.findElement(RemoteWebDriver.java:408)
at org.openqa.selenium.support.pagefactory.DefaultElementLocator.findElement(DefaultElementLocator.java:69)
at org.openqa.selenium.support.pagefactory.internal.LocatingElementHandler.invoke(LocatingElementHandler.java:38)
at com.sun.proxy.$Proxy13.getText(Unknown Source)
at studi.co.pageModules.Module_Study_Plan_Review_Active_Plan.Verify_Bottom_Of_Books_Page(Module_Study_Plan_Review_Active_Plan.java:220)
at studi.co.testScripts.Study_Plan_Review_Active_Plan.Verify_user_should_be_able_to_view_the_available_Resource_of_bookshelf_1(Study_Plan_Review_Active_Plan.java:43)
at sun.reflect.NativeMethodAccessorImpl.invoke0(Native Method)
at sun.reflect.NativeMethodAccessorImpl.invoke(Unknown Source)
at sun.reflect.DelegatingMethodAccessorImpl.invoke(Unknown Source)
at java.lang.reflect.Method.invoke(Unknown Source)
at org.testng.internal.MethodInvocationHelper.invokeMethod(MethodInvocationHelper.java:124)
at org.testng.internal.Invoker.invokeMethod(Invoker.java:580)
at org.testng.internal.Invoker.invokeTestMethod(Invoker.java:716)
at org.testng.internal.Invoker.invokeTestMethods(Invoker.java:988)
at org.testng.internal.TestMethodWorker.invokeTestMethods(TestMethodWorker.java:125)
at org.testng.internal.TestMethodWorker.run(TestMethodWorker.java:109)
at org.testng.TestRunner.privateRun(TestRunner.java:648)
at org.testng.TestRunner.run(TestRunner.java:505)
at org.testng.SuiteRunner.runTest(SuiteRunner.java:455)
at org.testng.SuiteRunner.access$000(SuiteRunner.java:40)
at org.testng.SuiteRunner$SuiteWorker.run(SuiteRunner.java:489)
at org.testng.internal.thread.ThreadUtil$1.call(ThreadUtil.java:52)
at java.util.concurrent.FutureTask.run(Unknown Source)
at java.util.concurrent.ThreadPoolExecutor.runWorker(Unknown Source)
at java.util.concurrent.ThreadPoolExecutor$Worker.run(Unknown Source)
at java.lang.Thread.run(Unknown Source)
]]>
    </error>
  </testcase> <!-- Verify_user_should_be_able_to_view_the_available_Resource_of_bookshelf_1 -->
  <testcase name="Verify_user_should_be_able_to_navigate_to_the_StrikedOut_Topics" classname="studi.co.testScripts.Study_Plan_Review_Active_Plan">
    <skipped/>
  </testcase> <!-- Verify_user_should_be_able_to_navigate_to_the_StrikedOut_Topics -->
  <testcase name="Verify_User_should_be_shown_the_Status_Confidence_score_of_TP" classname="studi.co.testScripts.Study_Plan_Review_Active_Plan">
    <skipped/>
  </testcase> <!-- Verify_User_should_be_shown_the_Status_Confidence_score_of_TP -->
  <testcase name="Verify_the_user_should_be_able_to_Mark_the_TP_status_as_Completed_In_School_Manually" classname="studi.co.testScripts.Study_Plan_Review_Active_Plan">
    <skipped/>
  </testcase> <!-- Verify_the_user_should_be_able_to_Mark_the_TP_status_as_Completed_In_School_Manually -->
  <testcase name="Verify_user_should_be_able_to_view_the_available_Resource_of_bookshelf" classname="studi.co.testScripts.Study_Plan_Review_Active_Plan">
    <skipped/>
  </testcase> <!-- Verify_user_should_be_able_to_view_the_available_Resource_of_bookshelf -->
  <testcase name="Verify_the_user_should_be_able_to_Navigate_to_Notes_listing_page" classname="studi.co.testScripts.Study_Plan_Review_Active_Plan">
    <skipped/>
  </testcase> <!-- Verify_the_user_should_be_able_to_Navigate_to_Notes_listing_page -->
  <testcase name="Verify_the_user_should_be_able_to_Mark_the_TP_status_as_Excluded_from_Syllabus" classname="studi.co.testScripts.Study_Plan_Review_Active_Plan">
    <skipped/>
  </testcase> <!-- Verify_the_user_should_be_able_to_Mark_the_TP_status_as_Excluded_from_Syllabus -->
  <testcase name="Verify_User_should_be_shown_Excluded_from_Syllabus_Status_for_the_chapter_which_is_excluded_from_the_users_curriculum" classname="studi.co.testScripts.Study_Plan_Review_Active_Plan">
    <skipped/>
  </testcase> <!-- Verify_User_should_be_shown_Excluded_from_Syllabus_Status_for_the_chapter_which_is_excluded_from_the_users_curriculum -->
  <testcase name="Verify_user_should_be_able_to_navigate_to_review_plan" classname="studi.co.testScripts.Study_Plan_Review_Active_Plan">
    <skipped/>
  </testcase> <!-- Verify_user_should_be_able_to_navigate_to_review_plan -->
  <testcase name="Verify_the_user_should_be_able_to_Navigate_to_Practice_from_Topic" classname="studi.co.testScripts.Study_Plan_Review_Active_Plan">
    <skipped/>
  </testcase> <!-- Verify_the_user_should_be_able_to_Navigate_to_Practice_from_Topic -->
</testsuite> <!-- studi.co.testScripts.Study_Plan_Review_Active_Plan -->
