<?xml version="1.0" encoding="UTF-8"?>
<!-- Generated by org.testng.reporters.JUnitReportReporter -->
<testsuite hostname="DESKTOP-TMI6UL6" failures="0" tests="11" name="studi.co.testScripts.Syllabus_Intent_Creation" time="181.626" errors="1" timestamp="20 Jul 2021 08:28:37 GMT" skipped="10">
  <testcase classname="studi.co.testScripts.Syllabus_Intent_Creation" name="TC03_To_Verify_user_should_be_able_to_add_the_Content_even_if_striked_off" time="0.000">
    <skipped/>
  </testcase> <!-- TC03_To_Verify_user_should_be_able_to_add_the_Content_even_if_striked_off -->
  <testcase classname="studi.co.testScripts.Syllabus_Intent_Creation" name="TC04_To_Verify_On_click_one_of_the_topic_or_chapter_next_button_shown" time="0.000">
    <skipped/>
  </testcase> <!-- TC04_To_Verify_On_click_one_of_the_topic_or_chapter_next_button_shown -->
  <testcase classname="studi.co.testScripts.Syllabus_Intent_Creation" name="TC05_To_Verify_click_on_delete_icon_test_creation_will_be_aborted" time="0.000">
    <skipped/>
  </testcase> <!-- TC05_To_Verify_click_on_delete_icon_test_creation_will_be_aborted -->
  <testcase classname="studi.co.testScripts.Syllabus_Intent_Creation" name="TC01_To_Verify_when_click_on_Syllabus_shown_all_the_Chapters_Topics_from_BrowseBook_section" time="0.000">
    <skipped/>
  </testcase> <!-- TC01_To_Verify_when_click_on_Syllabus_shown_all_the_Chapters_Topics_from_BrowseBook_section -->
  <testcase classname="studi.co.testScripts.Syllabus_Intent_Creation" name="beforeTest" time="181.626">
    <error message="Expected condition failed: waiting for visibility of Located by By.id: com.tce.studi:id/txtChildName (tried for 20 second(s) with 500 milliseconds interval)" type="org.openqa.selenium.TimeoutException">
      <![CDATA[org.openqa.selenium.TimeoutException: Expected condition failed: waiting for visibility of Located by By.id: com.tce.studi:id/txtChildName (tried for 20 second(s) with 500 milliseconds interval)
at org.openqa.selenium.support.ui.WebDriverWait.timeoutException(WebDriverWait.java:95)
at org.openqa.selenium.support.ui.FluentWait.until(FluentWait.java:272)
at studi.co.Base.BaseClass.applyExplicitWaitsUntilElementVisible(BaseClass.java:649)
at studi.co.pageObjects.Object_Login.getRegisteredUserName(Object_Login.java:163)
at studi.co.pageModules.Module_Login.Login_to_app(Module_Login.java:50)
at studi.co.Base.BaseClass.beforeTest(BaseClass.java:425)
at java.base/jdk.internal.reflect.NativeMethodAccessorImpl.invoke0(Native Method)
at java.base/jdk.internal.reflect.NativeMethodAccessorImpl.invoke(NativeMethodAccessorImpl.java:64)
at java.base/jdk.internal.reflect.DelegatingMethodAccessorImpl.invoke(DelegatingMethodAccessorImpl.java:43)
at java.base/java.lang.reflect.Method.invoke(Method.java:564)
at org.testng.internal.MethodInvocationHelper.invokeMethod(MethodInvocationHelper.java:124)
at org.testng.internal.MethodInvocationHelper.invokeMethodConsideringTimeout(MethodInvocationHelper.java:59)
at org.testng.internal.Invoker.invokeConfigurationMethod(Invoker.java:458)
at org.testng.internal.Invoker.invokeConfigurations(Invoker.java:222)
at org.testng.internal.Invoker.invokeConfigurations(Invoker.java:142)
at org.testng.TestRunner.beforeRun(TestRunner.java:529)
at org.testng.TestRunner.run(TestRunner.java:497)
at org.testng.SuiteRunner.runTest(SuiteRunner.java:455)
at org.testng.SuiteRunner.runSequentially(SuiteRunner.java:450)
at org.testng.SuiteRunner.privateRun(SuiteRunner.java:415)
at org.testng.SuiteRunner.run(SuiteRunner.java:364)
at org.testng.SuiteRunnerWorker.runSuite(SuiteRunnerWorker.java:52)
at org.testng.SuiteRunnerWorker.run(SuiteRunnerWorker.java:84)
at org.testng.TestNG.runSuitesSequentially(TestNG.java:1208)
at org.testng.TestNG.runSuitesLocally(TestNG.java:1137)
at org.testng.TestNG.runSuites(TestNG.java:1049)
at org.testng.TestNG.run(TestNG.java:1017)
at org.testng.remote.AbstractRemoteTestNG.run(AbstractRemoteTestNG.java:115)
at org.testng.remote.RemoteTestNG.initAndRun(RemoteTestNG.java:251)
at org.testng.remote.RemoteTestNG.main(RemoteTestNG.java:77)
Caused by: org.openqa.selenium.NoSuchElementException: Can't locate an element by this strategy: By.id: com.tce.studi:id/txtChildName
at io.appium.java_client.pagefactory.AppiumElementLocator.findElement(AppiumElementLocator.java:126)
at io.appium.java_client.pagefactory.interceptors.InterceptorOfASingleElement.intercept(InterceptorOfASingleElement.java:59)
at io.appium.java_client.android.AndroidElement$$EnhancerByCGLIB$$b598166c.isDisplayed(<generated>)
at org.openqa.selenium.support.ui.ExpectedConditions.elementIfVisible(ExpectedConditions.java:314)
at org.openqa.selenium.support.ui.ExpectedConditions.access$000(ExpectedConditions.java:43)
at org.openqa.selenium.support.ui.ExpectedConditions$10.apply(ExpectedConditions.java:300)
at org.openqa.selenium.support.ui.ExpectedConditions$10.apply(ExpectedConditions.java:297)
at org.openqa.selenium.support.ui.FluentWait.until(FluentWait.java:249)
... 28 more
Caused by: org.openqa.selenium.TimeoutException: Expected condition failed: waiting for io.appium.java_client.pagefactory.AppiumElementLocator$WaitingFunction@2015b2cd (tried for 1 second(s) with 500 milliseconds interval)
at org.openqa.selenium.support.ui.FluentWait.timeoutException(FluentWait.java:304)
at org.openqa.selenium.support.ui.FluentWait.until(FluentWait.java:272)
at io.appium.java_client.pagefactory.AppiumElementLocator.waitFor(AppiumElementLocator.java:99)
at io.appium.java_client.pagefactory.AppiumElementLocator.findElement(AppiumElementLocator.java:119)
... 35 more
Caused by: org.openqa.selenium.NoSuchElementException: An element could not be located on the page using the given search parameters. (WARNING: The server did not provide any stacktrace information)
Command duration or timeout: 0 milliseconds
For documentation on this error, please visit: https://www.seleniumhq.org/exceptions/no_such_element.html
Build info: version: '3.141.59', revision: 'e82be7d358', time: '2018-11-14T08:17:03'
System info: host: 'DESKTOP-TMI6UL6', ip: '192.168.29.241', os.name: 'Windows 10', os.arch: 'amd64', os.version: '10.0', java.version: '15.0.2'
Driver info: io.appium.java_client.android.AndroidDriver
Capabilities {64bit: false, acceptSslCert: false, acceptSslCerts: false, adbExecTimeout: 120000, appActivity: com.tce.view.ui.activities...., appPackage: com.tce.studi, automationName: uiautomator2, browserstack.appium_version: 1.17.0, browserstack.is_hub_canary: false, browserstack.minOSVersion: 5.0, browserstack.networkLogsOptions: {"captureContent"=>true}, buildName: Java Android, bundleID: com.tce.studi, bundleId: com.tce.studi, chromeOptions: {w3c: false}, chromedriverPort: 18085, chromedriverPorts: [[18155, 18165]], databaseEnabled: false, detected_language: selenium/3.141.59 (java win..., device: oneplus 8, deviceApiLevel: 29, deviceManufacturer: OnePlus, deviceModel: IN2011, deviceName: c91cc429, deviceScreenDensity: 420, deviceScreenSize: 1080x2400, deviceUDID: c91cc429, enablePerformanceLogging: false, javascriptEnabled: true, locationContextEnabled: false, mobile: {browser: mobile, version: OnePlus 8-10.0}, nativeWebScreenshot: true, networkConnectionEnabled: true, newCommandTimeout: 0, new_bucketing: true, noReset: true, orig_os: android, osVersion: 10.0, os_version: 10.0, pixelRatio: 2.625, platform: ANDROID, platformName: Android, platformVersion: 10, projectName: First Java Project, realMobile: true, sessionName: Tata Studi Bhushan, skipServerInstallation: true, statBarHeight: 104, systemPort: 8205, takesScreenshot: true, udid: c91cc429, uiautomator2ServerLaunchTimeout: 60000, version: , viewportRect: {height: 2067, left: 0, top: 104, width: 1080}, warnings: {}, webStorageEnabled: false}
Session ID: 248e313f0ea28e76448a532125064899f76ea322
*** Element info: {Using=id, value=com.tce.studi:id/txtChildName}
at java.base/jdk.internal.reflect.NativeConstructorAccessorImpl.newInstance0(Native Method)
at java.base/jdk.internal.reflect.NativeConstructorAccessorImpl.newInstance(NativeConstructorAccessorImpl.java:64)
at java.base/jdk.internal.reflect.DelegatingConstructorAccessorImpl.newInstance(DelegatingConstructorAccessorImpl.java:45)
at java.base/java.lang.reflect.Constructor.newInstanceWithCaller(Constructor.java:500)
at java.base/java.lang.reflect.Constructor.newInstance(Constructor.java:481)
at org.openqa.selenium.remote.ErrorHandler.createThrowable(ErrorHandler.java:214)
at org.openqa.selenium.remote.ErrorHandler.throwIfResponseFailed(ErrorHandler.java:166)
at org.openqa.selenium.remote.http.JsonHttpResponseCodec.reconstructValue(JsonHttpResponseCodec.java:40)
at org.openqa.selenium.remote.http.AbstractHttpResponseCodec.decode(AbstractHttpResponseCodec.java:80)
at org.openqa.selenium.remote.http.AbstractHttpResponseCodec.decode(AbstractHttpResponseCodec.java:44)
at org.openqa.selenium.remote.HttpCommandExecutor.execute(HttpCommandExecutor.java:158)
at io.appium.java_client.remote.AppiumCommandExecutor.execute(AppiumCommandExecutor.java:239)
at org.openqa.selenium.remote.RemoteWebDriver.execute(RemoteWebDriver.java:552)
at io.appium.java_client.DefaultGenericMobileDriver.execute(DefaultGenericMobileDriver.java:42)
at io.appium.java_client.AppiumDriver.execute(AppiumDriver.java:1)
at io.appium.java_client.android.AndroidDriver.execute(AndroidDriver.java:1)
at org.openqa.selenium.remote.RemoteWebDriver.findElement(RemoteWebDriver.java:323)
at io.appium.java_client.DefaultGenericMobileDriver.findElement(DefaultGenericMobileDriver.java:62)
at io.appium.java_client.AppiumDriver.findElement(AppiumDriver.java:1)
at io.appium.java_client.android.AndroidDriver.findElement(AndroidDriver.java:1)
at org.openqa.selenium.remote.RemoteWebDriver.findElementById(RemoteWebDriver.java:372)
at io.appium.java_client.DefaultGenericMobileDriver.findElementById(DefaultGenericMobileDriver.java:70)
at io.appium.java_client.AppiumDriver.findElementById(AppiumDriver.java:1)
at io.appium.java_client.android.AndroidDriver.findElementById(AndroidDriver.java:1)
at org.openqa.selenium.By$ById.findElement(By.java:188)
at org.openqa.selenium.remote.RemoteWebDriver.findElement(RemoteWebDriver.java:315)
at io.appium.java_client.DefaultGenericMobileDriver.findElement(DefaultGenericMobileDriver.java:58)
at io.appium.java_client.AppiumDriver.findElement(AppiumDriver.java:1)
at io.appium.java_client.android.AndroidDriver.findElement(AndroidDriver.java:1)
at io.appium.java_client.pagefactory.bys.ContentMappedBy.findElement(ContentMappedBy.java:50)
at org.openqa.selenium.remote.RemoteWebDriver.findElement(RemoteWebDriver.java:315)
at io.appium.java_client.DefaultGenericMobileDriver.findElement(DefaultGenericMobileDriver.java:58)
at io.appium.java_client.AppiumDriver.findElement(AppiumDriver.java:1)
at io.appium.java_client.android.AndroidDriver.findElement(AndroidDriver.java:1)
at io.appium.java_client.pagefactory.AppiumElementLocator.lambda$0(AppiumElementLocator.java:120)
at io.appium.java_client.pagefactory.AppiumElementLocator$WaitingFunction.apply(AppiumElementLocator.java:172)
at io.appium.java_client.pagefactory.AppiumElementLocator$WaitingFunction.apply(AppiumElementLocator.java:1)
at org.openqa.selenium.support.ui.FluentWait.until(FluentWait.java:249)
... 37 more
]]>
    </error>
  </testcase> <!-- beforeTest -->
  <testcase classname="studi.co.testScripts.Syllabus_Intent_Creation" name="TC07_To_verify_user_should_be_able_to_Choose_difficulty_level" time="0.000">
    <skipped/>
  </testcase> <!-- TC07_To_verify_user_should_be_able_to_Choose_difficulty_level -->
  <testcase classname="studi.co.testScripts.Syllabus_Intent_Creation" name="TC02_To_Verify_user_should_be_able_to_view_the_link_to_create_Digital_test" time="0.000">
    <skipped/>
  </testcase> <!-- TC02_To_Verify_user_should_be_able_to_view_the_link_to_create_Digital_test -->
  <testcase classname="studi.co.testScripts.Syllabus_Intent_Creation" name="TC08_To_verify_user_should_be_able_to_select_Duration" time="0.000">
    <skipped/>
  </testcase> <!-- TC08_To_verify_user_should_be_able_to_select_Duration -->
  <testcase classname="studi.co.testScripts.Syllabus_Intent_Creation" name="TC11_To_verify_test_should_be_created_on_clicking_the_Assign_button" time="0.000">
    <skipped/>
  </testcase> <!-- TC11_To_verify_test_should_be_created_on_clicking_the_Assign_button -->
  <testcase classname="studi.co.testScripts.Syllabus_Intent_Creation" name="TC09_To_verify_user_should_be_able_to_select_date_for_the_test" time="0.000">
    <skipped/>
  </testcase> <!-- TC09_To_verify_user_should_be_able_to_select_date_for_the_test -->
  <testcase classname="studi.co.testScripts.Syllabus_Intent_Creation" name="TC06_To_Verify_user_should_not_be_allowed_to_proceed_further_keeping_Title_field_blank">
    <skipped/>
  </testcase> <!-- TC06_To_Verify_user_should_not_be_allowed_to_proceed_further_keeping_Title_field_blank -->
</testsuite> <!-- studi.co.testScripts.Syllabus_Intent_Creation -->
