<?xml version="1.0" encoding="UTF-8"?>
<!-- Generated by org.testng.reporters.JUnitReportReporter -->
<testsuite hostname="DESKTOP-TMI6UL6" failures="0" tests="39" name="studi.co.testScripts.AFS_UserStory_1044" time="831.428" errors="1" timestamp="08 Jul 2021 06:17:21 GMT" skipped="38">
  <testcase classname="studi.co.testScripts.AFS_UserStory_1044" name="TC45_Verify_Spaced_Practice1_And_Prctice2_Not_Come_In_Same_Day" time="0.000">
    <skipped/>
  </testcase> <!-- TC45_Verify_Spaced_Practice1_And_Prctice2_Not_Come_In_Same_Day -->
  <testcase classname="studi.co.testScripts.AFS_UserStory_1044" name="TC52_Verify_Past_Completed_Lessons_Can_Be_Attempted_Again" time="0.000">
    <skipped/>
  </testcase> <!-- TC52_Verify_Past_Completed_Lessons_Can_Be_Attempted_Again -->
  <testcase classname="studi.co.testScripts.AFS_UserStory_1044" name="TC32_Verify_BigIdea_Revise_And_Practice_Unlocked_Together_For_Upcoming_Topic_In_Test_Unit" time="0.000">
    <skipped/>
  </testcase> <!-- TC32_Verify_BigIdea_Revise_And_Practice_Unlocked_Together_For_Upcoming_Topic_In_Test_Unit -->
  <testcase classname="studi.co.testScripts.AFS_UserStory_1044" name="TC01_Verify_New_User_Should_Be_Able_To_Navigate_To_Study_Plan" time="0.000">
    <skipped/>
  </testcase> <!-- TC01_Verify_New_User_Should_Be_Able_To_Navigate_To_Study_Plan -->
  <testcase classname="studi.co.testScripts.AFS_UserStory_1044" name="TC36_Verify_After_Completing_Test_Lessons_Of_Upcoming_Topic_Unlocked" time="0.000">
    <skipped/>
  </testcase> <!-- TC36_Verify_After_Completing_Test_Lessons_Of_Upcoming_Topic_Unlocked -->
  <testcase classname="studi.co.testScripts.AFS_UserStory_1044" name="TC60_Verify_User_Should_Be_Able_To_Create_Study_Plan_Via_Syllabus_Module" time="0.000">
    <skipped/>
  </testcase> <!-- TC60_Verify_User_Should_Be_Able_To_Create_Study_Plan_Via_Syllabus_Module -->
  <testcase classname="studi.co.testScripts.AFS_UserStory_1044" name="TC58_To_Verify_Tick_Mark_Appears_In_Study_Ring" time="0.000">
    <skipped/>
  </testcase> <!-- TC58_To_Verify_Tick_Mark_Appears_In_Study_Ring -->
  <testcase classname="studi.co.testScripts.AFS_UserStory_1044" name="TC54_To_Verify_Past_Lesson_Attempted_Today_Will_Reflect_In_Today_Tab" time="0.000">
    <skipped/>
  </testcase> <!-- TC54_To_Verify_Past_Lesson_Attempted_Today_Will_Reflect_In_Today_Tab -->
  <testcase classname="studi.co.testScripts.AFS_UserStory_1044" name="TC41_Verify_Lesson_Planned_In_Past_But_Not_Completed_It_Will_Be_Displayed_Under_New_Planned_Date" time="0.000">
    <skipped/>
  </testcase> <!-- TC41_Verify_Lesson_Planned_In_Past_But_Not_Completed_It_Will_Be_Displayed_Under_New_Planned_Date -->
  <testcase classname="studi.co.testScripts.AFS_UserStory_1044" name="TC53_Verify_Past_Lesson_Score_And_Status_Will_Override_To_New_And_Reflect_In_My_Lesson_Today_Tab" time="0.000">
    <skipped/>
  </testcase> <!-- TC53_Verify_Past_Lesson_Score_And_Status_Will_Override_To_New_And_Reflect_In_My_Lesson_Today_Tab -->
  <testcase classname="studi.co.testScripts.AFS_UserStory_1044" name="TC49_Verify_Lesson_Status_Will_Reflects_In_Lessons_Today_Tab" time="0.000">
    <skipped/>
  </testcase> <!-- TC49_Verify_Lesson_Status_Will_Reflects_In_Lessons_Today_Tab -->
  <testcase classname="studi.co.testScripts.AFS_UserStory_1044" name="TC34_Verify_After_Chapter_Complition_Summary_And_Test_Will_Released" time="0.000">
    <skipped/>
  </testcase> <!-- TC34_Verify_After_Chapter_Complition_Summary_And_Test_Will_Released -->
  <testcase classname="studi.co.testScripts.AFS_UserStory_1044" name="TC30_Verify_BigIdea_Revise_And_Practice_Unlocked_Together_In_Test_Unit" time="0.000">
    <skipped/>
  </testcase> <!-- TC30_Verify_BigIdea_Revise_And_Practice_Unlocked_Together_In_Test_Unit -->
  <testcase classname="studi.co.testScripts.AFS_UserStory_1044" name="TC33_Verify_Order_Of_Release_As_BigIdea_Revise_And_Practice" time="0.000">
    <skipped/>
  </testcase> <!-- TC33_Verify_Order_Of_Release_As_BigIdea_Revise_And_Practice -->
  <testcase classname="studi.co.testScripts.AFS_UserStory_1044" name="TC37_Verify_Listing_Of_Scheduled_Lessons" time="0.000">
    <skipped/>
  </testcase> <!-- TC37_Verify_Listing_Of_Scheduled_Lessons -->
  <testcase classname="studi.co.testScripts.AFS_UserStory_1044" name="TC55_To_Verify_Past_Lesson_Attempted_Today_If_Was_Failed_Attempt_Then_It_Will_Reflect_Only_In_Past_Date_In_Scheduled_Lesson" time="0.000">
    <skipped/>
  </testcase> <!-- TC55_To_Verify_Past_Lesson_Attempted_Today_If_Was_Failed_Attempt_Then_It_Will_Reflect_Only_In_Past_Date_In_Scheduled_Lesson -->
  <testcase classname="studi.co.testScripts.AFS_UserStory_1044" name="TC50_Verify_After_Completing_Lesson_Not_Reflects_In_Upcoming_Today_Tab" time="0.000">
    <skipped/>
  </testcase> <!-- TC50_Verify_After_Completing_Lesson_Not_Reflects_In_Upcoming_Today_Tab -->
  <testcase classname="studi.co.testScripts.AFS_UserStory_1044" name="TC40_Verify_Lesson_Completed_In_Past_And_Then_Completed_Again_Lesson_Will_Appear_Under_Recent_Completed_Date" time="0.000">
    <skipped/>
  </testcase> <!-- TC40_Verify_Lesson_Completed_In_Past_And_Then_Completed_Again_Lesson_Will_Appear_Under_Recent_Completed_Date -->
  <testcase classname="studi.co.testScripts.AFS_UserStory_1044" name="TC03_Verify_Existing_User_With_Active_Study_Plan_Able_To_Navigate_To_Test_Plan" time="0.000">
    <skipped/>
  </testcase> <!-- TC03_Verify_Existing_User_With_Active_Study_Plan_Able_To_Navigate_To_Test_Plan -->
  <testcase classname="studi.co.testScripts.AFS_UserStory_1044" name="TC06_Verify_Create_Study_Plan_Button_Is_Tappable_On_Landing_Page" time="0.000">
    <skipped/>
  </testcase> <!-- TC06_Verify_Create_Study_Plan_Button_Is_Tappable_On_Landing_Page -->
  <testcase classname="studi.co.testScripts.AFS_UserStory_1044" name="TC38_Verify_Lessons_Planned_For_Future" time="0.000">
    <skipped/>
  </testcase> <!-- TC38_Verify_Lessons_Planned_For_Future -->
  <testcase classname="studi.co.testScripts.AFS_UserStory_1044" name="TC08_Verify_After_Create_Study_Plan_Button_User_Navigate_To_Bookshelf" time="0.000">
    <skipped/>
  </testcase> <!-- TC08_Verify_After_Create_Study_Plan_Button_User_Navigate_To_Bookshelf -->
  <testcase classname="studi.co.testScripts.AFS_UserStory_1044" name="beforeTest" time="831.428">
    <error message="Unable to create a new remote session. Please check the server log for more details. Original error: [BROWSERSTACK_ALL_PARALLELS_IN_USE] All parallel tests are currently in use, including the queued tests. Please wait to finish or upgrade your plan to add more sessions. (WARNING: The server did not provide any stacktrace information)
Command duration or timeout: 831.10 seconds
Build info: version: &#039;3.141.59&#039;, revision: &#039;e82be7d358&#039;, time: &#039;2018-11-14T08:17:03&#039;
System info: host: &#039;DESKTOP-TMI6UL6&#039;, ip: &#039;192.168.29.241&#039;, os.name: &#039;Windows 10&#039;, os.arch: &#039;amd64&#039;, os.version: &#039;10.0&#039;, java.version: &#039;15.0.2&#039;
Driver info: driver.version: AndroidDriver
Build info: version: &#039;3.141.59&#039;, revision: &#039;e82be7d358&#039;, time: &#039;2018-11-14T08:17:03&#039;
System info: host: &#039;DESKTOP-TMI6UL6&#039;, ip: &#039;192.168.29.241&#039;, os.name: &#039;Windows 10&#039;, os.arch: &#039;amd64&#039;, os.version: &#039;10.0&#039;, java.version: &#039;15.0.2&#039;
Driver info: driver.version: AndroidDriver" type="org.openqa.selenium.SessionNotCreatedException">
      <![CDATA[org.openqa.selenium.SessionNotCreatedException: Unable to create a new remote session. Please check the server log for more details. Original error: [BROWSERSTACK_ALL_PARALLELS_IN_USE] All parallel tests are currently in use, including the queued tests. Please wait to finish or upgrade your plan to add more sessions. (WARNING: The server did not provide any stacktrace information)
Command duration or timeout: 831.10 seconds
Build info: version: '3.141.59', revision: 'e82be7d358', time: '2018-11-14T08:17:03'
System info: host: 'DESKTOP-TMI6UL6', ip: '192.168.29.241', os.name: 'Windows 10', os.arch: 'amd64', os.version: '10.0', java.version: '15.0.2'
Driver info: driver.version: AndroidDriver
Build info: version: '3.141.59', revision: 'e82be7d358', time: '2018-11-14T08:17:03'
System info: host: 'DESKTOP-TMI6UL6', ip: '192.168.29.241', os.name: 'Windows 10', os.arch: 'amd64', os.version: '10.0', java.version: '15.0.2'
Driver info: driver.version: AndroidDriver
at io.appium.java_client.remote.AppiumCommandExecutor$1.createSession(AppiumCommandExecutor.java:208)
at io.appium.java_client.remote.AppiumCommandExecutor.createSession(AppiumCommandExecutor.java:217)
at io.appium.java_client.remote.AppiumCommandExecutor.execute(AppiumCommandExecutor.java:239)
at org.openqa.selenium.remote.RemoteWebDriver.execute(RemoteWebDriver.java:552)
at io.appium.java_client.DefaultGenericMobileDriver.execute(DefaultGenericMobileDriver.java:42)
at io.appium.java_client.AppiumDriver.execute(AppiumDriver.java:1)
at io.appium.java_client.android.AndroidDriver.execute(AndroidDriver.java:1)
at org.openqa.selenium.remote.RemoteWebDriver.startSession(RemoteWebDriver.java:213)
at org.openqa.selenium.remote.RemoteWebDriver.<init>(RemoteWebDriver.java:131)
at io.appium.java_client.DefaultGenericMobileDriver.<init>(DefaultGenericMobileDriver.java:38)
at io.appium.java_client.AppiumDriver.<init>(AppiumDriver.java:84)
at io.appium.java_client.AppiumDriver.<init>(AppiumDriver.java:94)
at io.appium.java_client.android.AndroidDriver.<init>(AndroidDriver.java:95)
at studi.co.Base.BaseClass.beforeTest(BaseClass.java:388)
at java.base/jdk.internal.reflect.NativeMethodAccessorImpl.invoke0(Native Method)
at java.base/jdk.internal.reflect.NativeMethodAccessorImpl.invoke(NativeMethodAccessorImpl.java:64)
at java.base/jdk.internal.reflect.DelegatingMethodAccessorImpl.invoke(DelegatingMethodAccessorImpl.java:43)
at java.base/java.lang.reflect.Method.invoke(Method.java:564)
at org.testng.internal.MethodInvocationHelper.invokeMethod(MethodInvocationHelper.java:124)
at org.testng.internal.MethodInvocationHelper.invokeMethodConsideringTimeout(MethodInvocationHelper.java:59)
at org.testng.internal.Invoker.invokeConfigurationMethod(Invoker.java:458)
at org.testng.internal.Invoker.invokeConfigurations(Invoker.java:222)
at org.testng.internal.Invoker.invokeConfigurations(Invoker.java:142)
at org.testng.TestRunner.beforeRun(TestRunner.java:529)
at org.testng.TestRunner.run(TestRunner.java:497)
at org.testng.SuiteRunner.runTest(SuiteRunner.java:455)
at org.testng.SuiteRunner.access$000(SuiteRunner.java:40)
at org.testng.SuiteRunner$SuiteWorker.run(SuiteRunner.java:489)
at org.testng.internal.thread.ThreadUtil$1.call(ThreadUtil.java:52)
at java.base/java.util.concurrent.FutureTask.run(FutureTask.java:264)
at java.base/java.util.concurrent.ThreadPoolExecutor.runWorker(ThreadPoolExecutor.java:1130)
at java.base/java.util.concurrent.ThreadPoolExecutor$Worker.run(ThreadPoolExecutor.java:630)
at java.base/java.lang.Thread.run(Thread.java:832)
Caused by: java.lang.reflect.InvocationTargetException
at java.base/jdk.internal.reflect.NativeMethodAccessorImpl.invoke0(Native Method)
at java.base/jdk.internal.reflect.NativeMethodAccessorImpl.invoke(NativeMethodAccessorImpl.java:64)
at java.base/jdk.internal.reflect.DelegatingMethodAccessorImpl.invoke(DelegatingMethodAccessorImpl.java:43)
at java.base/java.lang.reflect.Method.invoke(Method.java:564)
at io.appium.java_client.remote.AppiumCommandExecutor$1.createSession(AppiumCommandExecutor.java:186)
... 32 more
Caused by: org.openqa.selenium.WebDriverException: [BROWSERSTACK_ALL_PARALLELS_IN_USE] All parallel tests are currently in use, including the queued tests. Please wait to finish or upgrade your plan to add more sessions. (WARNING: The server did not provide any stacktrace information)
Command duration or timeout: 831.10 seconds
Build info: version: '3.141.59', revision: 'e82be7d358', time: '2018-11-14T08:17:03'
System info: host: 'DESKTOP-TMI6UL6', ip: '192.168.29.241', os.name: 'Windows 10', os.arch: 'amd64', os.version: '10.0', java.version: '15.0.2'
Driver info: driver.version: AndroidDriver
at java.base/jdk.internal.reflect.NativeConstructorAccessorImpl.newInstance0(Native Method)
at java.base/jdk.internal.reflect.NativeConstructorAccessorImpl.newInstance(NativeConstructorAccessorImpl.java:64)
at java.base/jdk.internal.reflect.DelegatingConstructorAccessorImpl.newInstance(DelegatingConstructorAccessorImpl.java:45)
at java.base/java.lang.reflect.Constructor.newInstanceWithCaller(Constructor.java:500)
at java.base/java.lang.reflect.Constructor.newInstance(Constructor.java:481)
at org.openqa.selenium.remote.ErrorHandler.createThrowable(ErrorHandler.java:214)
at org.openqa.selenium.remote.ErrorHandler.throwIfResponseFailed(ErrorHandler.java:166)
at org.openqa.selenium.remote.JsonWireProtocolResponse.lambda$errorHandler$0(JsonWireProtocolResponse.java:54)
at org.openqa.selenium.remote.HandshakeResponse.lambda$getResponseFunction$0(HandshakeResponse.java:30)
at org.openqa.selenium.remote.ProtocolHandshake.lambda$createSession$0(ProtocolHandshake.java:126)
at java.base/java.util.stream.ReferencePipeline$3$1.accept(ReferencePipeline.java:195)
at java.base/java.util.Spliterators$ArraySpliterator.tryAdvance(Spliterators.java:958)
at java.base/java.util.stream.ReferencePipeline.forEachWithCancel(ReferencePipeline.java:127)
at java.base/java.util.stream.AbstractPipeline.copyIntoWithCancel(AbstractPipeline.java:502)
at java.base/java.util.stream.AbstractPipeline.copyInto(AbstractPipeline.java:488)
at java.base/java.util.stream.AbstractPipeline.wrapAndCopyInto(AbstractPipeline.java:474)
at java.base/java.util.stream.FindOps$FindOp.evaluateSequential(FindOps.java:150)
at java.base/java.util.stream.AbstractPipeline.evaluate(AbstractPipeline.java:234)
at java.base/java.util.stream.ReferencePipeline.findFirst(ReferencePipeline.java:543)
at org.openqa.selenium.remote.ProtocolHandshake.createSession(ProtocolHandshake.java:128)
... 37 more
]]>
    </error>
  </testcase> <!-- beforeTest -->
  <testcase classname="studi.co.testScripts.AFS_UserStory_1044" name="TC56_To_Verify_Past_Completed_Lessons_Will_Not_Influence_Unlocking_Or_Locking_When_Its_Attempted_Again" time="0.000">
    <skipped/>
  </testcase> <!-- TC56_To_Verify_Past_Completed_Lessons_Will_Not_Influence_Unlocking_Or_Locking_When_Its_Attempted_Again -->
  <testcase classname="studi.co.testScripts.AFS_UserStory_1044" name="TC29_Verify_Lesson_Order_After_Complting_Lessons_In_Test_Unit" time="0.000">
    <skipped/>
  </testcase> <!-- TC29_Verify_Lesson_Order_After_Complting_Lessons_In_Test_Unit -->
  <testcase classname="studi.co.testScripts.AFS_UserStory_1044" name="TC42_Verify_One_Spaced_Practice_For_All_ParentLesson_In_Test_Unit" time="0.000">
    <skipped/>
  </testcase> <!-- TC42_Verify_One_Spaced_Practice_For_All_ParentLesson_In_Test_Unit -->
  <testcase classname="studi.co.testScripts.AFS_UserStory_1044" name="TC44_Verify_Spaced2_Practice_Only_Added_If_Parent_Practice_Is_Incomplete_In_Test_Unit" time="0.000">
    <skipped/>
  </testcase> <!-- TC44_Verify_Spaced2_Practice_Only_Added_If_Parent_Practice_Is_Incomplete_In_Test_Unit -->
  <testcase classname="studi.co.testScripts.AFS_UserStory_1044" name="TC43_Verify_Two_Spaced_Practice_For_All_Flaged_ParentLesson_In_Test_Unit" time="0.000">
    <skipped/>
  </testcase> <!-- TC43_Verify_Two_Spaced_Practice_For_All_Flaged_ParentLesson_In_Test_Unit -->
  <testcase classname="studi.co.testScripts.AFS_UserStory_1044" name="TC27_Verify_Each_Flagged_Subject_Have_5Lessons_With_Two_Spaced_Practice" time="0.000">
    <skipped/>
  </testcase> <!-- TC27_Verify_Each_Flagged_Subject_Have_5Lessons_With_Two_Spaced_Practice -->
  <testcase classname="studi.co.testScripts.AFS_UserStory_1044" name="TC39_Verify_Lessons_Which_Are_Planned_In_Past_But_Completed_Later_Lesson_Should_Appear_Under_Completed_Date" time="0.000">
    <skipped/>
  </testcase> <!-- TC39_Verify_Lessons_Which_Are_Planned_In_Past_But_Completed_Later_Lesson_Should_Appear_Under_Completed_Date -->
  <testcase classname="studi.co.testScripts.AFS_UserStory_1044" name="TC46_Verify_Spaced_Practice_And_Parent_Prctice_Not_Come_In_Same_Day" time="0.000">
    <skipped/>
  </testcase> <!-- TC46_Verify_Spaced_Practice_And_Parent_Prctice_Not_Come_In_Same_Day -->
  <testcase classname="studi.co.testScripts.AFS_UserStory_1044" name="TC51_Verify_Lessons_Attempted_Today_Lesson_Will_Only_Reflect_Under_Todays_Date_In_Schedule_List" time="0.000">
    <skipped/>
  </testcase> <!-- TC51_Verify_Lessons_Attempted_Today_Lesson_Will_Only_Reflect_Under_Todays_Date_In_Schedule_List -->
  <testcase classname="studi.co.testScripts.AFS_UserStory_1044" name="TC28_Verify_Lesson_Order_In_Test_Unit" time="0.000">
    <skipped/>
  </testcase> <!-- TC28_Verify_Lesson_Order_In_Test_Unit -->
  <testcase classname="studi.co.testScripts.AFS_UserStory_1044" name="TC35_Verify_After_Completing_Only_Practice_Lessons_Of_Upcoming_Topic_Unlocked" time="0.000">
    <skipped/>
  </testcase> <!-- TC35_Verify_After_Completing_Only_Practice_Lessons_Of_Upcoming_Topic_Unlocked -->
  <testcase classname="studi.co.testScripts.AFS_UserStory_1044" name="TC05_Verify_User_Should_Not_Be_Able_Create_Study_Plan_Unless_Selecting_Syllabus" time="0.000">
    <skipped/>
  </testcase> <!-- TC05_Verify_User_Should_Not_Be_Able_Create_Study_Plan_Unless_Selecting_Syllabus -->
  <testcase classname="studi.co.testScripts.AFS_UserStory_1044" name="TC02_Verify_Existing_User_Should_Be_Able_To_Navigate_Create_Study_Plan" time="0.000">
    <skipped/>
  </testcase> <!-- TC02_Verify_Existing_User_Should_Be_Able_To_Navigate_Create_Study_Plan -->
  <testcase classname="studi.co.testScripts.AFS_UserStory_1044" name="TC26_Verify_Each_Topic_Have_5Lessons_With_One_Spaced_Practice" time="0.000">
    <skipped/>
  </testcase> <!-- TC26_Verify_Each_Topic_Have_5Lessons_With_One_Spaced_Practice -->
  <testcase classname="studi.co.testScripts.AFS_UserStory_1044" name="TC04_Verify_Existing_User_With_Paused_Study_Plan_Able_To_Navigate_To_Test_Plan" time="0.000">
    <skipped/>
  </testcase> <!-- TC04_Verify_Existing_User_With_Paused_Study_Plan_Able_To_Navigate_To_Test_Plan -->
  <testcase classname="studi.co.testScripts.AFS_UserStory_1044" name="TC31_Verify_After_First_Topic_Completion_Second_Topic_Will_Unlocked_In_Test_Unit" time="0.000">
    <skipped/>
  </testcase> <!-- TC31_Verify_After_First_Topic_Completion_Second_Topic_Will_Unlocked_In_Test_Unit -->
</testsuite> <!-- studi.co.testScripts.AFS_UserStory_1044 -->
