<?xml version="1.0" encoding="UTF-8"?>
<!-- Generated by org.testng.reporters.JUnitReportReporter -->
<testsuite hostname="DESKTOP-TMI6UL6" failures="0" tests="32" name="studi.co.testScripts.AFS_UserStory_77" time="4.502" errors="1" timestamp="22 Jul 2021 05:42:00 GMT" skipped="31">
  <testcase classname="studi.co.testScripts.AFS_UserStory_77" name="TC28_To_Verify_Correct_Feedback_Shown_Under_Hamburger_Menu_In_Test" time="0.000">
    <skipped/>
  </testcase> <!-- TC28_To_Verify_Correct_Feedback_Shown_Under_Hamburger_Menu_In_Test -->
  <testcase classname="studi.co.testScripts.AFS_UserStory_77" name="TC25_To_Verify_SCQ_Answers_Can_Be_Select_In_Test" time="0.000">
    <skipped/>
  </testcase> <!-- TC25_To_Verify_SCQ_Answers_Can_Be_Select_In_Test -->
  <testcase classname="studi.co.testScripts.AFS_UserStory_77" name="TC23_Module_Receive_SCQ_Answers_In_Default_State_In_Test" time="0.000">
    <skipped/>
  </testcase> <!-- TC23_Module_Receive_SCQ_Answers_In_Default_State_In_Test -->
  <testcase classname="studi.co.testScripts.AFS_UserStory_77" name="TC17_To_Verify_Feedback_Shown_For_Correct_Answer_Selection_In_SCQ_Practice" time="0.000">
    <skipped/>
  </testcase> <!-- TC17_To_Verify_Feedback_Shown_For_Correct_Answer_Selection_In_SCQ_Practice -->
  <testcase classname="studi.co.testScripts.AFS_UserStory_77" name="TC22_To_Verify_Receive_SCQ_Questions_In_Test" time="0.000">
    <skipped/>
  </testcase> <!-- TC22_To_Verify_Receive_SCQ_Questions_In_Test -->
  <testcase classname="studi.co.testScripts.AFS_UserStory_77" name="TC12_To_Verify_Receive_SCQ_Questions_In_Practice" time="0.000">
    <skipped/>
  </testcase> <!-- TC12_To_Verify_Receive_SCQ_Questions_In_Practice -->
  <testcase classname="studi.co.testScripts.AFS_UserStory_77" name="TC30_To_Verify_User_Should_Be_Able_To_Flag_The_SCQ_Question_In_Test" time="0.000">
    <skipped/>
  </testcase> <!-- TC30_To_Verify_User_Should_Be_Able_To_Flag_The_SCQ_Question_In_Test -->
  <testcase classname="studi.co.testScripts.AFS_UserStory_77" name="TC18_To_Verify_Feedback_Shown_For_Incorrect_Answer_Selection_In_SCQ_Practice" time="0.000">
    <skipped/>
  </testcase> <!-- TC18_To_Verify_Feedback_Shown_For_Incorrect_Answer_Selection_In_SCQ_Practice -->
  <testcase classname="studi.co.testScripts.AFS_UserStory_77" name="TC09_To_Verify_Attempting_SCQ_Quiz_Is_Not_Mandatory_In_Revision" time="0.000">
    <skipped/>
  </testcase> <!-- TC09_To_Verify_Attempting_SCQ_Quiz_Is_Not_Mandatory_In_Revision -->
  <testcase classname="studi.co.testScripts.AFS_UserStory_77" name="TC21_To_Verify_User_Should_Be_Able_To_Abandon_The_SCQ_In_Practice" time="0.000">
    <skipped/>
  </testcase> <!-- TC21_To_Verify_User_Should_Be_Able_To_Abandon_The_SCQ_In_Practice -->
  <testcase classname="studi.co.testScripts.AFS_UserStory_77" name="TC29_To_Verify_Attempting_SCQ_Quiz_Is_Not_Mandatory_In_Test" time="0.000">
    <skipped/>
  </testcase> <!-- TC29_To_Verify_Attempting_SCQ_Quiz_Is_Not_Mandatory_In_Test -->
  <testcase classname="studi.co.testScripts.AFS_UserStory_77" name="TC07_To_Verify_State_Of_Answer_Should_Be_Maintained_For_SCQ_Question_In_Revision" time="0.000">
    <skipped/>
  </testcase> <!-- TC07_To_Verify_State_Of_Answer_Should_Be_Maintained_For_SCQ_Question_In_Revision -->
  <testcase classname="studi.co.testScripts.AFS_UserStory_77" name="beforeTest" time="4.502">
    <error message="Connection refused: no further information
Build info: version: &#039;3.141.59&#039;, revision: &#039;e82be7d358&#039;, time: &#039;2018-11-14T08:17:03&#039;
System info: host: &#039;DESKTOP-TMI6UL6&#039;, ip: &#039;192.168.29.241&#039;, os.name: &#039;Windows 10&#039;, os.arch: &#039;amd64&#039;, os.version: &#039;10.0&#039;, java.version: &#039;15.0.2&#039;
Driver info: driver.version: AndroidDriver" type="org.openqa.selenium.WebDriverException">
      <![CDATA[org.openqa.selenium.WebDriverException: Connection refused: no further information
Build info: version: '3.141.59', revision: 'e82be7d358', time: '2018-11-14T08:17:03'
System info: host: 'DESKTOP-TMI6UL6', ip: '192.168.29.241', os.name: 'Windows 10', os.arch: 'amd64', os.version: '10.0', java.version: '15.0.2'
Driver info: driver.version: AndroidDriver
at io.appium.java_client.remote.AppiumCommandExecutor.lambda$5(AppiumCommandExecutor.java:251)
at java.base/java.util.Optional.orElseGet(Optional.java:362)
at io.appium.java_client.remote.AppiumCommandExecutor.execute(AppiumCommandExecutor.java:250)
at org.openqa.selenium.remote.RemoteWebDriver.execute(RemoteWebDriver.java:552)
at io.appium.java_client.DefaultGenericMobileDriver.execute(DefaultGenericMobileDriver.java:42)
at io.appium.java_client.AppiumDriver.execute(AppiumDriver.java:1)
at io.appium.java_client.android.AndroidDriver.execute(AndroidDriver.java:1)
at org.openqa.selenium.remote.RemoteWebDriver.startSession(RemoteWebDriver.java:213)
at org.openqa.selenium.remote.RemoteWebDriver.<init>(RemoteWebDriver.java:131)
at io.appium.java_client.DefaultGenericMobileDriver.<init>(DefaultGenericMobileDriver.java:38)
at io.appium.java_client.AppiumDriver.<init>(AppiumDriver.java:84)
at io.appium.java_client.AppiumDriver.<init>(AppiumDriver.java:94)
at io.appium.java_client.android.AndroidDriver.<init>(AndroidDriver.java:95)
at studi.co.Base.BaseClass.beforeTest(BaseClass.java:333)
at java.base/jdk.internal.reflect.NativeMethodAccessorImpl.invoke0(Native Method)
at java.base/jdk.internal.reflect.NativeMethodAccessorImpl.invoke(NativeMethodAccessorImpl.java:64)
at java.base/jdk.internal.reflect.DelegatingMethodAccessorImpl.invoke(DelegatingMethodAccessorImpl.java:43)
at java.base/java.lang.reflect.Method.invoke(Method.java:564)
at org.testng.internal.MethodInvocationHelper.invokeMethod(MethodInvocationHelper.java:124)
at org.testng.internal.MethodInvocationHelper.invokeMethodConsideringTimeout(MethodInvocationHelper.java:59)
at org.testng.internal.Invoker.invokeConfigurationMethod(Invoker.java:458)
at org.testng.internal.Invoker.invokeConfigurations(Invoker.java:222)
at org.testng.internal.Invoker.invokeConfigurations(Invoker.java:142)
at org.testng.TestRunner.beforeRun(TestRunner.java:529)
at org.testng.TestRunner.run(TestRunner.java:497)
at org.testng.SuiteRunner.runTest(SuiteRunner.java:455)
at org.testng.SuiteRunner.access$000(SuiteRunner.java:40)
at org.testng.SuiteRunner$SuiteWorker.run(SuiteRunner.java:489)
at org.testng.internal.thread.ThreadUtil$1.call(ThreadUtil.java:52)
at java.base/java.util.concurrent.FutureTask.run(FutureTask.java:264)
at java.base/java.util.concurrent.ThreadPoolExecutor.runWorker(ThreadPoolExecutor.java:1130)
at java.base/java.util.concurrent.ThreadPoolExecutor$Worker.run(ThreadPoolExecutor.java:630)
at java.base/java.lang.Thread.run(Thread.java:832)
Caused by: java.net.ConnectException: Connection refused: no further information
at java.base/sun.nio.ch.Net.pollConnect(Native Method)
at java.base/sun.nio.ch.Net.pollConnectNow(Net.java:660)
at java.base/sun.nio.ch.NioSocketImpl.timedFinishConnect(NioSocketImpl.java:549)
at java.base/sun.nio.ch.NioSocketImpl.connect(NioSocketImpl.java:597)
at java.base/java.net.SocksSocketImpl.connect(SocksSocketImpl.java:333)
at java.base/java.net.Socket.connect(Socket.java:648)
at okhttp3.internal.platform.Platform.connectSocket(Platform.java:129)
at okhttp3.internal.connection.RealConnection.connectSocket(RealConnection.java:245)
at okhttp3.internal.connection.RealConnection.connect(RealConnection.java:165)
at okhttp3.internal.connection.StreamAllocation.findConnection(StreamAllocation.java:257)
at okhttp3.internal.connection.StreamAllocation.findHealthyConnection(StreamAllocation.java:135)
at okhttp3.internal.connection.StreamAllocation.newStream(StreamAllocation.java:114)
at okhttp3.internal.connection.ConnectInterceptor.intercept(ConnectInterceptor.java:42)
at okhttp3.internal.http.RealInterceptorChain.proceed(RealInterceptorChain.java:147)
at okhttp3.internal.http.RealInterceptorChain.proceed(RealInterceptorChain.java:121)
at okhttp3.internal.cache.CacheInterceptor.intercept(CacheInterceptor.java:93)
at okhttp3.internal.http.RealInterceptorChain.proceed(RealInterceptorChain.java:147)
at okhttp3.internal.http.RealInterceptorChain.proceed(RealInterceptorChain.java:121)
at okhttp3.internal.http.BridgeInterceptor.intercept(BridgeInterceptor.java:93)
at okhttp3.internal.http.RealInterceptorChain.proceed(RealInterceptorChain.java:147)
at okhttp3.internal.http.RetryAndFollowUpInterceptor.intercept(RetryAndFollowUpInterceptor.java:126)
at okhttp3.internal.http.RealInterceptorChain.proceed(RealInterceptorChain.java:147)
at okhttp3.internal.http.RealInterceptorChain.proceed(RealInterceptorChain.java:121)
at okhttp3.RealCall.getResponseWithInterceptorChain(RealCall.java:200)
at okhttp3.RealCall.execute(RealCall.java:77)
at org.openqa.selenium.remote.internal.OkHttpClient.execute(OkHttpClient.java:103)
at org.openqa.selenium.remote.ProtocolHandshake.createSession(ProtocolHandshake.java:105)
at java.base/jdk.internal.reflect.NativeMethodAccessorImpl.invoke0(Native Method)
at java.base/jdk.internal.reflect.NativeMethodAccessorImpl.invoke(NativeMethodAccessorImpl.java:64)
at java.base/jdk.internal.reflect.DelegatingMethodAccessorImpl.invoke(DelegatingMethodAccessorImpl.java:43)
at java.base/java.lang.reflect.Method.invoke(Method.java:564)
at io.appium.java_client.remote.AppiumCommandExecutor$1.createSession(AppiumCommandExecutor.java:186)
at io.appium.java_client.remote.AppiumCommandExecutor.createSession(AppiumCommandExecutor.java:217)
at io.appium.java_client.remote.AppiumCommandExecutor.execute(AppiumCommandExecutor.java:239)
... 30 more
]]>
    </error>
  </testcase> <!-- beforeTest -->
  <testcase classname="studi.co.testScripts.AFS_UserStory_77" name="TC24_To_Verify_Multiple_Answers_Shown_For_SCQ_In_Test" time="0.000">
    <skipped/>
  </testcase> <!-- TC24_To_Verify_Multiple_Answers_Shown_For_SCQ_In_Test -->
  <testcase classname="studi.co.testScripts.AFS_UserStory_77" name="TC26_To_Verify_Only_Single_SCQ_Answer_Can_Be_Select_In_Test" time="0.000">
    <skipped/>
  </testcase> <!-- TC26_To_Verify_Only_Single_SCQ_Answer_Can_Be_Select_In_Test -->
  <testcase classname="studi.co.testScripts.AFS_UserStory_77" name="TC33_To_Verify_User_Can_Abond_SCQ_Quiz_In_Test" time="0.000">
    <skipped/>
  </testcase> <!-- TC33_To_Verify_User_Can_Abond_SCQ_Quiz_In_Test -->
  <testcase classname="studi.co.testScripts.AFS_UserStory_77" name="TC16_To_Verify_Only_Single_SCQ_Answer_Can_Be_Select_In_Practice" time="0.000">
    <skipped/>
  </testcase> <!-- TC16_To_Verify_Only_Single_SCQ_Answer_Can_Be_Select_In_Practice -->
  <testcase classname="studi.co.testScripts.AFS_UserStory_77" name="TC11_To_Verify_User_Can_Abandon_SCQ_Quiz_In_Revision" time="0.000">
    <skipped/>
  </testcase> <!-- TC11_To_Verify_User_Can_Abandon_SCQ_Quiz_In_Revision -->
  <testcase classname="studi.co.testScripts.AFS_UserStory_77" name="TC08_To_Verify_Instant_Feedback_Shown_After_SCQ_Wrong_Answer_Selection_In_Revision" time="0.000">
    <skipped/>
  </testcase> <!-- TC08_To_Verify_Instant_Feedback_Shown_After_SCQ_Wrong_Answer_Selection_In_Revision -->
  <testcase classname="studi.co.testScripts.AFS_UserStory_77" name="TC32_To_Verify_Marks_Shown_With_SCQ_In_Test" time="0.000">
    <skipped/>
  </testcase> <!-- TC32_To_Verify_Marks_Shown_With_SCQ_In_Test -->
  <testcase classname="studi.co.testScripts.AFS_UserStory_77" name="TC05_To_Verify_Only_Single_Answer_Can_Be_Select_For_SCQ_Question_In_Revision" time="0.000">
    <skipped/>
  </testcase> <!-- TC05_To_Verify_Only_Single_Answer_Can_Be_Select_For_SCQ_Question_In_Revision -->
  <testcase classname="studi.co.testScripts.AFS_UserStory_77" name="TC01_To_Verify_Receive_SCQ_Questions_In_Revision" time="0.000">
    <skipped/>
  </testcase> <!-- TC01_To_Verify_Receive_SCQ_Questions_In_Revision -->
  <testcase classname="studi.co.testScripts.AFS_UserStory_77" name="TC19_To_Verify_Attempting_SCQ_Quiz_Is_Mandatory_In_Practice" time="0.000">
    <skipped/>
  </testcase> <!-- TC19_To_Verify_Attempting_SCQ_Quiz_Is_Mandatory_In_Practice -->
  <testcase classname="studi.co.testScripts.AFS_UserStory_77" name="TC02_To_Verify_SCQ_Answers_In_Default_State_In_Revision" time="0.000">
    <skipped/>
  </testcase> <!-- TC02_To_Verify_SCQ_Answers_In_Default_State_In_Revision -->
  <testcase classname="studi.co.testScripts.AFS_UserStory_77" name="TC03_To_Verify_Various_SCQ_Answers_Available_In_Revision" time="0.000">
    <skipped/>
  </testcase> <!-- TC03_To_Verify_Various_SCQ_Answers_Available_In_Revision -->
  <testcase classname="studi.co.testScripts.AFS_UserStory_77" name="TC27_To_Verify_Correct_Feedback_Shown_After_SCQ_Answer_Selection_In_Test" time="0.000">
    <skipped/>
  </testcase> <!-- TC27_To_Verify_Correct_Feedback_Shown_After_SCQ_Answer_Selection_In_Test -->
  <testcase classname="studi.co.testScripts.AFS_UserStory_77" name="TC06_To_Verify_Instant_Feedback_Shown_After_CQ_Correct_Answer_Selection_In_Revision" time="0.000">
    <skipped/>
  </testcase> <!-- TC06_To_Verify_Instant_Feedback_Shown_After_CQ_Correct_Answer_Selection_In_Revision -->
  <testcase classname="studi.co.testScripts.AFS_UserStory_77" name="TC20_To_Verify_In_Wrong_Answer_Selection_User_Should_Get_1_More_Attempt_For_SCQ_In_Practice" time="0.000">
    <skipped/>
  </testcase> <!-- TC20_To_Verify_In_Wrong_Answer_Selection_User_Should_Get_1_More_Attempt_For_SCQ_In_Practice -->
  <testcase classname="studi.co.testScripts.AFS_UserStory_77" name="TC04_To_Verify_SCQ_Answers_Can_Be_Select_In_Revision" time="0.000">
    <skipped/>
  </testcase> <!-- TC04_To_Verify_SCQ_Answers_Can_Be_Select_In_Revision -->
  <testcase classname="studi.co.testScripts.AFS_UserStory_77" name="TC13_To_Verify_SCQ_Answers_Is_In_Default_State_In_Practice" time="0.000">
    <skipped/>
  </testcase> <!-- TC13_To_Verify_SCQ_Answers_Is_In_Default_State_In_Practice -->
  <testcase classname="studi.co.testScripts.AFS_UserStory_77" name="TC15_To_Verify_SCQ_Answer_Can_Be_Select_In_Practice" time="0.000">
    <skipped/>
  </testcase> <!-- TC15_To_Verify_SCQ_Answer_Can_Be_Select_In_Practice -->
  <testcase classname="studi.co.testScripts.AFS_UserStory_77" name="TC14_To_Verify_Multiple_Answers_Shown_For_SCQ_In_Practice" time="0.000">
    <skipped/>
  </testcase> <!-- TC14_To_Verify_Multiple_Answers_Shown_For_SCQ_In_Practice -->
</testsuite> <!-- studi.co.testScripts.AFS_UserStory_77 -->
