<?xml version="1.0" encoding="UTF-8"?>
<!-- Generated by org.testng.reporters.JUnitReportReporter -->
<testsuite hostname="DESKTOP-TMI6UL6" failures="0" tests="8" name="studi.co.testScripts.Subscription" time="161.779" errors="1" timestamp="30 Jul 2021 10:53:17 GMT" skipped="3">
  <testcase classname="studi.co.testScripts.Subscription" name="TC05_Verify_the_functionality_of_select_new_plan_on_expired_plan_profile" time="25.460"/>
  <testcase classname="studi.co.testScripts.Subscription" name="TC07_To_validate_the_Proceed_to_PayButton" time="37.179"/>
  <testcase classname="studi.co.testScripts.Subscription" name="TC_08_To_validate_Order_Summary_Checkout_page" time="55.161">
    <error message="Can&#039;t locate an element by this strategy: By.chained({By.AndroidUIAutomator: new UiSelector().className(&quot;android.widget.TextView&quot;).textContains(&quot;Order Summary&quot;)})" type="org.openqa.selenium.NoSuchElementException">
      <![CDATA[org.openqa.selenium.NoSuchElementException: Can't locate an element by this strategy: By.chained({By.AndroidUIAutomator: new UiSelector().className("android.widget.TextView").textContains("Order Summary")})
at io.appium.java_client.pagefactory.AppiumElementLocator.findElement(AppiumElementLocator.java:126)
at io.appium.java_client.pagefactory.interceptors.InterceptorOfASingleElement.intercept(InterceptorOfASingleElement.java:59)
at io.appium.java_client.android.AndroidElement$$EnhancerByCGLIB$$b598166c.isDisplayed(<generated>)
at studi.co.pageModules.Module_Subscription.to_validate_Order_Summary_Checkout_page(Module_Subscription.java:339)
at studi.co.testScripts.Subscription.TC_08_To_validate_Order_Summary_Checkout_page(Subscription.java:51)
at java.base/jdk.internal.reflect.NativeMethodAccessorImpl.invoke0(Native Method)
at java.base/jdk.internal.reflect.NativeMethodAccessorImpl.invoke(NativeMethodAccessorImpl.java:64)
at java.base/jdk.internal.reflect.DelegatingMethodAccessorImpl.invoke(DelegatingMethodAccessorImpl.java:43)
at java.base/java.lang.reflect.Method.invoke(Method.java:564)
at org.testng.internal.MethodInvocationHelper.invokeMethod(MethodInvocationHelper.java:124)
at org.testng.internal.Invoker.invokeMethod(Invoker.java:583)
at org.testng.internal.Invoker.invokeTestMethod(Invoker.java:719)
at org.testng.internal.Invoker.invokeTestMethods(Invoker.java:989)
at org.testng.internal.TestMethodWorker.invokeTestMethods(TestMethodWorker.java:125)
at org.testng.internal.TestMethodWorker.run(TestMethodWorker.java:109)
at org.testng.TestRunner.privateRun(TestRunner.java:648)
at org.testng.TestRunner.run(TestRunner.java:505)
at org.testng.SuiteRunner.runTest(SuiteRunner.java:455)
at org.testng.SuiteRunner.runSequentially(SuiteRunner.java:450)
at org.testng.SuiteRunner.privateRun(SuiteRunner.java:415)
at org.testng.SuiteRunner.run(SuiteRunner.java:364)
at org.testng.SuiteRunnerWorker.runSuite(SuiteRunnerWorker.java:52)
at org.testng.SuiteRunnerWorker.run(SuiteRunnerWorker.java:84)
at org.testng.TestNG.runSuitesSequentially(TestNG.java:1208)
at org.testng.TestNG.runSuitesLocally(TestNG.java:1137)
at org.testng.TestNG.runSuites(TestNG.java:1049)
at org.testng.TestNG.run(TestNG.java:1017)
at org.testng.remote.AbstractRemoteTestNG.run(AbstractRemoteTestNG.java:115)
at org.testng.remote.RemoteTestNG.initAndRun(RemoteTestNG.java:251)
at org.testng.remote.RemoteTestNG.main(RemoteTestNG.java:77)
Caused by: org.openqa.selenium.TimeoutException: Expected condition failed: waiting for io.appium.java_client.pagefactory.AppiumElementLocator$WaitingFunction@28bdbe88 (tried for 1 second(s) with 500 milliseconds interval)
at org.openqa.selenium.support.ui.FluentWait.timeoutException(FluentWait.java:304)
at org.openqa.selenium.support.ui.FluentWait.until(FluentWait.java:272)
at io.appium.java_client.pagefactory.AppiumElementLocator.waitFor(AppiumElementLocator.java:99)
at io.appium.java_client.pagefactory.AppiumElementLocator.findElement(AppiumElementLocator.java:119)
... 29 more
Caused by: org.openqa.selenium.NoSuchElementException: Cannot locate an element using By.chained({By.AndroidUIAutomator: new UiSelector().className("android.widget.TextView").textContains("Order Summary")})
For documentation on this error, please visit: https://www.seleniumhq.org/exceptions/no_such_element.html
Build info: version: '3.141.59', revision: 'e82be7d358', time: '2018-11-14T08:17:03'
System info: host: 'DESKTOP-TMI6UL6', ip: '192.168.31.152', os.name: 'Windows 10', os.arch: 'amd64', os.version: '10.0', java.version: '15.0.2'
Driver info: driver.version: AndroidDriver
at io.appium.java_client.pagefactory.bys.builder.ByChained.findElement(ByChained.java:74)
at org.openqa.selenium.remote.RemoteWebDriver.findElement(RemoteWebDriver.java:315)
at io.appium.java_client.DefaultGenericMobileDriver.findElement(DefaultGenericMobileDriver.java:58)
at io.appium.java_client.AppiumDriver.findElement(AppiumDriver.java:1)
at io.appium.java_client.android.AndroidDriver.findElement(AndroidDriver.java:1)
at io.appium.java_client.pagefactory.bys.ContentMappedBy.findElement(ContentMappedBy.java:50)
at org.openqa.selenium.remote.RemoteWebDriver.findElement(RemoteWebDriver.java:315)
at io.appium.java_client.DefaultGenericMobileDriver.findElement(DefaultGenericMobileDriver.java:58)
at io.appium.java_client.AppiumDriver.findElement(AppiumDriver.java:1)
at io.appium.java_client.android.AndroidDriver.findElement(AndroidDriver.java:1)
at io.appium.java_client.pagefactory.AppiumElementLocator.lambda$0(AppiumElementLocator.java:120)
at io.appium.java_client.pagefactory.AppiumElementLocator$WaitingFunction.apply(AppiumElementLocator.java:172)
at io.appium.java_client.pagefactory.AppiumElementLocator$WaitingFunction.apply(AppiumElementLocator.java:1)
at org.openqa.selenium.support.ui.FluentWait.until(FluentWait.java:249)
... 31 more
]]>
    </error>
  </testcase> <!-- TC_08_To_validate_Order_Summary_Checkout_page -->
  <testcase classname="studi.co.testScripts.Subscription" name="TC_01_verify_The_Functionality_Of_Select_New_Plan_For_Adding_New_Profile_On_Choose_Profile_Page" time="21.285"/>
  <testcase classname="studi.co.testScripts.Subscription" name="TC_02_Verify_The_Functionality_Of_Select_Free_Trail_For_Newly_Added_Profile_On_Choose_Profile_Page" time="22.694"/>
  <testcase classname="studi.co.testScripts.Subscription" name="TC_09_To_validate_Order_Summary_Checkout_page_section_with_Details">
    <skipped/>
  </testcase> <!-- TC_09_To_validate_Order_Summary_Checkout_page_section_with_Details -->
  <testcase classname="studi.co.testScripts.Subscription" name="TC12_To_validate_Payment_information_section_with_details_of_Checkout_page">
    <skipped/>
  </testcase> <!-- TC12_To_validate_Payment_information_section_with_details_of_Checkout_page -->
  <testcase classname="studi.co.testScripts.Subscription" name="TC_06_To_validate_user_should_be_shown_subscription_plan_on_the_select_subscription_page">
    <skipped/>
  </testcase> <!-- TC_06_To_validate_user_should_be_shown_subscription_plan_on_the_select_subscription_page -->
</testsuite> <!-- studi.co.testScripts.Subscription -->
