<?xml version="1.0" encoding="UTF-8"?>
<!-- Generated by org.testng.reporters.JUnitReportReporter -->
<testsuite hostname="DESKTOP-TMI6UL6" failures="0" tests="38" name="studi.co.testScripts.AFS_UserStory_1045" time="124.432" errors="1" timestamp="28 Jul 2021 05:54:55 GMT" skipped="37">
  <testcase classname="studi.co.testScripts.AFS_UserStory_1045" name="T13_To_Verify_Todays_Tab_In_My_Lessons_Page" time="0.000">
    <skipped/>
  </testcase> <!-- T13_To_Verify_Todays_Tab_In_My_Lessons_Page -->
  <testcase classname="studi.co.testScripts.AFS_UserStory_1045" name="T35_To_Verify_Various_Filter_Options_On_Schedule_List_Should_Be_Functional" time="0.000">
    <skipped/>
  </testcase> <!-- T35_To_Verify_Various_Filter_Options_On_Schedule_List_Should_Be_Functional -->
  <testcase classname="studi.co.testScripts.AFS_UserStory_1045" name="T17_To_Verify_Various_Colour_Code_Schema_For_Various_Books" time="0.000">
    <skipped/>
  </testcase> <!-- T17_To_Verify_Various_Colour_Code_Schema_For_Various_Books -->
  <testcase classname="studi.co.testScripts.AFS_UserStory_1045" name="T24_To_Verify_Unlock_Lessons_Are_Functional" time="0.000">
    <skipped/>
  </testcase> <!-- T24_To_Verify_Unlock_Lessons_Are_Functional -->
  <testcase classname="studi.co.testScripts.AFS_UserStory_1045" name="T29_To_Verify_Full_Schedule_List_Of_Plan" time="0.000">
    <skipped/>
  </testcase> <!-- T29_To_Verify_Full_Schedule_List_Of_Plan -->
  <testcase classname="studi.co.testScripts.AFS_UserStory_1045" name="T15_To_Verify_Upcoming_Tab_In_My_Lessons_Page" time="0.000">
    <skipped/>
  </testcase> <!-- T15_To_Verify_Upcoming_Tab_In_My_Lessons_Page -->
  <testcase classname="studi.co.testScripts.AFS_UserStory_1045" name="T25_To_Verify_Locked_Lessons_Are_Un_Tappable_And_Non_Functional" time="0.000">
    <skipped/>
  </testcase> <!-- T25_To_Verify_Locked_Lessons_Are_Un_Tappable_And_Non_Functional -->
  <testcase classname="studi.co.testScripts.AFS_UserStory_1045" name="T38_To_Verify_Various_Manage_And_Create_Plan_Is_Tappable" time="0.000">
    <skipped/>
  </testcase> <!-- T38_To_Verify_Various_Manage_And_Create_Plan_Is_Tappable -->
  <testcase classname="studi.co.testScripts.AFS_UserStory_1045" name="T05_To_Verify_StudyRing_For_Existing_StudyPlan" time="0.000">
    <skipped/>
  </testcase> <!-- T05_To_Verify_StudyRing_For_Existing_StudyPlan -->
  <testcase classname="studi.co.testScripts.AFS_UserStory_1045" name="T26_To_Verify_View_Full_Schedule_Button" time="0.000">
    <skipped/>
  </testcase> <!-- T26_To_Verify_View_Full_Schedule_Button -->
  <testcase classname="studi.co.testScripts.AFS_UserStory_1045" name="T07_To_Verify_Information_OfTask_ToBe_Completed_Today" time="0.000">
    <skipped/>
  </testcase> <!-- T07_To_Verify_Information_OfTask_ToBe_Completed_Today -->
  <testcase classname="studi.co.testScripts.AFS_UserStory_1045" name="T03_ToVerify_User_Can_Navigate_Back_To_The_Landing_Page" time="0.000">
    <skipped/>
  </testcase> <!-- T03_ToVerify_User_Can_Navigate_Back_To_The_Landing_Page -->
  <testcase classname="studi.co.testScripts.AFS_UserStory_1045" name="T04_To_Verify_StudyRing_In_Default_State_For_New_StudyPlan" time="0.000">
    <skipped/>
  </testcase> <!-- T04_To_Verify_StudyRing_In_Default_State_For_New_StudyPlan -->
  <testcase classname="studi.co.testScripts.AFS_UserStory_1045" name="T01_To_Verify_User_Can_Navigate_To_MyLessons_Page" time="0.000">
    <skipped/>
  </testcase> <!-- T01_To_Verify_User_Can_Navigate_To_MyLessons_Page -->
  <testcase classname="studi.co.testScripts.AFS_UserStory_1045" name="T19_To_Verify_User_Should_Be_Shown_HighLighted_Lesson" time="0.000">
    <skipped/>
  </testcase> <!-- T19_To_Verify_User_Should_Be_Shown_HighLighted_Lesson -->
  <testcase classname="studi.co.testScripts.AFS_UserStory_1045" name="T14_To_Verify_Lessons_Listed_In_Todays_Tab" time="0.000">
    <skipped/>
  </testcase> <!-- T14_To_Verify_Lessons_Listed_In_Todays_Tab -->
  <testcase classname="studi.co.testScripts.AFS_UserStory_1045" name="T34_To_Verify_Various_Filter_Options_On_Schedule_List" time="0.000">
    <skipped/>
  </testcase> <!-- T34_To_Verify_Various_Filter_Options_On_Schedule_List -->
  <testcase classname="studi.co.testScripts.AFS_UserStory_1045" name="T30_To_Verify_Full_Schedule_List_Of_Plan_Arranged_Weekly" time="0.000">
    <skipped/>
  </testcase> <!-- T30_To_Verify_Full_Schedule_List_Of_Plan_Arranged_Weekly -->
  <testcase classname="studi.co.testScripts.AFS_UserStory_1045" name="T11_To_Verify_TickMark_On_Completing_Todays_Planned_Lesson_Count" time="0.000">
    <skipped/>
  </testcase> <!-- T11_To_Verify_TickMark_On_Completing_Todays_Planned_Lesson_Count -->
  <testcase classname="studi.co.testScripts.AFS_UserStory_1045" name="T28_To_Verify_User_Should_Be_Able_To_Navigate_Schedule_List_Page" time="0.000">
    <skipped/>
  </testcase> <!-- T28_To_Verify_User_Should_Be_Able_To_Navigate_Schedule_List_Page -->
  <testcase classname="studi.co.testScripts.AFS_UserStory_1045" name="T16_To_Verify_Lessons_Listed_In_Upcoming_Tab" time="0.000">
    <skipped/>
  </testcase> <!-- T16_To_Verify_Lessons_Listed_In_Upcoming_Tab -->
  <testcase classname="studi.co.testScripts.AFS_UserStory_1045" name="T40_To_Verify_User_Should_Be_Able_To_Review_The_Active_Plan_From_Manage_And_Create_Button" time="0.000">
    <skipped/>
  </testcase> <!-- T40_To_Verify_User_Should_Be_Able_To_Review_The_Active_Plan_From_Manage_And_Create_Button -->
  <testcase classname="studi.co.testScripts.AFS_UserStory_1045" name="T27_To_Verify_View_Full_Schedule_Are_Functional" time="0.000">
    <skipped/>
  </testcase> <!-- T27_To_Verify_View_Full_Schedule_Are_Functional -->
  <testcase classname="studi.co.testScripts.AFS_UserStory_1045" name="T32_To_Verify_Filter_Option_On_Schedule_List" time="0.000">
    <skipped/>
  </testcase> <!-- T32_To_Verify_Filter_Option_On_Schedule_List -->
  <testcase classname="studi.co.testScripts.AFS_UserStory_1045" name="T39_To_Verify_Various_Manage_And_Create_Plan_Is_Functional" time="0.000">
    <skipped/>
  </testcase> <!-- T39_To_Verify_Various_Manage_And_Create_Plan_Is_Functional -->
  <testcase classname="studi.co.testScripts.AFS_UserStory_1045" name="T42_To_Verify_User_Should_Be_Able_To_create_new_Plan_From_Manage_And_Create_Button" time="0.000">
    <skipped/>
  </testcase> <!-- T42_To_Verify_User_Should_Be_Able_To_create_new_Plan_From_Manage_And_Create_Button -->
  <testcase classname="studi.co.testScripts.AFS_UserStory_1045" name="T20_To_Verify_the_Highlighted_lessons_gets_changed_when_user_complete_the_previous_highlighted_lesson" time="0.000">
    <skipped/>
  </testcase> <!-- T20_To_Verify_the_Highlighted_lessons_gets_changed_when_user_complete_the_previous_highlighted_lesson -->
  <testcase classname="studi.co.testScripts.AFS_UserStory_1045" name="T23_To_Verify_Unlock_Lessons_Are_Tappable" time="0.000">
    <skipped/>
  </testcase> <!-- T23_To_Verify_Unlock_Lessons_Are_Tappable -->
  <testcase classname="studi.co.testScripts.AFS_UserStory_1045" name="T02_To_Verify_Various_Contents_On_MyLessons_Page" time="0.000">
    <skipped/>
  </testcase> <!-- T02_To_Verify_Various_Contents_On_MyLessons_Page -->
  <testcase classname="studi.co.testScripts.AFS_UserStory_1045" name="T33_To_Verify_Filter_Icon_On_Schedule_List_Should_Be_Tappable" time="0.000">
    <skipped/>
  </testcase> <!-- T33_To_Verify_Filter_Icon_On_Schedule_List_Should_Be_Tappable -->
  <testcase classname="studi.co.testScripts.AFS_UserStory_1045" name="T06_To_Verify_In_StudyRing_User_Should_Be_Shown_3_Rings" time="0.000">
    <skipped/>
  </testcase> <!-- T06_To_Verify_In_StudyRing_User_Should_Be_Shown_3_Rings -->
  <testcase classname="studi.co.testScripts.AFS_UserStory_1045" name="beforeTest" time="124.432">
    <error message="Unable to create a new remote session. Please check the server log for more details. Original error: An unknown server-side error occurred while processing the command. Original error: Could not acquire lock on C:\Users\LENOVO\AppData\Local\Temp\uia2_device_port_guard. Original error: Error: EEXIST: file already exists, open &#039;C:\Users\LENOVO\AppData\Local\Temp\uia2_device_port_guard&#039;
Build info: version: &#039;3.141.59&#039;, revision: &#039;e82be7d358&#039;, time: &#039;2018-11-14T08:17:03&#039;
System info: host: &#039;DESKTOP-TMI6UL6&#039;, ip: &#039;172.16.16.19&#039;, os.name: &#039;Windows 10&#039;, os.arch: &#039;amd64&#039;, os.version: &#039;10.0&#039;, java.version: &#039;15.0.2&#039;
Driver info: driver.version: AndroidDriver
remote stacktrace: UnknownError: An unknown server-side error occurred while processing the command. Original error: Could not acquire lock on C:\Users\LENOVO\AppData\Local\Temp\uia2_device_port_guard. Original error: Error: EEXIST: file already exists, open &#039;C:\Users\LENOVO\AppData\Local\Temp\uia2_device_port_guard&#039;
    at getResponseForW3CError (C:\Program Files\Appium\resources\app\node_modules\appium\node_modules\appium-base-driver\lib\protocol\errors.js:804:9)
    at asyncHandler (C:\Program Files\Appium\resources\app\node_modules\appium\node_modules\appium-base-driver\lib\protocol\protocol.js:381:37)
Build info: version: &#039;3.141.59&#039;, revision: &#039;e82be7d358&#039;, time: &#039;2018-11-14T08:17:03&#039;
System info: host: &#039;DESKTOP-TMI6UL6&#039;, ip: &#039;172.16.16.19&#039;, os.name: &#039;Windows 10&#039;, os.arch: &#039;amd64&#039;, os.version: &#039;10.0&#039;, java.version: &#039;15.0.2&#039;
Driver info: driver.version: AndroidDriver" type="org.openqa.selenium.SessionNotCreatedException">
      <![CDATA[org.openqa.selenium.SessionNotCreatedException: Unable to create a new remote session. Please check the server log for more details. Original error: An unknown server-side error occurred while processing the command. Original error: Could not acquire lock on C:\Users\LENOVO\AppData\Local\Temp\uia2_device_port_guard. Original error: Error: EEXIST: file already exists, open 'C:\Users\LENOVO\AppData\Local\Temp\uia2_device_port_guard'
Build info: version: '3.141.59', revision: 'e82be7d358', time: '2018-11-14T08:17:03'
System info: host: 'DESKTOP-TMI6UL6', ip: '172.16.16.19', os.name: 'Windows 10', os.arch: 'amd64', os.version: '10.0', java.version: '15.0.2'
Driver info: driver.version: AndroidDriver
remote stacktrace: UnknownError: An unknown server-side error occurred while processing the command. Original error: Could not acquire lock on C:\Users\LENOVO\AppData\Local\Temp\uia2_device_port_guard. Original error: Error: EEXIST: file already exists, open 'C:\Users\LENOVO\AppData\Local\Temp\uia2_device_port_guard'
    at getResponseForW3CError (C:\Program Files\Appium\resources\app\node_modules\appium\node_modules\appium-base-driver\lib\protocol\errors.js:804:9)
    at asyncHandler (C:\Program Files\Appium\resources\app\node_modules\appium\node_modules\appium-base-driver\lib\protocol\protocol.js:381:37)
Build info: version: '3.141.59', revision: 'e82be7d358', time: '2018-11-14T08:17:03'
System info: host: 'DESKTOP-TMI6UL6', ip: '172.16.16.19', os.name: 'Windows 10', os.arch: 'amd64', os.version: '10.0', java.version: '15.0.2'
Driver info: driver.version: AndroidDriver
at io.appium.java_client.remote.AppiumCommandExecutor$1.createSession(AppiumCommandExecutor.java:208)
at io.appium.java_client.remote.AppiumCommandExecutor.createSession(AppiumCommandExecutor.java:217)
at io.appium.java_client.remote.AppiumCommandExecutor.execute(AppiumCommandExecutor.java:239)
at org.openqa.selenium.remote.RemoteWebDriver.execute(RemoteWebDriver.java:552)
at io.appium.java_client.DefaultGenericMobileDriver.execute(DefaultGenericMobileDriver.java:42)
at io.appium.java_client.AppiumDriver.execute(AppiumDriver.java:1)
at io.appium.java_client.android.AndroidDriver.execute(AndroidDriver.java:1)
at org.openqa.selenium.remote.RemoteWebDriver.startSession(RemoteWebDriver.java:213)
at org.openqa.selenium.remote.RemoteWebDriver.<init>(RemoteWebDriver.java:131)
at io.appium.java_client.DefaultGenericMobileDriver.<init>(DefaultGenericMobileDriver.java:38)
at io.appium.java_client.AppiumDriver.<init>(AppiumDriver.java:84)
at io.appium.java_client.AppiumDriver.<init>(AppiumDriver.java:94)
at io.appium.java_client.android.AndroidDriver.<init>(AndroidDriver.java:95)
at studi.co.Base.BaseClass.beforeTest(BaseClass.java:337)
at java.base/jdk.internal.reflect.NativeMethodAccessorImpl.invoke0(Native Method)
at java.base/jdk.internal.reflect.NativeMethodAccessorImpl.invoke(NativeMethodAccessorImpl.java:64)
at java.base/jdk.internal.reflect.DelegatingMethodAccessorImpl.invoke(DelegatingMethodAccessorImpl.java:43)
at java.base/java.lang.reflect.Method.invoke(Method.java:564)
at org.testng.internal.MethodInvocationHelper.invokeMethod(MethodInvocationHelper.java:124)
at org.testng.internal.MethodInvocationHelper.invokeMethodConsideringTimeout(MethodInvocationHelper.java:59)
at org.testng.internal.Invoker.invokeConfigurationMethod(Invoker.java:458)
at org.testng.internal.Invoker.invokeConfigurations(Invoker.java:222)
at org.testng.internal.Invoker.invokeConfigurations(Invoker.java:142)
at org.testng.TestRunner.beforeRun(TestRunner.java:529)
at org.testng.TestRunner.run(TestRunner.java:497)
at org.testng.SuiteRunner.runTest(SuiteRunner.java:455)
at org.testng.SuiteRunner.access$000(SuiteRunner.java:40)
at org.testng.SuiteRunner$SuiteWorker.run(SuiteRunner.java:489)
at org.testng.internal.thread.ThreadUtil$1.call(ThreadUtil.java:52)
at java.base/java.util.concurrent.FutureTask.run(FutureTask.java:264)
at java.base/java.util.concurrent.ThreadPoolExecutor.runWorker(ThreadPoolExecutor.java:1130)
at java.base/java.util.concurrent.ThreadPoolExecutor$Worker.run(ThreadPoolExecutor.java:630)
at java.base/java.lang.Thread.run(Thread.java:832)
Caused by: java.lang.reflect.InvocationTargetException
at java.base/jdk.internal.reflect.NativeMethodAccessorImpl.invoke0(Native Method)
at java.base/jdk.internal.reflect.NativeMethodAccessorImpl.invoke(NativeMethodAccessorImpl.java:64)
at java.base/jdk.internal.reflect.DelegatingMethodAccessorImpl.invoke(DelegatingMethodAccessorImpl.java:43)
at java.base/java.lang.reflect.Method.invoke(Method.java:564)
at io.appium.java_client.remote.AppiumCommandExecutor$1.createSession(AppiumCommandExecutor.java:186)
... 32 more
Caused by: org.openqa.selenium.WebDriverException: An unknown server-side error occurred while processing the command. Original error: Could not acquire lock on C:\Users\LENOVO\AppData\Local\Temp\uia2_device_port_guard. Original error: Error: EEXIST: file already exists, open 'C:\Users\LENOVO\AppData\Local\Temp\uia2_device_port_guard'
Build info: version: '3.141.59', revision: 'e82be7d358', time: '2018-11-14T08:17:03'
System info: host: 'DESKTOP-TMI6UL6', ip: '172.16.16.19', os.name: 'Windows 10', os.arch: 'amd64', os.version: '10.0', java.version: '15.0.2'
Driver info: driver.version: AndroidDriver
remote stacktrace: UnknownError: An unknown server-side error occurred while processing the command. Original error: Could not acquire lock on C:\Users\LENOVO\AppData\Local\Temp\uia2_device_port_guard. Original error: Error: EEXIST: file already exists, open 'C:\Users\LENOVO\AppData\Local\Temp\uia2_device_port_guard'
    at getResponseForW3CError (C:\Program Files\Appium\resources\app\node_modules\appium\node_modules\appium-base-driver\lib\protocol\errors.js:804:9)
    at asyncHandler (C:\Program Files\Appium\resources\app\node_modules\appium\node_modules\appium-base-driver\lib\protocol\protocol.js:381:37)
at java.base/jdk.internal.reflect.NativeConstructorAccessorImpl.newInstance0(Native Method)
at java.base/jdk.internal.reflect.NativeConstructorAccessorImpl.newInstance(NativeConstructorAccessorImpl.java:64)
at java.base/jdk.internal.reflect.DelegatingConstructorAccessorImpl.newInstance(DelegatingConstructorAccessorImpl.java:45)
at java.base/java.lang.reflect.Constructor.newInstanceWithCaller(Constructor.java:500)
at java.base/java.lang.reflect.Constructor.newInstance(Constructor.java:481)
at org.openqa.selenium.remote.W3CHandshakeResponse.lambda$errorHandler$0(W3CHandshakeResponse.java:62)
at org.openqa.selenium.remote.HandshakeResponse.lambda$getResponseFunction$0(HandshakeResponse.java:30)
at org.openqa.selenium.remote.ProtocolHandshake.lambda$createSession$0(ProtocolHandshake.java:126)
at java.base/java.util.stream.ReferencePipeline$3$1.accept(ReferencePipeline.java:195)
at java.base/java.util.Spliterators$ArraySpliterator.tryAdvance(Spliterators.java:958)
at java.base/java.util.stream.ReferencePipeline.forEachWithCancel(ReferencePipeline.java:127)
at java.base/java.util.stream.AbstractPipeline.copyIntoWithCancel(AbstractPipeline.java:502)
at java.base/java.util.stream.AbstractPipeline.copyInto(AbstractPipeline.java:488)
at java.base/java.util.stream.AbstractPipeline.wrapAndCopyInto(AbstractPipeline.java:474)
at java.base/java.util.stream.FindOps$FindOp.evaluateSequential(FindOps.java:150)
at java.base/java.util.stream.AbstractPipeline.evaluate(AbstractPipeline.java:234)
at java.base/java.util.stream.ReferencePipeline.findFirst(ReferencePipeline.java:543)
at org.openqa.selenium.remote.ProtocolHandshake.createSession(ProtocolHandshake.java:128)
... 37 more
]]>
    </error>
  </testcase> <!-- beforeTest -->
  <testcase classname="studi.co.testScripts.AFS_UserStory_1045" name="T21_To_Verify_Lesson_Card_Content" time="0.000">
    <skipped/>
  </testcase> <!-- T21_To_Verify_Lesson_Card_Content -->
  <testcase classname="studi.co.testScripts.AFS_UserStory_1045" name="T31_To_Verify_Full_Schedule_List_Of_Plan_For_Other_Weeks" time="0.000">
    <skipped/>
  </testcase> <!-- T31_To_Verify_Full_Schedule_List_Of_Plan_For_Other_Weeks -->
  <testcase classname="studi.co.testScripts.AFS_UserStory_1045" name="T36_To_Verify_Various_Filter_Options_On_Schedule_List_Should_Be_Functional_For_All_The_Weeks" time="0.000">
    <skipped/>
  </testcase> <!-- T36_To_Verify_Various_Filter_Options_On_Schedule_List_Should_Be_Functional_For_All_The_Weeks -->
  <testcase classname="studi.co.testScripts.AFS_UserStory_1045" name="T37_To_Verify_Various_Manage_And_Create_Plan" time="0.000">
    <skipped/>
  </testcase> <!-- T37_To_Verify_Various_Manage_And_Create_Plan -->
  <testcase classname="studi.co.testScripts.AFS_UserStory_1045" name="T41_To_Verify_User_Should_Be_Able_To_Reactivate_The_older_Plans_From_Manage_And_Create_Button" time="0.000">
    <skipped/>
  </testcase> <!-- T41_To_Verify_User_Should_Be_Able_To_Reactivate_The_older_Plans_From_Manage_And_Create_Button -->
  <testcase classname="studi.co.testScripts.AFS_UserStory_1045" name="T22_To_Verify_TickMark_On_Lesson_Completion" time="0.000">
    <skipped/>
  </testcase> <!-- T22_To_Verify_TickMark_On_Lesson_Completion -->
</testsuite> <!-- studi.co.testScripts.AFS_UserStory_1045 -->
