<?xml version="1.0" encoding="UTF-8"?>
<!-- Generated by org.testng.reporters.JUnitReportReporter -->
<testsuite hostname="DESKTOP-TMI6UL6" failures="0" tests="37" name="studi.co.testScripts.Assignment_Oral_Test" time="60.784" errors="1" timestamp="13 Aug 2021 07:10:19 GMT" skipped="36">
  <testcase classname="studi.co.testScripts.Assignment_Oral_Test" name="TC38_To_verify_the_Default_Correct_Answer_of_question_is_display" time="0.000">
    <skipped/>
  </testcase> <!-- TC38_To_verify_the_Default_Correct_Answer_of_question_is_display -->
  <testcase classname="studi.co.testScripts.Assignment_Oral_Test" name="TC36_To_verify_the_question_with_Answer_appears_in_Green_Color" time="0.000">
    <skipped/>
  </testcase> <!-- TC36_To_verify_the_question_with_Answer_appears_in_Green_Color -->
  <testcase classname="studi.co.testScripts.Assignment_Oral_Test" name="TC53_To_check_for_the_confirmation_Message_for_redo_test_after_submiting_test" time="0.000">
    <skipped/>
  </testcase> <!-- TC53_To_check_for_the_confirmation_Message_for_redo_test_after_submiting_test -->
  <testcase classname="studi.co.testScripts.Assignment_Oral_Test" name="TC19_To_Verify_that_on_all_steps_user_able_to_delete_it_the_all_oral_creation_process" time="0.000">
    <skipped/>
  </testcase> <!-- TC19_To_Verify_that_on_all_steps_user_able_to_delete_it_the_all_oral_creation_process -->
  <testcase classname="studi.co.testScripts.Assignment_Oral_Test" name="TC28_To_Verify_Edit_Title_of_the_Oral_test" time="0.000">
    <skipped/>
  </testcase> <!-- TC28_To_Verify_Edit_Title_of_the_Oral_test -->
  <testcase classname="studi.co.testScripts.Assignment_Oral_Test" name="TC10_To_Verify_That_User_is_Able_to_Select_the_Chapters_from_Subject" time="0.000">
    <skipped/>
  </testcase> <!-- TC10_To_Verify_That_User_is_Able_to_Select_the_Chapters_from_Subject -->
  <testcase classname="studi.co.testScripts.Assignment_Oral_Test" name="TC17_To_Verify_that_user_should_be_able_to_move_from_current_step_to_next_step" time="0.000">
    <skipped/>
  </testcase> <!-- TC17_To_Verify_that_user_should_be_able_to_move_from_current_step_to_next_step -->
  <testcase classname="studi.co.testScripts.Assignment_Oral_Test" name="TC35_To_verify_Begin_test" time="0.000">
    <skipped/>
  </testcase> <!-- TC35_To_verify_Begin_test -->
  <testcase classname="studi.co.testScripts.Assignment_Oral_Test" name="TC41_To_verify_the_Answer_with_Did_you_get_it_right" time="0.000">
    <skipped/>
  </testcase> <!-- TC41_To_verify_the_Answer_with_Did_you_get_it_right -->
  <testcase classname="studi.co.testScripts.Assignment_Oral_Test" name="TC20_To_Verify_that_after_click_on_delete_two_option_should_get_display" time="0.000">
    <skipped/>
  </testcase> <!-- TC20_To_Verify_that_after_click_on_delete_two_option_should_get_display -->
  <testcase classname="studi.co.testScripts.Assignment_Oral_Test" name="TC39_To_verify_user_should_be_able_to_hide_answers" time="0.000">
    <skipped/>
  </testcase> <!-- TC39_To_verify_user_should_be_able_to_hide_answers -->
  <testcase classname="studi.co.testScripts.Assignment_Oral_Test" name="TC22_To_Verify_With_TakeMeBack_Button" time="0.000">
    <skipped/>
  </testcase> <!-- TC22_To_Verify_With_TakeMeBack_Button -->
  <testcase classname="studi.co.testScripts.Assignment_Oral_Test" name="TC33_To_Verify_the_Start_Test_UI" time="0.000">
    <skipped/>
  </testcase> <!-- TC33_To_Verify_the_Start_Test_UI -->
  <testcase classname="studi.co.testScripts.Assignment_Oral_Test" name="TC11_To_Verify_That_User_is_Able_to_Select_the_Topics_from_Subject" time="0.000">
    <skipped/>
  </testcase> <!-- TC11_To_Verify_That_User_is_Able_to_Select_the_Topics_from_Subject -->
  <testcase classname="studi.co.testScripts.Assignment_Oral_Test" name="TC24_To_Verify_That_While_Entering_Test_Setting_Details_User_Able_To_ON_Help_Toggle" time="0.000">
    <skipped/>
  </testcase> <!-- TC24_To_Verify_That_While_Entering_Test_Setting_Details_User_Able_To_ON_Help_Toggle -->
  <testcase classname="studi.co.testScripts.Assignment_Oral_Test" name="TC26_To_Verify_Default_Title_of_the_Oral_Test" time="0.000">
    <skipped/>
  </testcase> <!-- TC26_To_Verify_Default_Title_of_the_Oral_Test -->
  <testcase classname="studi.co.testScripts.Assignment_Oral_Test" name="TC07_To_Verify_that_from_syllabus_menu_user_should_be_able_to_Navigate_Oral_Test" time="0.000">
    <skipped/>
  </testcase> <!-- TC07_To_Verify_that_from_syllabus_menu_user_should_be_able_to_Navigate_Oral_Test -->
  <testcase classname="studi.co.testScripts.Assignment_Oral_Test" name="TC51_Verify_the_actions_on_last_question_of_the_Oral_test" time="0.000">
    <skipped/>
  </testcase> <!-- TC51_Verify_the_actions_on_last_question_of_the_Oral_test -->
  <testcase classname="studi.co.testScripts.Assignment_Oral_Test" name="TC18_To_Verify_that_user_should_be_able_to_move_from_current_step_to_previous_step" time="0.000">
    <skipped/>
  </testcase> <!-- TC18_To_Verify_that_user_should_be_able_to_move_from_current_step_to_previous_step -->
  <testcase classname="studi.co.testScripts.Assignment_Oral_Test" name="TC21_To_Verify_that_With_YesPleaseDiscard_button" time="0.000">
    <skipped/>
  </testcase> <!-- TC21_To_Verify_that_With_YesPleaseDiscard_button -->
  <testcase classname="studi.co.testScripts.Assignment_Oral_Test" name="TC32_To_Verify_the_navigation_from_Start_Test_Now" time="0.000">
    <skipped/>
  </testcase> <!-- TC32_To_Verify_the_navigation_from_Start_Test_Now -->
  <testcase classname="studi.co.testScripts.Assignment_Oral_Test" name="TC12_To_verify_for_select_Deselect_of_chapters_and_Topics" time="0.000">
    <skipped/>
  </testcase> <!-- TC12_To_verify_for_select_Deselect_of_chapters_and_Topics -->
  <testcase classname="studi.co.testScripts.Assignment_Oral_Test" name="TC08_To_Verify_After_Clicking_On_Oral_Test_User_Should_be_able_to_View_Oral_Test_Option" time="0.000">
    <skipped/>
  </testcase> <!-- TC08_To_Verify_After_Clicking_On_Oral_Test_User_Should_be_able_to_View_Oral_Test_Option -->
  <testcase classname="studi.co.testScripts.Assignment_Oral_Test" name="TC31_To_Verify_To_Set_Duration_For_The_Test" time="0.000">
    <skipped/>
  </testcase> <!-- TC31_To_Verify_To_Set_Duration_For_The_Test -->
  <testcase classname="studi.co.testScripts.Assignment_Oral_Test" name="TC46_To_verify_that_submit_Test_successfully" time="0.000">
    <skipped/>
  </testcase> <!-- TC46_To_verify_that_submit_Test_successfully -->
  <testcase classname="studi.co.testScripts.Assignment_Oral_Test" name="TC23_To_Verify_on_step_3_Enter_Test_Settings_Screen_Should_Get_Display" time="0.000">
    <skipped/>
  </testcase> <!-- TC23_To_Verify_on_step_3_Enter_Test_Settings_Screen_Should_Get_Display -->
  <testcase classname="studi.co.testScripts.Assignment_Oral_Test" name="TC52_To_verify_Reurn_to_test_functionality_after_submission_of_test" time="0.000">
    <skipped/>
  </testcase> <!-- TC52_To_verify_Reurn_to_test_functionality_after_submission_of_test -->
  <testcase classname="studi.co.testScripts.Assignment_Oral_Test" name="TC54_To_verify_the_functionality_of_redo_test" time="0.000">
    <skipped/>
  </testcase> <!-- TC54_To_verify_the_functionality_of_redo_test -->
  <testcase classname="studi.co.testScripts.Assignment_Oral_Test" name="TC34_To_Verify_When_click_on_start_test_button_before_starting_test_user_should_be_Able_to_view_Videos" time="0.000">
    <skipped/>
  </testcase> <!-- TC34_To_Verify_When_click_on_start_test_button_before_starting_test_user_should_be_Able_to_view_Videos -->
  <testcase classname="studi.co.testScripts.Assignment_Oral_Test" name="TC47_To_verify_after_submit_oral_test_there_should_not_be_any_scoring_critria" time="0.000">
    <skipped/>
  </testcase> <!-- TC47_To_verify_after_submit_oral_test_there_should_not_be_any_scoring_critria -->
  <testcase classname="studi.co.testScripts.Assignment_Oral_Test" name="TC25_To_Verify_That_While_Entering_Test_Setting_Details_User_Able_To_OFF_Help_Toggle" time="0.000">
    <skipped/>
  </testcase> <!-- TC25_To_Verify_That_While_Entering_Test_Setting_Details_User_Able_To_OFF_Help_Toggle -->
  <testcase classname="studi.co.testScripts.Assignment_Oral_Test" name="TC30_To_Verify_Set_Level_Of_Difficulty_For_The_Test" time="0.000">
    <skipped/>
  </testcase> <!-- TC30_To_Verify_Set_Level_Of_Difficulty_For_The_Test -->
  <testcase classname="studi.co.testScripts.Assignment_Oral_Test" name="TC40_To_verify_after_hiding_Answer_user_should_be_able_to_view_Answer_Again" time="0.000">
    <skipped/>
  </testcase> <!-- TC40_To_verify_after_hiding_Answer_user_should_be_able_to_view_Answer_Again -->
  <testcase classname="studi.co.testScripts.Assignment_Oral_Test" name="TC45_To_verify_user_should_be_able_to_end_test_without_checking_the_Answer" time="0.000">
    <skipped/>
  </testcase> <!-- TC45_To_verify_user_should_be_able_to_end_test_without_checking_the_Answer -->
  <testcase classname="studi.co.testScripts.Assignment_Oral_Test" name="beforeTest" time="60.784">
    <error message="Expected condition failed: waiting for visibility of Located by By.id: com.tce.studi:id/txtChildName (tried for 20 second(s) with 500 milliseconds interval)" type="org.openqa.selenium.TimeoutException">
      <![CDATA[org.openqa.selenium.TimeoutException: Expected condition failed: waiting for visibility of Located by By.id: com.tce.studi:id/txtChildName (tried for 20 second(s) with 500 milliseconds interval)
at org.openqa.selenium.support.ui.WebDriverWait.timeoutException(WebDriverWait.java:95)
at org.openqa.selenium.support.ui.FluentWait.until(FluentWait.java:272)
at studi.co.Base.BaseClass.applyExplicitWaitsUntilElementVisible(BaseClass.java:629)
at studi.co.pageObjects.Object_Login.getRegisteredUserName(Object_Login.java:163)
at studi.co.pageModules.Module_Login.Login_to_app(Module_Login.java:50)
at studi.co.Base.BaseClass.beforeTest(BaseClass.java:405)
at java.base/jdk.internal.reflect.NativeMethodAccessorImpl.invoke0(Native Method)
at java.base/jdk.internal.reflect.NativeMethodAccessorImpl.invoke(NativeMethodAccessorImpl.java:64)
at java.base/jdk.internal.reflect.DelegatingMethodAccessorImpl.invoke(DelegatingMethodAccessorImpl.java:43)
at java.base/java.lang.reflect.Method.invoke(Method.java:564)
at org.testng.internal.MethodInvocationHelper.invokeMethod(MethodInvocationHelper.java:124)
at org.testng.internal.MethodInvocationHelper.invokeMethodConsideringTimeout(MethodInvocationHelper.java:59)
at org.testng.internal.Invoker.invokeConfigurationMethod(Invoker.java:458)
at org.testng.internal.Invoker.invokeConfigurations(Invoker.java:222)
at org.testng.internal.Invoker.invokeConfigurations(Invoker.java:142)
at org.testng.TestRunner.beforeRun(TestRunner.java:529)
at org.testng.TestRunner.run(TestRunner.java:497)
at org.testng.SuiteRunner.runTest(SuiteRunner.java:455)
at org.testng.SuiteRunner.runSequentially(SuiteRunner.java:450)
at org.testng.SuiteRunner.privateRun(SuiteRunner.java:415)
at org.testng.SuiteRunner.run(SuiteRunner.java:364)
at org.testng.SuiteRunnerWorker.runSuite(SuiteRunnerWorker.java:52)
at org.testng.SuiteRunnerWorker.run(SuiteRunnerWorker.java:84)
at org.testng.TestNG.runSuitesSequentially(TestNG.java:1208)
at org.testng.TestNG.runSuitesLocally(TestNG.java:1137)
at org.testng.TestNG.runSuites(TestNG.java:1049)
at org.testng.TestNG.run(TestNG.java:1017)
at org.testng.remote.AbstractRemoteTestNG.run(AbstractRemoteTestNG.java:115)
at org.testng.remote.RemoteTestNG.initAndRun(RemoteTestNG.java:251)
at org.testng.remote.RemoteTestNG.main(RemoteTestNG.java:77)
Caused by: org.openqa.selenium.NoSuchElementException: Can't locate an element by this strategy: By.id: com.tce.studi:id/txtChildName
at io.appium.java_client.pagefactory.AppiumElementLocator.findElement(AppiumElementLocator.java:126)
at io.appium.java_client.pagefactory.interceptors.InterceptorOfASingleElement.intercept(InterceptorOfASingleElement.java:59)
at io.appium.java_client.android.AndroidElement$$EnhancerByCGLIB$$b598166c.isDisplayed(<generated>)
at org.openqa.selenium.support.ui.ExpectedConditions.elementIfVisible(ExpectedConditions.java:314)
at org.openqa.selenium.support.ui.ExpectedConditions.access$000(ExpectedConditions.java:43)
at org.openqa.selenium.support.ui.ExpectedConditions$10.apply(ExpectedConditions.java:300)
at org.openqa.selenium.support.ui.ExpectedConditions$10.apply(ExpectedConditions.java:297)
at org.openqa.selenium.support.ui.FluentWait.until(FluentWait.java:249)
... 28 more
Caused by: org.openqa.selenium.TimeoutException: Expected condition failed: waiting for io.appium.java_client.pagefactory.AppiumElementLocator$WaitingFunction@4417af13 (tried for 1 second(s) with 500 milliseconds interval)
at org.openqa.selenium.support.ui.FluentWait.timeoutException(FluentWait.java:304)
at org.openqa.selenium.support.ui.FluentWait.until(FluentWait.java:272)
at io.appium.java_client.pagefactory.AppiumElementLocator.waitFor(AppiumElementLocator.java:99)
at io.appium.java_client.pagefactory.AppiumElementLocator.findElement(AppiumElementLocator.java:119)
... 35 more
Caused by: org.openqa.selenium.NoSuchElementException: An element could not be located on the page using the given search parameters.
For documentation on this error, please visit: https://www.seleniumhq.org/exceptions/no_such_element.html
Build info: version: '3.141.59', revision: 'e82be7d358', time: '2018-11-14T08:17:03'
System info: host: 'DESKTOP-TMI6UL6', ip: '192.168.31.152', os.name: 'Windows 10', os.arch: 'amd64', os.version: '10.0', java.version: '15.0.2'
Driver info: io.appium.java_client.android.AndroidDriver
Capabilities {appActivity: com.tce.view.ui.activities...., appPackage: com.tce.studi, chromeOptions: {w3c: false}, chromedriverExecutable: C:\Users\LENOVO\git\TATA_St..., databaseEnabled: false, desired: {appActivity: com.tce.view.ui.activities...., appPackage: com.tce.studi, chromeOptions: {w3c: false}, chromedriverExecutable: C:\Users\LENOVO\git\TATA_St..., deviceName: Appium, noReset: true, platformName: android, takesScreenshot: true}, deviceApiLevel: 30, deviceManufacturer: samsung, deviceModel: SM-M015G, deviceName: R9ZN71027SD, deviceScreenDensity: 320, deviceScreenSize: 720x1520, deviceUDID: R9ZN71027SD, javascriptEnabled: true, locationContextEnabled: false, networkConnectionEnabled: true, noReset: true, pixelRatio: 2, platform: LINUX, platformName: Android, platformVersion: 11, statBarHeight: 59, takesScreenshot: true, viewportRect: {height: 1306, left: 0, top: 59, width: 720}, warnings: {}, webStorageEnabled: false}
Session ID: f6e9b84a-33f6-46d3-aba1-8c834183e135
*** Element info: {Using=id, value=com.tce.studi:id/txtChildName}
at java.base/jdk.internal.reflect.NativeConstructorAccessorImpl.newInstance0(Native Method)
at java.base/jdk.internal.reflect.NativeConstructorAccessorImpl.newInstance(NativeConstructorAccessorImpl.java:64)
at java.base/jdk.internal.reflect.DelegatingConstructorAccessorImpl.newInstance(DelegatingConstructorAccessorImpl.java:45)
at java.base/java.lang.reflect.Constructor.newInstanceWithCaller(Constructor.java:500)
at java.base/java.lang.reflect.Constructor.newInstance(Constructor.java:481)
at org.openqa.selenium.remote.http.W3CHttpResponseCodec.createException(W3CHttpResponseCodec.java:187)
at org.openqa.selenium.remote.http.W3CHttpResponseCodec.decode(W3CHttpResponseCodec.java:122)
at org.openqa.selenium.remote.http.W3CHttpResponseCodec.decode(W3CHttpResponseCodec.java:49)
at org.openqa.selenium.remote.HttpCommandExecutor.execute(HttpCommandExecutor.java:158)
at io.appium.java_client.remote.AppiumCommandExecutor.execute(AppiumCommandExecutor.java:239)
at org.openqa.selenium.remote.RemoteWebDriver.execute(RemoteWebDriver.java:552)
at io.appium.java_client.DefaultGenericMobileDriver.execute(DefaultGenericMobileDriver.java:42)
at io.appium.java_client.AppiumDriver.execute(AppiumDriver.java:1)
at io.appium.java_client.android.AndroidDriver.execute(AndroidDriver.java:1)
at org.openqa.selenium.remote.RemoteWebDriver.findElement(RemoteWebDriver.java:323)
at io.appium.java_client.DefaultGenericMobileDriver.findElement(DefaultGenericMobileDriver.java:62)
at io.appium.java_client.AppiumDriver.findElement(AppiumDriver.java:1)
at io.appium.java_client.android.AndroidDriver.findElement(AndroidDriver.java:1)
at org.openqa.selenium.remote.RemoteWebDriver.findElementById(RemoteWebDriver.java:372)
at io.appium.java_client.DefaultGenericMobileDriver.findElementById(DefaultGenericMobileDriver.java:70)
at io.appium.java_client.AppiumDriver.findElementById(AppiumDriver.java:1)
at io.appium.java_client.android.AndroidDriver.findElementById(AndroidDriver.java:1)
at org.openqa.selenium.By$ById.findElement(By.java:188)
at org.openqa.selenium.remote.RemoteWebDriver.findElement(RemoteWebDriver.java:315)
at io.appium.java_client.DefaultGenericMobileDriver.findElement(DefaultGenericMobileDriver.java:58)
at io.appium.java_client.AppiumDriver.findElement(AppiumDriver.java:1)
at io.appium.java_client.android.AndroidDriver.findElement(AndroidDriver.java:1)
at io.appium.java_client.pagefactory.bys.ContentMappedBy.findElement(ContentMappedBy.java:50)
at org.openqa.selenium.remote.RemoteWebDriver.findElement(RemoteWebDriver.java:315)
at io.appium.java_client.DefaultGenericMobileDriver.findElement(DefaultGenericMobileDriver.java:58)
at io.appium.java_client.AppiumDriver.findElement(AppiumDriver.java:1)
at io.appium.java_client.android.AndroidDriver.findElement(AndroidDriver.java:1)
at io.appium.java_client.pagefactory.AppiumElementLocator.lambda$0(AppiumElementLocator.java:120)
at io.appium.java_client.pagefactory.AppiumElementLocator$WaitingFunction.apply(AppiumElementLocator.java:172)
at io.appium.java_client.pagefactory.AppiumElementLocator$WaitingFunction.apply(AppiumElementLocator.java:1)
at org.openqa.selenium.support.ui.FluentWait.until(FluentWait.java:249)
... 37 more
]]>
    </error>
  </testcase> <!-- beforeTest -->
  <testcase classname="studi.co.testScripts.Assignment_Oral_Test" name="TC09_To_Verify_that_User_Should_be_able_to_Add_the_Content_Even_if_Striked_off_for_Creating_Oral_Test" time="0.000">
    <skipped/>
  </testcase> <!-- TC09_To_Verify_that_User_Should_be_able_to_Add_the_Content_Even_if_Striked_off_for_Creating_Oral_Test -->
  <testcase classname="studi.co.testScripts.Assignment_Oral_Test" name="TC29_To_Verify_input_limitation_and_input_validation_for_the_title" time="0.000">
    <skipped/>
  </testcase> <!-- TC29_To_Verify_input_limitation_and_input_validation_for_the_title -->
</testsuite> <!-- studi.co.testScripts.Assignment_Oral_Test -->
