<?xml version="1.0" encoding="UTF-8"?>
<!-- Generated by org.testng.reporters.JUnitXMLReporter -->
<testsuite ignored="0" hostname="DESKTOP-JHURRHK" failures="4" tests="31" name="Test1" time="3272.788" errors="0" timestamp="16 Aug 2021 06:28:11 GMT">
  <testcase classname="studi.co.testScripts.AFS_UserStory_77" name="TC01_To_Verify_Receive_SCQ_Questions_In_Revision" time="72.286"/>
  <testcase classname="studi.co.testScripts.AFS_UserStory_77" name="TC02_To_Verify_SCQ_Answers_In_Default_State_In_Revision" time="56.945"/>
  <testcase classname="studi.co.testScripts.AFS_UserStory_77" name="TC03_To_Verify_Various_SCQ_Answers_Available_In_Revision" time="52.503"/>
  <testcase classname="studi.co.testScripts.AFS_UserStory_77" name="TC04_To_Verify_SCQ_Answers_Can_Be_Select_In_Revision" time="115.39"/>
  <testcase classname="studi.co.testScripts.AFS_UserStory_77" name="TC05_To_Verify_Only_Single_Answer_Can_Be_Select_For_SCQ_Question_In_Revision" time="122.224">
    <failure type="java.lang.AssertionError" message="The following asserts failed:
	Multiple answers can be select for SCQ expected [true] but found [false],
	Multiple answers can be select for SCQ expected [true] but found [false],
	Multiple answers can be select for SCQ expected [true] but found [false],
	Multiple answers can be select for SCQ expected [true] but found [false],
	Multiple answers can be select for SCQ expected [true] but found [false]">
      <![CDATA[java.lang.AssertionError: The following asserts failed:
Multiple answers can be select for SCQ expected [true] but found [false],
Multiple answers can be select for SCQ expected [true] but found [false],
Multiple answers can be select for SCQ expected [true] but found [false],
Multiple answers can be select for SCQ expected [true] but found [false],
Multiple answers can be select for SCQ expected [true] but found [false]
at studi.co.pageModules.Module_Receive_Questions_Revision.Verify_Only_Single_Answer_Can_Be_Select_For_SCQ_Question_In_Revision(Module_Receive_Questions_Revision.java:373)
at studi.co.testScripts.AFS_UserStory_77.TC05_To_Verify_Only_Single_Answer_Can_Be_Select_For_SCQ_Question_In_Revision(AFS_UserStory_77.java:148)
at java.base/java.util.concurrent.FutureTask.run(FutureTask.java:264)
at java.base/java.util.concurrent.ThreadPoolExecutor.runWorker(ThreadPoolExecutor.java:1128)
at java.base/java.util.concurrent.ThreadPoolExecutor$Worker.run(ThreadPoolExecutor.java:628)
at java.base/java.lang.Thread.run(Thread.java:834)
... Removed 17 stack frames]]>
    </failure>
  </testcase> <!-- TC05_To_Verify_Only_Single_Answer_Can_Be_Select_For_SCQ_Question_In_Revision -->
  <testcase classname="studi.co.testScripts.AFS_UserStory_77" name="TC06_To_Verify_Instant_Feedback_Shown_After_CQ_Correct_Answer_Selection_In_Revision" time="104.536"/>
  <testcase classname="studi.co.testScripts.AFS_UserStory_77" name="TC07_To_Verify_State_Of_Answer_Should_Be_Maintained_For_SCQ_Question_In_Revision" time="141.346"/>
  <testcase classname="studi.co.testScripts.AFS_UserStory_77" name="TC08_To_Verify_Instant_Feedback_Shown_After_SCQ_Wrong_Answer_Selection_In_Revision" time="75.958"/>
  <testcase classname="studi.co.testScripts.AFS_UserStory_77" name="TC09_To_Verify_Attempting_SCQ_Quiz_Is_Not_Mandatory_In_Revision" time="39.188"/>
  <testcase classname="studi.co.testScripts.AFS_UserStory_77" name="TC11_To_Verify_User_Can_Abandon_SCQ_Quiz_In_Revision" time="33.919"/>
  <testcase classname="studi.co.testScripts.AFS_UserStory_77" name="TC12_To_Verify_Receive_SCQ_Questions_In_Practice" time="65.227"/>
  <testcase classname="studi.co.testScripts.AFS_UserStory_77" name="TC13_To_Verify_SCQ_Answers_Is_In_Default_State_In_Practice" time="73.152"/>
  <testcase classname="studi.co.testScripts.AFS_UserStory_77" name="TC14_To_Verify_Multiple_Answers_Shown_For_SCQ_In_Practice" time="46.607"/>
  <testcase classname="studi.co.testScripts.AFS_UserStory_77" name="TC15_To_Verify_SCQ_Answer_Can_Be_Select_In_Practice" time="102.044"/>
  <testcase classname="studi.co.testScripts.AFS_UserStory_77" name="TC16_To_Verify_Only_Single_SCQ_Answer_Can_Be_Select_In_Practice" time="99.976"/>
  <testcase classname="studi.co.testScripts.AFS_UserStory_77" name="TC17_To_Verify_Feedback_Shown_For_Correct_Answer_Selection_In_SCQ_Practice" time="95.332"/>
  <testcase classname="studi.co.testScripts.AFS_UserStory_77" name="TC18_To_Verify_Feedback_Shown_For_Incorrect_Answer_Selection_In_SCQ_Practice" time="117.379"/>
  <testcase classname="studi.co.testScripts.AFS_UserStory_77" name="TC19_To_Verify_Attempting_SCQ_Quiz_Is_Mandatory_In_Practice" time="35.691"/>
  <testcase classname="studi.co.testScripts.AFS_UserStory_77" name="TC20_To_Verify_In_Wrong_Answer_Selection_User_Should_Get_1_More_Attempt_For_SCQ_In_Practice" time="117.574"/>
  <testcase classname="studi.co.testScripts.AFS_UserStory_77" name="TC21_To_Verify_User_Should_Be_Able_To_Abandon_The_SCQ_In_Practice" time="35.916"/>
  <testcase classname="studi.co.testScripts.AFS_UserStory_77" name="TC22_To_Verify_Receive_SCQ_Questions_In_Test" time="169.949"/>
  <testcase classname="studi.co.testScripts.AFS_UserStory_77" name="TC23_Module_Receive_SCQ_Answers_In_Default_State_In_Test" time="145.6"/>
  <testcase classname="studi.co.testScripts.AFS_UserStory_77" name="TC24_To_Verify_Multiple_Answers_Shown_For_SCQ_In_Test" time="108.205"/>
  <testcase classname="studi.co.testScripts.AFS_UserStory_77" name="TC25_To_Verify_SCQ_Answers_Can_Be_Select_In_Test" time="181.946"/>
  <testcase classname="studi.co.testScripts.AFS_UserStory_77" name="TC26_To_Verify_Only_Single_SCQ_Answer_Can_Be_Select_In_Test" time="158.937"/>
  <testcase classname="studi.co.testScripts.AFS_UserStory_77" name="TC27_To_Verify_Correct_Feedback_Shown_After_SCQ_Answer_Selection_In_Test" time="206.459">
    <failure type="org.openqa.selenium.NoSuchElementException" message="Can&amp;apos;t locate an element by this strategy: By.chained({By.id: com.tce.studi:id/vp_lesson_cards})">
      <![CDATA[org.openqa.selenium.NoSuchElementException: Can't locate an element by this strategy: By.chained({By.id: com.tce.studi:id/vp_lesson_cards})
at io.appium.java_client.pagefactory.AppiumElementLocator.findElement(AppiumElementLocator.java:126)
at io.appium.java_client.pagefactory.interceptors.InterceptorOfASingleElement.intercept(InterceptorOfASingleElement.java:59)
at io.appium.java_client.android.AndroidElement$$EnhancerByCGLIB$$b598166c.isDisplayed(<generated>)
at studi.co.pageModules.Module_Receive_Questions_Test.Correct_Feedback_Shown_After_Test_Complition(Module_Receive_Questions_Test.java:635)
at studi.co.pageModules.Module_Receive_Questions_Test.Module_Verify_Correct_Feedback_Shown_After_SCQ_Answer_Selection_In_Test(Module_Receive_Questions_Test.java:164)
at studi.co.testScripts.AFS_UserStory_77.TC27_To_Verify_Correct_Feedback_Shown_After_SCQ_Answer_Selection_In_Test(AFS_UserStory_77.java:235)
at java.base/java.util.concurrent.FutureTask.run(FutureTask.java:264)
at java.base/java.util.concurrent.ThreadPoolExecutor.runWorker(ThreadPoolExecutor.java:1128)
at java.base/java.util.concurrent.ThreadPoolExecutor$Worker.run(ThreadPoolExecutor.java:628)
at java.base/java.lang.Thread.run(Thread.java:834)
Caused by: org.openqa.selenium.TimeoutException: Expected condition failed: waiting for io.appium.java_client.pagefactory.AppiumElementLocator$WaitingFunction@3fdf384c (tried for 1 second(s) with 500 milliseconds interval)
at org.openqa.selenium.support.ui.FluentWait.timeoutException(FluentWait.java:304)
at org.openqa.selenium.support.ui.FluentWait.until(FluentWait.java:272)
at io.appium.java_client.pagefactory.AppiumElementLocator.waitFor(AppiumElementLocator.java:99)
at io.appium.java_client.pagefactory.AppiumElementLocator.findElement(AppiumElementLocator.java:119)
... 25 more
Caused by: org.openqa.selenium.NoSuchElementException: Cannot locate an element using By.chained({By.id: com.tce.studi:id/vp_lesson_cards})
For documentation on this error, please visit: https://www.seleniumhq.org/exceptions/no_such_element.html
Build info: version: '3.141.59', revision: 'e82be7d358', time: '2018-11-14T08:17:03'
System info: host: 'DESKTOP-JHURRHK', ip: '192.168.31.92', os.name: 'Windows 10', os.arch: 'amd64', os.version: '10.0', java.version: '11.0.9'
Driver info: driver.version: AndroidDriver
at io.appium.java_client.pagefactory.bys.builder.ByChained.findElement(ByChained.java:74)
at org.openqa.selenium.remote.RemoteWebDriver.findElement(RemoteWebDriver.java:315)
at io.appium.java_client.DefaultGenericMobileDriver.findElement(DefaultGenericMobileDriver.java:58)
at io.appium.java_client.AppiumDriver.findElement(AppiumDriver.java:1)
at io.appium.java_client.android.AndroidDriver.findElement(AndroidDriver.java:1)
at io.appium.java_client.pagefactory.bys.ContentMappedBy.findElement(ContentMappedBy.java:50)
at org.openqa.selenium.remote.RemoteWebDriver.findElement(RemoteWebDriver.java:315)
at io.appium.java_client.DefaultGenericMobileDriver.findElement(DefaultGenericMobileDriver.java:58)
at io.appium.java_client.AppiumDriver.findElement(AppiumDriver.java:1)
at io.appium.java_client.android.AndroidDriver.findElement(AndroidDriver.java:1)
at io.appium.java_client.pagefactory.AppiumElementLocator.lambda$0(AppiumElementLocator.java:120)
at io.appium.java_client.pagefactory.AppiumElementLocator$WaitingFunction.apply(AppiumElementLocator.java:172)
at io.appium.java_client.pagefactory.AppiumElementLocator$WaitingFunction.apply(AppiumElementLocator.java:1)
at org.openqa.selenium.support.ui.FluentWait.until(FluentWait.java:249)
... 27 more
... Removed 16 stack frames]]>
    </failure>
  </testcase> <!-- TC27_To_Verify_Correct_Feedback_Shown_After_SCQ_Answer_Selection_In_Test -->
  <testcase classname="studi.co.testScripts.AFS_UserStory_77" name="TC28_To_Verify_Correct_Feedback_Shown_Under_Hamburger_Menu_In_Test" time="136.003">
    <failure type="org.openqa.selenium.NoSuchElementException" message="Can&amp;apos;t locate an element by this strategy: By.chained({By.id: com.tce.studi:id/vp_lesson_cards})">
      <![CDATA[org.openqa.selenium.NoSuchElementException: Can't locate an element by this strategy: By.chained({By.id: com.tce.studi:id/vp_lesson_cards})
at io.appium.java_client.pagefactory.AppiumElementLocator.findElement(AppiumElementLocator.java:126)
at io.appium.java_client.pagefactory.interceptors.InterceptorOfASingleElement.intercept(InterceptorOfASingleElement.java:59)
at io.appium.java_client.android.AndroidElement$$EnhancerByCGLIB$$b598166c.isDisplayed(<generated>)
at studi.co.pageModules.Module_Receive_Questions_Test.Correct_Feedback_Shown_Under_Hamburger_Menu(Module_Receive_Questions_Test.java:745)
at studi.co.pageModules.Module_Receive_Questions_Test.Module_Verify_Correct_Feedback_Shown_Under_Hamburger_Menu_In_Test(Module_Receive_Questions_Test.java:176)
at studi.co.testScripts.AFS_UserStory_77.TC28_To_Verify_Correct_Feedback_Shown_Under_Hamburger_Menu_In_Test(AFS_UserStory_77.java:244)
at java.base/java.util.concurrent.FutureTask.run(FutureTask.java:264)
at java.base/java.util.concurrent.ThreadPoolExecutor.runWorker(ThreadPoolExecutor.java:1128)
at java.base/java.util.concurrent.ThreadPoolExecutor$Worker.run(ThreadPoolExecutor.java:628)
at java.base/java.lang.Thread.run(Thread.java:834)
Caused by: org.openqa.selenium.TimeoutException: Expected condition failed: waiting for io.appium.java_client.pagefactory.AppiumElementLocator$WaitingFunction@50f128ff (tried for 1 second(s) with 500 milliseconds interval)
at org.openqa.selenium.support.ui.FluentWait.timeoutException(FluentWait.java:304)
at org.openqa.selenium.support.ui.FluentWait.until(FluentWait.java:272)
at io.appium.java_client.pagefactory.AppiumElementLocator.waitFor(AppiumElementLocator.java:99)
at io.appium.java_client.pagefactory.AppiumElementLocator.findElement(AppiumElementLocator.java:119)
... 25 more
Caused by: org.openqa.selenium.NoSuchElementException: Cannot locate an element using By.chained({By.id: com.tce.studi:id/vp_lesson_cards})
For documentation on this error, please visit: https://www.seleniumhq.org/exceptions/no_such_element.html
Build info: version: '3.141.59', revision: 'e82be7d358', time: '2018-11-14T08:17:03'
System info: host: 'DESKTOP-JHURRHK', ip: '192.168.31.92', os.name: 'Windows 10', os.arch: 'amd64', os.version: '10.0', java.version: '11.0.9'
Driver info: driver.version: AndroidDriver
at io.appium.java_client.pagefactory.bys.builder.ByChained.findElement(ByChained.java:74)
at org.openqa.selenium.remote.RemoteWebDriver.findElement(RemoteWebDriver.java:315)
at io.appium.java_client.DefaultGenericMobileDriver.findElement(DefaultGenericMobileDriver.java:58)
at io.appium.java_client.AppiumDriver.findElement(AppiumDriver.java:1)
at io.appium.java_client.android.AndroidDriver.findElement(AndroidDriver.java:1)
at io.appium.java_client.pagefactory.bys.ContentMappedBy.findElement(ContentMappedBy.java:50)
at org.openqa.selenium.remote.RemoteWebDriver.findElement(RemoteWebDriver.java:315)
at io.appium.java_client.DefaultGenericMobileDriver.findElement(DefaultGenericMobileDriver.java:58)
at io.appium.java_client.AppiumDriver.findElement(AppiumDriver.java:1)
at io.appium.java_client.android.AndroidDriver.findElement(AndroidDriver.java:1)
at io.appium.java_client.pagefactory.AppiumElementLocator.lambda$0(AppiumElementLocator.java:120)
at io.appium.java_client.pagefactory.AppiumElementLocator$WaitingFunction.apply(AppiumElementLocator.java:172)
at io.appium.java_client.pagefactory.AppiumElementLocator$WaitingFunction.apply(AppiumElementLocator.java:1)
at org.openqa.selenium.support.ui.FluentWait.until(FluentWait.java:249)
... 27 more
... Removed 16 stack frames]]>
    </failure>
  </testcase> <!-- TC28_To_Verify_Correct_Feedback_Shown_Under_Hamburger_Menu_In_Test -->
  <testcase classname="studi.co.testScripts.AFS_UserStory_77" name="TC29_To_Verify_Attempting_SCQ_Quiz_Is_Not_Mandatory_In_Test" time="114.289">
    <failure type="org.openqa.selenium.NoSuchElementException" message="Can&amp;apos;t locate an element by this strategy: By.chained({By.id: com.tce.studi:id/vp_lesson_cards})">
      <![CDATA[org.openqa.selenium.NoSuchElementException: Can't locate an element by this strategy: By.chained({By.id: com.tce.studi:id/vp_lesson_cards})
at io.appium.java_client.pagefactory.AppiumElementLocator.findElement(AppiumElementLocator.java:126)
at io.appium.java_client.pagefactory.interceptors.InterceptorOfASingleElement.intercept(InterceptorOfASingleElement.java:59)
at io.appium.java_client.android.AndroidElement$$EnhancerByCGLIB$$b598166c.isEnabled(<generated>)
at studi.co.pageModules.Module_Receive_Questions_Test.verify_Quiz_Is_Not_Mandatory(Module_Receive_Questions_Test.java:857)
at studi.co.pageModules.Module_Receive_Questions_Test.Module_Verify_Attempting_SCQ_Quiz_Is_Not_Mandatory_In_Test(Module_Receive_Questions_Test.java:188)
at studi.co.testScripts.AFS_UserStory_77.TC29_To_Verify_Attempting_SCQ_Quiz_Is_Not_Mandatory_In_Test(AFS_UserStory_77.java:253)
at java.base/java.util.concurrent.FutureTask.run(FutureTask.java:264)
at java.base/java.util.concurrent.ThreadPoolExecutor.runWorker(ThreadPoolExecutor.java:1128)
at java.base/java.util.concurrent.ThreadPoolExecutor$Worker.run(ThreadPoolExecutor.java:628)
at java.base/java.lang.Thread.run(Thread.java:834)
Caused by: org.openqa.selenium.TimeoutException: Expected condition failed: waiting for io.appium.java_client.pagefactory.AppiumElementLocator$WaitingFunction@251b9d60 (tried for 1 second(s) with 500 milliseconds interval)
at org.openqa.selenium.support.ui.FluentWait.timeoutException(FluentWait.java:304)
at org.openqa.selenium.support.ui.FluentWait.until(FluentWait.java:272)
at io.appium.java_client.pagefactory.AppiumElementLocator.waitFor(AppiumElementLocator.java:99)
at io.appium.java_client.pagefactory.AppiumElementLocator.findElement(AppiumElementLocator.java:119)
... 25 more
Caused by: org.openqa.selenium.NoSuchElementException: Cannot locate an element using By.chained({By.id: com.tce.studi:id/vp_lesson_cards})
For documentation on this error, please visit: https://www.seleniumhq.org/exceptions/no_such_element.html
Build info: version: '3.141.59', revision: 'e82be7d358', time: '2018-11-14T08:17:03'
System info: host: 'DESKTOP-JHURRHK', ip: '192.168.31.92', os.name: 'Windows 10', os.arch: 'amd64', os.version: '10.0', java.version: '11.0.9'
Driver info: driver.version: AndroidDriver
at io.appium.java_client.pagefactory.bys.builder.ByChained.findElement(ByChained.java:74)
at org.openqa.selenium.remote.RemoteWebDriver.findElement(RemoteWebDriver.java:315)
at io.appium.java_client.DefaultGenericMobileDriver.findElement(DefaultGenericMobileDriver.java:58)
at io.appium.java_client.AppiumDriver.findElement(AppiumDriver.java:1)
at io.appium.java_client.android.AndroidDriver.findElement(AndroidDriver.java:1)
at io.appium.java_client.pagefactory.bys.ContentMappedBy.findElement(ContentMappedBy.java:50)
at org.openqa.selenium.remote.RemoteWebDriver.findElement(RemoteWebDriver.java:315)
at io.appium.java_client.DefaultGenericMobileDriver.findElement(DefaultGenericMobileDriver.java:58)
at io.appium.java_client.AppiumDriver.findElement(AppiumDriver.java:1)
at io.appium.java_client.android.AndroidDriver.findElement(AndroidDriver.java:1)
at io.appium.java_client.pagefactory.AppiumElementLocator.lambda$0(AppiumElementLocator.java:120)
at io.appium.java_client.pagefactory.AppiumElementLocator$WaitingFunction.apply(AppiumElementLocator.java:172)
at io.appium.java_client.pagefactory.AppiumElementLocator$WaitingFunction.apply(AppiumElementLocator.java:1)
at org.openqa.selenium.support.ui.FluentWait.until(FluentWait.java:249)
... 27 more
... Removed 16 stack frames]]>
    </failure>
  </testcase> <!-- TC29_To_Verify_Attempting_SCQ_Quiz_Is_Not_Mandatory_In_Test -->
  <testcase classname="studi.co.testScripts.AFS_UserStory_77" name="TC30_To_Verify_User_Should_Be_Able_To_Flag_The_SCQ_Question_In_Test" time="145.032"/>
  <testcase classname="studi.co.testScripts.AFS_UserStory_77" name="TC32_To_Verify_Marks_Shown_With_SCQ_In_Test" time="71.003"/>
  <testcase classname="studi.co.testScripts.AFS_UserStory_77" name="TC33_To_Verify_User_Can_Abond_SCQ_Quiz_In_Test" time="91.027"/>
</testsuite> <!-- Test1 -->
