<html>
<head>
<title>TestNG:  Test1</title>
<link href="../testng.css" rel="stylesheet" type="text/css" />
<link href="../my-testng.css" rel="stylesheet" type="text/css" />

<style type="text/css">
.log { display: none;} 
.stack-trace { display: none;} 
</style>
<script type="text/javascript">
<!--
function flip(e) {
  current = e.style.display;
  if (current == 'block') {
    e.style.display = 'none';
    return 0;
  }
  else {
    e.style.display = 'block';
    return 1;
  }
}

function toggleBox(szDivId, elem, msg1, msg2)
{
  var res = -1;  if (document.getElementById) {
    res = flip(document.getElementById(szDivId));
  }
  else if (document.all) {
    // this is the way old msie versions work
    res = flip(document.all[szDivId]);
  }
  if(elem) {
    if(res == 0) elem.innerHTML = msg1; else elem.innerHTML = msg2;
  }

}

function toggleAllBoxes() {
  if (document.getElementsByTagName) {
    d = document.getElementsByTagName('div');
    for (i = 0; i < d.length; i++) {
      if (d[i].className == 'log') {
        flip(d[i]);
      }
    }
  }
}

// -->
</script>

</head>
<body>
<h2 align='center'>Test1</h2><table border='1' align="center">
<tr>
<td>Tests passed/Failed/Skipped:</td><td>27/4/0</td>
</tr><tr>
<td>Started on:</td><td>Mon Aug 16 11:03:38 IST 2021</td>
</tr>
<tr><td>Total time:</td><td>3272 seconds (3272788 ms)</td>
</tr><tr>
<td>Included groups:</td><td></td>
</tr><tr>
<td>Excluded groups:</td><td></td>
</tr>
</table><p/>
<small><i>(Hover the method name to see the test class name)</i></small><p/>
<table width='100%' border='1' class='invocation-failed'>
<tr><td colspan='4' align='center'><b>FAILED TESTS</b></td></tr>
<tr><td><b>Test method</b></td>
<td width="30%"><b>Exception</b></td>
<td width="10%"><b>Time (seconds)</b></td>
<td><b>Instance</b></td>
</tr>
<tr>
<td title='studi.co.testScripts.AFS_UserStory_77.TC05_To_Verify_Only_Single_Answer_Can_Be_Select_For_SCQ_Question_In_Revision()'><b>TC05_To_Verify_Only_Single_Answer_Can_Be_Select_For_SCQ_Question_In_Revision</b><br>Test class: studi.co.testScripts.AFS_UserStory_77</td>
<td><div><pre>java.lang.AssertionError: The following asserts failed:
	Multiple answers can be select for SCQ expected [true] but found [false],
	Multiple answers can be select for SCQ expected [true] but found [false],
	Multiple answers can be select for SCQ expected [true] but found [false],
	Multiple answers can be select for SCQ expected [true] but found [false],
	Multiple answers can be select for SCQ expected [true] but found [false]
	at studi.co.pageModules.Module_Receive_Questions_Revision.Verify_Only_Single_Answer_Can_Be_Select_For_SCQ_Question_In_Revision(Module_Receive_Questions_Revision.java:373)
	at studi.co.testScripts.AFS_UserStory_77.TC05_To_Verify_Only_Single_Answer_Can_Be_Select_For_SCQ_Question_In_Revision(AFS_UserStory_77.java:148)
	at java.base/java.util.concurrent.FutureTask.run(FutureTask.java:264)
	at java.base/java.util.concurrent.ThreadPoolExecutor.runWorker(ThreadPoolExecutor.java:1128)
	at java.base/java.util.concurrent.ThreadPoolExecutor$Worker.run(ThreadPoolExecutor.java:628)
	at java.base/java.lang.Thread.run(Thread.java:834)
... Removed 17 stack frames</pre></div><a href='#' onClick='toggleBox("stack-trace251944944", this, "Click to show all stack frames", "Click to hide stack frames")'>Click to show all stack frames</a>
<div class='stack-trace' id='stack-trace251944944'><pre>java.lang.AssertionError: The following asserts failed:
	Multiple answers can be select for SCQ expected [true] but found [false],
	Multiple answers can be select for SCQ expected [true] but found [false],
	Multiple answers can be select for SCQ expected [true] but found [false],
	Multiple answers can be select for SCQ expected [true] but found [false],
	Multiple answers can be select for SCQ expected [true] but found [false]
	at org.testng.asserts.SoftAssert.assertAll(SoftAssert.java:43)
	at studi.co.pageModules.Module_Receive_Questions_Revision.Verify_Only_Single_Answer_Can_Be_Select_For_SCQ_Question_In_Revision(Module_Receive_Questions_Revision.java:373)
	at studi.co.testScripts.AFS_UserStory_77.TC05_To_Verify_Only_Single_Answer_Can_Be_Select_For_SCQ_Question_In_Revision(AFS_UserStory_77.java:148)
	at java.base/jdk.internal.reflect.NativeMethodAccessorImpl.invoke0(Native Method)
	at java.base/jdk.internal.reflect.NativeMethodAccessorImpl.invoke(NativeMethodAccessorImpl.java:62)
	at java.base/jdk.internal.reflect.DelegatingMethodAccessorImpl.invoke(DelegatingMethodAccessorImpl.java:43)
	at java.base/java.lang.reflect.Method.invoke(Method.java:566)
	at org.testng.internal.MethodInvocationHelper.invokeMethod(MethodInvocationHelper.java:124)
	at org.testng.internal.Invoker.invokeMethod(Invoker.java:583)
	at org.testng.internal.Invoker.invokeTestMethod(Invoker.java:719)
	at org.testng.internal.Invoker.invokeTestMethods(Invoker.java:989)
	at org.testng.internal.TestMethodWorker.invokeTestMethods(TestMethodWorker.java:125)
	at org.testng.internal.TestMethodWorker.run(TestMethodWorker.java:109)
	at org.testng.TestRunner.privateRun(TestRunner.java:648)
	at org.testng.TestRunner.run(TestRunner.java:505)
	at org.testng.SuiteRunner.runTest(SuiteRunner.java:455)
	at org.testng.SuiteRunner.access$000(SuiteRunner.java:40)
	at org.testng.SuiteRunner$SuiteWorker.run(SuiteRunner.java:489)
	at org.testng.internal.thread.ThreadUtil$1.call(ThreadUtil.java:52)
	at java.base/java.util.concurrent.FutureTask.run(FutureTask.java:264)
	at java.base/java.util.concurrent.ThreadPoolExecutor.runWorker(ThreadPoolExecutor.java:1128)
	at java.base/java.util.concurrent.ThreadPoolExecutor$Worker.run(ThreadPoolExecutor.java:628)
	at java.base/java.lang.Thread.run(Thread.java:834)
</pre></div></td>
<td>122</td>
<td>studi.co.testScripts.AFS_UserStory_77@226642a5</td></tr>
<tr>
<td title='studi.co.testScripts.AFS_UserStory_77.TC27_To_Verify_Correct_Feedback_Shown_After_SCQ_Answer_Selection_In_Test()'><b>TC27_To_Verify_Correct_Feedback_Shown_After_SCQ_Answer_Selection_In_Test</b><br>Test class: studi.co.testScripts.AFS_UserStory_77</td>
<td><div><pre>org.openqa.selenium.NoSuchElementException: Can&apos;t locate an element by this strategy: By.chained({By.id: com.tce.studi:id/vp_lesson_cards})
	at io.appium.java_client.pagefactory.AppiumElementLocator.findElement(AppiumElementLocator.java:126)
	at io.appium.java_client.pagefactory.interceptors.InterceptorOfASingleElement.intercept(InterceptorOfASingleElement.java:59)
	at io.appium.java_client.android.AndroidElement$$EnhancerByCGLIB$$b598166c.isDisplayed(&lt;generated&gt;)
	at studi.co.pageModules.Module_Receive_Questions_Test.Correct_Feedback_Shown_After_Test_Complition(Module_Receive_Questions_Test.java:635)
	at studi.co.pageModules.Module_Receive_Questions_Test.Module_Verify_Correct_Feedback_Shown_After_SCQ_Answer_Selection_In_Test(Module_Receive_Questions_Test.java:164)
	at studi.co.testScripts.AFS_UserStory_77.TC27_To_Verify_Correct_Feedback_Shown_After_SCQ_Answer_Selection_In_Test(AFS_UserStory_77.java:235)
	at java.base/java.util.concurrent.FutureTask.run(FutureTask.java:264)
	at java.base/java.util.concurrent.ThreadPoolExecutor.runWorker(ThreadPoolExecutor.java:1128)
	at java.base/java.util.concurrent.ThreadPoolExecutor$Worker.run(ThreadPoolExecutor.java:628)
	at java.base/java.lang.Thread.run(Thread.java:834)
Caused by: org.openqa.selenium.TimeoutException: Expected condition failed: waiting for io.appium.java_client.pagefactory.AppiumElementLocator$WaitingFunction@3fdf384c (tried for 1 second(s) with 500 milliseconds interval)
	at org.openqa.selenium.support.ui.FluentWait.timeoutException(FluentWait.java:304)
	at org.openqa.selenium.support.ui.FluentWait.until(FluentWait.java:272)
	at io.appium.java_client.pagefactory.AppiumElementLocator.waitFor(AppiumElementLocator.java:99)
	at io.appium.java_client.pagefactory.AppiumElementLocator.findElement(AppiumElementLocator.java:119)
	... 25 more
Caused by: org.openqa.selenium.NoSuchElementException: Cannot locate an element using By.chained({By.id: com.tce.studi:id/vp_lesson_cards})
For documentation on this error, please visit: https://www.seleniumhq.org/exceptions/no_such_element.html
Build info: version: &apos;3.141.59&apos;, revision: &apos;e82be7d358&apos;, time: &apos;2018-11-14T08:17:03&apos;
System info: host: &apos;DESKTOP-JHURRHK&apos;, ip: &apos;192.168.31.92&apos;, os.name: &apos;Windows 10&apos;, os.arch: &apos;amd64&apos;, os.version: &apos;10.0&apos;, java.version: &apos;11.0.9&apos;
Driver info: driver.version: AndroidDriver
	at io.appium.java_client.pagefactory.bys.builder.ByChained.findElement(ByChained.java:74)
	at org.openqa.selenium.remote.RemoteWebDriver.findElement(RemoteWebDriver.java:315)
	at io.appium.java_client.DefaultGenericMobileDriver.findElement(DefaultGenericMobileDriver.java:58)
	at io.appium.java_client.AppiumDriver.findElement(AppiumDriver.java:1)
	at io.appium.java_client.android.AndroidDriver.findElement(AndroidDriver.java:1)
	at io.appium.java_client.pagefactory.bys.ContentMappedBy.findElement(ContentMappedBy.java:50)
	at org.openqa.selenium.remote.RemoteWebDriver.findElement(RemoteWebDriver.java:315)
	at io.appium.java_client.DefaultGenericMobileDriver.findElement(DefaultGenericMobileDriver.java:58)
	at io.appium.java_client.AppiumDriver.findElement(AppiumDriver.java:1)
	at io.appium.java_client.android.AndroidDriver.findElement(AndroidDriver.java:1)
	at io.appium.java_client.pagefactory.AppiumElementLocator.lambda$0(AppiumElementLocator.java:120)
	at io.appium.java_client.pagefactory.AppiumElementLocator$WaitingFunction.apply(AppiumElementLocator.java:172)
	at io.appium.java_client.pagefactory.AppiumElementLocator$WaitingFunction.apply(AppiumElementLocator.java:1)
	at org.openqa.selenium.support.ui.FluentWait.until(FluentWait.java:249)
	... 27 more
... Removed 16 stack frames</pre></div><a href='#' onClick='toggleBox("stack-trace93504476", this, "Click to show all stack frames", "Click to hide stack frames")'>Click to show all stack frames</a>
<div class='stack-trace' id='stack-trace93504476'><pre>org.openqa.selenium.NoSuchElementException: Can&apos;t locate an element by this strategy: By.chained({By.id: com.tce.studi:id/vp_lesson_cards})
	at io.appium.java_client.pagefactory.AppiumElementLocator.findElement(AppiumElementLocator.java:126)
	at io.appium.java_client.pagefactory.interceptors.InterceptorOfASingleElement.intercept(InterceptorOfASingleElement.java:59)
	at io.appium.java_client.android.AndroidElement$$EnhancerByCGLIB$$b598166c.isDisplayed(&lt;generated&gt;)
	at studi.co.pageModules.Module_Receive_Questions_Test.Correct_Feedback_Shown_After_Test_Complition(Module_Receive_Questions_Test.java:635)
	at studi.co.pageModules.Module_Receive_Questions_Test.Module_Verify_Correct_Feedback_Shown_After_SCQ_Answer_Selection_In_Test(Module_Receive_Questions_Test.java:164)
	at studi.co.testScripts.AFS_UserStory_77.TC27_To_Verify_Correct_Feedback_Shown_After_SCQ_Answer_Selection_In_Test(AFS_UserStory_77.java:235)
	at java.base/jdk.internal.reflect.NativeMethodAccessorImpl.invoke0(Native Method)
	at java.base/jdk.internal.reflect.NativeMethodAccessorImpl.invoke(NativeMethodAccessorImpl.java:62)
	at java.base/jdk.internal.reflect.DelegatingMethodAccessorImpl.invoke(DelegatingMethodAccessorImpl.java:43)
	at java.base/java.lang.reflect.Method.invoke(Method.java:566)
	at org.testng.internal.MethodInvocationHelper.invokeMethod(MethodInvocationHelper.java:124)
	at org.testng.internal.Invoker.invokeMethod(Invoker.java:583)
	at org.testng.internal.Invoker.invokeTestMethod(Invoker.java:719)
	at org.testng.internal.Invoker.invokeTestMethods(Invoker.java:989)
	at org.testng.internal.TestMethodWorker.invokeTestMethods(TestMethodWorker.java:125)
	at org.testng.internal.TestMethodWorker.run(TestMethodWorker.java:109)
	at org.testng.TestRunner.privateRun(TestRunner.java:648)
	at org.testng.TestRunner.run(TestRunner.java:505)
	at org.testng.SuiteRunner.runTest(SuiteRunner.java:455)
	at org.testng.SuiteRunner.access$000(SuiteRunner.java:40)
	at org.testng.SuiteRunner$SuiteWorker.run(SuiteRunner.java:489)
	at org.testng.internal.thread.ThreadUtil$1.call(ThreadUtil.java:52)
	at java.base/java.util.concurrent.FutureTask.run(FutureTask.java:264)
	at java.base/java.util.concurrent.ThreadPoolExecutor.runWorker(ThreadPoolExecutor.java:1128)
	at java.base/java.util.concurrent.ThreadPoolExecutor$Worker.run(ThreadPoolExecutor.java:628)
	at java.base/java.lang.Thread.run(Thread.java:834)
Caused by: org.openqa.selenium.TimeoutException: Expected condition failed: waiting for io.appium.java_client.pagefactory.AppiumElementLocator$WaitingFunction@3fdf384c (tried for 1 second(s) with 500 milliseconds interval)
	at org.openqa.selenium.support.ui.FluentWait.timeoutException(FluentWait.java:304)
	at org.openqa.selenium.support.ui.FluentWait.until(FluentWait.java:272)
	at io.appium.java_client.pagefactory.AppiumElementLocator.waitFor(AppiumElementLocator.java:99)
	at io.appium.java_client.pagefactory.AppiumElementLocator.findElement(AppiumElementLocator.java:119)
	... 25 more
Caused by: org.openqa.selenium.NoSuchElementException: Cannot locate an element using By.chained({By.id: com.tce.studi:id/vp_lesson_cards})
For documentation on this error, please visit: https://www.seleniumhq.org/exceptions/no_such_element.html
Build info: version: &apos;3.141.59&apos;, revision: &apos;e82be7d358&apos;, time: &apos;2018-11-14T08:17:03&apos;
System info: host: &apos;DESKTOP-JHURRHK&apos;, ip: &apos;192.168.31.92&apos;, os.name: &apos;Windows 10&apos;, os.arch: &apos;amd64&apos;, os.version: &apos;10.0&apos;, java.version: &apos;11.0.9&apos;
Driver info: driver.version: AndroidDriver
	at io.appium.java_client.pagefactory.bys.builder.ByChained.findElement(ByChained.java:74)
	at org.openqa.selenium.remote.RemoteWebDriver.findElement(RemoteWebDriver.java:315)
	at io.appium.java_client.DefaultGenericMobileDriver.findElement(DefaultGenericMobileDriver.java:58)
	at io.appium.java_client.AppiumDriver.findElement(AppiumDriver.java:1)
	at io.appium.java_client.android.AndroidDriver.findElement(AndroidDriver.java:1)
	at io.appium.java_client.pagefactory.bys.ContentMappedBy.findElement(ContentMappedBy.java:50)
	at org.openqa.selenium.remote.RemoteWebDriver.findElement(RemoteWebDriver.java:315)
	at io.appium.java_client.DefaultGenericMobileDriver.findElement(DefaultGenericMobileDriver.java:58)
	at io.appium.java_client.AppiumDriver.findElement(AppiumDriver.java:1)
	at io.appium.java_client.android.AndroidDriver.findElement(AndroidDriver.java:1)
	at io.appium.java_client.pagefactory.AppiumElementLocator.lambda$0(AppiumElementLocator.java:120)
	at io.appium.java_client.pagefactory.AppiumElementLocator$WaitingFunction.apply(AppiumElementLocator.java:172)
	at io.appium.java_client.pagefactory.AppiumElementLocator$WaitingFunction.apply(AppiumElementLocator.java:1)
	at org.openqa.selenium.support.ui.FluentWait.until(FluentWait.java:249)
	... 27 more
</pre></div></td>
<td>206</td>
<td>studi.co.testScripts.AFS_UserStory_77@226642a5</td></tr>
<tr>
<td title='studi.co.testScripts.AFS_UserStory_77.TC28_To_Verify_Correct_Feedback_Shown_Under_Hamburger_Menu_In_Test()'><b>TC28_To_Verify_Correct_Feedback_Shown_Under_Hamburger_Menu_In_Test</b><br>Test class: studi.co.testScripts.AFS_UserStory_77</td>
<td><div><pre>org.openqa.selenium.NoSuchElementException: Can&apos;t locate an element by this strategy: By.chained({By.id: com.tce.studi:id/vp_lesson_cards})
	at io.appium.java_client.pagefactory.AppiumElementLocator.findElement(AppiumElementLocator.java:126)
	at io.appium.java_client.pagefactory.interceptors.InterceptorOfASingleElement.intercept(InterceptorOfASingleElement.java:59)
	at io.appium.java_client.android.AndroidElement$$EnhancerByCGLIB$$b598166c.isDisplayed(&lt;generated&gt;)
	at studi.co.pageModules.Module_Receive_Questions_Test.Correct_Feedback_Shown_Under_Hamburger_Menu(Module_Receive_Questions_Test.java:745)
	at studi.co.pageModules.Module_Receive_Questions_Test.Module_Verify_Correct_Feedback_Shown_Under_Hamburger_Menu_In_Test(Module_Receive_Questions_Test.java:176)
	at studi.co.testScripts.AFS_UserStory_77.TC28_To_Verify_Correct_Feedback_Shown_Under_Hamburger_Menu_In_Test(AFS_UserStory_77.java:244)
	at java.base/java.util.concurrent.FutureTask.run(FutureTask.java:264)
	at java.base/java.util.concurrent.ThreadPoolExecutor.runWorker(ThreadPoolExecutor.java:1128)
	at java.base/java.util.concurrent.ThreadPoolExecutor$Worker.run(ThreadPoolExecutor.java:628)
	at java.base/java.lang.Thread.run(Thread.java:834)
Caused by: org.openqa.selenium.TimeoutException: Expected condition failed: waiting for io.appium.java_client.pagefactory.AppiumElementLocator$WaitingFunction@50f128ff (tried for 1 second(s) with 500 milliseconds interval)
	at org.openqa.selenium.support.ui.FluentWait.timeoutException(FluentWait.java:304)
	at org.openqa.selenium.support.ui.FluentWait.until(FluentWait.java:272)
	at io.appium.java_client.pagefactory.AppiumElementLocator.waitFor(AppiumElementLocator.java:99)
	at io.appium.java_client.pagefactory.AppiumElementLocator.findElement(AppiumElementLocator.java:119)
	... 25 more
Caused by: org.openqa.selenium.NoSuchElementException: Cannot locate an element using By.chained({By.id: com.tce.studi:id/vp_lesson_cards})
For documentation on this error, please visit: https://www.seleniumhq.org/exceptions/no_such_element.html
Build info: version: &apos;3.141.59&apos;, revision: &apos;e82be7d358&apos;, time: &apos;2018-11-14T08:17:03&apos;
System info: host: &apos;DESKTOP-JHURRHK&apos;, ip: &apos;192.168.31.92&apos;, os.name: &apos;Windows 10&apos;, os.arch: &apos;amd64&apos;, os.version: &apos;10.0&apos;, java.version: &apos;11.0.9&apos;
Driver info: driver.version: AndroidDriver
	at io.appium.java_client.pagefactory.bys.builder.ByChained.findElement(ByChained.java:74)
	at org.openqa.selenium.remote.RemoteWebDriver.findElement(RemoteWebDriver.java:315)
	at io.appium.java_client.DefaultGenericMobileDriver.findElement(DefaultGenericMobileDriver.java:58)
	at io.appium.java_client.AppiumDriver.findElement(AppiumDriver.java:1)
	at io.appium.java_client.android.AndroidDriver.findElement(AndroidDriver.java:1)
	at io.appium.java_client.pagefactory.bys.ContentMappedBy.findElement(ContentMappedBy.java:50)
	at org.openqa.selenium.remote.RemoteWebDriver.findElement(RemoteWebDriver.java:315)
	at io.appium.java_client.DefaultGenericMobileDriver.findElement(DefaultGenericMobileDriver.java:58)
	at io.appium.java_client.AppiumDriver.findElement(AppiumDriver.java:1)
	at io.appium.java_client.android.AndroidDriver.findElement(AndroidDriver.java:1)
	at io.appium.java_client.pagefactory.AppiumElementLocator.lambda$0(AppiumElementLocator.java:120)
	at io.appium.java_client.pagefactory.AppiumElementLocator$WaitingFunction.apply(AppiumElementLocator.java:172)
	at io.appium.java_client.pagefactory.AppiumElementLocator$WaitingFunction.apply(AppiumElementLocator.java:1)
	at org.openqa.selenium.support.ui.FluentWait.until(FluentWait.java:249)
	... 27 more
... Removed 16 stack frames</pre></div><a href='#' onClick='toggleBox("stack-trace1812454230", this, "Click to show all stack frames", "Click to hide stack frames")'>Click to show all stack frames</a>
<div class='stack-trace' id='stack-trace1812454230'><pre>org.openqa.selenium.NoSuchElementException: Can&apos;t locate an element by this strategy: By.chained({By.id: com.tce.studi:id/vp_lesson_cards})
	at io.appium.java_client.pagefactory.AppiumElementLocator.findElement(AppiumElementLocator.java:126)
	at io.appium.java_client.pagefactory.interceptors.InterceptorOfASingleElement.intercept(InterceptorOfASingleElement.java:59)
	at io.appium.java_client.android.AndroidElement$$EnhancerByCGLIB$$b598166c.isDisplayed(&lt;generated&gt;)
	at studi.co.pageModules.Module_Receive_Questions_Test.Correct_Feedback_Shown_Under_Hamburger_Menu(Module_Receive_Questions_Test.java:745)
	at studi.co.pageModules.Module_Receive_Questions_Test.Module_Verify_Correct_Feedback_Shown_Under_Hamburger_Menu_In_Test(Module_Receive_Questions_Test.java:176)
	at studi.co.testScripts.AFS_UserStory_77.TC28_To_Verify_Correct_Feedback_Shown_Under_Hamburger_Menu_In_Test(AFS_UserStory_77.java:244)
	at java.base/jdk.internal.reflect.NativeMethodAccessorImpl.invoke0(Native Method)
	at java.base/jdk.internal.reflect.NativeMethodAccessorImpl.invoke(NativeMethodAccessorImpl.java:62)
	at java.base/jdk.internal.reflect.DelegatingMethodAccessorImpl.invoke(DelegatingMethodAccessorImpl.java:43)
	at java.base/java.lang.reflect.Method.invoke(Method.java:566)
	at org.testng.internal.MethodInvocationHelper.invokeMethod(MethodInvocationHelper.java:124)
	at org.testng.internal.Invoker.invokeMethod(Invoker.java:583)
	at org.testng.internal.Invoker.invokeTestMethod(Invoker.java:719)
	at org.testng.internal.Invoker.invokeTestMethods(Invoker.java:989)
	at org.testng.internal.TestMethodWorker.invokeTestMethods(TestMethodWorker.java:125)
	at org.testng.internal.TestMethodWorker.run(TestMethodWorker.java:109)
	at org.testng.TestRunner.privateRun(TestRunner.java:648)
	at org.testng.TestRunner.run(TestRunner.java:505)
	at org.testng.SuiteRunner.runTest(SuiteRunner.java:455)
	at org.testng.SuiteRunner.access$000(SuiteRunner.java:40)
	at org.testng.SuiteRunner$SuiteWorker.run(SuiteRunner.java:489)
	at org.testng.internal.thread.ThreadUtil$1.call(ThreadUtil.java:52)
	at java.base/java.util.concurrent.FutureTask.run(FutureTask.java:264)
	at java.base/java.util.concurrent.ThreadPoolExecutor.runWorker(ThreadPoolExecutor.java:1128)
	at java.base/java.util.concurrent.ThreadPoolExecutor$Worker.run(ThreadPoolExecutor.java:628)
	at java.base/java.lang.Thread.run(Thread.java:834)
Caused by: org.openqa.selenium.TimeoutException: Expected condition failed: waiting for io.appium.java_client.pagefactory.AppiumElementLocator$WaitingFunction@50f128ff (tried for 1 second(s) with 500 milliseconds interval)
	at org.openqa.selenium.support.ui.FluentWait.timeoutException(FluentWait.java:304)
	at org.openqa.selenium.support.ui.FluentWait.until(FluentWait.java:272)
	at io.appium.java_client.pagefactory.AppiumElementLocator.waitFor(AppiumElementLocator.java:99)
	at io.appium.java_client.pagefactory.AppiumElementLocator.findElement(AppiumElementLocator.java:119)
	... 25 more
Caused by: org.openqa.selenium.NoSuchElementException: Cannot locate an element using By.chained({By.id: com.tce.studi:id/vp_lesson_cards})
For documentation on this error, please visit: https://www.seleniumhq.org/exceptions/no_such_element.html
Build info: version: &apos;3.141.59&apos;, revision: &apos;e82be7d358&apos;, time: &apos;2018-11-14T08:17:03&apos;
System info: host: &apos;DESKTOP-JHURRHK&apos;, ip: &apos;192.168.31.92&apos;, os.name: &apos;Windows 10&apos;, os.arch: &apos;amd64&apos;, os.version: &apos;10.0&apos;, java.version: &apos;11.0.9&apos;
Driver info: driver.version: AndroidDriver
	at io.appium.java_client.pagefactory.bys.builder.ByChained.findElement(ByChained.java:74)
	at org.openqa.selenium.remote.RemoteWebDriver.findElement(RemoteWebDriver.java:315)
	at io.appium.java_client.DefaultGenericMobileDriver.findElement(DefaultGenericMobileDriver.java:58)
	at io.appium.java_client.AppiumDriver.findElement(AppiumDriver.java:1)
	at io.appium.java_client.android.AndroidDriver.findElement(AndroidDriver.java:1)
	at io.appium.java_client.pagefactory.bys.ContentMappedBy.findElement(ContentMappedBy.java:50)
	at org.openqa.selenium.remote.RemoteWebDriver.findElement(RemoteWebDriver.java:315)
	at io.appium.java_client.DefaultGenericMobileDriver.findElement(DefaultGenericMobileDriver.java:58)
	at io.appium.java_client.AppiumDriver.findElement(AppiumDriver.java:1)
	at io.appium.java_client.android.AndroidDriver.findElement(AndroidDriver.java:1)
	at io.appium.java_client.pagefactory.AppiumElementLocator.lambda$0(AppiumElementLocator.java:120)
	at io.appium.java_client.pagefactory.AppiumElementLocator$WaitingFunction.apply(AppiumElementLocator.java:172)
	at io.appium.java_client.pagefactory.AppiumElementLocator$WaitingFunction.apply(AppiumElementLocator.java:1)
	at org.openqa.selenium.support.ui.FluentWait.until(FluentWait.java:249)
	... 27 more
</pre></div></td>
<td>136</td>
<td>studi.co.testScripts.AFS_UserStory_77@226642a5</td></tr>
<tr>
<td title='studi.co.testScripts.AFS_UserStory_77.TC29_To_Verify_Attempting_SCQ_Quiz_Is_Not_Mandatory_In_Test()'><b>TC29_To_Verify_Attempting_SCQ_Quiz_Is_Not_Mandatory_In_Test</b><br>Test class: studi.co.testScripts.AFS_UserStory_77</td>
<td><div><pre>org.openqa.selenium.NoSuchElementException: Can&apos;t locate an element by this strategy: By.chained({By.id: com.tce.studi:id/vp_lesson_cards})
	at io.appium.java_client.pagefactory.AppiumElementLocator.findElement(AppiumElementLocator.java:126)
	at io.appium.java_client.pagefactory.interceptors.InterceptorOfASingleElement.intercept(InterceptorOfASingleElement.java:59)
	at io.appium.java_client.android.AndroidElement$$EnhancerByCGLIB$$b598166c.isEnabled(&lt;generated&gt;)
	at studi.co.pageModules.Module_Receive_Questions_Test.verify_Quiz_Is_Not_Mandatory(Module_Receive_Questions_Test.java:857)
	at studi.co.pageModules.Module_Receive_Questions_Test.Module_Verify_Attempting_SCQ_Quiz_Is_Not_Mandatory_In_Test(Module_Receive_Questions_Test.java:188)
	at studi.co.testScripts.AFS_UserStory_77.TC29_To_Verify_Attempting_SCQ_Quiz_Is_Not_Mandatory_In_Test(AFS_UserStory_77.java:253)
	at java.base/java.util.concurrent.FutureTask.run(FutureTask.java:264)
	at java.base/java.util.concurrent.ThreadPoolExecutor.runWorker(ThreadPoolExecutor.java:1128)
	at java.base/java.util.concurrent.ThreadPoolExecutor$Worker.run(ThreadPoolExecutor.java:628)
	at java.base/java.lang.Thread.run(Thread.java:834)
Caused by: org.openqa.selenium.TimeoutException: Expected condition failed: waiting for io.appium.java_client.pagefactory.AppiumElementLocator$WaitingFunction@251b9d60 (tried for 1 second(s) with 500 milliseconds interval)
	at org.openqa.selenium.support.ui.FluentWait.timeoutException(FluentWait.java:304)
	at org.openqa.selenium.support.ui.FluentWait.until(FluentWait.java:272)
	at io.appium.java_client.pagefactory.AppiumElementLocator.waitFor(AppiumElementLocator.java:99)
	at io.appium.java_client.pagefactory.AppiumElementLocator.findElement(AppiumElementLocator.java:119)
	... 25 more
Caused by: org.openqa.selenium.NoSuchElementException: Cannot locate an element using By.chained({By.id: com.tce.studi:id/vp_lesson_cards})
For documentation on this error, please visit: https://www.seleniumhq.org/exceptions/no_such_element.html
Build info: version: &apos;3.141.59&apos;, revision: &apos;e82be7d358&apos;, time: &apos;2018-11-14T08:17:03&apos;
System info: host: &apos;DESKTOP-JHURRHK&apos;, ip: &apos;192.168.31.92&apos;, os.name: &apos;Windows 10&apos;, os.arch: &apos;amd64&apos;, os.version: &apos;10.0&apos;, java.version: &apos;11.0.9&apos;
Driver info: driver.version: AndroidDriver
	at io.appium.java_client.pagefactory.bys.builder.ByChained.findElement(ByChained.java:74)
	at org.openqa.selenium.remote.RemoteWebDriver.findElement(RemoteWebDriver.java:315)
	at io.appium.java_client.DefaultGenericMobileDriver.findElement(DefaultGenericMobileDriver.java:58)
	at io.appium.java_client.AppiumDriver.findElement(AppiumDriver.java:1)
	at io.appium.java_client.android.AndroidDriver.findElement(AndroidDriver.java:1)
	at io.appium.java_client.pagefactory.bys.ContentMappedBy.findElement(ContentMappedBy.java:50)
	at org.openqa.selenium.remote.RemoteWebDriver.findElement(RemoteWebDriver.java:315)
	at io.appium.java_client.DefaultGenericMobileDriver.findElement(DefaultGenericMobileDriver.java:58)
	at io.appium.java_client.AppiumDriver.findElement(AppiumDriver.java:1)
	at io.appium.java_client.android.AndroidDriver.findElement(AndroidDriver.java:1)
	at io.appium.java_client.pagefactory.AppiumElementLocator.lambda$0(AppiumElementLocator.java:120)
	at io.appium.java_client.pagefactory.AppiumElementLocator$WaitingFunction.apply(AppiumElementLocator.java:172)
	at io.appium.java_client.pagefactory.AppiumElementLocator$WaitingFunction.apply(AppiumElementLocator.java:1)
	at org.openqa.selenium.support.ui.FluentWait.until(FluentWait.java:249)
	... 27 more
... Removed 16 stack frames</pre></div><a href='#' onClick='toggleBox("stack-trace624044819", this, "Click to show all stack frames", "Click to hide stack frames")'>Click to show all stack frames</a>
<div class='stack-trace' id='stack-trace624044819'><pre>org.openqa.selenium.NoSuchElementException: Can&apos;t locate an element by this strategy: By.chained({By.id: com.tce.studi:id/vp_lesson_cards})
	at io.appium.java_client.pagefactory.AppiumElementLocator.findElement(AppiumElementLocator.java:126)
	at io.appium.java_client.pagefactory.interceptors.InterceptorOfASingleElement.intercept(InterceptorOfASingleElement.java:59)
	at io.appium.java_client.android.AndroidElement$$EnhancerByCGLIB$$b598166c.isEnabled(&lt;generated&gt;)
	at studi.co.pageModules.Module_Receive_Questions_Test.verify_Quiz_Is_Not_Mandatory(Module_Receive_Questions_Test.java:857)
	at studi.co.pageModules.Module_Receive_Questions_Test.Module_Verify_Attempting_SCQ_Quiz_Is_Not_Mandatory_In_Test(Module_Receive_Questions_Test.java:188)
	at studi.co.testScripts.AFS_UserStory_77.TC29_To_Verify_Attempting_SCQ_Quiz_Is_Not_Mandatory_In_Test(AFS_UserStory_77.java:253)
	at java.base/jdk.internal.reflect.NativeMethodAccessorImpl.invoke0(Native Method)
	at java.base/jdk.internal.reflect.NativeMethodAccessorImpl.invoke(NativeMethodAccessorImpl.java:62)
	at java.base/jdk.internal.reflect.DelegatingMethodAccessorImpl.invoke(DelegatingMethodAccessorImpl.java:43)
	at java.base/java.lang.reflect.Method.invoke(Method.java:566)
	at org.testng.internal.MethodInvocationHelper.invokeMethod(MethodInvocationHelper.java:124)
	at org.testng.internal.Invoker.invokeMethod(Invoker.java:583)
	at org.testng.internal.Invoker.invokeTestMethod(Invoker.java:719)
	at org.testng.internal.Invoker.invokeTestMethods(Invoker.java:989)
	at org.testng.internal.TestMethodWorker.invokeTestMethods(TestMethodWorker.java:125)
	at org.testng.internal.TestMethodWorker.run(TestMethodWorker.java:109)
	at org.testng.TestRunner.privateRun(TestRunner.java:648)
	at org.testng.TestRunner.run(TestRunner.java:505)
	at org.testng.SuiteRunner.runTest(SuiteRunner.java:455)
	at org.testng.SuiteRunner.access$000(SuiteRunner.java:40)
	at org.testng.SuiteRunner$SuiteWorker.run(SuiteRunner.java:489)
	at org.testng.internal.thread.ThreadUtil$1.call(ThreadUtil.java:52)
	at java.base/java.util.concurrent.FutureTask.run(FutureTask.java:264)
	at java.base/java.util.concurrent.ThreadPoolExecutor.runWorker(ThreadPoolExecutor.java:1128)
	at java.base/java.util.concurrent.ThreadPoolExecutor$Worker.run(ThreadPoolExecutor.java:628)
	at java.base/java.lang.Thread.run(Thread.java:834)
Caused by: org.openqa.selenium.TimeoutException: Expected condition failed: waiting for io.appium.java_client.pagefactory.AppiumElementLocator$WaitingFunction@251b9d60 (tried for 1 second(s) with 500 milliseconds interval)
	at org.openqa.selenium.support.ui.FluentWait.timeoutException(FluentWait.java:304)
	at org.openqa.selenium.support.ui.FluentWait.until(FluentWait.java:272)
	at io.appium.java_client.pagefactory.AppiumElementLocator.waitFor(AppiumElementLocator.java:99)
	at io.appium.java_client.pagefactory.AppiumElementLocator.findElement(AppiumElementLocator.java:119)
	... 25 more
Caused by: org.openqa.selenium.NoSuchElementException: Cannot locate an element using By.chained({By.id: com.tce.studi:id/vp_lesson_cards})
For documentation on this error, please visit: https://www.seleniumhq.org/exceptions/no_such_element.html
Build info: version: &apos;3.141.59&apos;, revision: &apos;e82be7d358&apos;, time: &apos;2018-11-14T08:17:03&apos;
System info: host: &apos;DESKTOP-JHURRHK&apos;, ip: &apos;192.168.31.92&apos;, os.name: &apos;Windows 10&apos;, os.arch: &apos;amd64&apos;, os.version: &apos;10.0&apos;, java.version: &apos;11.0.9&apos;
Driver info: driver.version: AndroidDriver
	at io.appium.java_client.pagefactory.bys.builder.ByChained.findElement(ByChained.java:74)
	at org.openqa.selenium.remote.RemoteWebDriver.findElement(RemoteWebDriver.java:315)
	at io.appium.java_client.DefaultGenericMobileDriver.findElement(DefaultGenericMobileDriver.java:58)
	at io.appium.java_client.AppiumDriver.findElement(AppiumDriver.java:1)
	at io.appium.java_client.android.AndroidDriver.findElement(AndroidDriver.java:1)
	at io.appium.java_client.pagefactory.bys.ContentMappedBy.findElement(ContentMappedBy.java:50)
	at org.openqa.selenium.remote.RemoteWebDriver.findElement(RemoteWebDriver.java:315)
	at io.appium.java_client.DefaultGenericMobileDriver.findElement(DefaultGenericMobileDriver.java:58)
	at io.appium.java_client.AppiumDriver.findElement(AppiumDriver.java:1)
	at io.appium.java_client.android.AndroidDriver.findElement(AndroidDriver.java:1)
	at io.appium.java_client.pagefactory.AppiumElementLocator.lambda$0(AppiumElementLocator.java:120)
	at io.appium.java_client.pagefactory.AppiumElementLocator$WaitingFunction.apply(AppiumElementLocator.java:172)
	at io.appium.java_client.pagefactory.AppiumElementLocator$WaitingFunction.apply(AppiumElementLocator.java:1)
	at org.openqa.selenium.support.ui.FluentWait.until(FluentWait.java:249)
	... 27 more
</pre></div></td>
<td>114</td>
<td>studi.co.testScripts.AFS_UserStory_77@226642a5</td></tr>
</table><p>
<table width='100%' border='1' class='invocation-passed'>
<tr><td colspan='4' align='center'><b>PASSED TESTS</b></td></tr>
<tr><td><b>Test method</b></td>
<td width="30%"><b>Exception</b></td>
<td width="10%"><b>Time (seconds)</b></td>
<td><b>Instance</b></td>
</tr>
<tr>
<td title='studi.co.testScripts.AFS_UserStory_77.TC01_To_Verify_Receive_SCQ_Questions_In_Revision()'><b>TC01_To_Verify_Receive_SCQ_Questions_In_Revision</b><br>Test class: studi.co.testScripts.AFS_UserStory_77</td>
<td></td>
<td>72</td>
<td>studi.co.testScripts.AFS_UserStory_77@226642a5</td></tr>
<tr>
<td title='studi.co.testScripts.AFS_UserStory_77.TC02_To_Verify_SCQ_Answers_In_Default_State_In_Revision()'><b>TC02_To_Verify_SCQ_Answers_In_Default_State_In_Revision</b><br>Test class: studi.co.testScripts.AFS_UserStory_77</td>
<td></td>
<td>56</td>
<td>studi.co.testScripts.AFS_UserStory_77@226642a5</td></tr>
<tr>
<td title='studi.co.testScripts.AFS_UserStory_77.TC03_To_Verify_Various_SCQ_Answers_Available_In_Revision()'><b>TC03_To_Verify_Various_SCQ_Answers_Available_In_Revision</b><br>Test class: studi.co.testScripts.AFS_UserStory_77</td>
<td></td>
<td>52</td>
<td>studi.co.testScripts.AFS_UserStory_77@226642a5</td></tr>
<tr>
<td title='studi.co.testScripts.AFS_UserStory_77.TC04_To_Verify_SCQ_Answers_Can_Be_Select_In_Revision()'><b>TC04_To_Verify_SCQ_Answers_Can_Be_Select_In_Revision</b><br>Test class: studi.co.testScripts.AFS_UserStory_77</td>
<td></td>
<td>115</td>
<td>studi.co.testScripts.AFS_UserStory_77@226642a5</td></tr>
<tr>
<td title='studi.co.testScripts.AFS_UserStory_77.TC06_To_Verify_Instant_Feedback_Shown_After_CQ_Correct_Answer_Selection_In_Revision()'><b>TC06_To_Verify_Instant_Feedback_Shown_After_CQ_Correct_Answer_Selection_In_Revision</b><br>Test class: studi.co.testScripts.AFS_UserStory_77</td>
<td></td>
<td>104</td>
<td>studi.co.testScripts.AFS_UserStory_77@226642a5</td></tr>
<tr>
<td title='studi.co.testScripts.AFS_UserStory_77.TC07_To_Verify_State_Of_Answer_Should_Be_Maintained_For_SCQ_Question_In_Revision()'><b>TC07_To_Verify_State_Of_Answer_Should_Be_Maintained_For_SCQ_Question_In_Revision</b><br>Test class: studi.co.testScripts.AFS_UserStory_77</td>
<td></td>
<td>141</td>
<td>studi.co.testScripts.AFS_UserStory_77@226642a5</td></tr>
<tr>
<td title='studi.co.testScripts.AFS_UserStory_77.TC08_To_Verify_Instant_Feedback_Shown_After_SCQ_Wrong_Answer_Selection_In_Revision()'><b>TC08_To_Verify_Instant_Feedback_Shown_After_SCQ_Wrong_Answer_Selection_In_Revision</b><br>Test class: studi.co.testScripts.AFS_UserStory_77</td>
<td></td>
<td>75</td>
<td>studi.co.testScripts.AFS_UserStory_77@226642a5</td></tr>
<tr>
<td title='studi.co.testScripts.AFS_UserStory_77.TC09_To_Verify_Attempting_SCQ_Quiz_Is_Not_Mandatory_In_Revision()'><b>TC09_To_Verify_Attempting_SCQ_Quiz_Is_Not_Mandatory_In_Revision</b><br>Test class: studi.co.testScripts.AFS_UserStory_77</td>
<td></td>
<td>39</td>
<td>studi.co.testScripts.AFS_UserStory_77@226642a5</td></tr>
<tr>
<td title='studi.co.testScripts.AFS_UserStory_77.TC11_To_Verify_User_Can_Abandon_SCQ_Quiz_In_Revision()'><b>TC11_To_Verify_User_Can_Abandon_SCQ_Quiz_In_Revision</b><br>Test class: studi.co.testScripts.AFS_UserStory_77</td>
<td></td>
<td>33</td>
<td>studi.co.testScripts.AFS_UserStory_77@226642a5</td></tr>
<tr>
<td title='studi.co.testScripts.AFS_UserStory_77.TC12_To_Verify_Receive_SCQ_Questions_In_Practice()'><b>TC12_To_Verify_Receive_SCQ_Questions_In_Practice</b><br>Test class: studi.co.testScripts.AFS_UserStory_77</td>
<td></td>
<td>65</td>
<td>studi.co.testScripts.AFS_UserStory_77@226642a5</td></tr>
<tr>
<td title='studi.co.testScripts.AFS_UserStory_77.TC13_To_Verify_SCQ_Answers_Is_In_Default_State_In_Practice()'><b>TC13_To_Verify_SCQ_Answers_Is_In_Default_State_In_Practice</b><br>Test class: studi.co.testScripts.AFS_UserStory_77</td>
<td></td>
<td>73</td>
<td>studi.co.testScripts.AFS_UserStory_77@226642a5</td></tr>
<tr>
<td title='studi.co.testScripts.AFS_UserStory_77.TC14_To_Verify_Multiple_Answers_Shown_For_SCQ_In_Practice()'><b>TC14_To_Verify_Multiple_Answers_Shown_For_SCQ_In_Practice</b><br>Test class: studi.co.testScripts.AFS_UserStory_77</td>
<td></td>
<td>46</td>
<td>studi.co.testScripts.AFS_UserStory_77@226642a5</td></tr>
<tr>
<td title='studi.co.testScripts.AFS_UserStory_77.TC15_To_Verify_SCQ_Answer_Can_Be_Select_In_Practice()'><b>TC15_To_Verify_SCQ_Answer_Can_Be_Select_In_Practice</b><br>Test class: studi.co.testScripts.AFS_UserStory_77</td>
<td></td>
<td>102</td>
<td>studi.co.testScripts.AFS_UserStory_77@226642a5</td></tr>
<tr>
<td title='studi.co.testScripts.AFS_UserStory_77.TC16_To_Verify_Only_Single_SCQ_Answer_Can_Be_Select_In_Practice()'><b>TC16_To_Verify_Only_Single_SCQ_Answer_Can_Be_Select_In_Practice</b><br>Test class: studi.co.testScripts.AFS_UserStory_77</td>
<td></td>
<td>99</td>
<td>studi.co.testScripts.AFS_UserStory_77@226642a5</td></tr>
<tr>
<td title='studi.co.testScripts.AFS_UserStory_77.TC17_To_Verify_Feedback_Shown_For_Correct_Answer_Selection_In_SCQ_Practice()'><b>TC17_To_Verify_Feedback_Shown_For_Correct_Answer_Selection_In_SCQ_Practice</b><br>Test class: studi.co.testScripts.AFS_UserStory_77</td>
<td></td>
<td>95</td>
<td>studi.co.testScripts.AFS_UserStory_77@226642a5</td></tr>
<tr>
<td title='studi.co.testScripts.AFS_UserStory_77.TC18_To_Verify_Feedback_Shown_For_Incorrect_Answer_Selection_In_SCQ_Practice()'><b>TC18_To_Verify_Feedback_Shown_For_Incorrect_Answer_Selection_In_SCQ_Practice</b><br>Test class: studi.co.testScripts.AFS_UserStory_77</td>
<td></td>
<td>117</td>
<td>studi.co.testScripts.AFS_UserStory_77@226642a5</td></tr>
<tr>
<td title='studi.co.testScripts.AFS_UserStory_77.TC19_To_Verify_Attempting_SCQ_Quiz_Is_Mandatory_In_Practice()'><b>TC19_To_Verify_Attempting_SCQ_Quiz_Is_Mandatory_In_Practice</b><br>Test class: studi.co.testScripts.AFS_UserStory_77</td>
<td></td>
<td>35</td>
<td>studi.co.testScripts.AFS_UserStory_77@226642a5</td></tr>
<tr>
<td title='studi.co.testScripts.AFS_UserStory_77.TC20_To_Verify_In_Wrong_Answer_Selection_User_Should_Get_1_More_Attempt_For_SCQ_In_Practice()'><b>TC20_To_Verify_In_Wrong_Answer_Selection_User_Should_Get_1_More_Attempt_For_SCQ_In_Practice</b><br>Test class: studi.co.testScripts.AFS_UserStory_77</td>
<td></td>
<td>117</td>
<td>studi.co.testScripts.AFS_UserStory_77@226642a5</td></tr>
<tr>
<td title='studi.co.testScripts.AFS_UserStory_77.TC21_To_Verify_User_Should_Be_Able_To_Abandon_The_SCQ_In_Practice()'><b>TC21_To_Verify_User_Should_Be_Able_To_Abandon_The_SCQ_In_Practice</b><br>Test class: studi.co.testScripts.AFS_UserStory_77</td>
<td></td>
<td>35</td>
<td>studi.co.testScripts.AFS_UserStory_77@226642a5</td></tr>
<tr>
<td title='studi.co.testScripts.AFS_UserStory_77.TC22_To_Verify_Receive_SCQ_Questions_In_Test()'><b>TC22_To_Verify_Receive_SCQ_Questions_In_Test</b><br>Test class: studi.co.testScripts.AFS_UserStory_77</td>
<td></td>
<td>169</td>
<td>studi.co.testScripts.AFS_UserStory_77@226642a5</td></tr>
<tr>
<td title='studi.co.testScripts.AFS_UserStory_77.TC23_Module_Receive_SCQ_Answers_In_Default_State_In_Test()'><b>TC23_Module_Receive_SCQ_Answers_In_Default_State_In_Test</b><br>Test class: studi.co.testScripts.AFS_UserStory_77</td>
<td></td>
<td>145</td>
<td>studi.co.testScripts.AFS_UserStory_77@226642a5</td></tr>
<tr>
<td title='studi.co.testScripts.AFS_UserStory_77.TC24_To_Verify_Multiple_Answers_Shown_For_SCQ_In_Test()'><b>TC24_To_Verify_Multiple_Answers_Shown_For_SCQ_In_Test</b><br>Test class: studi.co.testScripts.AFS_UserStory_77</td>
<td></td>
<td>108</td>
<td>studi.co.testScripts.AFS_UserStory_77@226642a5</td></tr>
<tr>
<td title='studi.co.testScripts.AFS_UserStory_77.TC25_To_Verify_SCQ_Answers_Can_Be_Select_In_Test()'><b>TC25_To_Verify_SCQ_Answers_Can_Be_Select_In_Test</b><br>Test class: studi.co.testScripts.AFS_UserStory_77</td>
<td></td>
<td>181</td>
<td>studi.co.testScripts.AFS_UserStory_77@226642a5</td></tr>
<tr>
<td title='studi.co.testScripts.AFS_UserStory_77.TC26_To_Verify_Only_Single_SCQ_Answer_Can_Be_Select_In_Test()'><b>TC26_To_Verify_Only_Single_SCQ_Answer_Can_Be_Select_In_Test</b><br>Test class: studi.co.testScripts.AFS_UserStory_77</td>
<td></td>
<td>158</td>
<td>studi.co.testScripts.AFS_UserStory_77@226642a5</td></tr>
<tr>
<td title='studi.co.testScripts.AFS_UserStory_77.TC30_To_Verify_User_Should_Be_Able_To_Flag_The_SCQ_Question_In_Test()'><b>TC30_To_Verify_User_Should_Be_Able_To_Flag_The_SCQ_Question_In_Test</b><br>Test class: studi.co.testScripts.AFS_UserStory_77</td>
<td></td>
<td>145</td>
<td>studi.co.testScripts.AFS_UserStory_77@226642a5</td></tr>
<tr>
<td title='studi.co.testScripts.AFS_UserStory_77.TC32_To_Verify_Marks_Shown_With_SCQ_In_Test()'><b>TC32_To_Verify_Marks_Shown_With_SCQ_In_Test</b><br>Test class: studi.co.testScripts.AFS_UserStory_77</td>
<td></td>
<td>71</td>
<td>studi.co.testScripts.AFS_UserStory_77@226642a5</td></tr>
<tr>
<td title='studi.co.testScripts.AFS_UserStory_77.TC33_To_Verify_User_Can_Abond_SCQ_Quiz_In_Test()'><b>TC33_To_Verify_User_Can_Abond_SCQ_Quiz_In_Test</b><br>Test class: studi.co.testScripts.AFS_UserStory_77</td>
<td></td>
<td>91</td>
<td>studi.co.testScripts.AFS_UserStory_77@226642a5</td></tr>
</table><p>
</body>
</html>